-- Install configuration: ""
-- Execute custom install script
-- Up-to-date symlink: /src/astrobee/src/install/astrobee_handrail_30/share/astrobee_handrail_30/environment/astrobee_handrail_30.dsv
-- Up-to-date symlink: /src/astrobee/src/install/astrobee_handrail_30/share/astrobee_handrail_30/urdf/model.urdf
-- Up-to-date symlink: /src/astrobee/src/install/astrobee_handrail_30/share/astrobee_handrail_30/media/materials/textures/blue.png
-- Up-to-date symlink: /src/astrobee/src/install/astrobee_handrail_30/share/astrobee_handrail_30/media/materials/textures/silver.png
-- Up-to-date symlink: /src/astrobee/src/install/astrobee_handrail_30/share/astrobee_handrail_30/meshes/handrail_30.dae
-- Up-to-date symlink: /src/astrobee/src/install/astrobee_handrail_30/share/astrobee_handrail_30/model.config
-- Up-to-date symlink: /src/astrobee/src/install/astrobee_handrail_30/share/ament_index/resource_index/package_run_dependencies/astrobee_handrail_30
-- Up-to-date symlink: /src/astrobee/src/install/astrobee_handrail_30/share/ament_index/resource_index/parent_prefix_path/astrobee_handrail_30
-- Up-to-date symlink: /src/astrobee/src/install/astrobee_handrail_30/share/astrobee_handrail_30/environment/ament_prefix_path.sh
-- Up-to-date symlink: /src/astrobee/src/install/astrobee_handrail_30/share/astrobee_handrail_30/environment/ament_prefix_path.dsv
-- Up-to-date symlink: /src/astrobee/src/install/astrobee_handrail_30/share/astrobee_handrail_30/environment/path.sh
-- Up-to-date symlink: /src/astrobee/src/install/astrobee_handrail_30/share/astrobee_handrail_30/environment/path.dsv
-- Up-to-date symlink: /src/astrobee/src/install/astrobee_handrail_30/share/astrobee_handrail_30/local_setup.bash
-- Up-to-date symlink: /src/astrobee/src/install/astrobee_handrail_30/share/astrobee_handrail_30/local_setup.sh
-- Up-to-date symlink: /src/astrobee/src/install/astrobee_handrail_30/share/astrobee_handrail_30/local_setup.zsh
-- Up-to-date symlink: /src/astrobee/src/install/astrobee_handrail_30/share/astrobee_handrail_30/local_setup.dsv
-- Symlinking: /src/astrobee/src/install/astrobee_handrail_30/share/astrobee_handrail_30/package.dsv
-- Up-to-date symlink: /src/astrobee/src/install/astrobee_handrail_30/share/ament_index/resource_index/packages/astrobee_handrail_30
-- Up-to-date symlink: /src/astrobee/src/install/astrobee_handrail_30/share/astrobee_handrail_30/cmake/astrobee_handrail_30Config.cmake
-- Up-to-date symlink: /src/astrobee/src/install/astrobee_handrail_30/share/astrobee_handrail_30/cmake/astrobee_handrail_30Config-version.cmake
-- Up-to-date symlink: /src/astrobee/src/install/astrobee_handrail_30/share/astrobee_handrail_30/package.xml
