[0.017s] Invoking command in '/src/astrobee/src/build/camera': AMENT_PREFIX_PATH=/src/astrobee/src/install/config_reader:/src/astrobee/src/install/ff_common:${AMENT_PREFIX_PATH} CMAKE_PREFIX_PATH=/src/astrobee/src/install/config_reader:/src/astrobee/src/install/ff_common LD_LIBRARY_PATH=/src/astrobee/src/install/config_reader/lib:/src/astrobee/src/install/ff_common/lib:${LD_LIBRARY_PATH} /usr/bin/cmake --build /src/astrobee/src/build/camera -- -j20 -l20
[0.049s] [ 15%] Built target gtest
[0.049s] [ 30%] Built target gtest_main
[0.053s] [ 53%] Built target camera
[0.073s] [ 69%] Built target undistort_image
[0.078s] [ 84%] Built target test_camera_params
[0.093s] [100%] Built target test_camera_model
[0.102s] Invoked command in '/src/astrobee/src/build/camera' returned '0': AMENT_PREFIX_PATH=/src/astrobee/src/install/config_reader:/src/astrobee/src/install/ff_common:${AMENT_PREFIX_PATH} CMAKE_PREFIX_PATH=/src/astrobee/src/install/config_reader:/src/astrobee/src/install/ff_common LD_LIBRARY_PATH=/src/astrobee/src/install/config_reader/lib:/src/astrobee/src/install/ff_common/lib:${LD_LIBRARY_PATH} /usr/bin/cmake --build /src/astrobee/src/build/camera -- -j20 -l20
[0.152s] Invoking command in '/src/astrobee/src/build/camera': AMENT_PREFIX_PATH=/src/astrobee/src/install/config_reader:/src/astrobee/src/install/ff_common:${AMENT_PREFIX_PATH} CMAKE_PREFIX_PATH=/src/astrobee/src/install/config_reader:/src/astrobee/src/install/ff_common LD_LIBRARY_PATH=/src/astrobee/src/install/config_reader/lib:/src/astrobee/src/install/ff_common/lib:${LD_LIBRARY_PATH} /usr/bin/cmake --install /src/astrobee/src/build/camera
[0.161s] -- Install configuration: ""
[0.161s] -- Up-to-date: /src/astrobee/src/install/camera/share/camera/environment/library_path.sh
[0.162s] -- Up-to-date: /src/astrobee/src/install/camera/share/camera/environment/library_path.dsv
[0.162s] -- Up-to-date: /src/astrobee/src/install/camera/lib/libcamera.a
[0.162s] -- Up-to-date: /src/astrobee/src/install/camera/bin/undistort_image
[0.163s] -- Up-to-date: /src/astrobee/src/install/camera/include/camera
[0.164s] -- Up-to-date: /src/astrobee/src/install/camera/include/camera/camera_params.h
[0.164s] -- Up-to-date: /src/astrobee/src/install/camera/include/camera/camera_model.h
[0.166s] -- Up-to-date: /src/astrobee/src/install/camera/share/ament_index/resource_index/package_run_dependencies/camera
[0.167s] -- Up-to-date: /src/astrobee/src/install/camera/share/ament_index/resource_index/parent_prefix_path/camera
[0.167s] -- Up-to-date: /src/astrobee/src/install/camera/share/camera/environment/ament_prefix_path.sh
[0.168s] -- Up-to-date: /src/astrobee/src/install/camera/share/camera/environment/ament_prefix_path.dsv
[0.168s] -- Up-to-date: /src/astrobee/src/install/camera/share/camera/environment/path.sh
[0.168s] -- Up-to-date: /src/astrobee/src/install/camera/share/camera/environment/path.dsv
[0.168s] -- Up-to-date: /src/astrobee/src/install/camera/share/camera/local_setup.bash
[0.168s] -- Up-to-date: /src/astrobee/src/install/camera/share/camera/local_setup.sh
[0.168s] -- Up-to-date: /src/astrobee/src/install/camera/share/camera/local_setup.zsh
[0.168s] -- Up-to-date: /src/astrobee/src/install/camera/share/camera/local_setup.dsv
[0.169s] -- Installing: /src/astrobee/src/install/camera/share/camera/package.dsv
[0.169s] -- Up-to-date: /src/astrobee/src/install/camera/share/ament_index/resource_index/packages/camera
[0.169s] -- Up-to-date: /src/astrobee/src/install/camera/share/camera/cmake/cameraExport.cmake
[0.169s] -- Up-to-date: /src/astrobee/src/install/camera/share/camera/cmake/cameraExport-noconfig.cmake
[0.169s] -- Up-to-date: /src/astrobee/src/install/camera/share/camera/cmake/ament_cmake_export_targets-extras.cmake
[0.169s] -- Up-to-date: /src/astrobee/src/install/camera/share/camera/cmake/cameraConfig.cmake
[0.169s] -- Up-to-date: /src/astrobee/src/install/camera/share/camera/cmake/cameraConfig-version.cmake
[0.169s] -- Up-to-date: /src/astrobee/src/install/camera/share/camera/package.xml
[0.169s] Invoked command in '/src/astrobee/src/build/camera' returned '0': AMENT_PREFIX_PATH=/src/astrobee/src/install/config_reader:/src/astrobee/src/install/ff_common:${AMENT_PREFIX_PATH} CMAKE_PREFIX_PATH=/src/astrobee/src/install/config_reader:/src/astrobee/src/install/ff_common LD_LIBRARY_PATH=/src/astrobee/src/install/config_reader/lib:/src/astrobee/src/install/ff_common/lib:${LD_LIBRARY_PATH} /usr/bin/cmake --install /src/astrobee/src/build/camera
