-- The C compiler identification is GNU 9.4.0
-- The CXX compiler identification is GNU 9.4.0
-- Check for working C compiler: /usr/bin/cc
-- Check for working C compiler: /usr/bin/cc -- works
-- Detecting C compiler ABI info
-- Detecting C compiler ABI info - done
-- Detecting C compile features
-- Detecting C compile features - done
-- Check for working CXX compiler: /usr/bin/c++
-- Check for working CXX compiler: /usr/bin/c++ -- works
-- Detecting CXX compiler ABI info
-- Detecting CXX compiler ABI info - done
-- Detecting CXX compile features
-- Detecting CXX compile features - done
-- Found ament_cmake: 1.2.1 (/opt/ros/rolling/share/ament_cmake/cmake)
-- Found Python3: /usr/bin/python3.8 (found version "3.8.10") found components: Interpreter 
-- Override CMake install command with custom implementation using symlinks instead of copying resources
-- Found rclcpp: 15.0.0 (/opt/ros/rolling/share/rclcpp/cmake)
-- Using all available rosidl_typesupport_c: rosidl_typesupport_fastrtps_c;rosidl_typesupport_introspection_c
-- Found rosidl_adapter: 3.0.1 (/opt/ros/rolling/share/rosidl_adapter/cmake)
-- Using all available rosidl_typesupport_cpp: rosidl_typesupport_fastrtps_cpp;rosidl_typesupport_introspection_cpp
-- Found rmw_implementation_cmake: 5.1.0 (/opt/ros/rolling/share/rmw_implementation_cmake/cmake)
-- Found rmw_cyclonedds_cpp: 1.1.2 (/opt/ros/rolling/share/rmw_cyclonedds_cpp/cmake)
-- Using RMW implementation 'rmw_cyclonedds_cpp' as default
-- Found rclcpp_components: 15.0.0 (/opt/ros/rolling/share/rclcpp_components/cmake)
-- Found ff_common: 1.0.0 (/src/astrobee/src/install/ff_common/share/ff_common/cmake)
-- Found ff_util: 1.0.0 (/src/astrobee/src/install/ff_util/share/ff_util/cmake)
-- Found ff_msgs: 0.0.0 (/src/astrobee/src/install/ff_msgs/share/ff_msgs/cmake)
-- Found eigen3_cmake_module: 0.1.1 (/opt/ros/rolling/share/eigen3_cmake_module/cmake)
-- Found Eigen3: TRUE (found version "3.3.7") 
-- Configuring done
-- Generating done
-- Build files have been written to: /src/astrobee/src/build/framestore
[35m[1mScanning dependencies of target framestore[0m
[ 25%] [32mBuilding CXX object CMakeFiles/framestore.dir/src/framestore.cc.o[0m
[ 50%] [32m[1mLinking CXX shared library libframestore.so[0m
[ 50%] Built target framestore
[35m[1mScanning dependencies of target global_transforms[0m
[ 75%] [32mBuilding CXX object CMakeFiles/global_transforms.dir/tools/global_transforms.cc.o[0m
[100%] [32m[1mLinking CXX executable global_transforms[0m
[100%] Built target global_transforms
-- Install configuration: ""
-- Execute custom install script
-- Symlinking: /src/astrobee/src/install/framestore/lib/libframestore.so
-- Symlinking: /src/astrobee/src/install/framestore/lib/framestore/global_transforms
-- Symlinking: /src/astrobee/src/install/framestore/share/framestore/launch/framestore.launch
-- Symlinking: /src/astrobee/src/install/framestore/share/ament_index/resource_index/package_run_dependencies/framestore
-- Symlinking: /src/astrobee/src/install/framestore/share/ament_index/resource_index/parent_prefix_path/framestore
-- Symlinking: /src/astrobee/src/install/framestore/share/framestore/environment/ament_prefix_path.sh
-- Symlinking: /src/astrobee/src/install/framestore/share/framestore/environment/ament_prefix_path.dsv
-- Symlinking: /src/astrobee/src/install/framestore/share/framestore/environment/path.sh
-- Symlinking: /src/astrobee/src/install/framestore/share/framestore/environment/path.dsv
-- Symlinking: /src/astrobee/src/install/framestore/share/framestore/local_setup.bash
-- Symlinking: /src/astrobee/src/install/framestore/share/framestore/local_setup.sh
-- Symlinking: /src/astrobee/src/install/framestore/share/framestore/local_setup.zsh
-- Symlinking: /src/astrobee/src/install/framestore/share/framestore/local_setup.dsv
-- Symlinking: /src/astrobee/src/install/framestore/share/framestore/package.dsv
-- Symlinking: /src/astrobee/src/install/framestore/share/ament_index/resource_index/packages/framestore
-- Symlinking: /src/astrobee/src/install/framestore/share/ament_index/resource_index/rclcpp_components/framestore
-- Symlinking: /src/astrobee/src/install/framestore/share/framestore/cmake/ament_cmake_export_include_directories-extras.cmake
-- Symlinking: /src/astrobee/src/install/framestore/share/framestore/cmake/framestoreConfig.cmake
-- Symlinking: /src/astrobee/src/install/framestore/share/framestore/cmake/framestoreConfig-version.cmake
-- Symlinking: /src/astrobee/src/install/framestore/share/framestore/package.xml
