[0.030s] Invoking command in '/src/astrobee/src/build/framestore': AMENT_PREFIX_PATH=/src/astrobee/src/install/ff_util:/src/astrobee/src/install/msg_conversions:/src/astrobee/src/install/config_reader:/src/astrobee/src/install/ff_msgs:/src/astrobee/src/install/ff_common:${AMENT_PREFIX_PATH} CMAKE_PREFIX_PATH=/src/astrobee/src/install/ff_util:/src/astrobee/src/install/msg_conversions:/src/astrobee/src/install/config_reader:/src/astrobee/src/install/ff_msgs:/src/astrobee/src/install/ff_common:/opt/ros/rolling LD_LIBRARY_PATH=/src/astrobee/src/install/ff_util/lib:/src/astrobee/src/install/msg_conversions/lib:/src/astrobee/src/install/config_reader/lib:/src/astrobee/src/install/ff_msgs/lib:/src/astrobee/src/install/ff_common/lib:${LD_LIBRARY_PATH} PATH=/src/astrobee/src/install/msg_conversions/bin:${PATH} PYTHONPATH=/src/astrobee/src/install/ff_msgs/lib/python3.8/site-packages:${PYTHONPATH} /usr/bin/cmake --build /src/astrobee/src/build/framestore -- -j20 -l20
[0.073s] [ 50%] Built target framestore
[0.097s] [100%] Built target global_transforms
[0.105s] Invoked command in '/src/astrobee/src/build/framestore' returned '0': AMENT_PREFIX_PATH=/src/astrobee/src/install/ff_util:/src/astrobee/src/install/msg_conversions:/src/astrobee/src/install/config_reader:/src/astrobee/src/install/ff_msgs:/src/astrobee/src/install/ff_common:${AMENT_PREFIX_PATH} CMAKE_PREFIX_PATH=/src/astrobee/src/install/ff_util:/src/astrobee/src/install/msg_conversions:/src/astrobee/src/install/config_reader:/src/astrobee/src/install/ff_msgs:/src/astrobee/src/install/ff_common:/opt/ros/rolling LD_LIBRARY_PATH=/src/astrobee/src/install/ff_util/lib:/src/astrobee/src/install/msg_conversions/lib:/src/astrobee/src/install/config_reader/lib:/src/astrobee/src/install/ff_msgs/lib:/src/astrobee/src/install/ff_common/lib:${LD_LIBRARY_PATH} PATH=/src/astrobee/src/install/msg_conversions/bin:${PATH} PYTHONPATH=/src/astrobee/src/install/ff_msgs/lib/python3.8/site-packages:${PYTHONPATH} /usr/bin/cmake --build /src/astrobee/src/build/framestore -- -j20 -l20
[0.124s] Invoking command in '/src/astrobee/src/build/framestore': AMENT_PREFIX_PATH=/src/astrobee/src/install/ff_util:/src/astrobee/src/install/msg_conversions:/src/astrobee/src/install/config_reader:/src/astrobee/src/install/ff_msgs:/src/astrobee/src/install/ff_common:${AMENT_PREFIX_PATH} CMAKE_PREFIX_PATH=/src/astrobee/src/install/ff_util:/src/astrobee/src/install/msg_conversions:/src/astrobee/src/install/config_reader:/src/astrobee/src/install/ff_msgs:/src/astrobee/src/install/ff_common:/opt/ros/rolling LD_LIBRARY_PATH=/src/astrobee/src/install/ff_util/lib:/src/astrobee/src/install/msg_conversions/lib:/src/astrobee/src/install/config_reader/lib:/src/astrobee/src/install/ff_msgs/lib:/src/astrobee/src/install/ff_common/lib:${LD_LIBRARY_PATH} PATH=/src/astrobee/src/install/msg_conversions/bin:${PATH} PYTHONPATH=/src/astrobee/src/install/ff_msgs/lib/python3.8/site-packages:${PYTHONPATH} /usr/bin/cmake --install /src/astrobee/src/build/framestore
[0.130s] -- Install configuration: ""
[0.131s] -- Execute custom install script
[0.131s] -- Up-to-date symlink: /src/astrobee/src/install/framestore/lib/libframestore.so
[0.132s] -- Up-to-date symlink: /src/astrobee/src/install/framestore/lib/framestore/global_transforms
[0.136s] -- Up-to-date symlink: /src/astrobee/src/install/framestore/share/framestore/launch/framestore.launch
[0.136s] -- Up-to-date symlink: /src/astrobee/src/install/framestore/share/ament_index/resource_index/package_run_dependencies/framestore
[0.136s] -- Up-to-date symlink: /src/astrobee/src/install/framestore/share/ament_index/resource_index/parent_prefix_path/framestore
[0.136s] -- Up-to-date symlink: /src/astrobee/src/install/framestore/share/framestore/environment/ament_prefix_path.sh
[0.136s] -- Up-to-date symlink: /src/astrobee/src/install/framestore/share/framestore/environment/ament_prefix_path.dsv
[0.136s] -- Up-to-date symlink: /src/astrobee/src/install/framestore/share/framestore/environment/path.sh
[0.136s] -- Up-to-date symlink: /src/astrobee/src/install/framestore/share/framestore/environment/path.dsv
[0.136s] -- Up-to-date symlink: /src/astrobee/src/install/framestore/share/framestore/local_setup.bash
[0.136s] -- Up-to-date symlink: /src/astrobee/src/install/framestore/share/framestore/local_setup.sh
[0.136s] -- Up-to-date symlink: /src/astrobee/src/install/framestore/share/framestore/local_setup.zsh
[0.136s] -- Up-to-date symlink: /src/astrobee/src/install/framestore/share/framestore/local_setup.dsv
[0.136s] -- Symlinking: /src/astrobee/src/install/framestore/share/framestore/package.dsv
[0.147s] -- Up-to-date symlink: /src/astrobee/src/install/framestore/share/ament_index/resource_index/packages/framestore
[0.147s] -- Up-to-date symlink: /src/astrobee/src/install/framestore/share/ament_index/resource_index/rclcpp_components/framestore
[0.147s] -- Up-to-date symlink: /src/astrobee/src/install/framestore/share/framestore/cmake/ament_cmake_export_include_directories-extras.cmake
[0.147s] -- Up-to-date symlink: /src/astrobee/src/install/framestore/share/framestore/cmake/framestoreConfig.cmake
[0.147s] -- Up-to-date symlink: /src/astrobee/src/install/framestore/share/framestore/cmake/framestoreConfig-version.cmake
[0.147s] -- Up-to-date symlink: /src/astrobee/src/install/framestore/share/framestore/package.xml
[0.154s] Invoked command in '/src/astrobee/src/build/framestore' returned '0': AMENT_PREFIX_PATH=/src/astrobee/src/install/ff_util:/src/astrobee/src/install/msg_conversions:/src/astrobee/src/install/config_reader:/src/astrobee/src/install/ff_msgs:/src/astrobee/src/install/ff_common:${AMENT_PREFIX_PATH} CMAKE_PREFIX_PATH=/src/astrobee/src/install/ff_util:/src/astrobee/src/install/msg_conversions:/src/astrobee/src/install/config_reader:/src/astrobee/src/install/ff_msgs:/src/astrobee/src/install/ff_common:/opt/ros/rolling LD_LIBRARY_PATH=/src/astrobee/src/install/ff_util/lib:/src/astrobee/src/install/msg_conversions/lib:/src/astrobee/src/install/config_reader/lib:/src/astrobee/src/install/ff_msgs/lib:/src/astrobee/src/install/ff_common/lib:${LD_LIBRARY_PATH} PATH=/src/astrobee/src/install/msg_conversions/bin:${PATH} PYTHONPATH=/src/astrobee/src/install/ff_msgs/lib/python3.8/site-packages:${PYTHONPATH} /usr/bin/cmake --install /src/astrobee/src/build/framestore
