-- The C compiler identification is GNU 9.4.0
-- The CXX compiler identification is GNU 9.4.0
-- Check for working C compiler: /usr/bin/cc
-- Check for working C compiler: /usr/bin/cc -- works
-- Detecting C compiler ABI info
-- Detecting C compiler ABI info - done
-- Detecting C compile features
-- Detecting C compile features - done
-- Check for working CXX compiler: /usr/bin/c++
-- Check for working CXX compiler: /usr/bin/c++ -- works
-- Detecting CXX compiler ABI info
-- Detecting CXX compiler ABI info - done
-- Detecting CXX compile features
-- Detecting CXX compile features - done
-- ------------------------------------------
-- Astrobee is being built using ROS2.
-- ------------------------------------------
-- Found ament_cmake: 1.2.1 (/opt/ros/rolling/share/ament_cmake/cmake)
-- Found Python3: /usr/bin/python3.8 (found version "3.8.10") found components: Interpreter 
-- Override CMake install command with custom implementation using symlinks instead of copying resources
-- Found rclcpp: 15.0.0 (/opt/ros/rolling/share/rclcpp/cmake)
-- Using all available rosidl_typesupport_c: rosidl_typesupport_fastrtps_c;rosidl_typesupport_introspection_c
-- Found rosidl_adapter: 3.0.1 (/opt/ros/rolling/share/rosidl_adapter/cmake)
-- Using all available rosidl_typesupport_cpp: rosidl_typesupport_fastrtps_cpp;rosidl_typesupport_introspection_cpp
-- Found rmw_implementation_cmake: 5.1.0 (/opt/ros/rolling/share/rmw_implementation_cmake/cmake)
-- Found rmw_cyclonedds_cpp: 1.1.2 (/opt/ros/rolling/share/rmw_cyclonedds_cpp/cmake)
-- Using RMW implementation 'rmw_cyclonedds_cpp' as default
-- Configuring done
-- Generating done
-- Build files have been written to: /src/astrobee/src/build/astrobee
[35m[1mScanning dependencies of target ament_cmake_python_symlink_utilities[0m
Built target ament_cmake_python_symlink_utilities
[35m[1mScanning dependencies of target ament_cmake_python_build_utilities_egg[0m
running egg_info
creating utilities.egg-info
writing utilities.egg-info/PKG-INFO
writing dependency_links to utilities.egg-info/dependency_links.txt
writing top-level names to utilities.egg-info/top_level.txt
writing manifest file 'utilities.egg-info/SOURCES.txt'
reading manifest file 'utilities.egg-info/SOURCES.txt'
writing manifest file 'utilities.egg-info/SOURCES.txt'
Built target ament_cmake_python_build_utilities_egg
-- Install configuration: ""
-- Execute custom install script
-- Symlinking: /src/astrobee/src/install/astrobee/share/astrobee/environment/pythonpath.sh
-- Symlinking: /src/astrobee/src/install/astrobee/share/astrobee/environment/pythonpath.dsv
-- Symlinking: /src/astrobee/src/install/astrobee/lib/python3.8/site-packages/utilities-0.0.0-py3.8.egg-info/PKG-INFO
-- Symlinking: /src/astrobee/src/install/astrobee/lib/python3.8/site-packages/utilities-0.0.0-py3.8.egg-info/SOURCES.txt
-- Symlinking: /src/astrobee/src/install/astrobee/lib/python3.8/site-packages/utilities-0.0.0-py3.8.egg-info/dependency_links.txt
-- Symlinking: /src/astrobee/src/install/astrobee/lib/python3.8/site-packages/utilities-0.0.0-py3.8.egg-info/top_level.txt
-- Symlinking: /src/astrobee/src/install/astrobee/lib/python3.8/site-packages/utilities/__init__.py
-- Symlinking: /src/astrobee/src/install/astrobee/lib/python3.8/site-packages/utilities/utilities.py
-- Symlinking: /src/astrobee/src/install/astrobee/share/astrobee/config/astrobee_markers_ids.config
-- Symlinking: /src/astrobee/src/install/astrobee/share/astrobee/config/behaviors/arm.config
-- Symlinking: /src/astrobee/src/install/astrobee/share/astrobee/config/behaviors/dock.config
-- Symlinking: /src/astrobee/src/install/astrobee/share/astrobee/config/behaviors/light_flow.config
-- Symlinking: /src/astrobee/src/install/astrobee/share/astrobee/config/behaviors/light_flow/audio_recording.json
-- Symlinking: /src/astrobee/src/install/astrobee/share/astrobee/config/behaviors/light_flow/charging.json
-- Symlinking: /src/astrobee/src/install/astrobee/share/astrobee/config/behaviors/light_flow/failiure.json
-- Symlinking: /src/astrobee/src/install/astrobee/share/astrobee/config/behaviors/light_flow/hibernate.json
-- Symlinking: /src/astrobee/src/install/astrobee/share/astrobee/config/behaviors/light_flow/low_battery.json
-- Symlinking: /src/astrobee/src/install/astrobee/share/astrobee/config/behaviors/light_flow/moving.json
-- Symlinking: /src/astrobee/src/install/astrobee/share/astrobee/config/behaviors/light_flow/need_help.json
-- Symlinking: /src/astrobee/src/install/astrobee/share/astrobee/config/behaviors/light_flow/power_left_only.json
-- Symlinking: /src/astrobee/src/install/astrobee/share/astrobee/config/behaviors/light_flow/power_off.json
-- Symlinking: /src/astrobee/src/install/astrobee/share/astrobee/config/behaviors/light_flow/power_on.json
-- Symlinking: /src/astrobee/src/install/astrobee/share/astrobee/config/behaviors/light_flow/stop_all_lights.json
-- Symlinking: /src/astrobee/src/install/astrobee/share/astrobee/config/behaviors/light_flow/success.json
-- Symlinking: /src/astrobee/src/install/astrobee/share/astrobee/config/behaviors/light_flow/turning_down.json
-- Symlinking: /src/astrobee/src/install/astrobee/share/astrobee/config/behaviors/light_flow/turning_left.json
-- Symlinking: /src/astrobee/src/install/astrobee/share/astrobee/config/behaviors/light_flow/turning_up.json
-- Symlinking: /src/astrobee/src/install/astrobee/share/astrobee/config/behaviors/perch.config
-- Symlinking: /src/astrobee/src/install/astrobee/share/astrobee/config/cameras.config
-- Symlinking: /src/astrobee/src/install/astrobee/share/astrobee/config/commands.config
-- Symlinking: /src/astrobee/src/install/astrobee/share/astrobee/config/common_lua.config
-- Symlinking: /src/astrobee/src/install/astrobee/share/astrobee/config/communications/astrobee_astrobee_bridge.config
-- Symlinking: /src/astrobee/src/install/astrobee/share/astrobee/config/communications/dds/NDDS_DISCOVERY_PEERS
-- Symlinking: /src/astrobee/src/install/astrobee/share/astrobee/config/communications/dds/RAPID_QOS_PROFILES.xml
-- Symlinking: /src/astrobee/src/install/astrobee/share/astrobee/config/communications/dds_intercomms/NDDS_DISCOVERY_PEERS
-- Symlinking: /src/astrobee/src/install/astrobee/share/astrobee/config/communications/dds_intercomms/RAPID_QOS_PROFILES.xml
-- Symlinking: /src/astrobee/src/install/astrobee/share/astrobee/config/communications/dds_ros_bridge.config
-- Symlinking: /src/astrobee/src/install/astrobee/share/astrobee/config/communications/ground_dds_ros_bridge.config
-- Symlinking: /src/astrobee/src/install/astrobee/share/astrobee/config/context.config
-- Symlinking: /src/astrobee/src/install/astrobee/share/astrobee/config/dock_markers_print.config
-- Symlinking: /src/astrobee/src/install/astrobee/share/astrobee/config/dock_markers_specs.config
-- Symlinking: /src/astrobee/src/install/astrobee/share/astrobee/config/dock_markers_world.config
-- Symlinking: /src/astrobee/src/install/astrobee/share/astrobee/config/faults.config
-- Symlinking: /src/astrobee/src/install/astrobee/share/astrobee/config/flight.config
-- Symlinking: /src/astrobee/src/install/astrobee/share/astrobee/config/geometry.config
-- Symlinking: /src/astrobee/src/install/astrobee/share/astrobee/config/gnc.config
-- Symlinking: /src/astrobee/src/install/astrobee/share/astrobee/config/graph_localizer.config
-- Symlinking: /src/astrobee/src/install/astrobee/share/astrobee/config/hw/eps_driver.config
-- Symlinking: /src/astrobee/src/install/astrobee/share/astrobee/config/hw/epson_imu.config
-- Symlinking: /src/astrobee/src/install/astrobee/share/astrobee/config/hw/flashlights.config
-- Symlinking: /src/astrobee/src/install/astrobee/share/astrobee/config/hw/laser.config
-- Symlinking: /src/astrobee/src/install/astrobee/share/astrobee/config/hw/perching_arm.config
-- Symlinking: /src/astrobee/src/install/astrobee/share/astrobee/config/hw/pmc_actuator.config
-- Symlinking: /src/astrobee/src/install/astrobee/share/astrobee/config/hw/signal_lights.config
-- Symlinking: /src/astrobee/src/install/astrobee/share/astrobee/config/hw/smart_dock.config
-- Symlinking: /src/astrobee/src/install/astrobee/share/astrobee/config/hw/speed_cam.config
-- Symlinking: /src/astrobee/src/install/astrobee/share/astrobee/config/hw/temp_monitor.config
-- Symlinking: /src/astrobee/src/install/astrobee/share/astrobee/config/hw/vive.config
-- Symlinking: /src/astrobee/src/install/astrobee/share/astrobee/config/localization.config
-- Symlinking: /src/astrobee/src/install/astrobee/share/astrobee/config/localization/depth_odometry.config
-- Symlinking: /src/astrobee/src/install/astrobee/share/astrobee/config/localization/handrail_detect.config
-- Symlinking: /src/astrobee/src/install/astrobee/share/astrobee/config/localization/localization_manager.config
-- Symlinking: /src/astrobee/src/install/astrobee/share/astrobee/config/localization/marker_tracker.config
-- Symlinking: /src/astrobee/src/install/astrobee/share/astrobee/config/localization/vive_localization.config
-- Symlinking: /src/astrobee/src/install/astrobee/share/astrobee/config/management/cpu_mem_monitor.config
-- Symlinking: /src/astrobee/src/install/astrobee/share/astrobee/config/management/data_bagger.config
-- Symlinking: /src/astrobee/src/install/astrobee/share/astrobee/config/management/disk_monitor.config
-- Symlinking: /src/astrobee/src/install/astrobee/share/astrobee/config/management/executive.config
-- Symlinking: /src/astrobee/src/install/astrobee/share/astrobee/config/management/fault_functions.config
-- Symlinking: /src/astrobee/src/install/astrobee/share/astrobee/config/management/fault_table.config
-- Symlinking: /src/astrobee/src/install/astrobee/share/astrobee/config/management/sys_monitor.config
-- Symlinking: /src/astrobee/src/install/astrobee/share/astrobee/config/management/sys_monitor_fault_info.config
-- Symlinking: /src/astrobee/src/install/astrobee/share/astrobee/config/marker_margins_1.config
-- Symlinking: /src/astrobee/src/install/astrobee/share/astrobee/config/marker_margins_2.config
-- Symlinking: /src/astrobee/src/install/astrobee/share/astrobee/config/markers_in_world.config
-- Symlinking: /src/astrobee/src/install/astrobee/share/astrobee/config/matrix.config
-- Symlinking: /src/astrobee/src/install/astrobee/share/astrobee/config/matrix.lua
-- Symlinking: /src/astrobee/src/install/astrobee/share/astrobee/config/mobility/choreographer.config
-- Symlinking: /src/astrobee/src/install/astrobee/share/astrobee/config/mobility/mapper.config
-- Symlinking: /src/astrobee/src/install/astrobee/share/astrobee/config/mobility/planner_qp.config
-- Symlinking: /src/astrobee/src/install/astrobee/share/astrobee/config/mobility/planner_trapezoidal.config
-- Symlinking: /src/astrobee/src/install/astrobee/share/astrobee/config/optical_flow.config
-- Symlinking: /src/astrobee/src/install/astrobee/share/astrobee/config/overhead_tracker.config
-- Symlinking: /src/astrobee/src/install/astrobee/share/astrobee/config/robots/bsharp.config
-- Symlinking: /src/astrobee/src/install/astrobee/share/astrobee/config/robots/bsharp2.config
-- Symlinking: /src/astrobee/src/install/astrobee/share/astrobee/config/robots/bumble.config
-- Symlinking: /src/astrobee/src/install/astrobee/share/astrobee/config/robots/flatsat.config
-- Symlinking: /src/astrobee/src/install/astrobee/share/astrobee/config/robots/honey.config
-- Symlinking: /src/astrobee/src/install/astrobee/share/astrobee/config/robots/killer.config
-- Symlinking: /src/astrobee/src/install/astrobee/share/astrobee/config/robots/melissa.config
-- Symlinking: /src/astrobee/src/install/astrobee/share/astrobee/config/robots/p4c.config
-- Symlinking: /src/astrobee/src/install/astrobee/share/astrobee/config/robots/p4d.config
-- Symlinking: /src/astrobee/src/install/astrobee/share/astrobee/config/robots/queen.config
-- Symlinking: /src/astrobee/src/install/astrobee/share/astrobee/config/robots/sim.config
-- Symlinking: /src/astrobee/src/install/astrobee/share/astrobee/config/robots/sim_pub.config
-- Symlinking: /src/astrobee/src/install/astrobee/share/astrobee/config/robots/wannabee.config
-- Symlinking: /src/astrobee/src/install/astrobee/share/astrobee/config/rotations.lua
-- Symlinking: /src/astrobee/src/install/astrobee/share/astrobee/config/simulation/ar_tags.config
-- Symlinking: /src/astrobee/src/install/astrobee/share/astrobee/config/simulation/handrail_detect.config
-- Symlinking: /src/astrobee/src/install/astrobee/share/astrobee/config/simulation/optical_flow.config
-- Symlinking: /src/astrobee/src/install/astrobee/share/astrobee/config/simulation/simulation.config
-- Symlinking: /src/astrobee/src/install/astrobee/share/astrobee/config/simulation/sparse_map.config
-- Symlinking: /src/astrobee/src/install/astrobee/share/astrobee/config/simulation/vive.config
-- Symlinking: /src/astrobee/src/install/astrobee/share/astrobee/config/test.lua
-- Symlinking: /src/astrobee/src/install/astrobee/share/astrobee/config/tests/common_lua.config
-- Symlinking: /src/astrobee/src/install/astrobee/share/astrobee/config/tests/context.config
-- Symlinking: /src/astrobee/src/install/astrobee/share/astrobee/config/tests/faults.config
-- Symlinking: /src/astrobee/src/install/astrobee/share/astrobee/config/tests/test_rotations.lua
-- Symlinking: /src/astrobee/src/install/astrobee/share/astrobee/config/tools/camera_target_based_intrinsics_calibrator.config
-- Symlinking: /src/astrobee/src/install/astrobee/share/astrobee/config/tools/ekf_bag.config
-- Symlinking: /src/astrobee/src/install/astrobee/share/astrobee/config/tools/graph_bag.config
-- Symlinking: /src/astrobee/src/install/astrobee/share/astrobee/config/tools/visualeyez.config
-- Symlinking: /src/astrobee/src/install/astrobee/share/astrobee/config/tools/visualization_node.config
-- Symlinking: /src/astrobee/src/install/astrobee/share/astrobee/config/transforms.config
-- Symlinking: /src/astrobee/src/install/astrobee/share/astrobee/config/worlds/granite.config
-- Symlinking: /src/astrobee/src/install/astrobee/share/astrobee/config/worlds/iss.config
-- Symlinking: /src/astrobee/src/install/astrobee/share/astrobee/config/worlds/mgtf.config
-- Symlinking: /src/astrobee/src/install/astrobee/share/astrobee/launch/astrobee.launch
-- Symlinking: /src/astrobee/src/install/astrobee/share/astrobee/launch/astrobee.launch.py
-- Symlinking: /src/astrobee/src/install/astrobee/share/astrobee/launch/controller/bagrecord.launch
-- Symlinking: /src/astrobee/src/install/astrobee/share/astrobee/launch/controller/bagreplay.launch
-- Symlinking: /src/astrobee/src/install/astrobee/share/astrobee/launch/controller/descriptions.launch
-- Symlinking: /src/astrobee/src/install/astrobee/share/astrobee/launch/controller/descriptions.launch.py
-- Symlinking: /src/astrobee/src/install/astrobee/share/astrobee/launch/controller/gds.launch
-- Symlinking: /src/astrobee/src/install/astrobee/share/astrobee/launch/controller/gds.launch.py
-- Symlinking: /src/astrobee/src/install/astrobee/share/astrobee/launch/controller/gviz.launch
-- Symlinking: /src/astrobee/src/install/astrobee/share/astrobee/launch/controller/gviz.launch.py
-- Symlinking: /src/astrobee/src/install/astrobee/share/astrobee/launch/controller/rqt.launch
-- Symlinking: /src/astrobee/src/install/astrobee/share/astrobee/launch/controller/rqt.launch.py
-- Symlinking: /src/astrobee/src/install/astrobee/share/astrobee/launch/controller/rviz.launch
-- Symlinking: /src/astrobee/src/install/astrobee/share/astrobee/launch/controller/rviz.launch.py
-- Symlinking: /src/astrobee/src/install/astrobee/share/astrobee/launch/controller/sim_start.launch
-- Symlinking: /src/astrobee/src/install/astrobee/share/astrobee/launch/controller/sim_start.launch.py
-- Symlinking: /src/astrobee/src/install/astrobee/share/astrobee/launch/controller/stats.launch
-- Symlinking: /src/astrobee/src/install/astrobee/share/astrobee/launch/controller/stats.launch.py
-- Symlinking: /src/astrobee/src/install/astrobee/share/astrobee/launch/controller/synthetic.launch
-- Symlinking: /src/astrobee/src/install/astrobee/share/astrobee/launch/controller/synthetic.launch.py
-- Symlinking: /src/astrobee/src/install/astrobee/share/astrobee/launch/controller/visualeyez.launch
-- Symlinking: /src/astrobee/src/install/astrobee/share/astrobee/launch/controller/vive.launch
-- Symlinking: /src/astrobee/src/install/astrobee/share/astrobee/launch/granite.launch
-- Symlinking: /src/astrobee/src/install/astrobee/share/astrobee/launch/mgtf.launch
-- Symlinking: /src/astrobee/src/install/astrobee/share/astrobee/launch/offline_localization/enable_localization
-- Symlinking: /src/astrobee/src/install/astrobee/share/astrobee/launch/offline_localization/loc_only.launch
-- Symlinking: /src/astrobee/src/install/astrobee/share/astrobee/launch/offline_localization/loc_rviz.launch
-- Symlinking: /src/astrobee/src/install/astrobee/share/astrobee/launch/offline_localization/localization_from_bag.launch
-- Symlinking: /src/astrobee/src/install/astrobee/share/astrobee/launch/offline_localization/record_localization.launch
-- Symlinking: /src/astrobee/src/install/astrobee/share/astrobee/launch/offline_localization/replay_localization.launch
-- Symlinking: /src/astrobee/src/install/astrobee/share/astrobee/launch/offline_localization/sparse_mapping_matching_from_bag.launch
-- Symlinking: /src/astrobee/src/install/astrobee/share/astrobee/launch/pico.launch
-- Symlinking: /src/astrobee/src/install/astrobee/share/astrobee/launch/robot/LLP.launch
-- Symlinking: /src/astrobee/src/install/astrobee/share/astrobee/launch/robot/LLP.launch.py
-- Symlinking: /src/astrobee/src/install/astrobee/share/astrobee/launch/robot/MLP.launch
-- Symlinking: /src/astrobee/src/install/astrobee/share/astrobee/launch/robot/MLP.launch.py
-- Symlinking: /src/astrobee/src/install/astrobee/share/astrobee/launch/sim.launch
-- Symlinking: /src/astrobee/src/install/astrobee/share/astrobee/launch/sim.launch.py
-- Symlinking: /src/astrobee/src/install/astrobee/share/astrobee/launch/spawn.launch
-- Symlinking: /src/astrobee/src/install/astrobee/share/astrobee/launch/spawn.launch.py
-- Symlinking: /src/astrobee/src/install/astrobee/share/astrobee/resources/.gitignore
-- Symlinking: /src/astrobee/src/install/astrobee/share/astrobee/resources/debug.config
-- Symlinking: /src/astrobee/src/install/astrobee/share/astrobee/resources/depthcams.rviz
-- Symlinking: /src/astrobee/src/install/astrobee/share/astrobee/resources/diagnostics.yaml
-- Symlinking: /src/astrobee/src/install/astrobee/share/astrobee/resources/granite_lab_markers.config
-- Symlinking: /src/astrobee/src/install/astrobee/share/astrobee/resources/granite_lab_tags.xml
-- Symlinking: /src/astrobee/src/install/astrobee/share/astrobee/resources/gui.perspective
-- Symlinking: /src/astrobee/src/install/astrobee/share/astrobee/resources/logging.config
-- Symlinking: /src/astrobee/src/install/astrobee/share/astrobee/resources/rviz/gateway.rviz
-- Symlinking: /src/astrobee/src/install/astrobee/share/astrobee/resources/rviz/granite.rviz
-- Symlinking: /src/astrobee/src/install/astrobee/share/astrobee/resources/rviz/granite_viz.rviz
-- Symlinking: /src/astrobee/src/install/astrobee/share/astrobee/resources/rviz/iss.rviz
-- Symlinking: /src/astrobee/src/install/astrobee/share/astrobee/resources/rviz/iss_ros2.rviz
-- Symlinking: /src/astrobee/src/install/astrobee/share/astrobee/resources/rviz/iss_viz.rviz
-- Symlinking: /src/astrobee/src/install/astrobee/share/astrobee/resources/rviz/loc_granite.rviz
-- Symlinking: /src/astrobee/src/install/astrobee/share/astrobee/resources/rviz/loc_iss.rviz
-- Symlinking: /src/astrobee/src/install/astrobee/share/astrobee/resources/rviz/video.rviz
-- Symlinking: /src/astrobee/src/install/astrobee/share/astrobee/resources/signal_config/.gitignore
-- Symlinking: /src/astrobee/src/install/astrobee/share/astrobee/resources/visualeyez.bin
-- Symlinking: /src/astrobee/src/install/astrobee/share/astrobee/resources/vive_granite.bin
-- Symlinking: /src/astrobee/src/install/astrobee/share/astrobee/resources/zones/granite.bin
-- Symlinking: /src/astrobee/src/install/astrobee/share/astrobee/resources/zones/iss.bin
-- Symlinking: /src/astrobee/src/install/astrobee/lib/astrobee/apk_print_version.sh
-- Symlinking: /src/astrobee/src/install/astrobee/lib/astrobee/check_env.sh
-- Symlinking: /src/astrobee/src/install/astrobee/lib/astrobee/print_version.sh
-- Symlinking: /src/astrobee/src/install/astrobee/lib/astrobee/cpu_print_version.sh
-- Symlinking: /src/astrobee/src/install/astrobee/lib/astrobee/launch_gds.sh
-- Symlinking: /src/astrobee/src/install/astrobee/env_wrapper.sh
-- Symlinking: /src/astrobee/src/install/astrobee/share/ament_index/resource_index/package_run_dependencies/astrobee
-- Symlinking: /src/astrobee/src/install/astrobee/share/ament_index/resource_index/parent_prefix_path/astrobee
-- Symlinking: /src/astrobee/src/install/astrobee/share/astrobee/environment/ament_prefix_path.sh
-- Symlinking: /src/astrobee/src/install/astrobee/share/astrobee/environment/ament_prefix_path.dsv
-- Symlinking: /src/astrobee/src/install/astrobee/share/astrobee/environment/path.sh
-- Symlinking: /src/astrobee/src/install/astrobee/share/astrobee/environment/path.dsv
-- Symlinking: /src/astrobee/src/install/astrobee/share/astrobee/local_setup.bash
-- Symlinking: /src/astrobee/src/install/astrobee/share/astrobee/local_setup.sh
-- Symlinking: /src/astrobee/src/install/astrobee/share/astrobee/local_setup.zsh
-- Symlinking: /src/astrobee/src/install/astrobee/share/astrobee/local_setup.dsv
-- Symlinking: /src/astrobee/src/install/astrobee/share/astrobee/package.dsv
-- Symlinking: /src/astrobee/src/install/astrobee/share/ament_index/resource_index/packages/astrobee
-- Symlinking: /src/astrobee/src/install/astrobee/share/astrobee/cmake/astrobeeConfig.cmake
-- Symlinking: /src/astrobee/src/install/astrobee/share/astrobee/cmake/astrobeeConfig-version.cmake
-- Symlinking: /src/astrobee/src/install/astrobee/share/astrobee/package.xml
Listing '/src/astrobee/src/install/astrobee/lib/python3.8/site-packages/utilities'...
Compiling '/src/astrobee/src/install/astrobee/lib/python3.8/site-packages/utilities/__init__.py'...
Compiling '/src/astrobee/src/install/astrobee/lib/python3.8/site-packages/utilities/utilities.py'...
