[0.015s] Invoking command in '/src/astrobee/src/build/config_reader': AMENT_PREFIX_PATH=/src/astrobee/src/install/ff_common:${AMENT_PREFIX_PATH} CMAKE_PREFIX_PATH=/src/astrobee/src/install/ff_common:/opt/ros/rolling LD_LIBRARY_PATH=/src/astrobee/src/install/ff_common/lib:${LD_LIBRARY_PATH} /usr/bin/cmake --build /src/astrobee/src/build/config_reader -- -j20 -l20
[0.053s] [100%] Built target config_reader
[0.065s] Invoked command in '/src/astrobee/src/build/config_reader' returned '0': AMENT_PREFIX_PATH=/src/astrobee/src/install/ff_common:${AMENT_PREFIX_PATH} CMAKE_PREFIX_PATH=/src/astrobee/src/install/ff_common:/opt/ros/rolling LD_LIBRARY_PATH=/src/astrobee/src/install/ff_common/lib:${LD_LIBRARY_PATH} /usr/bin/cmake --build /src/astrobee/src/build/config_reader -- -j20 -l20
[0.093s] Invoking command in '/src/astrobee/src/build/config_reader': AMENT_PREFIX_PATH=/src/astrobee/src/install/ff_common:${AMENT_PREFIX_PATH} CMAKE_PREFIX_PATH=/src/astrobee/src/install/ff_common:/opt/ros/rolling LD_LIBRARY_PATH=/src/astrobee/src/install/ff_common/lib:${LD_LIBRARY_PATH} /usr/bin/cmake --install /src/astrobee/src/build/config_reader
[0.099s] -- Install configuration: ""
[0.099s] -- Execute custom install script
[0.099s] -- Up-to-date symlink: /src/astrobee/src/install/config_reader/share/config_reader/environment/library_path.sh
[0.099s] -- Up-to-date symlink: /src/astrobee/src/install/config_reader/share/config_reader/environment/library_path.dsv
[0.100s] -- Up-to-date symlink: /src/astrobee/src/install/config_reader/include/config_reader/config_reader.h
[0.100s] -- Up-to-date symlink: /src/astrobee/src/install/config_reader/include/config_reader/watch_files.h
[0.100s] -- Up-to-date symlink: /src/astrobee/src/install/config_reader/share/ament_index/resource_index/package_run_dependencies/config_reader
[0.100s] -- Up-to-date symlink: /src/astrobee/src/install/config_reader/share/ament_index/resource_index/parent_prefix_path/config_reader
[0.100s] -- Up-to-date symlink: /src/astrobee/src/install/config_reader/share/config_reader/environment/ament_prefix_path.sh
[0.100s] -- Up-to-date symlink: /src/astrobee/src/install/config_reader/share/config_reader/environment/ament_prefix_path.dsv
[0.100s] -- Up-to-date symlink: /src/astrobee/src/install/config_reader/share/config_reader/environment/path.sh
[0.101s] -- Up-to-date symlink: /src/astrobee/src/install/config_reader/share/config_reader/environment/path.dsv
[0.101s] -- Up-to-date symlink: /src/astrobee/src/install/config_reader/share/config_reader/local_setup.bash
[0.101s] -- Up-to-date symlink: /src/astrobee/src/install/config_reader/share/config_reader/local_setup.sh
[0.101s] -- Up-to-date symlink: /src/astrobee/src/install/config_reader/share/config_reader/local_setup.zsh
[0.103s] -- Up-to-date symlink: /src/astrobee/src/install/config_reader/share/config_reader/local_setup.dsv
[0.104s] -- Symlinking: /src/astrobee/src/install/config_reader/share/config_reader/package.dsv
[0.107s] -- Up-to-date symlink: /src/astrobee/src/install/config_reader/share/ament_index/resource_index/packages/config_reader
[0.107s] -- Up-to-date symlink: /src/astrobee/src/install/config_reader/share/config_reader/cmake/ament_cmake_export_targets-extras.cmake
[0.108s] -- Up-to-date symlink: /src/astrobee/src/install/config_reader/share/config_reader/cmake/ament_cmake_export_include_directories-extras.cmake
[0.108s] -- Up-to-date symlink: /src/astrobee/src/install/config_reader/share/config_reader/cmake/config_readerConfig.cmake
[0.109s] -- Up-to-date symlink: /src/astrobee/src/install/config_reader/share/config_reader/cmake/config_readerConfig-version.cmake
[0.109s] -- Up-to-date symlink: /src/astrobee/src/install/config_reader/share/config_reader/package.xml
[0.109s] -- Up-to-date: /src/astrobee/src/install/config_reader/lib/libconfig_reader.a
[0.109s] -- Up-to-date: /src/astrobee/src/install/config_reader/share/config_reader/cmake/config_readerExport.cmake
[0.110s] -- Up-to-date: /src/astrobee/src/install/config_reader/share/config_reader/cmake/config_readerExport-noconfig.cmake
[0.117s] Invoked command in '/src/astrobee/src/build/config_reader' returned '0': AMENT_PREFIX_PATH=/src/astrobee/src/install/ff_common:${AMENT_PREFIX_PATH} CMAKE_PREFIX_PATH=/src/astrobee/src/install/ff_common:/opt/ros/rolling LD_LIBRARY_PATH=/src/astrobee/src/install/ff_common/lib:${LD_LIBRARY_PATH} /usr/bin/cmake --install /src/astrobee/src/build/config_reader
