[  6%] Built target gtest
[ 13%] Built target gtest_main
[ 20%] Built target ff_component
[ 26%] Built target ff_flight
[ 33%] Built target test_latched_topics
[ 40%] Built target test_ff_service
[ 46%] Built target test_ff_timer
[ 53%] Built target test_ff_action_cancel_own_goal
[ 60%] Built target test_ff_action_preempt_own_goal
[ 80%] Built target test_ff_action_active_timeout
[ 80%] Built target test_ff_action_response_timeout
[ 80%] Built target test_ff_action_preempt_others_goal
[ 93%] Built target test_ff_action_nominal_behavior
[ 93%] Built target test_ff_action_deadline_timeout
[100%] Built target test_ff_action_connect_timeout
-- Install configuration: ""
-- Execute custom install script
-- Up-to-date symlink: /src/astrobee/src/install/ff_util/share/ff_util/environment/library_path.sh
-- Up-to-date symlink: /src/astrobee/src/install/ff_util/share/ff_util/environment/library_path.dsv
-- Up-to-date symlink: /src/astrobee/src/install/ff_util/share/ff_util/ff_nodelet.launch
-- Up-to-date symlink: /src/astrobee/src/install/ff_util/share/ament_index/resource_index/package_run_dependencies/ff_util
-- Up-to-date symlink: /src/astrobee/src/install/ff_util/share/ament_index/resource_index/parent_prefix_path/ff_util
-- Up-to-date symlink: /src/astrobee/src/install/ff_util/share/ff_util/environment/ament_prefix_path.sh
-- Up-to-date symlink: /src/astrobee/src/install/ff_util/share/ff_util/environment/ament_prefix_path.dsv
-- Up-to-date symlink: /src/astrobee/src/install/ff_util/share/ff_util/environment/path.sh
-- Up-to-date symlink: /src/astrobee/src/install/ff_util/share/ff_util/environment/path.dsv
-- Up-to-date symlink: /src/astrobee/src/install/ff_util/share/ff_util/local_setup.bash
-- Up-to-date symlink: /src/astrobee/src/install/ff_util/share/ff_util/local_setup.sh
-- Up-to-date symlink: /src/astrobee/src/install/ff_util/share/ff_util/local_setup.zsh
-- Up-to-date symlink: /src/astrobee/src/install/ff_util/share/ff_util/local_setup.dsv
-- Symlinking: /src/astrobee/src/install/ff_util/share/ff_util/package.dsv
-- Up-to-date symlink: /src/astrobee/src/install/ff_util/share/ament_index/resource_index/packages/ff_util
-- Up-to-date symlink: /src/astrobee/src/install/ff_util/share/ff_util/cmake/ament_cmake_export_targets-extras.cmake
-- Up-to-date symlink: /src/astrobee/src/install/ff_util/share/ff_util/cmake/ament_cmake_export_dependencies-extras.cmake
-- Up-to-date symlink: /src/astrobee/src/install/ff_util/share/ff_util/cmake/ament_cmake_export_include_directories-extras.cmake
-- Up-to-date symlink: /src/astrobee/src/install/ff_util/share/ff_util/cmake/ff_utilConfig.cmake
-- Up-to-date symlink: /src/astrobee/src/install/ff_util/share/ff_util/cmake/ff_utilConfig-version.cmake
-- Up-to-date symlink: /src/astrobee/src/install/ff_util/share/ff_util/package.xml
-- Up-to-date: /src/astrobee/src/install/ff_util/include/ff_util
-- Up-to-date: /src/astrobee/src/install/ff_util/include/ff_util/config_client.h
-- Up-to-date: /src/astrobee/src/install/ff_util/include/ff_util/config_server.h
-- Up-to-date: /src/astrobee/src/install/ff_util/include/ff_util/ff_faults.h
-- Up-to-date: /src/astrobee/src/install/ff_util/include/ff_util/ff_service.h
-- Up-to-date: /src/astrobee/src/install/ff_util/include/ff_util/ff_fsm.h
-- Up-to-date: /src/astrobee/src/install/ff_util/include/ff_util/ff_action.h
-- Up-to-date: /src/astrobee/src/install/ff_util/include/ff_util/ff_flight.h
-- Up-to-date: /src/astrobee/src/install/ff_util/include/ff_util/ff_timer.h
-- Up-to-date: /src/astrobee/src/install/ff_util/include/ff_util/ff_serialization.h
-- Up-to-date: /src/astrobee/src/install/ff_util/include/ff_util/conversion.h
-- Up-to-date: /src/astrobee/src/install/ff_util/include/ff_util/perf_timer.h
-- Up-to-date: /src/astrobee/src/install/ff_util/include/ff_util/ff_component.h
-- Up-to-date: /src/astrobee/src/install/ff_util/lib/libff_component.a
-- Up-to-date: /src/astrobee/src/install/ff_util/lib/libff_flight.a
-- Up-to-date: /src/astrobee/src/install/ff_util/share/ff_util/cmake/ff_componentExport.cmake
-- Up-to-date: /src/astrobee/src/install/ff_util/share/ff_util/cmake/ff_componentExport-noconfig.cmake
