[0.012s] Invoking command in '/src/astrobee/src/build/ff_util': AMENT_PREFIX_PATH=/src/astrobee/src/install/msg_conversions:/src/astrobee/src/install/config_reader:/src/astrobee/src/install/ff_msgs:/src/astrobee/src/install/ff_common:${AMENT_PREFIX_PATH} CMAKE_PREFIX_PATH=/src/astrobee/src/install/msg_conversions:/src/astrobee/src/install/config_reader:/src/astrobee/src/install/ff_msgs:/src/astrobee/src/install/ff_common:/opt/ros/rolling LD_LIBRARY_PATH=/src/astrobee/src/install/msg_conversions/lib:/src/astrobee/src/install/config_reader/lib:/src/astrobee/src/install/ff_msgs/lib:/src/astrobee/src/install/ff_common/lib:${LD_LIBRARY_PATH} PATH=/src/astrobee/src/install/msg_conversions/bin:${PATH} PYTHONPATH=/src/astrobee/src/install/ff_msgs/lib/python3.8/site-packages:${PYTHONPATH} /usr/bin/cmake --build /src/astrobee/src/build/ff_util -- -j20 -l20
[0.048s] [  6%] Built target gtest
[0.048s] [ 13%] Built target gtest_main
[0.057s] [ 20%] Built target ff_component
[0.060s] [ 26%] Built target ff_flight
[0.080s] [ 33%] Built target test_latched_topics
[0.080s] [ 40%] Built target test_ff_service
[0.080s] [ 46%] Built target test_ff_timer
[0.083s] [ 53%] Built target test_ff_action_cancel_own_goal
[0.091s] [ 60%] Built target test_ff_action_preempt_own_goal
[0.096s] [ 80%] Built target test_ff_action_active_timeout
[0.096s] [ 80%] Built target test_ff_action_response_timeout
[0.096s] [ 80%] Built target test_ff_action_preempt_others_goal
[0.106s] [ 93%] Built target test_ff_action_nominal_behavior
[0.106s] [ 93%] Built target test_ff_action_deadline_timeout
[0.109s] [100%] Built target test_ff_action_connect_timeout
[0.116s] Invoked command in '/src/astrobee/src/build/ff_util' returned '0': AMENT_PREFIX_PATH=/src/astrobee/src/install/msg_conversions:/src/astrobee/src/install/config_reader:/src/astrobee/src/install/ff_msgs:/src/astrobee/src/install/ff_common:${AMENT_PREFIX_PATH} CMAKE_PREFIX_PATH=/src/astrobee/src/install/msg_conversions:/src/astrobee/src/install/config_reader:/src/astrobee/src/install/ff_msgs:/src/astrobee/src/install/ff_common:/opt/ros/rolling LD_LIBRARY_PATH=/src/astrobee/src/install/msg_conversions/lib:/src/astrobee/src/install/config_reader/lib:/src/astrobee/src/install/ff_msgs/lib:/src/astrobee/src/install/ff_common/lib:${LD_LIBRARY_PATH} PATH=/src/astrobee/src/install/msg_conversions/bin:${PATH} PYTHONPATH=/src/astrobee/src/install/ff_msgs/lib/python3.8/site-packages:${PYTHONPATH} /usr/bin/cmake --build /src/astrobee/src/build/ff_util -- -j20 -l20
[0.150s] Invoking command in '/src/astrobee/src/build/ff_util': AMENT_PREFIX_PATH=/src/astrobee/src/install/msg_conversions:/src/astrobee/src/install/config_reader:/src/astrobee/src/install/ff_msgs:/src/astrobee/src/install/ff_common:${AMENT_PREFIX_PATH} CMAKE_PREFIX_PATH=/src/astrobee/src/install/msg_conversions:/src/astrobee/src/install/config_reader:/src/astrobee/src/install/ff_msgs:/src/astrobee/src/install/ff_common:/opt/ros/rolling LD_LIBRARY_PATH=/src/astrobee/src/install/msg_conversions/lib:/src/astrobee/src/install/config_reader/lib:/src/astrobee/src/install/ff_msgs/lib:/src/astrobee/src/install/ff_common/lib:${LD_LIBRARY_PATH} PATH=/src/astrobee/src/install/msg_conversions/bin:${PATH} PYTHONPATH=/src/astrobee/src/install/ff_msgs/lib/python3.8/site-packages:${PYTHONPATH} /usr/bin/cmake --install /src/astrobee/src/build/ff_util
[0.157s] -- Install configuration: ""
[0.158s] -- Execute custom install script
[0.158s] -- Up-to-date symlink: /src/astrobee/src/install/ff_util/share/ff_util/environment/library_path.sh
[0.158s] -- Up-to-date symlink: /src/astrobee/src/install/ff_util/share/ff_util/environment/library_path.dsv
[0.158s] -- Up-to-date symlink: /src/astrobee/src/install/ff_util/share/ff_util/ff_nodelet.launch
[0.158s] -- Up-to-date symlink: /src/astrobee/src/install/ff_util/share/ament_index/resource_index/package_run_dependencies/ff_util
[0.159s] -- Up-to-date symlink: /src/astrobee/src/install/ff_util/share/ament_index/resource_index/parent_prefix_path/ff_util
[0.159s] -- Up-to-date symlink: /src/astrobee/src/install/ff_util/share/ff_util/environment/ament_prefix_path.sh
[0.159s] -- Up-to-date symlink: /src/astrobee/src/install/ff_util/share/ff_util/environment/ament_prefix_path.dsv
[0.159s] -- Up-to-date symlink: /src/astrobee/src/install/ff_util/share/ff_util/environment/path.sh
[0.159s] -- Up-to-date symlink: /src/astrobee/src/install/ff_util/share/ff_util/environment/path.dsv
[0.159s] -- Up-to-date symlink: /src/astrobee/src/install/ff_util/share/ff_util/local_setup.bash
[0.159s] -- Up-to-date symlink: /src/astrobee/src/install/ff_util/share/ff_util/local_setup.sh
[0.159s] -- Up-to-date symlink: /src/astrobee/src/install/ff_util/share/ff_util/local_setup.zsh
[0.160s] -- Up-to-date symlink: /src/astrobee/src/install/ff_util/share/ff_util/local_setup.dsv
[0.160s] -- Symlinking: /src/astrobee/src/install/ff_util/share/ff_util/package.dsv
[0.166s] -- Up-to-date symlink: /src/astrobee/src/install/ff_util/share/ament_index/resource_index/packages/ff_util
[0.166s] -- Up-to-date symlink: /src/astrobee/src/install/ff_util/share/ff_util/cmake/ament_cmake_export_targets-extras.cmake
[0.166s] -- Up-to-date symlink: /src/astrobee/src/install/ff_util/share/ff_util/cmake/ament_cmake_export_dependencies-extras.cmake
[0.167s] -- Up-to-date symlink: /src/astrobee/src/install/ff_util/share/ff_util/cmake/ament_cmake_export_include_directories-extras.cmake
[0.167s] -- Up-to-date symlink: /src/astrobee/src/install/ff_util/share/ff_util/cmake/ff_utilConfig.cmake
[0.167s] -- Up-to-date symlink: /src/astrobee/src/install/ff_util/share/ff_util/cmake/ff_utilConfig-version.cmake
[0.167s] -- Up-to-date symlink: /src/astrobee/src/install/ff_util/share/ff_util/package.xml
[0.167s] -- Up-to-date: /src/astrobee/src/install/ff_util/include/ff_util
[0.167s] -- Up-to-date: /src/astrobee/src/install/ff_util/include/ff_util/config_client.h
[0.167s] -- Up-to-date: /src/astrobee/src/install/ff_util/include/ff_util/config_server.h
[0.167s] -- Up-to-date: /src/astrobee/src/install/ff_util/include/ff_util/ff_faults.h
[0.167s] -- Up-to-date: /src/astrobee/src/install/ff_util/include/ff_util/ff_service.h
[0.168s] -- Up-to-date: /src/astrobee/src/install/ff_util/include/ff_util/ff_fsm.h
[0.168s] -- Up-to-date: /src/astrobee/src/install/ff_util/include/ff_util/ff_action.h
[0.168s] -- Up-to-date: /src/astrobee/src/install/ff_util/include/ff_util/ff_flight.h
[0.168s] -- Up-to-date: /src/astrobee/src/install/ff_util/include/ff_util/ff_timer.h
[0.168s] -- Up-to-date: /src/astrobee/src/install/ff_util/include/ff_util/ff_serialization.h
[0.168s] -- Up-to-date: /src/astrobee/src/install/ff_util/include/ff_util/conversion.h
[0.168s] -- Up-to-date: /src/astrobee/src/install/ff_util/include/ff_util/perf_timer.h
[0.168s] -- Up-to-date: /src/astrobee/src/install/ff_util/include/ff_util/ff_component.h
[0.168s] -- Up-to-date: /src/astrobee/src/install/ff_util/lib/libff_component.a
[0.168s] -- Up-to-date: /src/astrobee/src/install/ff_util/lib/libff_flight.a
[0.168s] -- Up-to-date: /src/astrobee/src/install/ff_util/share/ff_util/cmake/ff_componentExport.cmake
[0.168s] -- Up-to-date: /src/astrobee/src/install/ff_util/share/ff_util/cmake/ff_componentExport-noconfig.cmake
[0.171s] Invoked command in '/src/astrobee/src/build/ff_util' returned '0': AMENT_PREFIX_PATH=/src/astrobee/src/install/msg_conversions:/src/astrobee/src/install/config_reader:/src/astrobee/src/install/ff_msgs:/src/astrobee/src/install/ff_common:${AMENT_PREFIX_PATH} CMAKE_PREFIX_PATH=/src/astrobee/src/install/msg_conversions:/src/astrobee/src/install/config_reader:/src/astrobee/src/install/ff_msgs:/src/astrobee/src/install/ff_common:/opt/ros/rolling LD_LIBRARY_PATH=/src/astrobee/src/install/msg_conversions/lib:/src/astrobee/src/install/config_reader/lib:/src/astrobee/src/install/ff_msgs/lib:/src/astrobee/src/install/ff_common/lib:${LD_LIBRARY_PATH} PATH=/src/astrobee/src/install/msg_conversions/bin:${PATH} PYTHONPATH=/src/astrobee/src/install/ff_msgs/lib/python3.8/site-packages:${PYTHONPATH} /usr/bin/cmake --install /src/astrobee/src/build/ff_util
