[0.055s] Invoking command in '/src/astrobee/src/build/astrobee_granite': CMAKE_PREFIX_PATH=/opt/ros/rolling /usr/bin/cmake --build /src/astrobee/src/build/astrobee_granite -- -j20 -l20
[0.097s] Invoked command in '/src/astrobee/src/build/astrobee_granite' returned '0': CMAKE_PREFIX_PATH=/opt/ros/rolling /usr/bin/cmake --build /src/astrobee/src/build/astrobee_granite -- -j20 -l20
[0.141s] Invoking command in '/src/astrobee/src/build/astrobee_granite': CMAKE_PREFIX_PATH=/opt/ros/rolling /usr/bin/cmake --install /src/astrobee/src/build/astrobee_granite
[0.154s] -- Install configuration: ""
[0.156s] -- Execute custom install script
[0.157s] -- Up-to-date symlink: /src/astrobee/src/install/astrobee_granite/share/astrobee_granite/environment/astrobee_granite.dsv
[0.157s] -- Up-to-date symlink: /src/astrobee/src/install/astrobee_granite/share/astrobee_granite/urdf/model.urdf
[0.157s] -- Up-to-date symlink: /src/astrobee/src/install/astrobee_granite/share/astrobee_granite/media/materials/textures/face1.png
[0.157s] -- Up-to-date symlink: /src/astrobee/src/install/astrobee_granite/share/astrobee_granite/media/materials/textures/face2.png
[0.157s] -- Up-to-date symlink: /src/astrobee/src/install/astrobee_granite/share/astrobee_granite/media/materials/textures/face3.png
[0.158s] -- Up-to-date symlink: /src/astrobee/src/install/astrobee_granite/share/astrobee_granite/media/materials/textures/face4.png
[0.158s] -- Up-to-date symlink: /src/astrobee/src/install/astrobee_granite/share/astrobee_granite/media/materials/textures/face5.png
[0.158s] -- Up-to-date symlink: /src/astrobee/src/install/astrobee_granite/share/astrobee_granite/media/materials/textures/face6.png
[0.158s] -- Up-to-date symlink: /src/astrobee/src/install/astrobee_granite/share/astrobee_granite/media/materials/textures/granite.png
[0.158s] -- Up-to-date symlink: /src/astrobee/src/install/astrobee_granite/share/astrobee_granite/meshes/granite.dae
[0.158s] -- Up-to-date symlink: /src/astrobee/src/install/astrobee_granite/share/astrobee_granite/model.config
[0.158s] -- Up-to-date symlink: /src/astrobee/src/install/astrobee_granite/share/ament_index/resource_index/package_run_dependencies/astrobee_granite
[0.158s] -- Up-to-date symlink: /src/astrobee/src/install/astrobee_granite/share/ament_index/resource_index/parent_prefix_path/astrobee_granite
[0.158s] -- Up-to-date symlink: /src/astrobee/src/install/astrobee_granite/share/astrobee_granite/environment/ament_prefix_path.sh
[0.158s] -- Up-to-date symlink: /src/astrobee/src/install/astrobee_granite/share/astrobee_granite/environment/ament_prefix_path.dsv
[0.159s] -- Up-to-date symlink: /src/astrobee/src/install/astrobee_granite/share/astrobee_granite/environment/path.sh
[0.159s] -- Up-to-date symlink: /src/astrobee/src/install/astrobee_granite/share/astrobee_granite/environment/path.dsv
[0.159s] -- Up-to-date symlink: /src/astrobee/src/install/astrobee_granite/share/astrobee_granite/local_setup.bash
[0.159s] -- Up-to-date symlink: /src/astrobee/src/install/astrobee_granite/share/astrobee_granite/local_setup.sh
[0.159s] -- Up-to-date symlink: /src/astrobee/src/install/astrobee_granite/share/astrobee_granite/local_setup.zsh
[0.161s] -- Up-to-date symlink: /src/astrobee/src/install/astrobee_granite/share/astrobee_granite/local_setup.dsv
[0.162s] -- Symlinking: /src/astrobee/src/install/astrobee_granite/share/astrobee_granite/package.dsv
[0.167s] -- Up-to-date symlink: /src/astrobee/src/install/astrobee_granite/share/ament_index/resource_index/packages/astrobee_granite
[0.167s] -- Up-to-date symlink: /src/astrobee/src/install/astrobee_granite/share/astrobee_granite/cmake/astrobee_graniteConfig.cmake
[0.168s] -- Up-to-date symlink: /src/astrobee/src/install/astrobee_granite/share/astrobee_granite/cmake/astrobee_graniteConfig-version.cmake
[0.168s] -- Up-to-date symlink: /src/astrobee/src/install/astrobee_granite/share/astrobee_granite/package.xml
[0.234s] Invoked command in '/src/astrobee/src/build/astrobee_granite' returned '0': CMAKE_PREFIX_PATH=/opt/ros/rolling /usr/bin/cmake --install /src/astrobee/src/build/astrobee_granite
