[  0%] Built target ff_hw_msgs__cpp
[  0%] Built target ament_cmake_python_symlink_ff_hw_msgs
[ 12%] Built target ff_hw_msgs__rosidl_generator_c
[ 24%] Built target ff_hw_msgs__rosidl_typesupport_cpp
[ 37%] Built target ff_hw_msgs__rosidl_typesupport_introspection_cpp
[ 50%] Built target ff_hw_msgs__rosidl_typesupport_c
[ 63%] Built target ff_hw_msgs__rosidl_typesupport_introspection_c
[ 75%] Built target ff_hw_msgs__rosidl_typesupport_fastrtps_cpp
[ 88%] Built target ff_hw_msgs__rosidl_typesupport_fastrtps_c
[ 88%] Built target ff_hw_msgs
[ 88%] Built target ff_hw_msgs__py
running egg_info
writing ff_hw_msgs.egg-info/PKG-INFO
writing dependency_links to ff_hw_msgs.egg-info/dependency_links.txt
writing top-level names to ff_hw_msgs.egg-info/top_level.txt
[100%] Built target ff_hw_msgs__rosidl_generator_py
reading manifest file 'ff_hw_msgs.egg-info/SOURCES.txt'
writing manifest file 'ff_hw_msgs.egg-info/SOURCES.txt'
[100%] Built target ff_hw_msgs__rosidl_typesupport_fastrtps_c__pyext
[100%] Built target ff_hw_msgs__rosidl_typesupport_c__pyext
[100%] Built target ament_cmake_python_build_ff_hw_msgs_egg
[100%] Built target ff_hw_msgs__rosidl_typesupport_introspection_c__pyext
-- Install configuration: ""
-- Execute custom install script
-- Up-to-date symlink: /src/astrobee/src/install/ff_hw_msgs/share/ament_index/resource_index/rosidl_interfaces/ff_hw_msgs
-- Up-to-date symlink: /src/astrobee/src/install/ff_hw_msgs/include/ff_hw_msgs/msg/arm_command.h
-- Up-to-date symlink: /src/astrobee/src/install/ff_hw_msgs/include/ff_hw_msgs/msg/arm_state.h
-- Up-to-date symlink: /src/astrobee/src/install/ff_hw_msgs/include/ff_hw_msgs/msg/configure_led.h
-- Up-to-date symlink: /src/astrobee/src/install/ff_hw_msgs/include/ff_hw_msgs/msg/configure_led_group.h
-- Up-to-date symlink: /src/astrobee/src/install/ff_hw_msgs/include/ff_hw_msgs/msg/detail/arm_command__functions.h
-- Up-to-date symlink: /src/astrobee/src/install/ff_hw_msgs/include/ff_hw_msgs/msg/detail/arm_command__struct.h
-- Up-to-date symlink: /src/astrobee/src/install/ff_hw_msgs/include/ff_hw_msgs/msg/detail/arm_command__type_support.h
-- Up-to-date symlink: /src/astrobee/src/install/ff_hw_msgs/include/ff_hw_msgs/msg/detail/arm_state__functions.h
-- Up-to-date symlink: /src/astrobee/src/install/ff_hw_msgs/include/ff_hw_msgs/msg/detail/arm_state__struct.h
-- Up-to-date symlink: /src/astrobee/src/install/ff_hw_msgs/include/ff_hw_msgs/msg/detail/arm_state__type_support.h
-- Up-to-date symlink: /src/astrobee/src/install/ff_hw_msgs/include/ff_hw_msgs/msg/detail/configure_led__functions.h
-- Up-to-date symlink: /src/astrobee/src/install/ff_hw_msgs/include/ff_hw_msgs/msg/detail/configure_led__struct.h
-- Up-to-date symlink: /src/astrobee/src/install/ff_hw_msgs/include/ff_hw_msgs/msg/detail/configure_led__type_support.h
-- Up-to-date symlink: /src/astrobee/src/install/ff_hw_msgs/include/ff_hw_msgs/msg/detail/configure_led_group__functions.h
-- Up-to-date symlink: /src/astrobee/src/install/ff_hw_msgs/include/ff_hw_msgs/msg/detail/configure_led_group__struct.h
-- Up-to-date symlink: /src/astrobee/src/install/ff_hw_msgs/include/ff_hw_msgs/msg/detail/configure_led_group__type_support.h
-- Up-to-date symlink: /src/astrobee/src/install/ff_hw_msgs/include/ff_hw_msgs/msg/detail/eps_battery_location__functions.h
-- Up-to-date symlink: /src/astrobee/src/install/ff_hw_msgs/include/ff_hw_msgs/msg/detail/eps_battery_location__struct.h
-- Up-to-date symlink: /src/astrobee/src/install/ff_hw_msgs/include/ff_hw_msgs/msg/detail/eps_battery_location__type_support.h
-- Up-to-date symlink: /src/astrobee/src/install/ff_hw_msgs/include/ff_hw_msgs/msg/detail/eps_dock_state_stamped__functions.h
-- Up-to-date symlink: /src/astrobee/src/install/ff_hw_msgs/include/ff_hw_msgs/msg/detail/eps_dock_state_stamped__struct.h
-- Up-to-date symlink: /src/astrobee/src/install/ff_hw_msgs/include/ff_hw_msgs/msg/detail/eps_dock_state_stamped__type_support.h
-- Up-to-date symlink: /src/astrobee/src/install/ff_hw_msgs/include/ff_hw_msgs/msg/detail/eps_housekeeping__functions.h
-- Up-to-date symlink: /src/astrobee/src/install/ff_hw_msgs/include/ff_hw_msgs/msg/detail/eps_housekeeping__struct.h
-- Up-to-date symlink: /src/astrobee/src/install/ff_hw_msgs/include/ff_hw_msgs/msg/detail/eps_housekeeping__type_support.h
-- Up-to-date symlink: /src/astrobee/src/install/ff_hw_msgs/include/ff_hw_msgs/msg/detail/eps_housekeeping_value__functions.h
-- Up-to-date symlink: /src/astrobee/src/install/ff_hw_msgs/include/ff_hw_msgs/msg/detail/eps_housekeeping_value__struct.h
-- Up-to-date symlink: /src/astrobee/src/install/ff_hw_msgs/include/ff_hw_msgs/msg/detail/eps_housekeeping_value__type_support.h
-- Up-to-date symlink: /src/astrobee/src/install/ff_hw_msgs/include/ff_hw_msgs/msg/detail/eps_power_state__functions.h
-- Up-to-date symlink: /src/astrobee/src/install/ff_hw_msgs/include/ff_hw_msgs/msg/detail/eps_power_state__struct.h
-- Up-to-date symlink: /src/astrobee/src/install/ff_hw_msgs/include/ff_hw_msgs/msg/detail/eps_power_state__type_support.h
-- Up-to-date symlink: /src/astrobee/src/install/ff_hw_msgs/include/ff_hw_msgs/msg/detail/eps_power_state_value__functions.h
-- Up-to-date symlink: /src/astrobee/src/install/ff_hw_msgs/include/ff_hw_msgs/msg/detail/eps_power_state_value__struct.h
-- Up-to-date symlink: /src/astrobee/src/install/ff_hw_msgs/include/ff_hw_msgs/msg/detail/eps_power_state_value__type_support.h
-- Up-to-date symlink: /src/astrobee/src/install/ff_hw_msgs/include/ff_hw_msgs/msg/detail/optical_flow__functions.h
-- Up-to-date symlink: /src/astrobee/src/install/ff_hw_msgs/include/ff_hw_msgs/msg/detail/optical_flow__struct.h
-- Up-to-date symlink: /src/astrobee/src/install/ff_hw_msgs/include/ff_hw_msgs/msg/detail/optical_flow__type_support.h
-- Up-to-date symlink: /src/astrobee/src/install/ff_hw_msgs/include/ff_hw_msgs/msg/detail/pmc_command__functions.h
-- Up-to-date symlink: /src/astrobee/src/install/ff_hw_msgs/include/ff_hw_msgs/msg/detail/pmc_command__struct.h
-- Up-to-date symlink: /src/astrobee/src/install/ff_hw_msgs/include/ff_hw_msgs/msg/detail/pmc_command__type_support.h
-- Up-to-date symlink: /src/astrobee/src/install/ff_hw_msgs/include/ff_hw_msgs/msg/detail/pmc_goal__functions.h
-- Up-to-date symlink: /src/astrobee/src/install/ff_hw_msgs/include/ff_hw_msgs/msg/detail/pmc_goal__struct.h
-- Up-to-date symlink: /src/astrobee/src/install/ff_hw_msgs/include/ff_hw_msgs/msg/detail/pmc_goal__type_support.h
-- Up-to-date symlink: /src/astrobee/src/install/ff_hw_msgs/include/ff_hw_msgs/msg/detail/pmc_state__functions.h
-- Up-to-date symlink: /src/astrobee/src/install/ff_hw_msgs/include/ff_hw_msgs/msg/detail/pmc_state__struct.h
-- Up-to-date symlink: /src/astrobee/src/install/ff_hw_msgs/include/ff_hw_msgs/msg/detail/pmc_state__type_support.h
-- Up-to-date symlink: /src/astrobee/src/install/ff_hw_msgs/include/ff_hw_msgs/msg/detail/pmc_status__functions.h
-- Up-to-date symlink: /src/astrobee/src/install/ff_hw_msgs/include/ff_hw_msgs/msg/detail/pmc_status__struct.h
-- Up-to-date symlink: /src/astrobee/src/install/ff_hw_msgs/include/ff_hw_msgs/msg/detail/pmc_status__type_support.h
-- Up-to-date symlink: /src/astrobee/src/install/ff_hw_msgs/include/ff_hw_msgs/msg/detail/pmc_telemetry__functions.h
-- Up-to-date symlink: /src/astrobee/src/install/ff_hw_msgs/include/ff_hw_msgs/msg/detail/pmc_telemetry__struct.h
-- Up-to-date symlink: /src/astrobee/src/install/ff_hw_msgs/include/ff_hw_msgs/msg/detail/pmc_telemetry__type_support.h
-- Up-to-date symlink: /src/astrobee/src/install/ff_hw_msgs/include/ff_hw_msgs/msg/detail/vive_button__functions.h
-- Up-to-date symlink: /src/astrobee/src/install/ff_hw_msgs/include/ff_hw_msgs/msg/detail/vive_button__struct.h
-- Up-to-date symlink: /src/astrobee/src/install/ff_hw_msgs/include/ff_hw_msgs/msg/detail/vive_button__type_support.h
-- Up-to-date symlink: /src/astrobee/src/install/ff_hw_msgs/include/ff_hw_msgs/msg/detail/vive_light__functions.h
-- Up-to-date symlink: /src/astrobee/src/install/ff_hw_msgs/include/ff_hw_msgs/msg/detail/vive_light__struct.h
-- Up-to-date symlink: /src/astrobee/src/install/ff_hw_msgs/include/ff_hw_msgs/msg/detail/vive_light__type_support.h
-- Up-to-date symlink: /src/astrobee/src/install/ff_hw_msgs/include/ff_hw_msgs/msg/detail/vive_lighthouse__functions.h
-- Up-to-date symlink: /src/astrobee/src/install/ff_hw_msgs/include/ff_hw_msgs/msg/detail/vive_lighthouse__struct.h
-- Up-to-date symlink: /src/astrobee/src/install/ff_hw_msgs/include/ff_hw_msgs/msg/detail/vive_lighthouse__type_support.h
-- Up-to-date symlink: /src/astrobee/src/install/ff_hw_msgs/include/ff_hw_msgs/msg/detail/vive_lighthouses__functions.h
-- Up-to-date symlink: /src/astrobee/src/install/ff_hw_msgs/include/ff_hw_msgs/msg/detail/vive_lighthouses__struct.h
-- Up-to-date symlink: /src/astrobee/src/install/ff_hw_msgs/include/ff_hw_msgs/msg/detail/vive_lighthouses__type_support.h
-- Up-to-date symlink: /src/astrobee/src/install/ff_hw_msgs/include/ff_hw_msgs/msg/detail/vive_motor__functions.h
-- Up-to-date symlink: /src/astrobee/src/install/ff_hw_msgs/include/ff_hw_msgs/msg/detail/vive_motor__struct.h
-- Up-to-date symlink: /src/astrobee/src/install/ff_hw_msgs/include/ff_hw_msgs/msg/detail/vive_motor__type_support.h
-- Up-to-date symlink: /src/astrobee/src/install/ff_hw_msgs/include/ff_hw_msgs/msg/detail/vive_pulse__functions.h
-- Up-to-date symlink: /src/astrobee/src/install/ff_hw_msgs/include/ff_hw_msgs/msg/detail/vive_pulse__struct.h
-- Up-to-date symlink: /src/astrobee/src/install/ff_hw_msgs/include/ff_hw_msgs/msg/detail/vive_pulse__type_support.h
-- Up-to-date symlink: /src/astrobee/src/install/ff_hw_msgs/include/ff_hw_msgs/msg/detail/vive_sensor__functions.h
-- Up-to-date symlink: /src/astrobee/src/install/ff_hw_msgs/include/ff_hw_msgs/msg/detail/vive_sensor__struct.h
-- Up-to-date symlink: /src/astrobee/src/install/ff_hw_msgs/include/ff_hw_msgs/msg/detail/vive_sensor__type_support.h
-- Up-to-date symlink: /src/astrobee/src/install/ff_hw_msgs/include/ff_hw_msgs/msg/detail/vive_tracker__functions.h
-- Up-to-date symlink: /src/astrobee/src/install/ff_hw_msgs/include/ff_hw_msgs/msg/detail/vive_tracker__struct.h
-- Up-to-date symlink: /src/astrobee/src/install/ff_hw_msgs/include/ff_hw_msgs/msg/detail/vive_tracker__type_support.h
-- Up-to-date symlink: /src/astrobee/src/install/ff_hw_msgs/include/ff_hw_msgs/msg/detail/vive_trackers__functions.h
-- Up-to-date symlink: /src/astrobee/src/install/ff_hw_msgs/include/ff_hw_msgs/msg/detail/vive_trackers__struct.h
-- Up-to-date symlink: /src/astrobee/src/install/ff_hw_msgs/include/ff_hw_msgs/msg/detail/vive_trackers__type_support.h
-- Up-to-date symlink: /src/astrobee/src/install/ff_hw_msgs/include/ff_hw_msgs/msg/eps_battery_location.h
-- Up-to-date symlink: /src/astrobee/src/install/ff_hw_msgs/include/ff_hw_msgs/msg/eps_dock_state_stamped.h
-- Up-to-date symlink: /src/astrobee/src/install/ff_hw_msgs/include/ff_hw_msgs/msg/eps_housekeeping.h
-- Up-to-date symlink: /src/astrobee/src/install/ff_hw_msgs/include/ff_hw_msgs/msg/eps_housekeeping_value.h
-- Up-to-date symlink: /src/astrobee/src/install/ff_hw_msgs/include/ff_hw_msgs/msg/eps_power_state.h
-- Up-to-date symlink: /src/astrobee/src/install/ff_hw_msgs/include/ff_hw_msgs/msg/eps_power_state_value.h
-- Up-to-date symlink: /src/astrobee/src/install/ff_hw_msgs/include/ff_hw_msgs/msg/optical_flow.h
-- Up-to-date symlink: /src/astrobee/src/install/ff_hw_msgs/include/ff_hw_msgs/msg/pmc_command.h
-- Up-to-date symlink: /src/astrobee/src/install/ff_hw_msgs/include/ff_hw_msgs/msg/pmc_goal.h
-- Up-to-date symlink: /src/astrobee/src/install/ff_hw_msgs/include/ff_hw_msgs/msg/pmc_state.h
-- Up-to-date symlink: /src/astrobee/src/install/ff_hw_msgs/include/ff_hw_msgs/msg/pmc_status.h
-- Up-to-date symlink: /src/astrobee/src/install/ff_hw_msgs/include/ff_hw_msgs/msg/pmc_telemetry.h
-- Up-to-date symlink: /src/astrobee/src/install/ff_hw_msgs/include/ff_hw_msgs/msg/rosidl_generator_c__visibility_control.h
-- Up-to-date symlink: /src/astrobee/src/install/ff_hw_msgs/include/ff_hw_msgs/msg/vive_button.h
-- Up-to-date symlink: /src/astrobee/src/install/ff_hw_msgs/include/ff_hw_msgs/msg/vive_light.h
-- Up-to-date symlink: /src/astrobee/src/install/ff_hw_msgs/include/ff_hw_msgs/msg/vive_lighthouse.h
-- Up-to-date symlink: /src/astrobee/src/install/ff_hw_msgs/include/ff_hw_msgs/msg/vive_lighthouses.h
-- Up-to-date symlink: /src/astrobee/src/install/ff_hw_msgs/include/ff_hw_msgs/msg/vive_motor.h
-- Up-to-date symlink: /src/astrobee/src/install/ff_hw_msgs/include/ff_hw_msgs/msg/vive_pulse.h
-- Up-to-date symlink: /src/astrobee/src/install/ff_hw_msgs/include/ff_hw_msgs/msg/vive_sensor.h
-- Up-to-date symlink: /src/astrobee/src/install/ff_hw_msgs/include/ff_hw_msgs/msg/vive_tracker.h
-- Up-to-date symlink: /src/astrobee/src/install/ff_hw_msgs/include/ff_hw_msgs/msg/vive_trackers.h
-- Up-to-date symlink: /src/astrobee/src/install/ff_hw_msgs/include/ff_hw_msgs/srv/calibrate_gripper.h
-- Up-to-date symlink: /src/astrobee/src/install/ff_hw_msgs/include/ff_hw_msgs/srv/clear_terminate.h
-- Up-to-date symlink: /src/astrobee/src/install/ff_hw_msgs/include/ff_hw_msgs/srv/configure_advanced_power.h
-- Up-to-date symlink: /src/astrobee/src/install/ff_hw_msgs/include/ff_hw_msgs/srv/configure_payload_power.h
-- Up-to-date symlink: /src/astrobee/src/install/ff_hw_msgs/include/ff_hw_msgs/srv/configure_system_leds.h
-- Up-to-date symlink: /src/astrobee/src/install/ff_hw_msgs/include/ff_hw_msgs/srv/detail/calibrate_gripper__functions.h
-- Up-to-date symlink: /src/astrobee/src/install/ff_hw_msgs/include/ff_hw_msgs/srv/detail/calibrate_gripper__struct.h
-- Up-to-date symlink: /src/astrobee/src/install/ff_hw_msgs/include/ff_hw_msgs/srv/detail/calibrate_gripper__type_support.h
-- Up-to-date symlink: /src/astrobee/src/install/ff_hw_msgs/include/ff_hw_msgs/srv/detail/clear_terminate__functions.h
-- Up-to-date symlink: /src/astrobee/src/install/ff_hw_msgs/include/ff_hw_msgs/srv/detail/clear_terminate__struct.h
-- Up-to-date symlink: /src/astrobee/src/install/ff_hw_msgs/include/ff_hw_msgs/srv/detail/clear_terminate__type_support.h
-- Up-to-date symlink: /src/astrobee/src/install/ff_hw_msgs/include/ff_hw_msgs/srv/detail/configure_advanced_power__functions.h
-- Up-to-date symlink: /src/astrobee/src/install/ff_hw_msgs/include/ff_hw_msgs/srv/detail/configure_advanced_power__struct.h
-- Up-to-date symlink: /src/astrobee/src/install/ff_hw_msgs/include/ff_hw_msgs/srv/detail/configure_advanced_power__type_support.h
-- Up-to-date symlink: /src/astrobee/src/install/ff_hw_msgs/include/ff_hw_msgs/srv/detail/configure_payload_power__functions.h
-- Up-to-date symlink: /src/astrobee/src/install/ff_hw_msgs/include/ff_hw_msgs/srv/detail/configure_payload_power__struct.h
-- Up-to-date symlink: /src/astrobee/src/install/ff_hw_msgs/include/ff_hw_msgs/srv/detail/configure_payload_power__type_support.h
-- Up-to-date symlink: /src/astrobee/src/install/ff_hw_msgs/include/ff_hw_msgs/srv/detail/configure_system_leds__functions.h
-- Up-to-date symlink: /src/astrobee/src/install/ff_hw_msgs/include/ff_hw_msgs/srv/detail/configure_system_leds__struct.h
-- Up-to-date symlink: /src/astrobee/src/install/ff_hw_msgs/include/ff_hw_msgs/srv/detail/configure_system_leds__type_support.h
-- Up-to-date symlink: /src/astrobee/src/install/ff_hw_msgs/include/ff_hw_msgs/srv/detail/get_battery_status__functions.h
-- Up-to-date symlink: /src/astrobee/src/install/ff_hw_msgs/include/ff_hw_msgs/srv/detail/get_battery_status__struct.h
-- Up-to-date symlink: /src/astrobee/src/install/ff_hw_msgs/include/ff_hw_msgs/srv/detail/get_battery_status__type_support.h
-- Up-to-date symlink: /src/astrobee/src/install/ff_hw_msgs/include/ff_hw_msgs/srv/detail/get_board_info__functions.h
-- Up-to-date symlink: /src/astrobee/src/install/ff_hw_msgs/include/ff_hw_msgs/srv/detail/get_board_info__struct.h
-- Up-to-date symlink: /src/astrobee/src/install/ff_hw_msgs/include/ff_hw_msgs/srv/detail/get_board_info__type_support.h
-- Up-to-date symlink: /src/astrobee/src/install/ff_hw_msgs/include/ff_hw_msgs/srv/detail/get_temperatures__functions.h
-- Up-to-date symlink: /src/astrobee/src/install/ff_hw_msgs/include/ff_hw_msgs/srv/detail/get_temperatures__struct.h
-- Up-to-date symlink: /src/astrobee/src/install/ff_hw_msgs/include/ff_hw_msgs/srv/detail/get_temperatures__type_support.h
-- Up-to-date symlink: /src/astrobee/src/install/ff_hw_msgs/include/ff_hw_msgs/srv/detail/reset__functions.h
-- Up-to-date symlink: /src/astrobee/src/install/ff_hw_msgs/include/ff_hw_msgs/srv/detail/reset__struct.h
-- Up-to-date symlink: /src/astrobee/src/install/ff_hw_msgs/include/ff_hw_msgs/srv/detail/reset__type_support.h
-- Up-to-date symlink: /src/astrobee/src/install/ff_hw_msgs/include/ff_hw_msgs/srv/detail/ring_buzzer__functions.h
-- Up-to-date symlink: /src/astrobee/src/install/ff_hw_msgs/include/ff_hw_msgs/srv/detail/ring_buzzer__struct.h
-- Up-to-date symlink: /src/astrobee/src/install/ff_hw_msgs/include/ff_hw_msgs/srv/detail/ring_buzzer__type_support.h
-- Up-to-date symlink: /src/astrobee/src/install/ff_hw_msgs/include/ff_hw_msgs/srv/detail/set_enabled__functions.h
-- Up-to-date symlink: /src/astrobee/src/install/ff_hw_msgs/include/ff_hw_msgs/srv/detail/set_enabled__struct.h
-- Up-to-date symlink: /src/astrobee/src/install/ff_hw_msgs/include/ff_hw_msgs/srv/detail/set_enabled__type_support.h
-- Up-to-date symlink: /src/astrobee/src/install/ff_hw_msgs/include/ff_hw_msgs/srv/detail/set_flashlight__functions.h
-- Up-to-date symlink: /src/astrobee/src/install/ff_hw_msgs/include/ff_hw_msgs/srv/detail/set_flashlight__struct.h
-- Up-to-date symlink: /src/astrobee/src/install/ff_hw_msgs/include/ff_hw_msgs/srv/detail/set_flashlight__type_support.h
-- Up-to-date symlink: /src/astrobee/src/install/ff_hw_msgs/include/ff_hw_msgs/srv/detail/set_joint_max_velocity__functions.h
-- Up-to-date symlink: /src/astrobee/src/install/ff_hw_msgs/include/ff_hw_msgs/srv/detail/set_joint_max_velocity__struct.h
-- Up-to-date symlink: /src/astrobee/src/install/ff_hw_msgs/include/ff_hw_msgs/srv/detail/set_joint_max_velocity__type_support.h
-- Up-to-date symlink: /src/astrobee/src/install/ff_hw_msgs/include/ff_hw_msgs/srv/detail/set_led_matrix__functions.h
-- Up-to-date symlink: /src/astrobee/src/install/ff_hw_msgs/include/ff_hw_msgs/srv/detail/set_led_matrix__struct.h
-- Up-to-date symlink: /src/astrobee/src/install/ff_hw_msgs/include/ff_hw_msgs/srv/detail/set_led_matrix__type_support.h
-- Up-to-date symlink: /src/astrobee/src/install/ff_hw_msgs/include/ff_hw_msgs/srv/detail/undock__functions.h
-- Up-to-date symlink: /src/astrobee/src/install/ff_hw_msgs/include/ff_hw_msgs/srv/detail/undock__struct.h
-- Up-to-date symlink: /src/astrobee/src/install/ff_hw_msgs/include/ff_hw_msgs/srv/detail/undock__type_support.h
-- Up-to-date symlink: /src/astrobee/src/install/ff_hw_msgs/include/ff_hw_msgs/srv/get_battery_status.h
-- Up-to-date symlink: /src/astrobee/src/install/ff_hw_msgs/include/ff_hw_msgs/srv/get_board_info.h
-- Up-to-date symlink: /src/astrobee/src/install/ff_hw_msgs/include/ff_hw_msgs/srv/get_temperatures.h
-- Up-to-date symlink: /src/astrobee/src/install/ff_hw_msgs/include/ff_hw_msgs/srv/reset.h
-- Up-to-date symlink: /src/astrobee/src/install/ff_hw_msgs/include/ff_hw_msgs/srv/ring_buzzer.h
-- Up-to-date symlink: /src/astrobee/src/install/ff_hw_msgs/include/ff_hw_msgs/srv/set_enabled.h
-- Up-to-date symlink: /src/astrobee/src/install/ff_hw_msgs/include/ff_hw_msgs/srv/set_flashlight.h
-- Up-to-date symlink: /src/astrobee/src/install/ff_hw_msgs/include/ff_hw_msgs/srv/set_joint_max_velocity.h
-- Up-to-date symlink: /src/astrobee/src/install/ff_hw_msgs/include/ff_hw_msgs/srv/set_led_matrix.h
-- Up-to-date symlink: /src/astrobee/src/install/ff_hw_msgs/include/ff_hw_msgs/srv/undock.h
-- Up-to-date symlink: /src/astrobee/src/install/ff_hw_msgs/share/ff_hw_msgs/environment/library_path.sh
-- Up-to-date symlink: /src/astrobee/src/install/ff_hw_msgs/share/ff_hw_msgs/environment/library_path.dsv
-- Up-to-date symlink: /src/astrobee/src/install/ff_hw_msgs/include/ff_hw_msgs/msg/detail/arm_command__rosidl_typesupport_fastrtps_c.h
-- Up-to-date symlink: /src/astrobee/src/install/ff_hw_msgs/include/ff_hw_msgs/msg/detail/arm_state__rosidl_typesupport_fastrtps_c.h
-- Up-to-date symlink: /src/astrobee/src/install/ff_hw_msgs/include/ff_hw_msgs/msg/detail/configure_led__rosidl_typesupport_fastrtps_c.h
-- Up-to-date symlink: /src/astrobee/src/install/ff_hw_msgs/include/ff_hw_msgs/msg/detail/configure_led_group__rosidl_typesupport_fastrtps_c.h
-- Up-to-date symlink: /src/astrobee/src/install/ff_hw_msgs/include/ff_hw_msgs/msg/detail/eps_battery_location__rosidl_typesupport_fastrtps_c.h
-- Up-to-date symlink: /src/astrobee/src/install/ff_hw_msgs/include/ff_hw_msgs/msg/detail/eps_dock_state_stamped__rosidl_typesupport_fastrtps_c.h
-- Up-to-date symlink: /src/astrobee/src/install/ff_hw_msgs/include/ff_hw_msgs/msg/detail/eps_housekeeping__rosidl_typesupport_fastrtps_c.h
-- Up-to-date symlink: /src/astrobee/src/install/ff_hw_msgs/include/ff_hw_msgs/msg/detail/eps_housekeeping_value__rosidl_typesupport_fastrtps_c.h
-- Up-to-date symlink: /src/astrobee/src/install/ff_hw_msgs/include/ff_hw_msgs/msg/detail/eps_power_state__rosidl_typesupport_fastrtps_c.h
-- Up-to-date symlink: /src/astrobee/src/install/ff_hw_msgs/include/ff_hw_msgs/msg/detail/eps_power_state_value__rosidl_typesupport_fastrtps_c.h
-- Up-to-date symlink: /src/astrobee/src/install/ff_hw_msgs/include/ff_hw_msgs/msg/detail/optical_flow__rosidl_typesupport_fastrtps_c.h
-- Up-to-date symlink: /src/astrobee/src/install/ff_hw_msgs/include/ff_hw_msgs/msg/detail/pmc_command__rosidl_typesupport_fastrtps_c.h
-- Up-to-date symlink: /src/astrobee/src/install/ff_hw_msgs/include/ff_hw_msgs/msg/detail/pmc_goal__rosidl_typesupport_fastrtps_c.h
-- Up-to-date symlink: /src/astrobee/src/install/ff_hw_msgs/include/ff_hw_msgs/msg/detail/pmc_state__rosidl_typesupport_fastrtps_c.h
-- Up-to-date symlink: /src/astrobee/src/install/ff_hw_msgs/include/ff_hw_msgs/msg/detail/pmc_status__rosidl_typesupport_fastrtps_c.h
-- Up-to-date symlink: /src/astrobee/src/install/ff_hw_msgs/include/ff_hw_msgs/msg/detail/pmc_telemetry__rosidl_typesupport_fastrtps_c.h
-- Up-to-date symlink: /src/astrobee/src/install/ff_hw_msgs/include/ff_hw_msgs/msg/detail/vive_button__rosidl_typesupport_fastrtps_c.h
-- Up-to-date symlink: /src/astrobee/src/install/ff_hw_msgs/include/ff_hw_msgs/msg/detail/vive_light__rosidl_typesupport_fastrtps_c.h
-- Up-to-date symlink: /src/astrobee/src/install/ff_hw_msgs/include/ff_hw_msgs/msg/detail/vive_lighthouse__rosidl_typesupport_fastrtps_c.h
-- Up-to-date symlink: /src/astrobee/src/install/ff_hw_msgs/include/ff_hw_msgs/msg/detail/vive_lighthouses__rosidl_typesupport_fastrtps_c.h
-- Up-to-date symlink: /src/astrobee/src/install/ff_hw_msgs/include/ff_hw_msgs/msg/detail/vive_motor__rosidl_typesupport_fastrtps_c.h
-- Up-to-date symlink: /src/astrobee/src/install/ff_hw_msgs/include/ff_hw_msgs/msg/detail/vive_pulse__rosidl_typesupport_fastrtps_c.h
-- Up-to-date symlink: /src/astrobee/src/install/ff_hw_msgs/include/ff_hw_msgs/msg/detail/vive_sensor__rosidl_typesupport_fastrtps_c.h
-- Up-to-date symlink: /src/astrobee/src/install/ff_hw_msgs/include/ff_hw_msgs/msg/detail/vive_tracker__rosidl_typesupport_fastrtps_c.h
-- Up-to-date symlink: /src/astrobee/src/install/ff_hw_msgs/include/ff_hw_msgs/msg/detail/vive_trackers__rosidl_typesupport_fastrtps_c.h
-- Up-to-date symlink: /src/astrobee/src/install/ff_hw_msgs/include/ff_hw_msgs/msg/rosidl_typesupport_fastrtps_c__visibility_control.h
-- Up-to-date symlink: /src/astrobee/src/install/ff_hw_msgs/include/ff_hw_msgs/srv/detail/calibrate_gripper__rosidl_typesupport_fastrtps_c.h
-- Up-to-date symlink: /src/astrobee/src/install/ff_hw_msgs/include/ff_hw_msgs/srv/detail/clear_terminate__rosidl_typesupport_fastrtps_c.h
-- Up-to-date symlink: /src/astrobee/src/install/ff_hw_msgs/include/ff_hw_msgs/srv/detail/configure_advanced_power__rosidl_typesupport_fastrtps_c.h
-- Up-to-date symlink: /src/astrobee/src/install/ff_hw_msgs/include/ff_hw_msgs/srv/detail/configure_payload_power__rosidl_typesupport_fastrtps_c.h
-- Up-to-date symlink: /src/astrobee/src/install/ff_hw_msgs/include/ff_hw_msgs/srv/detail/configure_system_leds__rosidl_typesupport_fastrtps_c.h
-- Up-to-date symlink: /src/astrobee/src/install/ff_hw_msgs/include/ff_hw_msgs/srv/detail/get_battery_status__rosidl_typesupport_fastrtps_c.h
-- Up-to-date symlink: /src/astrobee/src/install/ff_hw_msgs/include/ff_hw_msgs/srv/detail/get_board_info__rosidl_typesupport_fastrtps_c.h
-- Up-to-date symlink: /src/astrobee/src/install/ff_hw_msgs/include/ff_hw_msgs/srv/detail/get_temperatures__rosidl_typesupport_fastrtps_c.h
-- Up-to-date symlink: /src/astrobee/src/install/ff_hw_msgs/include/ff_hw_msgs/srv/detail/reset__rosidl_typesupport_fastrtps_c.h
-- Up-to-date symlink: /src/astrobee/src/install/ff_hw_msgs/include/ff_hw_msgs/srv/detail/ring_buzzer__rosidl_typesupport_fastrtps_c.h
-- Up-to-date symlink: /src/astrobee/src/install/ff_hw_msgs/include/ff_hw_msgs/srv/detail/set_enabled__rosidl_typesupport_fastrtps_c.h
-- Up-to-date symlink: /src/astrobee/src/install/ff_hw_msgs/include/ff_hw_msgs/srv/detail/set_flashlight__rosidl_typesupport_fastrtps_c.h
-- Up-to-date symlink: /src/astrobee/src/install/ff_hw_msgs/include/ff_hw_msgs/srv/detail/set_joint_max_velocity__rosidl_typesupport_fastrtps_c.h
-- Up-to-date symlink: /src/astrobee/src/install/ff_hw_msgs/include/ff_hw_msgs/srv/detail/set_led_matrix__rosidl_typesupport_fastrtps_c.h
-- Up-to-date symlink: /src/astrobee/src/install/ff_hw_msgs/include/ff_hw_msgs/srv/detail/undock__rosidl_typesupport_fastrtps_c.h
-- Up-to-date symlink: /src/astrobee/src/install/ff_hw_msgs/lib/libff_hw_msgs__rosidl_typesupport_fastrtps_c.so
-- Up-to-date symlink: /src/astrobee/src/install/ff_hw_msgs/include/ff_hw_msgs/msg/detail/arm_command__rosidl_typesupport_fastrtps_cpp.hpp
-- Up-to-date symlink: /src/astrobee/src/install/ff_hw_msgs/include/ff_hw_msgs/msg/detail/arm_state__rosidl_typesupport_fastrtps_cpp.hpp
-- Up-to-date symlink: /src/astrobee/src/install/ff_hw_msgs/include/ff_hw_msgs/msg/detail/configure_led__rosidl_typesupport_fastrtps_cpp.hpp
-- Up-to-date symlink: /src/astrobee/src/install/ff_hw_msgs/include/ff_hw_msgs/msg/detail/configure_led_group__rosidl_typesupport_fastrtps_cpp.hpp
-- Up-to-date symlink: /src/astrobee/src/install/ff_hw_msgs/include/ff_hw_msgs/msg/detail/eps_battery_location__rosidl_typesupport_fastrtps_cpp.hpp
-- Up-to-date symlink: /src/astrobee/src/install/ff_hw_msgs/include/ff_hw_msgs/msg/detail/eps_dock_state_stamped__rosidl_typesupport_fastrtps_cpp.hpp
-- Up-to-date symlink: /src/astrobee/src/install/ff_hw_msgs/include/ff_hw_msgs/msg/detail/eps_housekeeping__rosidl_typesupport_fastrtps_cpp.hpp
-- Up-to-date symlink: /src/astrobee/src/install/ff_hw_msgs/include/ff_hw_msgs/msg/detail/eps_housekeeping_value__rosidl_typesupport_fastrtps_cpp.hpp
-- Up-to-date symlink: /src/astrobee/src/install/ff_hw_msgs/include/ff_hw_msgs/msg/detail/eps_power_state__rosidl_typesupport_fastrtps_cpp.hpp
-- Up-to-date symlink: /src/astrobee/src/install/ff_hw_msgs/include/ff_hw_msgs/msg/detail/eps_power_state_value__rosidl_typesupport_fastrtps_cpp.hpp
-- Up-to-date symlink: /src/astrobee/src/install/ff_hw_msgs/include/ff_hw_msgs/msg/detail/optical_flow__rosidl_typesupport_fastrtps_cpp.hpp
-- Up-to-date symlink: /src/astrobee/src/install/ff_hw_msgs/include/ff_hw_msgs/msg/detail/pmc_command__rosidl_typesupport_fastrtps_cpp.hpp
-- Up-to-date symlink: /src/astrobee/src/install/ff_hw_msgs/include/ff_hw_msgs/msg/detail/pmc_goal__rosidl_typesupport_fastrtps_cpp.hpp
-- Up-to-date symlink: /src/astrobee/src/install/ff_hw_msgs/include/ff_hw_msgs/msg/detail/pmc_state__rosidl_typesupport_fastrtps_cpp.hpp
-- Up-to-date symlink: /src/astrobee/src/install/ff_hw_msgs/include/ff_hw_msgs/msg/detail/pmc_status__rosidl_typesupport_fastrtps_cpp.hpp
-- Up-to-date symlink: /src/astrobee/src/install/ff_hw_msgs/include/ff_hw_msgs/msg/detail/pmc_telemetry__rosidl_typesupport_fastrtps_cpp.hpp
-- Up-to-date symlink: /src/astrobee/src/install/ff_hw_msgs/include/ff_hw_msgs/msg/detail/vive_button__rosidl_typesupport_fastrtps_cpp.hpp
-- Up-to-date symlink: /src/astrobee/src/install/ff_hw_msgs/include/ff_hw_msgs/msg/detail/vive_light__rosidl_typesupport_fastrtps_cpp.hpp
-- Up-to-date symlink: /src/astrobee/src/install/ff_hw_msgs/include/ff_hw_msgs/msg/detail/vive_lighthouse__rosidl_typesupport_fastrtps_cpp.hpp
-- Up-to-date symlink: /src/astrobee/src/install/ff_hw_msgs/include/ff_hw_msgs/msg/detail/vive_lighthouses__rosidl_typesupport_fastrtps_cpp.hpp
-- Up-to-date symlink: /src/astrobee/src/install/ff_hw_msgs/include/ff_hw_msgs/msg/detail/vive_motor__rosidl_typesupport_fastrtps_cpp.hpp
-- Up-to-date symlink: /src/astrobee/src/install/ff_hw_msgs/include/ff_hw_msgs/msg/detail/vive_pulse__rosidl_typesupport_fastrtps_cpp.hpp
-- Up-to-date symlink: /src/astrobee/src/install/ff_hw_msgs/include/ff_hw_msgs/msg/detail/vive_sensor__rosidl_typesupport_fastrtps_cpp.hpp
-- Up-to-date symlink: /src/astrobee/src/install/ff_hw_msgs/include/ff_hw_msgs/msg/detail/vive_tracker__rosidl_typesupport_fastrtps_cpp.hpp
-- Up-to-date symlink: /src/astrobee/src/install/ff_hw_msgs/include/ff_hw_msgs/msg/detail/vive_trackers__rosidl_typesupport_fastrtps_cpp.hpp
-- Up-to-date symlink: /src/astrobee/src/install/ff_hw_msgs/include/ff_hw_msgs/msg/rosidl_typesupport_fastrtps_cpp__visibility_control.h
-- Up-to-date symlink: /src/astrobee/src/install/ff_hw_msgs/include/ff_hw_msgs/srv/detail/calibrate_gripper__rosidl_typesupport_fastrtps_cpp.hpp
-- Up-to-date symlink: /src/astrobee/src/install/ff_hw_msgs/include/ff_hw_msgs/srv/detail/clear_terminate__rosidl_typesupport_fastrtps_cpp.hpp
-- Up-to-date symlink: /src/astrobee/src/install/ff_hw_msgs/include/ff_hw_msgs/srv/detail/configure_advanced_power__rosidl_typesupport_fastrtps_cpp.hpp
-- Up-to-date symlink: /src/astrobee/src/install/ff_hw_msgs/include/ff_hw_msgs/srv/detail/configure_payload_power__rosidl_typesupport_fastrtps_cpp.hpp
-- Up-to-date symlink: /src/astrobee/src/install/ff_hw_msgs/include/ff_hw_msgs/srv/detail/configure_system_leds__rosidl_typesupport_fastrtps_cpp.hpp
-- Up-to-date symlink: /src/astrobee/src/install/ff_hw_msgs/include/ff_hw_msgs/srv/detail/get_battery_status__rosidl_typesupport_fastrtps_cpp.hpp
-- Up-to-date symlink: /src/astrobee/src/install/ff_hw_msgs/include/ff_hw_msgs/srv/detail/get_board_info__rosidl_typesupport_fastrtps_cpp.hpp
-- Up-to-date symlink: /src/astrobee/src/install/ff_hw_msgs/include/ff_hw_msgs/srv/detail/get_temperatures__rosidl_typesupport_fastrtps_cpp.hpp
-- Up-to-date symlink: /src/astrobee/src/install/ff_hw_msgs/include/ff_hw_msgs/srv/detail/reset__rosidl_typesupport_fastrtps_cpp.hpp
-- Up-to-date symlink: /src/astrobee/src/install/ff_hw_msgs/include/ff_hw_msgs/srv/detail/ring_buzzer__rosidl_typesupport_fastrtps_cpp.hpp
-- Up-to-date symlink: /src/astrobee/src/install/ff_hw_msgs/include/ff_hw_msgs/srv/detail/set_enabled__rosidl_typesupport_fastrtps_cpp.hpp
-- Up-to-date symlink: /src/astrobee/src/install/ff_hw_msgs/include/ff_hw_msgs/srv/detail/set_flashlight__rosidl_typesupport_fastrtps_cpp.hpp
-- Up-to-date symlink: /src/astrobee/src/install/ff_hw_msgs/include/ff_hw_msgs/srv/detail/set_joint_max_velocity__rosidl_typesupport_fastrtps_cpp.hpp
-- Up-to-date symlink: /src/astrobee/src/install/ff_hw_msgs/include/ff_hw_msgs/srv/detail/set_led_matrix__rosidl_typesupport_fastrtps_cpp.hpp
-- Up-to-date symlink: /src/astrobee/src/install/ff_hw_msgs/include/ff_hw_msgs/srv/detail/undock__rosidl_typesupport_fastrtps_cpp.hpp
-- Up-to-date symlink: /src/astrobee/src/install/ff_hw_msgs/lib/libff_hw_msgs__rosidl_typesupport_fastrtps_cpp.so
-- Up-to-date symlink: /src/astrobee/src/install/ff_hw_msgs/include/ff_hw_msgs/msg/detail/arm_command__rosidl_typesupport_introspection_c.h
-- Up-to-date symlink: /src/astrobee/src/install/ff_hw_msgs/include/ff_hw_msgs/msg/detail/arm_state__rosidl_typesupport_introspection_c.h
-- Up-to-date symlink: /src/astrobee/src/install/ff_hw_msgs/include/ff_hw_msgs/msg/detail/configure_led__rosidl_typesupport_introspection_c.h
-- Up-to-date symlink: /src/astrobee/src/install/ff_hw_msgs/include/ff_hw_msgs/msg/detail/configure_led_group__rosidl_typesupport_introspection_c.h
-- Up-to-date symlink: /src/astrobee/src/install/ff_hw_msgs/include/ff_hw_msgs/msg/detail/eps_battery_location__rosidl_typesupport_introspection_c.h
-- Up-to-date symlink: /src/astrobee/src/install/ff_hw_msgs/include/ff_hw_msgs/msg/detail/eps_dock_state_stamped__rosidl_typesupport_introspection_c.h
-- Up-to-date symlink: /src/astrobee/src/install/ff_hw_msgs/include/ff_hw_msgs/msg/detail/eps_housekeeping__rosidl_typesupport_introspection_c.h
-- Up-to-date symlink: /src/astrobee/src/install/ff_hw_msgs/include/ff_hw_msgs/msg/detail/eps_housekeeping_value__rosidl_typesupport_introspection_c.h
-- Up-to-date symlink: /src/astrobee/src/install/ff_hw_msgs/include/ff_hw_msgs/msg/detail/eps_power_state__rosidl_typesupport_introspection_c.h
-- Up-to-date symlink: /src/astrobee/src/install/ff_hw_msgs/include/ff_hw_msgs/msg/detail/eps_power_state_value__rosidl_typesupport_introspection_c.h
-- Up-to-date symlink: /src/astrobee/src/install/ff_hw_msgs/include/ff_hw_msgs/msg/detail/optical_flow__rosidl_typesupport_introspection_c.h
-- Up-to-date symlink: /src/astrobee/src/install/ff_hw_msgs/include/ff_hw_msgs/msg/detail/pmc_command__rosidl_typesupport_introspection_c.h
-- Up-to-date symlink: /src/astrobee/src/install/ff_hw_msgs/include/ff_hw_msgs/msg/detail/pmc_goal__rosidl_typesupport_introspection_c.h
-- Up-to-date symlink: /src/astrobee/src/install/ff_hw_msgs/include/ff_hw_msgs/msg/detail/pmc_state__rosidl_typesupport_introspection_c.h
-- Up-to-date symlink: /src/astrobee/src/install/ff_hw_msgs/include/ff_hw_msgs/msg/detail/pmc_status__rosidl_typesupport_introspection_c.h
-- Up-to-date symlink: /src/astrobee/src/install/ff_hw_msgs/include/ff_hw_msgs/msg/detail/pmc_telemetry__rosidl_typesupport_introspection_c.h
-- Up-to-date symlink: /src/astrobee/src/install/ff_hw_msgs/include/ff_hw_msgs/msg/detail/vive_button__rosidl_typesupport_introspection_c.h
-- Up-to-date symlink: /src/astrobee/src/install/ff_hw_msgs/include/ff_hw_msgs/msg/detail/vive_light__rosidl_typesupport_introspection_c.h
-- Up-to-date symlink: /src/astrobee/src/install/ff_hw_msgs/include/ff_hw_msgs/msg/detail/vive_lighthouse__rosidl_typesupport_introspection_c.h
-- Up-to-date symlink: /src/astrobee/src/install/ff_hw_msgs/include/ff_hw_msgs/msg/detail/vive_lighthouses__rosidl_typesupport_introspection_c.h
-- Up-to-date symlink: /src/astrobee/src/install/ff_hw_msgs/include/ff_hw_msgs/msg/detail/vive_motor__rosidl_typesupport_introspection_c.h
-- Up-to-date symlink: /src/astrobee/src/install/ff_hw_msgs/include/ff_hw_msgs/msg/detail/vive_pulse__rosidl_typesupport_introspection_c.h
-- Up-to-date symlink: /src/astrobee/src/install/ff_hw_msgs/include/ff_hw_msgs/msg/detail/vive_sensor__rosidl_typesupport_introspection_c.h
-- Up-to-date symlink: /src/astrobee/src/install/ff_hw_msgs/include/ff_hw_msgs/msg/detail/vive_tracker__rosidl_typesupport_introspection_c.h
-- Up-to-date symlink: /src/astrobee/src/install/ff_hw_msgs/include/ff_hw_msgs/msg/detail/vive_trackers__rosidl_typesupport_introspection_c.h
-- Up-to-date symlink: /src/astrobee/src/install/ff_hw_msgs/include/ff_hw_msgs/msg/rosidl_typesupport_introspection_c__visibility_control.h
-- Up-to-date symlink: /src/astrobee/src/install/ff_hw_msgs/include/ff_hw_msgs/srv/detail/calibrate_gripper__rosidl_typesupport_introspection_c.h
-- Up-to-date symlink: /src/astrobee/src/install/ff_hw_msgs/include/ff_hw_msgs/srv/detail/clear_terminate__rosidl_typesupport_introspection_c.h
-- Up-to-date symlink: /src/astrobee/src/install/ff_hw_msgs/include/ff_hw_msgs/srv/detail/configure_advanced_power__rosidl_typesupport_introspection_c.h
-- Up-to-date symlink: /src/astrobee/src/install/ff_hw_msgs/include/ff_hw_msgs/srv/detail/configure_payload_power__rosidl_typesupport_introspection_c.h
-- Up-to-date symlink: /src/astrobee/src/install/ff_hw_msgs/include/ff_hw_msgs/srv/detail/configure_system_leds__rosidl_typesupport_introspection_c.h
-- Up-to-date symlink: /src/astrobee/src/install/ff_hw_msgs/include/ff_hw_msgs/srv/detail/get_battery_status__rosidl_typesupport_introspection_c.h
-- Up-to-date symlink: /src/astrobee/src/install/ff_hw_msgs/include/ff_hw_msgs/srv/detail/get_board_info__rosidl_typesupport_introspection_c.h
-- Up-to-date symlink: /src/astrobee/src/install/ff_hw_msgs/include/ff_hw_msgs/srv/detail/get_temperatures__rosidl_typesupport_introspection_c.h
-- Up-to-date symlink: /src/astrobee/src/install/ff_hw_msgs/include/ff_hw_msgs/srv/detail/reset__rosidl_typesupport_introspection_c.h
-- Up-to-date symlink: /src/astrobee/src/install/ff_hw_msgs/include/ff_hw_msgs/srv/detail/ring_buzzer__rosidl_typesupport_introspection_c.h
-- Up-to-date symlink: /src/astrobee/src/install/ff_hw_msgs/include/ff_hw_msgs/srv/detail/set_enabled__rosidl_typesupport_introspection_c.h
-- Up-to-date symlink: /src/astrobee/src/install/ff_hw_msgs/include/ff_hw_msgs/srv/detail/set_flashlight__rosidl_typesupport_introspection_c.h
-- Up-to-date symlink: /src/astrobee/src/install/ff_hw_msgs/include/ff_hw_msgs/srv/detail/set_joint_max_velocity__rosidl_typesupport_introspection_c.h
-- Up-to-date symlink: /src/astrobee/src/install/ff_hw_msgs/include/ff_hw_msgs/srv/detail/set_led_matrix__rosidl_typesupport_introspection_c.h
-- Up-to-date symlink: /src/astrobee/src/install/ff_hw_msgs/include/ff_hw_msgs/srv/detail/undock__rosidl_typesupport_introspection_c.h
-- Up-to-date symlink: /src/astrobee/src/install/ff_hw_msgs/include/ff_hw_msgs/msg/arm_command.hpp
-- Up-to-date symlink: /src/astrobee/src/install/ff_hw_msgs/include/ff_hw_msgs/msg/arm_state.hpp
-- Up-to-date symlink: /src/astrobee/src/install/ff_hw_msgs/include/ff_hw_msgs/msg/configure_led.hpp
-- Up-to-date symlink: /src/astrobee/src/install/ff_hw_msgs/include/ff_hw_msgs/msg/configure_led_group.hpp
-- Up-to-date symlink: /src/astrobee/src/install/ff_hw_msgs/include/ff_hw_msgs/msg/detail/arm_command__builder.hpp
-- Up-to-date symlink: /src/astrobee/src/install/ff_hw_msgs/include/ff_hw_msgs/msg/detail/arm_command__struct.hpp
-- Up-to-date symlink: /src/astrobee/src/install/ff_hw_msgs/include/ff_hw_msgs/msg/detail/arm_command__traits.hpp
-- Up-to-date symlink: /src/astrobee/src/install/ff_hw_msgs/include/ff_hw_msgs/msg/detail/arm_state__builder.hpp
-- Up-to-date symlink: /src/astrobee/src/install/ff_hw_msgs/include/ff_hw_msgs/msg/detail/arm_state__struct.hpp
-- Up-to-date symlink: /src/astrobee/src/install/ff_hw_msgs/include/ff_hw_msgs/msg/detail/arm_state__traits.hpp
-- Up-to-date symlink: /src/astrobee/src/install/ff_hw_msgs/include/ff_hw_msgs/msg/detail/configure_led__builder.hpp
-- Up-to-date symlink: /src/astrobee/src/install/ff_hw_msgs/include/ff_hw_msgs/msg/detail/configure_led__struct.hpp
-- Up-to-date symlink: /src/astrobee/src/install/ff_hw_msgs/include/ff_hw_msgs/msg/detail/configure_led__traits.hpp
-- Up-to-date symlink: /src/astrobee/src/install/ff_hw_msgs/include/ff_hw_msgs/msg/detail/configure_led_group__builder.hpp
-- Up-to-date symlink: /src/astrobee/src/install/ff_hw_msgs/include/ff_hw_msgs/msg/detail/configure_led_group__struct.hpp
-- Up-to-date symlink: /src/astrobee/src/install/ff_hw_msgs/include/ff_hw_msgs/msg/detail/configure_led_group__traits.hpp
-- Up-to-date symlink: /src/astrobee/src/install/ff_hw_msgs/include/ff_hw_msgs/msg/detail/eps_battery_location__builder.hpp
-- Up-to-date symlink: /src/astrobee/src/install/ff_hw_msgs/include/ff_hw_msgs/msg/detail/eps_battery_location__struct.hpp
-- Up-to-date symlink: /src/astrobee/src/install/ff_hw_msgs/include/ff_hw_msgs/msg/detail/eps_battery_location__traits.hpp
-- Up-to-date symlink: /src/astrobee/src/install/ff_hw_msgs/include/ff_hw_msgs/msg/detail/eps_dock_state_stamped__builder.hpp
-- Up-to-date symlink: /src/astrobee/src/install/ff_hw_msgs/include/ff_hw_msgs/msg/detail/eps_dock_state_stamped__struct.hpp
-- Up-to-date symlink: /src/astrobee/src/install/ff_hw_msgs/include/ff_hw_msgs/msg/detail/eps_dock_state_stamped__traits.hpp
-- Up-to-date symlink: /src/astrobee/src/install/ff_hw_msgs/include/ff_hw_msgs/msg/detail/eps_housekeeping__builder.hpp
-- Up-to-date symlink: /src/astrobee/src/install/ff_hw_msgs/include/ff_hw_msgs/msg/detail/eps_housekeeping__struct.hpp
-- Up-to-date symlink: /src/astrobee/src/install/ff_hw_msgs/include/ff_hw_msgs/msg/detail/eps_housekeeping__traits.hpp
-- Up-to-date symlink: /src/astrobee/src/install/ff_hw_msgs/include/ff_hw_msgs/msg/detail/eps_housekeeping_value__builder.hpp
-- Up-to-date symlink: /src/astrobee/src/install/ff_hw_msgs/include/ff_hw_msgs/msg/detail/eps_housekeeping_value__struct.hpp
-- Up-to-date symlink: /src/astrobee/src/install/ff_hw_msgs/include/ff_hw_msgs/msg/detail/eps_housekeeping_value__traits.hpp
-- Up-to-date symlink: /src/astrobee/src/install/ff_hw_msgs/include/ff_hw_msgs/msg/detail/eps_power_state__builder.hpp
-- Up-to-date symlink: /src/astrobee/src/install/ff_hw_msgs/include/ff_hw_msgs/msg/detail/eps_power_state__struct.hpp
-- Up-to-date symlink: /src/astrobee/src/install/ff_hw_msgs/include/ff_hw_msgs/msg/detail/eps_power_state__traits.hpp
-- Up-to-date symlink: /src/astrobee/src/install/ff_hw_msgs/include/ff_hw_msgs/msg/detail/eps_power_state_value__builder.hpp
-- Up-to-date symlink: /src/astrobee/src/install/ff_hw_msgs/include/ff_hw_msgs/msg/detail/eps_power_state_value__struct.hpp
-- Up-to-date symlink: /src/astrobee/src/install/ff_hw_msgs/include/ff_hw_msgs/msg/detail/eps_power_state_value__traits.hpp
-- Up-to-date symlink: /src/astrobee/src/install/ff_hw_msgs/include/ff_hw_msgs/msg/detail/optical_flow__builder.hpp
-- Up-to-date symlink: /src/astrobee/src/install/ff_hw_msgs/include/ff_hw_msgs/msg/detail/optical_flow__struct.hpp
-- Up-to-date symlink: /src/astrobee/src/install/ff_hw_msgs/include/ff_hw_msgs/msg/detail/optical_flow__traits.hpp
-- Up-to-date symlink: /src/astrobee/src/install/ff_hw_msgs/include/ff_hw_msgs/msg/detail/pmc_command__builder.hpp
-- Up-to-date symlink: /src/astrobee/src/install/ff_hw_msgs/include/ff_hw_msgs/msg/detail/pmc_command__struct.hpp
-- Up-to-date symlink: /src/astrobee/src/install/ff_hw_msgs/include/ff_hw_msgs/msg/detail/pmc_command__traits.hpp
-- Up-to-date symlink: /src/astrobee/src/install/ff_hw_msgs/include/ff_hw_msgs/msg/detail/pmc_goal__builder.hpp
-- Up-to-date symlink: /src/astrobee/src/install/ff_hw_msgs/include/ff_hw_msgs/msg/detail/pmc_goal__struct.hpp
-- Up-to-date symlink: /src/astrobee/src/install/ff_hw_msgs/include/ff_hw_msgs/msg/detail/pmc_goal__traits.hpp
-- Up-to-date symlink: /src/astrobee/src/install/ff_hw_msgs/include/ff_hw_msgs/msg/detail/pmc_state__builder.hpp
-- Up-to-date symlink: /src/astrobee/src/install/ff_hw_msgs/include/ff_hw_msgs/msg/detail/pmc_state__struct.hpp
-- Up-to-date symlink: /src/astrobee/src/install/ff_hw_msgs/include/ff_hw_msgs/msg/detail/pmc_state__traits.hpp
-- Up-to-date symlink: /src/astrobee/src/install/ff_hw_msgs/include/ff_hw_msgs/msg/detail/pmc_status__builder.hpp
-- Up-to-date symlink: /src/astrobee/src/install/ff_hw_msgs/include/ff_hw_msgs/msg/detail/pmc_status__struct.hpp
-- Up-to-date symlink: /src/astrobee/src/install/ff_hw_msgs/include/ff_hw_msgs/msg/detail/pmc_status__traits.hpp
-- Up-to-date symlink: /src/astrobee/src/install/ff_hw_msgs/include/ff_hw_msgs/msg/detail/pmc_telemetry__builder.hpp
-- Up-to-date symlink: /src/astrobee/src/install/ff_hw_msgs/include/ff_hw_msgs/msg/detail/pmc_telemetry__struct.hpp
-- Up-to-date symlink: /src/astrobee/src/install/ff_hw_msgs/include/ff_hw_msgs/msg/detail/pmc_telemetry__traits.hpp
-- Up-to-date symlink: /src/astrobee/src/install/ff_hw_msgs/include/ff_hw_msgs/msg/detail/vive_button__builder.hpp
-- Up-to-date symlink: /src/astrobee/src/install/ff_hw_msgs/include/ff_hw_msgs/msg/detail/vive_button__struct.hpp
-- Up-to-date symlink: /src/astrobee/src/install/ff_hw_msgs/include/ff_hw_msgs/msg/detail/vive_button__traits.hpp
-- Up-to-date symlink: /src/astrobee/src/install/ff_hw_msgs/include/ff_hw_msgs/msg/detail/vive_light__builder.hpp
-- Up-to-date symlink: /src/astrobee/src/install/ff_hw_msgs/include/ff_hw_msgs/msg/detail/vive_light__struct.hpp
-- Up-to-date symlink: /src/astrobee/src/install/ff_hw_msgs/include/ff_hw_msgs/msg/detail/vive_light__traits.hpp
-- Up-to-date symlink: /src/astrobee/src/install/ff_hw_msgs/include/ff_hw_msgs/msg/detail/vive_lighthouse__builder.hpp
-- Up-to-date symlink: /src/astrobee/src/install/ff_hw_msgs/include/ff_hw_msgs/msg/detail/vive_lighthouse__struct.hpp
-- Up-to-date symlink: /src/astrobee/src/install/ff_hw_msgs/include/ff_hw_msgs/msg/detail/vive_lighthouse__traits.hpp
-- Up-to-date symlink: /src/astrobee/src/install/ff_hw_msgs/include/ff_hw_msgs/msg/detail/vive_lighthouses__builder.hpp
-- Up-to-date symlink: /src/astrobee/src/install/ff_hw_msgs/include/ff_hw_msgs/msg/detail/vive_lighthouses__struct.hpp
-- Up-to-date symlink: /src/astrobee/src/install/ff_hw_msgs/include/ff_hw_msgs/msg/detail/vive_lighthouses__traits.hpp
-- Up-to-date symlink: /src/astrobee/src/install/ff_hw_msgs/include/ff_hw_msgs/msg/detail/vive_motor__builder.hpp
-- Up-to-date symlink: /src/astrobee/src/install/ff_hw_msgs/include/ff_hw_msgs/msg/detail/vive_motor__struct.hpp
-- Up-to-date symlink: /src/astrobee/src/install/ff_hw_msgs/include/ff_hw_msgs/msg/detail/vive_motor__traits.hpp
-- Up-to-date symlink: /src/astrobee/src/install/ff_hw_msgs/include/ff_hw_msgs/msg/detail/vive_pulse__builder.hpp
-- Up-to-date symlink: /src/astrobee/src/install/ff_hw_msgs/include/ff_hw_msgs/msg/detail/vive_pulse__struct.hpp
-- Up-to-date symlink: /src/astrobee/src/install/ff_hw_msgs/include/ff_hw_msgs/msg/detail/vive_pulse__traits.hpp
-- Up-to-date symlink: /src/astrobee/src/install/ff_hw_msgs/include/ff_hw_msgs/msg/detail/vive_sensor__builder.hpp
-- Up-to-date symlink: /src/astrobee/src/install/ff_hw_msgs/include/ff_hw_msgs/msg/detail/vive_sensor__struct.hpp
-- Up-to-date symlink: /src/astrobee/src/install/ff_hw_msgs/include/ff_hw_msgs/msg/detail/vive_sensor__traits.hpp
-- Up-to-date symlink: /src/astrobee/src/install/ff_hw_msgs/include/ff_hw_msgs/msg/detail/vive_tracker__builder.hpp
-- Up-to-date symlink: /src/astrobee/src/install/ff_hw_msgs/include/ff_hw_msgs/msg/detail/vive_tracker__struct.hpp
-- Up-to-date symlink: /src/astrobee/src/install/ff_hw_msgs/include/ff_hw_msgs/msg/detail/vive_tracker__traits.hpp
-- Up-to-date symlink: /src/astrobee/src/install/ff_hw_msgs/include/ff_hw_msgs/msg/detail/vive_trackers__builder.hpp
-- Up-to-date symlink: /src/astrobee/src/install/ff_hw_msgs/include/ff_hw_msgs/msg/detail/vive_trackers__struct.hpp
-- Up-to-date symlink: /src/astrobee/src/install/ff_hw_msgs/include/ff_hw_msgs/msg/detail/vive_trackers__traits.hpp
-- Up-to-date symlink: /src/astrobee/src/install/ff_hw_msgs/include/ff_hw_msgs/msg/eps_battery_location.hpp
-- Up-to-date symlink: /src/astrobee/src/install/ff_hw_msgs/include/ff_hw_msgs/msg/eps_dock_state_stamped.hpp
-- Up-to-date symlink: /src/astrobee/src/install/ff_hw_msgs/include/ff_hw_msgs/msg/eps_housekeeping.hpp
-- Up-to-date symlink: /src/astrobee/src/install/ff_hw_msgs/include/ff_hw_msgs/msg/eps_housekeeping_value.hpp
-- Up-to-date symlink: /src/astrobee/src/install/ff_hw_msgs/include/ff_hw_msgs/msg/eps_power_state.hpp
-- Up-to-date symlink: /src/astrobee/src/install/ff_hw_msgs/include/ff_hw_msgs/msg/eps_power_state_value.hpp
-- Up-to-date symlink: /src/astrobee/src/install/ff_hw_msgs/include/ff_hw_msgs/msg/optical_flow.hpp
-- Up-to-date symlink: /src/astrobee/src/install/ff_hw_msgs/include/ff_hw_msgs/msg/pmc_command.hpp
-- Up-to-date symlink: /src/astrobee/src/install/ff_hw_msgs/include/ff_hw_msgs/msg/pmc_goal.hpp
-- Up-to-date symlink: /src/astrobee/src/install/ff_hw_msgs/include/ff_hw_msgs/msg/pmc_state.hpp
-- Up-to-date symlink: /src/astrobee/src/install/ff_hw_msgs/include/ff_hw_msgs/msg/pmc_status.hpp
-- Up-to-date symlink: /src/astrobee/src/install/ff_hw_msgs/include/ff_hw_msgs/msg/pmc_telemetry.hpp
-- Up-to-date symlink: /src/astrobee/src/install/ff_hw_msgs/include/ff_hw_msgs/msg/vive_button.hpp
-- Up-to-date symlink: /src/astrobee/src/install/ff_hw_msgs/include/ff_hw_msgs/msg/vive_light.hpp
-- Up-to-date symlink: /src/astrobee/src/install/ff_hw_msgs/include/ff_hw_msgs/msg/vive_lighthouse.hpp
-- Up-to-date symlink: /src/astrobee/src/install/ff_hw_msgs/include/ff_hw_msgs/msg/vive_lighthouses.hpp
-- Up-to-date symlink: /src/astrobee/src/install/ff_hw_msgs/include/ff_hw_msgs/msg/vive_motor.hpp
-- Up-to-date symlink: /src/astrobee/src/install/ff_hw_msgs/include/ff_hw_msgs/msg/vive_pulse.hpp
-- Up-to-date symlink: /src/astrobee/src/install/ff_hw_msgs/include/ff_hw_msgs/msg/vive_sensor.hpp
-- Up-to-date symlink: /src/astrobee/src/install/ff_hw_msgs/include/ff_hw_msgs/msg/vive_tracker.hpp
-- Up-to-date symlink: /src/astrobee/src/install/ff_hw_msgs/include/ff_hw_msgs/msg/vive_trackers.hpp
-- Up-to-date symlink: /src/astrobee/src/install/ff_hw_msgs/include/ff_hw_msgs/srv/calibrate_gripper.hpp
-- Up-to-date symlink: /src/astrobee/src/install/ff_hw_msgs/include/ff_hw_msgs/srv/clear_terminate.hpp
-- Up-to-date symlink: /src/astrobee/src/install/ff_hw_msgs/include/ff_hw_msgs/srv/configure_advanced_power.hpp
-- Up-to-date symlink: /src/astrobee/src/install/ff_hw_msgs/include/ff_hw_msgs/srv/configure_payload_power.hpp
-- Up-to-date symlink: /src/astrobee/src/install/ff_hw_msgs/include/ff_hw_msgs/srv/configure_system_leds.hpp
-- Up-to-date symlink: /src/astrobee/src/install/ff_hw_msgs/include/ff_hw_msgs/srv/detail/calibrate_gripper__builder.hpp
-- Up-to-date symlink: /src/astrobee/src/install/ff_hw_msgs/include/ff_hw_msgs/srv/detail/calibrate_gripper__struct.hpp
-- Up-to-date symlink: /src/astrobee/src/install/ff_hw_msgs/include/ff_hw_msgs/srv/detail/calibrate_gripper__traits.hpp
-- Up-to-date symlink: /src/astrobee/src/install/ff_hw_msgs/include/ff_hw_msgs/srv/detail/clear_terminate__builder.hpp
-- Up-to-date symlink: /src/astrobee/src/install/ff_hw_msgs/include/ff_hw_msgs/srv/detail/clear_terminate__struct.hpp
-- Up-to-date symlink: /src/astrobee/src/install/ff_hw_msgs/include/ff_hw_msgs/srv/detail/clear_terminate__traits.hpp
-- Up-to-date symlink: /src/astrobee/src/install/ff_hw_msgs/include/ff_hw_msgs/srv/detail/configure_advanced_power__builder.hpp
-- Up-to-date symlink: /src/astrobee/src/install/ff_hw_msgs/include/ff_hw_msgs/srv/detail/configure_advanced_power__struct.hpp
-- Up-to-date symlink: /src/astrobee/src/install/ff_hw_msgs/include/ff_hw_msgs/srv/detail/configure_advanced_power__traits.hpp
-- Up-to-date symlink: /src/astrobee/src/install/ff_hw_msgs/include/ff_hw_msgs/srv/detail/configure_payload_power__builder.hpp
-- Up-to-date symlink: /src/astrobee/src/install/ff_hw_msgs/include/ff_hw_msgs/srv/detail/configure_payload_power__struct.hpp
-- Up-to-date symlink: /src/astrobee/src/install/ff_hw_msgs/include/ff_hw_msgs/srv/detail/configure_payload_power__traits.hpp
-- Up-to-date symlink: /src/astrobee/src/install/ff_hw_msgs/include/ff_hw_msgs/srv/detail/configure_system_leds__builder.hpp
-- Up-to-date symlink: /src/astrobee/src/install/ff_hw_msgs/include/ff_hw_msgs/srv/detail/configure_system_leds__struct.hpp
-- Up-to-date symlink: /src/astrobee/src/install/ff_hw_msgs/include/ff_hw_msgs/srv/detail/configure_system_leds__traits.hpp
-- Up-to-date symlink: /src/astrobee/src/install/ff_hw_msgs/include/ff_hw_msgs/srv/detail/get_battery_status__builder.hpp
-- Up-to-date symlink: /src/astrobee/src/install/ff_hw_msgs/include/ff_hw_msgs/srv/detail/get_battery_status__struct.hpp
-- Up-to-date symlink: /src/astrobee/src/install/ff_hw_msgs/include/ff_hw_msgs/srv/detail/get_battery_status__traits.hpp
-- Up-to-date symlink: /src/astrobee/src/install/ff_hw_msgs/include/ff_hw_msgs/srv/detail/get_board_info__builder.hpp
-- Up-to-date symlink: /src/astrobee/src/install/ff_hw_msgs/include/ff_hw_msgs/srv/detail/get_board_info__struct.hpp
-- Up-to-date symlink: /src/astrobee/src/install/ff_hw_msgs/include/ff_hw_msgs/srv/detail/get_board_info__traits.hpp
-- Up-to-date symlink: /src/astrobee/src/install/ff_hw_msgs/include/ff_hw_msgs/srv/detail/get_temperatures__builder.hpp
-- Up-to-date symlink: /src/astrobee/src/install/ff_hw_msgs/include/ff_hw_msgs/srv/detail/get_temperatures__struct.hpp
-- Up-to-date symlink: /src/astrobee/src/install/ff_hw_msgs/include/ff_hw_msgs/srv/detail/get_temperatures__traits.hpp
-- Up-to-date symlink: /src/astrobee/src/install/ff_hw_msgs/include/ff_hw_msgs/srv/detail/reset__builder.hpp
-- Up-to-date symlink: /src/astrobee/src/install/ff_hw_msgs/include/ff_hw_msgs/srv/detail/reset__struct.hpp
-- Up-to-date symlink: /src/astrobee/src/install/ff_hw_msgs/include/ff_hw_msgs/srv/detail/reset__traits.hpp
-- Up-to-date symlink: /src/astrobee/src/install/ff_hw_msgs/include/ff_hw_msgs/srv/detail/ring_buzzer__builder.hpp
-- Up-to-date symlink: /src/astrobee/src/install/ff_hw_msgs/include/ff_hw_msgs/srv/detail/ring_buzzer__struct.hpp
-- Up-to-date symlink: /src/astrobee/src/install/ff_hw_msgs/include/ff_hw_msgs/srv/detail/ring_buzzer__traits.hpp
-- Up-to-date symlink: /src/astrobee/src/install/ff_hw_msgs/include/ff_hw_msgs/srv/detail/set_enabled__builder.hpp
-- Up-to-date symlink: /src/astrobee/src/install/ff_hw_msgs/include/ff_hw_msgs/srv/detail/set_enabled__struct.hpp
-- Up-to-date symlink: /src/astrobee/src/install/ff_hw_msgs/include/ff_hw_msgs/srv/detail/set_enabled__traits.hpp
-- Up-to-date symlink: /src/astrobee/src/install/ff_hw_msgs/include/ff_hw_msgs/srv/detail/set_flashlight__builder.hpp
-- Up-to-date symlink: /src/astrobee/src/install/ff_hw_msgs/include/ff_hw_msgs/srv/detail/set_flashlight__struct.hpp
-- Up-to-date symlink: /src/astrobee/src/install/ff_hw_msgs/include/ff_hw_msgs/srv/detail/set_flashlight__traits.hpp
-- Up-to-date symlink: /src/astrobee/src/install/ff_hw_msgs/include/ff_hw_msgs/srv/detail/set_joint_max_velocity__builder.hpp
-- Up-to-date symlink: /src/astrobee/src/install/ff_hw_msgs/include/ff_hw_msgs/srv/detail/set_joint_max_velocity__struct.hpp
-- Up-to-date symlink: /src/astrobee/src/install/ff_hw_msgs/include/ff_hw_msgs/srv/detail/set_joint_max_velocity__traits.hpp
-- Up-to-date symlink: /src/astrobee/src/install/ff_hw_msgs/include/ff_hw_msgs/srv/detail/set_led_matrix__builder.hpp
-- Up-to-date symlink: /src/astrobee/src/install/ff_hw_msgs/include/ff_hw_msgs/srv/detail/set_led_matrix__struct.hpp
-- Up-to-date symlink: /src/astrobee/src/install/ff_hw_msgs/include/ff_hw_msgs/srv/detail/set_led_matrix__traits.hpp
-- Up-to-date symlink: /src/astrobee/src/install/ff_hw_msgs/include/ff_hw_msgs/srv/detail/undock__builder.hpp
-- Up-to-date symlink: /src/astrobee/src/install/ff_hw_msgs/include/ff_hw_msgs/srv/detail/undock__struct.hpp
-- Up-to-date symlink: /src/astrobee/src/install/ff_hw_msgs/include/ff_hw_msgs/srv/detail/undock__traits.hpp
-- Up-to-date symlink: /src/astrobee/src/install/ff_hw_msgs/include/ff_hw_msgs/srv/get_battery_status.hpp
-- Up-to-date symlink: /src/astrobee/src/install/ff_hw_msgs/include/ff_hw_msgs/srv/get_board_info.hpp
-- Up-to-date symlink: /src/astrobee/src/install/ff_hw_msgs/include/ff_hw_msgs/srv/get_temperatures.hpp
-- Up-to-date symlink: /src/astrobee/src/install/ff_hw_msgs/include/ff_hw_msgs/srv/reset.hpp
-- Up-to-date symlink: /src/astrobee/src/install/ff_hw_msgs/include/ff_hw_msgs/srv/ring_buzzer.hpp
-- Up-to-date symlink: /src/astrobee/src/install/ff_hw_msgs/include/ff_hw_msgs/srv/set_enabled.hpp
-- Up-to-date symlink: /src/astrobee/src/install/ff_hw_msgs/include/ff_hw_msgs/srv/set_flashlight.hpp
-- Up-to-date symlink: /src/astrobee/src/install/ff_hw_msgs/include/ff_hw_msgs/srv/set_joint_max_velocity.hpp
-- Up-to-date symlink: /src/astrobee/src/install/ff_hw_msgs/include/ff_hw_msgs/srv/set_led_matrix.hpp
-- Up-to-date symlink: /src/astrobee/src/install/ff_hw_msgs/include/ff_hw_msgs/srv/undock.hpp
-- Up-to-date symlink: /src/astrobee/src/install/ff_hw_msgs/include/ff_hw_msgs/msg/detail/arm_command__rosidl_typesupport_introspection_cpp.hpp
-- Up-to-date symlink: /src/astrobee/src/install/ff_hw_msgs/include/ff_hw_msgs/msg/detail/arm_state__rosidl_typesupport_introspection_cpp.hpp
-- Up-to-date symlink: /src/astrobee/src/install/ff_hw_msgs/include/ff_hw_msgs/msg/detail/configure_led__rosidl_typesupport_introspection_cpp.hpp
-- Up-to-date symlink: /src/astrobee/src/install/ff_hw_msgs/include/ff_hw_msgs/msg/detail/configure_led_group__rosidl_typesupport_introspection_cpp.hpp
-- Up-to-date symlink: /src/astrobee/src/install/ff_hw_msgs/include/ff_hw_msgs/msg/detail/eps_battery_location__rosidl_typesupport_introspection_cpp.hpp
-- Up-to-date symlink: /src/astrobee/src/install/ff_hw_msgs/include/ff_hw_msgs/msg/detail/eps_dock_state_stamped__rosidl_typesupport_introspection_cpp.hpp
-- Up-to-date symlink: /src/astrobee/src/install/ff_hw_msgs/include/ff_hw_msgs/msg/detail/eps_housekeeping__rosidl_typesupport_introspection_cpp.hpp
-- Up-to-date symlink: /src/astrobee/src/install/ff_hw_msgs/include/ff_hw_msgs/msg/detail/eps_housekeeping_value__rosidl_typesupport_introspection_cpp.hpp
-- Up-to-date symlink: /src/astrobee/src/install/ff_hw_msgs/include/ff_hw_msgs/msg/detail/eps_power_state__rosidl_typesupport_introspection_cpp.hpp
-- Up-to-date symlink: /src/astrobee/src/install/ff_hw_msgs/include/ff_hw_msgs/msg/detail/eps_power_state_value__rosidl_typesupport_introspection_cpp.hpp
-- Up-to-date symlink: /src/astrobee/src/install/ff_hw_msgs/include/ff_hw_msgs/msg/detail/optical_flow__rosidl_typesupport_introspection_cpp.hpp
-- Up-to-date symlink: /src/astrobee/src/install/ff_hw_msgs/include/ff_hw_msgs/msg/detail/pmc_command__rosidl_typesupport_introspection_cpp.hpp
-- Up-to-date symlink: /src/astrobee/src/install/ff_hw_msgs/include/ff_hw_msgs/msg/detail/pmc_goal__rosidl_typesupport_introspection_cpp.hpp
-- Up-to-date symlink: /src/astrobee/src/install/ff_hw_msgs/include/ff_hw_msgs/msg/detail/pmc_state__rosidl_typesupport_introspection_cpp.hpp
-- Up-to-date symlink: /src/astrobee/src/install/ff_hw_msgs/include/ff_hw_msgs/msg/detail/pmc_status__rosidl_typesupport_introspection_cpp.hpp
-- Up-to-date symlink: /src/astrobee/src/install/ff_hw_msgs/include/ff_hw_msgs/msg/detail/pmc_telemetry__rosidl_typesupport_introspection_cpp.hpp
-- Up-to-date symlink: /src/astrobee/src/install/ff_hw_msgs/include/ff_hw_msgs/msg/detail/vive_button__rosidl_typesupport_introspection_cpp.hpp
-- Up-to-date symlink: /src/astrobee/src/install/ff_hw_msgs/include/ff_hw_msgs/msg/detail/vive_light__rosidl_typesupport_introspection_cpp.hpp
-- Up-to-date symlink: /src/astrobee/src/install/ff_hw_msgs/include/ff_hw_msgs/msg/detail/vive_lighthouse__rosidl_typesupport_introspection_cpp.hpp
-- Up-to-date symlink: /src/astrobee/src/install/ff_hw_msgs/include/ff_hw_msgs/msg/detail/vive_lighthouses__rosidl_typesupport_introspection_cpp.hpp
-- Up-to-date symlink: /src/astrobee/src/install/ff_hw_msgs/include/ff_hw_msgs/msg/detail/vive_motor__rosidl_typesupport_introspection_cpp.hpp
-- Up-to-date symlink: /src/astrobee/src/install/ff_hw_msgs/include/ff_hw_msgs/msg/detail/vive_pulse__rosidl_typesupport_introspection_cpp.hpp
-- Up-to-date symlink: /src/astrobee/src/install/ff_hw_msgs/include/ff_hw_msgs/msg/detail/vive_sensor__rosidl_typesupport_introspection_cpp.hpp
-- Up-to-date symlink: /src/astrobee/src/install/ff_hw_msgs/include/ff_hw_msgs/msg/detail/vive_tracker__rosidl_typesupport_introspection_cpp.hpp
-- Up-to-date symlink: /src/astrobee/src/install/ff_hw_msgs/include/ff_hw_msgs/msg/detail/vive_trackers__rosidl_typesupport_introspection_cpp.hpp
-- Up-to-date symlink: /src/astrobee/src/install/ff_hw_msgs/include/ff_hw_msgs/srv/detail/calibrate_gripper__rosidl_typesupport_introspection_cpp.hpp
-- Up-to-date symlink: /src/astrobee/src/install/ff_hw_msgs/include/ff_hw_msgs/srv/detail/clear_terminate__rosidl_typesupport_introspection_cpp.hpp
-- Up-to-date symlink: /src/astrobee/src/install/ff_hw_msgs/include/ff_hw_msgs/srv/detail/configure_advanced_power__rosidl_typesupport_introspection_cpp.hpp
-- Up-to-date symlink: /src/astrobee/src/install/ff_hw_msgs/include/ff_hw_msgs/srv/detail/configure_payload_power__rosidl_typesupport_introspection_cpp.hpp
-- Up-to-date symlink: /src/astrobee/src/install/ff_hw_msgs/include/ff_hw_msgs/srv/detail/configure_system_leds__rosidl_typesupport_introspection_cpp.hpp
-- Up-to-date symlink: /src/astrobee/src/install/ff_hw_msgs/include/ff_hw_msgs/srv/detail/get_battery_status__rosidl_typesupport_introspection_cpp.hpp
-- Up-to-date symlink: /src/astrobee/src/install/ff_hw_msgs/include/ff_hw_msgs/srv/detail/get_board_info__rosidl_typesupport_introspection_cpp.hpp
-- Up-to-date symlink: /src/astrobee/src/install/ff_hw_msgs/include/ff_hw_msgs/srv/detail/get_temperatures__rosidl_typesupport_introspection_cpp.hpp
-- Up-to-date symlink: /src/astrobee/src/install/ff_hw_msgs/include/ff_hw_msgs/srv/detail/reset__rosidl_typesupport_introspection_cpp.hpp
-- Up-to-date symlink: /src/astrobee/src/install/ff_hw_msgs/include/ff_hw_msgs/srv/detail/ring_buzzer__rosidl_typesupport_introspection_cpp.hpp
-- Up-to-date symlink: /src/astrobee/src/install/ff_hw_msgs/include/ff_hw_msgs/srv/detail/set_enabled__rosidl_typesupport_introspection_cpp.hpp
-- Up-to-date symlink: /src/astrobee/src/install/ff_hw_msgs/include/ff_hw_msgs/srv/detail/set_flashlight__rosidl_typesupport_introspection_cpp.hpp
-- Up-to-date symlink: /src/astrobee/src/install/ff_hw_msgs/include/ff_hw_msgs/srv/detail/set_joint_max_velocity__rosidl_typesupport_introspection_cpp.hpp
-- Up-to-date symlink: /src/astrobee/src/install/ff_hw_msgs/include/ff_hw_msgs/srv/detail/set_led_matrix__rosidl_typesupport_introspection_cpp.hpp
-- Up-to-date symlink: /src/astrobee/src/install/ff_hw_msgs/include/ff_hw_msgs/srv/detail/undock__rosidl_typesupport_introspection_cpp.hpp
-- Up-to-date symlink: /src/astrobee/src/install/ff_hw_msgs/share/ff_hw_msgs/environment/pythonpath.sh
-- Up-to-date symlink: /src/astrobee/src/install/ff_hw_msgs/share/ff_hw_msgs/environment/pythonpath.dsv
-- Up-to-date symlink: /src/astrobee/src/install/ff_hw_msgs/lib/python3.8/site-packages/ff_hw_msgs-0.0.0-py3.8.egg-info/PKG-INFO
-- Up-to-date symlink: /src/astrobee/src/install/ff_hw_msgs/lib/python3.8/site-packages/ff_hw_msgs-0.0.0-py3.8.egg-info/SOURCES.txt
-- Up-to-date symlink: /src/astrobee/src/install/ff_hw_msgs/lib/python3.8/site-packages/ff_hw_msgs-0.0.0-py3.8.egg-info/dependency_links.txt
-- Up-to-date symlink: /src/astrobee/src/install/ff_hw_msgs/lib/python3.8/site-packages/ff_hw_msgs-0.0.0-py3.8.egg-info/top_level.txt
-- Up-to-date symlink: /src/astrobee/src/install/ff_hw_msgs/lib/python3.8/site-packages/ff_hw_msgs/__init__.py
-- Up-to-date symlink: /src/astrobee/src/install/ff_hw_msgs/lib/python3.8/site-packages/ff_hw_msgs/_ff_hw_msgs_s.ep.rosidl_typesupport_c.c
-- Up-to-date symlink: /src/astrobee/src/install/ff_hw_msgs/lib/python3.8/site-packages/ff_hw_msgs/_ff_hw_msgs_s.ep.rosidl_typesupport_fastrtps_c.c
-- Up-to-date symlink: /src/astrobee/src/install/ff_hw_msgs/lib/python3.8/site-packages/ff_hw_msgs/_ff_hw_msgs_s.ep.rosidl_typesupport_introspection_c.c
-- Up-to-date symlink: /src/astrobee/src/install/ff_hw_msgs/lib/python3.8/site-packages/ff_hw_msgs/ff_hw_msgs_s__rosidl_typesupport_c.cpython-38-x86_64-linux-gnu.so
-- Up-to-date symlink: /src/astrobee/src/install/ff_hw_msgs/lib/python3.8/site-packages/ff_hw_msgs/ff_hw_msgs_s__rosidl_typesupport_fastrtps_c.cpython-38-x86_64-linux-gnu.so
-- Up-to-date symlink: /src/astrobee/src/install/ff_hw_msgs/lib/python3.8/site-packages/ff_hw_msgs/ff_hw_msgs_s__rosidl_typesupport_introspection_c.cpython-38-x86_64-linux-gnu.so
-- Up-to-date symlink: /src/astrobee/src/install/ff_hw_msgs/lib/python3.8/site-packages/ff_hw_msgs/libff_hw_msgs__rosidl_generator_py.so
-- Up-to-date symlink: /src/astrobee/src/install/ff_hw_msgs/lib/python3.8/site-packages/ff_hw_msgs/msg/__init__.py
-- Up-to-date symlink: /src/astrobee/src/install/ff_hw_msgs/lib/python3.8/site-packages/ff_hw_msgs/msg/_arm_command.py
-- Up-to-date symlink: /src/astrobee/src/install/ff_hw_msgs/lib/python3.8/site-packages/ff_hw_msgs/msg/_arm_command_s.c
-- Up-to-date symlink: /src/astrobee/src/install/ff_hw_msgs/lib/python3.8/site-packages/ff_hw_msgs/msg/_arm_state.py
-- Up-to-date symlink: /src/astrobee/src/install/ff_hw_msgs/lib/python3.8/site-packages/ff_hw_msgs/msg/_arm_state_s.c
-- Up-to-date symlink: /src/astrobee/src/install/ff_hw_msgs/lib/python3.8/site-packages/ff_hw_msgs/msg/_configure_led.py
-- Up-to-date symlink: /src/astrobee/src/install/ff_hw_msgs/lib/python3.8/site-packages/ff_hw_msgs/msg/_configure_led_group.py
-- Up-to-date symlink: /src/astrobee/src/install/ff_hw_msgs/lib/python3.8/site-packages/ff_hw_msgs/msg/_configure_led_group_s.c
-- Up-to-date symlink: /src/astrobee/src/install/ff_hw_msgs/lib/python3.8/site-packages/ff_hw_msgs/msg/_configure_led_s.c
-- Up-to-date symlink: /src/astrobee/src/install/ff_hw_msgs/lib/python3.8/site-packages/ff_hw_msgs/msg/_eps_battery_location.py
-- Up-to-date symlink: /src/astrobee/src/install/ff_hw_msgs/lib/python3.8/site-packages/ff_hw_msgs/msg/_eps_battery_location_s.c
-- Up-to-date symlink: /src/astrobee/src/install/ff_hw_msgs/lib/python3.8/site-packages/ff_hw_msgs/msg/_eps_dock_state_stamped.py
-- Up-to-date symlink: /src/astrobee/src/install/ff_hw_msgs/lib/python3.8/site-packages/ff_hw_msgs/msg/_eps_dock_state_stamped_s.c
-- Up-to-date symlink: /src/astrobee/src/install/ff_hw_msgs/lib/python3.8/site-packages/ff_hw_msgs/msg/_eps_housekeeping.py
-- Up-to-date symlink: /src/astrobee/src/install/ff_hw_msgs/lib/python3.8/site-packages/ff_hw_msgs/msg/_eps_housekeeping_s.c
-- Up-to-date symlink: /src/astrobee/src/install/ff_hw_msgs/lib/python3.8/site-packages/ff_hw_msgs/msg/_eps_housekeeping_value.py
-- Up-to-date symlink: /src/astrobee/src/install/ff_hw_msgs/lib/python3.8/site-packages/ff_hw_msgs/msg/_eps_housekeeping_value_s.c
-- Up-to-date symlink: /src/astrobee/src/install/ff_hw_msgs/lib/python3.8/site-packages/ff_hw_msgs/msg/_eps_power_state.py
-- Up-to-date symlink: /src/astrobee/src/install/ff_hw_msgs/lib/python3.8/site-packages/ff_hw_msgs/msg/_eps_power_state_s.c
-- Up-to-date symlink: /src/astrobee/src/install/ff_hw_msgs/lib/python3.8/site-packages/ff_hw_msgs/msg/_eps_power_state_value.py
-- Up-to-date symlink: /src/astrobee/src/install/ff_hw_msgs/lib/python3.8/site-packages/ff_hw_msgs/msg/_eps_power_state_value_s.c
-- Up-to-date symlink: /src/astrobee/src/install/ff_hw_msgs/lib/python3.8/site-packages/ff_hw_msgs/msg/_optical_flow.py
-- Up-to-date symlink: /src/astrobee/src/install/ff_hw_msgs/lib/python3.8/site-packages/ff_hw_msgs/msg/_optical_flow_s.c
-- Up-to-date symlink: /src/astrobee/src/install/ff_hw_msgs/lib/python3.8/site-packages/ff_hw_msgs/msg/_pmc_command.py
-- Up-to-date symlink: /src/astrobee/src/install/ff_hw_msgs/lib/python3.8/site-packages/ff_hw_msgs/msg/_pmc_command_s.c
-- Up-to-date symlink: /src/astrobee/src/install/ff_hw_msgs/lib/python3.8/site-packages/ff_hw_msgs/msg/_pmc_goal.py
-- Up-to-date symlink: /src/astrobee/src/install/ff_hw_msgs/lib/python3.8/site-packages/ff_hw_msgs/msg/_pmc_goal_s.c
-- Up-to-date symlink: /src/astrobee/src/install/ff_hw_msgs/lib/python3.8/site-packages/ff_hw_msgs/msg/_pmc_state.py
-- Up-to-date symlink: /src/astrobee/src/install/ff_hw_msgs/lib/python3.8/site-packages/ff_hw_msgs/msg/_pmc_state_s.c
-- Up-to-date symlink: /src/astrobee/src/install/ff_hw_msgs/lib/python3.8/site-packages/ff_hw_msgs/msg/_pmc_status.py
-- Up-to-date symlink: /src/astrobee/src/install/ff_hw_msgs/lib/python3.8/site-packages/ff_hw_msgs/msg/_pmc_status_s.c
-- Up-to-date symlink: /src/astrobee/src/install/ff_hw_msgs/lib/python3.8/site-packages/ff_hw_msgs/msg/_pmc_telemetry.py
-- Up-to-date symlink: /src/astrobee/src/install/ff_hw_msgs/lib/python3.8/site-packages/ff_hw_msgs/msg/_pmc_telemetry_s.c
-- Up-to-date symlink: /src/astrobee/src/install/ff_hw_msgs/lib/python3.8/site-packages/ff_hw_msgs/msg/_vive_button.py
-- Up-to-date symlink: /src/astrobee/src/install/ff_hw_msgs/lib/python3.8/site-packages/ff_hw_msgs/msg/_vive_button_s.c
-- Up-to-date symlink: /src/astrobee/src/install/ff_hw_msgs/lib/python3.8/site-packages/ff_hw_msgs/msg/_vive_light.py
-- Up-to-date symlink: /src/astrobee/src/install/ff_hw_msgs/lib/python3.8/site-packages/ff_hw_msgs/msg/_vive_light_s.c
-- Up-to-date symlink: /src/astrobee/src/install/ff_hw_msgs/lib/python3.8/site-packages/ff_hw_msgs/msg/_vive_lighthouse.py
-- Up-to-date symlink: /src/astrobee/src/install/ff_hw_msgs/lib/python3.8/site-packages/ff_hw_msgs/msg/_vive_lighthouse_s.c
-- Up-to-date symlink: /src/astrobee/src/install/ff_hw_msgs/lib/python3.8/site-packages/ff_hw_msgs/msg/_vive_lighthouses.py
-- Up-to-date symlink: /src/astrobee/src/install/ff_hw_msgs/lib/python3.8/site-packages/ff_hw_msgs/msg/_vive_lighthouses_s.c
-- Up-to-date symlink: /src/astrobee/src/install/ff_hw_msgs/lib/python3.8/site-packages/ff_hw_msgs/msg/_vive_motor.py
-- Up-to-date symlink: /src/astrobee/src/install/ff_hw_msgs/lib/python3.8/site-packages/ff_hw_msgs/msg/_vive_motor_s.c
-- Up-to-date symlink: /src/astrobee/src/install/ff_hw_msgs/lib/python3.8/site-packages/ff_hw_msgs/msg/_vive_pulse.py
-- Up-to-date symlink: /src/astrobee/src/install/ff_hw_msgs/lib/python3.8/site-packages/ff_hw_msgs/msg/_vive_pulse_s.c
-- Up-to-date symlink: /src/astrobee/src/install/ff_hw_msgs/lib/python3.8/site-packages/ff_hw_msgs/msg/_vive_sensor.py
-- Up-to-date symlink: /src/astrobee/src/install/ff_hw_msgs/lib/python3.8/site-packages/ff_hw_msgs/msg/_vive_sensor_s.c
-- Up-to-date symlink: /src/astrobee/src/install/ff_hw_msgs/lib/python3.8/site-packages/ff_hw_msgs/msg/_vive_tracker.py
-- Up-to-date symlink: /src/astrobee/src/install/ff_hw_msgs/lib/python3.8/site-packages/ff_hw_msgs/msg/_vive_tracker_s.c
-- Up-to-date symlink: /src/astrobee/src/install/ff_hw_msgs/lib/python3.8/site-packages/ff_hw_msgs/msg/_vive_trackers.py
-- Up-to-date symlink: /src/astrobee/src/install/ff_hw_msgs/lib/python3.8/site-packages/ff_hw_msgs/msg/_vive_trackers_s.c
-- Up-to-date symlink: /src/astrobee/src/install/ff_hw_msgs/lib/python3.8/site-packages/ff_hw_msgs/srv/__init__.py
-- Up-to-date symlink: /src/astrobee/src/install/ff_hw_msgs/lib/python3.8/site-packages/ff_hw_msgs/srv/_calibrate_gripper.py
-- Up-to-date symlink: /src/astrobee/src/install/ff_hw_msgs/lib/python3.8/site-packages/ff_hw_msgs/srv/_calibrate_gripper_s.c
-- Up-to-date symlink: /src/astrobee/src/install/ff_hw_msgs/lib/python3.8/site-packages/ff_hw_msgs/srv/_clear_terminate.py
-- Up-to-date symlink: /src/astrobee/src/install/ff_hw_msgs/lib/python3.8/site-packages/ff_hw_msgs/srv/_clear_terminate_s.c
-- Up-to-date symlink: /src/astrobee/src/install/ff_hw_msgs/lib/python3.8/site-packages/ff_hw_msgs/srv/_configure_advanced_power.py
-- Up-to-date symlink: /src/astrobee/src/install/ff_hw_msgs/lib/python3.8/site-packages/ff_hw_msgs/srv/_configure_advanced_power_s.c
-- Up-to-date symlink: /src/astrobee/src/install/ff_hw_msgs/lib/python3.8/site-packages/ff_hw_msgs/srv/_configure_payload_power.py
-- Up-to-date symlink: /src/astrobee/src/install/ff_hw_msgs/lib/python3.8/site-packages/ff_hw_msgs/srv/_configure_payload_power_s.c
-- Up-to-date symlink: /src/astrobee/src/install/ff_hw_msgs/lib/python3.8/site-packages/ff_hw_msgs/srv/_configure_system_leds.py
-- Up-to-date symlink: /src/astrobee/src/install/ff_hw_msgs/lib/python3.8/site-packages/ff_hw_msgs/srv/_configure_system_leds_s.c
-- Up-to-date symlink: /src/astrobee/src/install/ff_hw_msgs/lib/python3.8/site-packages/ff_hw_msgs/srv/_get_battery_status.py
-- Up-to-date symlink: /src/astrobee/src/install/ff_hw_msgs/lib/python3.8/site-packages/ff_hw_msgs/srv/_get_battery_status_s.c
-- Up-to-date symlink: /src/astrobee/src/install/ff_hw_msgs/lib/python3.8/site-packages/ff_hw_msgs/srv/_get_board_info.py
-- Up-to-date symlink: /src/astrobee/src/install/ff_hw_msgs/lib/python3.8/site-packages/ff_hw_msgs/srv/_get_board_info_s.c
-- Up-to-date symlink: /src/astrobee/src/install/ff_hw_msgs/lib/python3.8/site-packages/ff_hw_msgs/srv/_get_temperatures.py
-- Up-to-date symlink: /src/astrobee/src/install/ff_hw_msgs/lib/python3.8/site-packages/ff_hw_msgs/srv/_get_temperatures_s.c
-- Up-to-date symlink: /src/astrobee/src/install/ff_hw_msgs/lib/python3.8/site-packages/ff_hw_msgs/srv/_reset.py
-- Up-to-date symlink: /src/astrobee/src/install/ff_hw_msgs/lib/python3.8/site-packages/ff_hw_msgs/srv/_reset_s.c
-- Up-to-date symlink: /src/astrobee/src/install/ff_hw_msgs/lib/python3.8/site-packages/ff_hw_msgs/srv/_ring_buzzer.py
-- Up-to-date symlink: /src/astrobee/src/install/ff_hw_msgs/lib/python3.8/site-packages/ff_hw_msgs/srv/_ring_buzzer_s.c
-- Up-to-date symlink: /src/astrobee/src/install/ff_hw_msgs/lib/python3.8/site-packages/ff_hw_msgs/srv/_set_enabled.py
-- Up-to-date symlink: /src/astrobee/src/install/ff_hw_msgs/lib/python3.8/site-packages/ff_hw_msgs/srv/_set_enabled_s.c
-- Up-to-date symlink: /src/astrobee/src/install/ff_hw_msgs/lib/python3.8/site-packages/ff_hw_msgs/srv/_set_flashlight.py
-- Up-to-date symlink: /src/astrobee/src/install/ff_hw_msgs/lib/python3.8/site-packages/ff_hw_msgs/srv/_set_flashlight_s.c
-- Up-to-date symlink: /src/astrobee/src/install/ff_hw_msgs/lib/python3.8/site-packages/ff_hw_msgs/srv/_set_joint_max_velocity.py
-- Up-to-date symlink: /src/astrobee/src/install/ff_hw_msgs/lib/python3.8/site-packages/ff_hw_msgs/srv/_set_joint_max_velocity_s.c
-- Up-to-date symlink: /src/astrobee/src/install/ff_hw_msgs/lib/python3.8/site-packages/ff_hw_msgs/srv/_set_led_matrix.py
-- Up-to-date symlink: /src/astrobee/src/install/ff_hw_msgs/lib/python3.8/site-packages/ff_hw_msgs/srv/_set_led_matrix_s.c
-- Up-to-date symlink: /src/astrobee/src/install/ff_hw_msgs/lib/python3.8/site-packages/ff_hw_msgs/srv/_undock.py
-- Up-to-date symlink: /src/astrobee/src/install/ff_hw_msgs/lib/python3.8/site-packages/ff_hw_msgs/srv/_undock_s.c
-- Up-to-date symlink: /src/astrobee/src/install/ff_hw_msgs/lib/python3.8/site-packages/ff_hw_msgs/ff_hw_msgs_s__rosidl_typesupport_fastrtps_c.cpython-38-x86_64-linux-gnu.so
-- Up-to-date symlink: /src/astrobee/src/install/ff_hw_msgs/lib/python3.8/site-packages/ff_hw_msgs/ff_hw_msgs_s__rosidl_typesupport_introspection_c.cpython-38-x86_64-linux-gnu.so
-- Up-to-date symlink: /src/astrobee/src/install/ff_hw_msgs/lib/python3.8/site-packages/ff_hw_msgs/ff_hw_msgs_s__rosidl_typesupport_c.cpython-38-x86_64-linux-gnu.so
-- Up-to-date symlink: /src/astrobee/src/install/ff_hw_msgs/share/ff_hw_msgs/msg/ArmCommand.idl
-- Up-to-date symlink: /src/astrobee/src/install/ff_hw_msgs/share/ff_hw_msgs/msg/ArmState.idl
-- Up-to-date symlink: /src/astrobee/src/install/ff_hw_msgs/share/ff_hw_msgs/msg/ConfigureLED.idl
-- Up-to-date symlink: /src/astrobee/src/install/ff_hw_msgs/share/ff_hw_msgs/msg/ConfigureLEDGroup.idl
-- Up-to-date symlink: /src/astrobee/src/install/ff_hw_msgs/share/ff_hw_msgs/msg/EpsBatteryLocation.idl
-- Up-to-date symlink: /src/astrobee/src/install/ff_hw_msgs/share/ff_hw_msgs/msg/EpsDockStateStamped.idl
-- Up-to-date symlink: /src/astrobee/src/install/ff_hw_msgs/share/ff_hw_msgs/msg/EpsHousekeeping.idl
-- Up-to-date symlink: /src/astrobee/src/install/ff_hw_msgs/share/ff_hw_msgs/msg/EpsHousekeepingValue.idl
-- Up-to-date symlink: /src/astrobee/src/install/ff_hw_msgs/share/ff_hw_msgs/msg/EpsPowerState.idl
-- Up-to-date symlink: /src/astrobee/src/install/ff_hw_msgs/share/ff_hw_msgs/msg/EpsPowerStateValue.idl
-- Up-to-date symlink: /src/astrobee/src/install/ff_hw_msgs/share/ff_hw_msgs/msg/OpticalFlow.idl
-- Up-to-date symlink: /src/astrobee/src/install/ff_hw_msgs/share/ff_hw_msgs/msg/PmcCommand.idl
-- Up-to-date symlink: /src/astrobee/src/install/ff_hw_msgs/share/ff_hw_msgs/msg/PmcGoal.idl
-- Up-to-date symlink: /src/astrobee/src/install/ff_hw_msgs/share/ff_hw_msgs/msg/PmcState.idl
-- Up-to-date symlink: /src/astrobee/src/install/ff_hw_msgs/share/ff_hw_msgs/msg/PmcStatus.idl
-- Up-to-date symlink: /src/astrobee/src/install/ff_hw_msgs/share/ff_hw_msgs/msg/PmcTelemetry.idl
-- Up-to-date symlink: /src/astrobee/src/install/ff_hw_msgs/share/ff_hw_msgs/msg/ViveButton.idl
-- Up-to-date symlink: /src/astrobee/src/install/ff_hw_msgs/share/ff_hw_msgs/msg/ViveLight.idl
-- Up-to-date symlink: /src/astrobee/src/install/ff_hw_msgs/share/ff_hw_msgs/msg/ViveLighthouse.idl
-- Up-to-date symlink: /src/astrobee/src/install/ff_hw_msgs/share/ff_hw_msgs/msg/ViveLighthouses.idl
-- Up-to-date symlink: /src/astrobee/src/install/ff_hw_msgs/share/ff_hw_msgs/msg/ViveMotor.idl
-- Up-to-date symlink: /src/astrobee/src/install/ff_hw_msgs/share/ff_hw_msgs/msg/VivePulse.idl
-- Up-to-date symlink: /src/astrobee/src/install/ff_hw_msgs/share/ff_hw_msgs/msg/ViveSensor.idl
-- Up-to-date symlink: /src/astrobee/src/install/ff_hw_msgs/share/ff_hw_msgs/msg/ViveTracker.idl
-- Up-to-date symlink: /src/astrobee/src/install/ff_hw_msgs/share/ff_hw_msgs/msg/ViveTrackers.idl
-- Up-to-date symlink: /src/astrobee/src/install/ff_hw_msgs/share/ff_hw_msgs/srv/CalibrateGripper.idl
-- Up-to-date symlink: /src/astrobee/src/install/ff_hw_msgs/share/ff_hw_msgs/srv/ClearTerminate.idl
-- Up-to-date symlink: /src/astrobee/src/install/ff_hw_msgs/share/ff_hw_msgs/srv/ConfigureAdvancedPower.idl
-- Up-to-date symlink: /src/astrobee/src/install/ff_hw_msgs/share/ff_hw_msgs/srv/ConfigurePayloadPower.idl
-- Up-to-date symlink: /src/astrobee/src/install/ff_hw_msgs/share/ff_hw_msgs/srv/ConfigureSystemLeds.idl
-- Up-to-date symlink: /src/astrobee/src/install/ff_hw_msgs/share/ff_hw_msgs/srv/GetBatteryStatus.idl
-- Up-to-date symlink: /src/astrobee/src/install/ff_hw_msgs/share/ff_hw_msgs/srv/GetBoardInfo.idl
-- Up-to-date symlink: /src/astrobee/src/install/ff_hw_msgs/share/ff_hw_msgs/srv/GetTemperatures.idl
-- Up-to-date symlink: /src/astrobee/src/install/ff_hw_msgs/share/ff_hw_msgs/srv/Reset.idl
-- Up-to-date symlink: /src/astrobee/src/install/ff_hw_msgs/share/ff_hw_msgs/srv/RingBuzzer.idl
-- Up-to-date symlink: /src/astrobee/src/install/ff_hw_msgs/share/ff_hw_msgs/srv/SetEnabled.idl
-- Up-to-date symlink: /src/astrobee/src/install/ff_hw_msgs/share/ff_hw_msgs/srv/SetFlashlight.idl
-- Up-to-date symlink: /src/astrobee/src/install/ff_hw_msgs/share/ff_hw_msgs/srv/SetJointMaxVelocity.idl
-- Up-to-date symlink: /src/astrobee/src/install/ff_hw_msgs/share/ff_hw_msgs/srv/SetLedMatrix.idl
-- Up-to-date symlink: /src/astrobee/src/install/ff_hw_msgs/share/ff_hw_msgs/srv/Undock.idl
-- Up-to-date symlink: /src/astrobee/src/install/ff_hw_msgs/share/ff_hw_msgs/msg/ArmCommand.msg
-- Up-to-date symlink: /src/astrobee/src/install/ff_hw_msgs/share/ff_hw_msgs/msg/ArmState.msg
-- Up-to-date symlink: /src/astrobee/src/install/ff_hw_msgs/share/ff_hw_msgs/msg/ConfigureLED.msg
-- Up-to-date symlink: /src/astrobee/src/install/ff_hw_msgs/share/ff_hw_msgs/msg/ConfigureLEDGroup.msg
-- Up-to-date symlink: /src/astrobee/src/install/ff_hw_msgs/share/ff_hw_msgs/msg/EpsBatteryLocation.msg
-- Up-to-date symlink: /src/astrobee/src/install/ff_hw_msgs/share/ff_hw_msgs/msg/EpsDockStateStamped.msg
-- Up-to-date symlink: /src/astrobee/src/install/ff_hw_msgs/share/ff_hw_msgs/msg/EpsHousekeeping.msg
-- Up-to-date symlink: /src/astrobee/src/install/ff_hw_msgs/share/ff_hw_msgs/msg/EpsHousekeepingValue.msg
-- Up-to-date symlink: /src/astrobee/src/install/ff_hw_msgs/share/ff_hw_msgs/msg/EpsPowerState.msg
-- Up-to-date symlink: /src/astrobee/src/install/ff_hw_msgs/share/ff_hw_msgs/msg/EpsPowerStateValue.msg
-- Up-to-date symlink: /src/astrobee/src/install/ff_hw_msgs/share/ff_hw_msgs/msg/OpticalFlow.msg
-- Up-to-date symlink: /src/astrobee/src/install/ff_hw_msgs/share/ff_hw_msgs/msg/PmcCommand.msg
-- Up-to-date symlink: /src/astrobee/src/install/ff_hw_msgs/share/ff_hw_msgs/msg/PmcGoal.msg
-- Up-to-date symlink: /src/astrobee/src/install/ff_hw_msgs/share/ff_hw_msgs/msg/PmcState.msg
-- Up-to-date symlink: /src/astrobee/src/install/ff_hw_msgs/share/ff_hw_msgs/msg/PmcStatus.msg
-- Up-to-date symlink: /src/astrobee/src/install/ff_hw_msgs/share/ff_hw_msgs/msg/PmcTelemetry.msg
-- Up-to-date symlink: /src/astrobee/src/install/ff_hw_msgs/share/ff_hw_msgs/msg/ViveButton.msg
-- Up-to-date symlink: /src/astrobee/src/install/ff_hw_msgs/share/ff_hw_msgs/msg/ViveLight.msg
-- Up-to-date symlink: /src/astrobee/src/install/ff_hw_msgs/share/ff_hw_msgs/msg/ViveLighthouse.msg
-- Up-to-date symlink: /src/astrobee/src/install/ff_hw_msgs/share/ff_hw_msgs/msg/ViveLighthouses.msg
-- Up-to-date symlink: /src/astrobee/src/install/ff_hw_msgs/share/ff_hw_msgs/msg/ViveMotor.msg
-- Up-to-date symlink: /src/astrobee/src/install/ff_hw_msgs/share/ff_hw_msgs/msg/VivePulse.msg
-- Up-to-date symlink: /src/astrobee/src/install/ff_hw_msgs/share/ff_hw_msgs/msg/ViveSensor.msg
-- Up-to-date symlink: /src/astrobee/src/install/ff_hw_msgs/share/ff_hw_msgs/msg/ViveTracker.msg
-- Up-to-date symlink: /src/astrobee/src/install/ff_hw_msgs/share/ff_hw_msgs/msg/ViveTrackers.msg
-- Up-to-date symlink: /src/astrobee/src/install/ff_hw_msgs/share/ff_hw_msgs/srv/CalibrateGripper.srv
-- Up-to-date symlink: /src/astrobee/src/install/ff_hw_msgs/share/ff_hw_msgs/srv/CalibrateGripper_Request.msg
-- Up-to-date symlink: /src/astrobee/src/install/ff_hw_msgs/share/ff_hw_msgs/srv/CalibrateGripper_Response.msg
-- Up-to-date symlink: /src/astrobee/src/install/ff_hw_msgs/share/ff_hw_msgs/srv/ClearTerminate.srv
-- Up-to-date symlink: /src/astrobee/src/install/ff_hw_msgs/share/ff_hw_msgs/srv/ClearTerminate_Request.msg
-- Up-to-date symlink: /src/astrobee/src/install/ff_hw_msgs/share/ff_hw_msgs/srv/ClearTerminate_Response.msg
-- Up-to-date symlink: /src/astrobee/src/install/ff_hw_msgs/share/ff_hw_msgs/srv/ConfigureAdvancedPower.srv
-- Up-to-date symlink: /src/astrobee/src/install/ff_hw_msgs/share/ff_hw_msgs/srv/ConfigureAdvancedPower_Request.msg
-- Up-to-date symlink: /src/astrobee/src/install/ff_hw_msgs/share/ff_hw_msgs/srv/ConfigureAdvancedPower_Response.msg
-- Up-to-date symlink: /src/astrobee/src/install/ff_hw_msgs/share/ff_hw_msgs/srv/ConfigurePayloadPower.srv
-- Up-to-date symlink: /src/astrobee/src/install/ff_hw_msgs/share/ff_hw_msgs/srv/ConfigurePayloadPower_Request.msg
-- Up-to-date symlink: /src/astrobee/src/install/ff_hw_msgs/share/ff_hw_msgs/srv/ConfigurePayloadPower_Response.msg
-- Up-to-date symlink: /src/astrobee/src/install/ff_hw_msgs/share/ff_hw_msgs/srv/ConfigureSystemLeds.srv
-- Up-to-date symlink: /src/astrobee/src/install/ff_hw_msgs/share/ff_hw_msgs/srv/ConfigureSystemLeds_Request.msg
-- Up-to-date symlink: /src/astrobee/src/install/ff_hw_msgs/share/ff_hw_msgs/srv/ConfigureSystemLeds_Response.msg
-- Up-to-date symlink: /src/astrobee/src/install/ff_hw_msgs/share/ff_hw_msgs/srv/GetBatteryStatus.srv
-- Up-to-date symlink: /src/astrobee/src/install/ff_hw_msgs/share/ff_hw_msgs/srv/GetBatteryStatus_Request.msg
-- Up-to-date symlink: /src/astrobee/src/install/ff_hw_msgs/share/ff_hw_msgs/srv/GetBatteryStatus_Response.msg
-- Up-to-date symlink: /src/astrobee/src/install/ff_hw_msgs/share/ff_hw_msgs/srv/GetBoardInfo.srv
-- Up-to-date symlink: /src/astrobee/src/install/ff_hw_msgs/share/ff_hw_msgs/srv/GetBoardInfo_Request.msg
-- Up-to-date symlink: /src/astrobee/src/install/ff_hw_msgs/share/ff_hw_msgs/srv/GetBoardInfo_Response.msg
-- Up-to-date symlink: /src/astrobee/src/install/ff_hw_msgs/share/ff_hw_msgs/srv/GetTemperatures.srv
-- Up-to-date symlink: /src/astrobee/src/install/ff_hw_msgs/share/ff_hw_msgs/srv/GetTemperatures_Request.msg
-- Up-to-date symlink: /src/astrobee/src/install/ff_hw_msgs/share/ff_hw_msgs/srv/GetTemperatures_Response.msg
-- Up-to-date symlink: /src/astrobee/src/install/ff_hw_msgs/share/ff_hw_msgs/srv/Reset.srv
-- Up-to-date symlink: /src/astrobee/src/install/ff_hw_msgs/share/ff_hw_msgs/srv/Reset_Request.msg
-- Up-to-date symlink: /src/astrobee/src/install/ff_hw_msgs/share/ff_hw_msgs/srv/Reset_Response.msg
-- Up-to-date symlink: /src/astrobee/src/install/ff_hw_msgs/share/ff_hw_msgs/srv/RingBuzzer.srv
-- Up-to-date symlink: /src/astrobee/src/install/ff_hw_msgs/share/ff_hw_msgs/srv/RingBuzzer_Request.msg
-- Up-to-date symlink: /src/astrobee/src/install/ff_hw_msgs/share/ff_hw_msgs/srv/RingBuzzer_Response.msg
-- Up-to-date symlink: /src/astrobee/src/install/ff_hw_msgs/share/ff_hw_msgs/srv/SetEnabled.srv
-- Up-to-date symlink: /src/astrobee/src/install/ff_hw_msgs/share/ff_hw_msgs/srv/SetEnabled_Request.msg
-- Up-to-date symlink: /src/astrobee/src/install/ff_hw_msgs/share/ff_hw_msgs/srv/SetEnabled_Response.msg
-- Up-to-date symlink: /src/astrobee/src/install/ff_hw_msgs/share/ff_hw_msgs/srv/SetFlashlight.srv
-- Up-to-date symlink: /src/astrobee/src/install/ff_hw_msgs/share/ff_hw_msgs/srv/SetFlashlight_Request.msg
-- Up-to-date symlink: /src/astrobee/src/install/ff_hw_msgs/share/ff_hw_msgs/srv/SetFlashlight_Response.msg
-- Up-to-date symlink: /src/astrobee/src/install/ff_hw_msgs/share/ff_hw_msgs/srv/SetJointMaxVelocity.srv
-- Up-to-date symlink: /src/astrobee/src/install/ff_hw_msgs/share/ff_hw_msgs/srv/SetJointMaxVelocity_Request.msg
-- Up-to-date symlink: /src/astrobee/src/install/ff_hw_msgs/share/ff_hw_msgs/srv/SetJointMaxVelocity_Response.msg
-- Up-to-date symlink: /src/astrobee/src/install/ff_hw_msgs/share/ff_hw_msgs/srv/SetLedMatrix.srv
-- Up-to-date symlink: /src/astrobee/src/install/ff_hw_msgs/share/ff_hw_msgs/srv/SetLedMatrix_Request.msg
-- Up-to-date symlink: /src/astrobee/src/install/ff_hw_msgs/share/ff_hw_msgs/srv/SetLedMatrix_Response.msg
-- Up-to-date symlink: /src/astrobee/src/install/ff_hw_msgs/share/ff_hw_msgs/srv/Undock.srv
-- Up-to-date symlink: /src/astrobee/src/install/ff_hw_msgs/share/ff_hw_msgs/srv/Undock_Request.msg
-- Up-to-date symlink: /src/astrobee/src/install/ff_hw_msgs/share/ff_hw_msgs/srv/Undock_Response.msg
-- Up-to-date symlink: /src/astrobee/src/install/ff_hw_msgs/share/ament_index/resource_index/package_run_dependencies/ff_hw_msgs
-- Up-to-date symlink: /src/astrobee/src/install/ff_hw_msgs/share/ament_index/resource_index/parent_prefix_path/ff_hw_msgs
-- Up-to-date symlink: /src/astrobee/src/install/ff_hw_msgs/share/ff_hw_msgs/environment/ament_prefix_path.sh
-- Up-to-date symlink: /src/astrobee/src/install/ff_hw_msgs/share/ff_hw_msgs/environment/ament_prefix_path.dsv
-- Up-to-date symlink: /src/astrobee/src/install/ff_hw_msgs/share/ff_hw_msgs/environment/path.sh
-- Up-to-date symlink: /src/astrobee/src/install/ff_hw_msgs/share/ff_hw_msgs/environment/path.dsv
-- Up-to-date symlink: /src/astrobee/src/install/ff_hw_msgs/share/ff_hw_msgs/local_setup.bash
-- Up-to-date symlink: /src/astrobee/src/install/ff_hw_msgs/share/ff_hw_msgs/local_setup.sh
-- Up-to-date symlink: /src/astrobee/src/install/ff_hw_msgs/share/ff_hw_msgs/local_setup.zsh
-- Up-to-date symlink: /src/astrobee/src/install/ff_hw_msgs/share/ff_hw_msgs/local_setup.dsv
-- Symlinking: /src/astrobee/src/install/ff_hw_msgs/share/ff_hw_msgs/package.dsv
-- Up-to-date symlink: /src/astrobee/src/install/ff_hw_msgs/share/ament_index/resource_index/packages/ff_hw_msgs
-- Up-to-date symlink: /src/astrobee/src/install/ff_hw_msgs/share/ff_hw_msgs/cmake/rosidl_cmake-extras.cmake
-- Up-to-date symlink: /src/astrobee/src/install/ff_hw_msgs/share/ff_hw_msgs/cmake/ament_cmake_export_dependencies-extras.cmake
-- Up-to-date symlink: /src/astrobee/src/install/ff_hw_msgs/share/ff_hw_msgs/cmake/ament_cmake_export_libraries-extras.cmake
-- Up-to-date symlink: /src/astrobee/src/install/ff_hw_msgs/share/ff_hw_msgs/cmake/ament_cmake_export_targets-extras.cmake
-- Up-to-date symlink: /src/astrobee/src/install/ff_hw_msgs/share/ff_hw_msgs/cmake/ament_cmake_export_include_directories-extras.cmake
-- Up-to-date symlink: /src/astrobee/src/install/ff_hw_msgs/share/ff_hw_msgs/cmake/rosidl_cmake_export_typesupport_libraries-extras.cmake
-- Up-to-date symlink: /src/astrobee/src/install/ff_hw_msgs/share/ff_hw_msgs/cmake/rosidl_cmake_export_typesupport_targets-extras.cmake
-- Up-to-date symlink: /src/astrobee/src/install/ff_hw_msgs/share/ff_hw_msgs/cmake/ff_hw_msgsConfig.cmake
-- Up-to-date symlink: /src/astrobee/src/install/ff_hw_msgs/share/ff_hw_msgs/cmake/ff_hw_msgsConfig-version.cmake
-- Up-to-date symlink: /src/astrobee/src/install/ff_hw_msgs/share/ff_hw_msgs/package.xml
-- Up-to-date: /src/astrobee/src/install/ff_hw_msgs/lib/libff_hw_msgs__rosidl_generator_c.so
-- Up-to-date: /src/astrobee/src/install/ff_hw_msgs/lib/libff_hw_msgs__rosidl_typesupport_introspection_c.so
-- Up-to-date: /src/astrobee/src/install/ff_hw_msgs/lib/libff_hw_msgs__rosidl_typesupport_c.so
-- Up-to-date: /src/astrobee/src/install/ff_hw_msgs/lib/libff_hw_msgs__rosidl_typesupport_introspection_cpp.so
-- Up-to-date: /src/astrobee/src/install/ff_hw_msgs/lib/libff_hw_msgs__rosidl_typesupport_cpp.so
Listing '/src/astrobee/src/install/ff_hw_msgs/lib/python3.8/site-packages/ff_hw_msgs'...
Listing '/src/astrobee/src/install/ff_hw_msgs/lib/python3.8/site-packages/ff_hw_msgs/msg'...
Listing '/src/astrobee/src/install/ff_hw_msgs/lib/python3.8/site-packages/ff_hw_msgs/srv'...
-- Up-to-date: /src/astrobee/src/install/ff_hw_msgs/lib/libff_hw_msgs__rosidl_generator_py.so
-- Up-to-date: /src/astrobee/src/install/ff_hw_msgs/share/ff_hw_msgs/cmake/ff_hw_msgs__rosidl_generator_cExport.cmake
-- Up-to-date: /src/astrobee/src/install/ff_hw_msgs/share/ff_hw_msgs/cmake/ff_hw_msgs__rosidl_generator_cExport-noconfig.cmake
-- Up-to-date: /src/astrobee/src/install/ff_hw_msgs/share/ff_hw_msgs/cmake/ff_hw_msgs__rosidl_typesupport_introspection_cExport.cmake
-- Up-to-date: /src/astrobee/src/install/ff_hw_msgs/share/ff_hw_msgs/cmake/ff_hw_msgs__rosidl_typesupport_introspection_cExport-noconfig.cmake
-- Up-to-date: /src/astrobee/src/install/ff_hw_msgs/share/ff_hw_msgs/cmake/ff_hw_msgs__rosidl_typesupport_cExport.cmake
-- Up-to-date: /src/astrobee/src/install/ff_hw_msgs/share/ff_hw_msgs/cmake/ff_hw_msgs__rosidl_typesupport_cExport-noconfig.cmake
-- Up-to-date: /src/astrobee/src/install/ff_hw_msgs/share/ff_hw_msgs/cmake/ff_hw_msgs__rosidl_generator_cppExport.cmake
-- Up-to-date: /src/astrobee/src/install/ff_hw_msgs/share/ff_hw_msgs/cmake/ff_hw_msgs__rosidl_typesupport_introspection_cppExport.cmake
-- Up-to-date: /src/astrobee/src/install/ff_hw_msgs/share/ff_hw_msgs/cmake/ff_hw_msgs__rosidl_typesupport_introspection_cppExport-noconfig.cmake
-- Up-to-date: /src/astrobee/src/install/ff_hw_msgs/share/ff_hw_msgs/cmake/ff_hw_msgs__rosidl_typesupport_cppExport.cmake
-- Up-to-date: /src/astrobee/src/install/ff_hw_msgs/share/ff_hw_msgs/cmake/ff_hw_msgs__rosidl_typesupport_cppExport-noconfig.cmake
-- Up-to-date: /src/astrobee/src/install/ff_hw_msgs/share/ff_hw_msgs/cmake/export_ff_hw_msgs__rosidl_generator_pyExport.cmake
-- Up-to-date: /src/astrobee/src/install/ff_hw_msgs/share/ff_hw_msgs/cmake/export_ff_hw_msgs__rosidl_generator_pyExport-noconfig.cmake
