[0.060s] Invoking command in '/src/astrobee/src/build/ff_hw_msgs': CMAKE_PREFIX_PATH=/opt/ros/rolling /usr/bin/cmake --build /src/astrobee/src/build/ff_hw_msgs -- -j20 -l20
[0.123s] [  0%] Built target ff_hw_msgs__cpp
[0.124s] [  0%] Built target ament_cmake_python_symlink_ff_hw_msgs
[0.139s] [ 12%] Built target ff_hw_msgs__rosidl_generator_c
[0.156s] [ 24%] Built target ff_hw_msgs__rosidl_typesupport_cpp
[0.159s] [ 37%] Built target ff_hw_msgs__rosidl_typesupport_introspection_cpp
[0.189s] [ 50%] Built target ff_hw_msgs__rosidl_typesupport_c
[0.199s] [ 63%] Built target ff_hw_msgs__rosidl_typesupport_introspection_c
[0.233s] [ 75%] Built target ff_hw_msgs__rosidl_typesupport_fastrtps_cpp
[0.259s] [ 88%] Built target ff_hw_msgs__rosidl_typesupport_fastrtps_c
[0.274s] [ 88%] Built target ff_hw_msgs
[0.292s] [ 88%] Built target ff_hw_msgs__py
[0.296s] running egg_info
[0.297s] writing ff_hw_msgs.egg-info/PKG-INFO
[0.297s] writing dependency_links to ff_hw_msgs.egg-info/dependency_links.txt
[0.298s] writing top-level names to ff_hw_msgs.egg-info/top_level.txt
[0.334s] [100%] Built target ff_hw_msgs__rosidl_generator_py
[0.341s] reading manifest file 'ff_hw_msgs.egg-info/SOURCES.txt'
[0.341s] writing manifest file 'ff_hw_msgs.egg-info/SOURCES.txt'
[0.349s] [100%] Built target ff_hw_msgs__rosidl_typesupport_fastrtps_c__pyext
[0.349s] [100%] Built target ff_hw_msgs__rosidl_typesupport_c__pyext
[0.366s] [100%] Built target ament_cmake_python_build_ff_hw_msgs_egg
[0.376s] [100%] Built target ff_hw_msgs__rosidl_typesupport_introspection_c__pyext
[0.433s] Invoked command in '/src/astrobee/src/build/ff_hw_msgs' returned '0': CMAKE_PREFIX_PATH=/opt/ros/rolling /usr/bin/cmake --build /src/astrobee/src/build/ff_hw_msgs -- -j20 -l20
[0.774s] Invoking command in '/src/astrobee/src/build/ff_hw_msgs': CMAKE_PREFIX_PATH=/opt/ros/rolling /usr/bin/cmake --install /src/astrobee/src/build/ff_hw_msgs
[0.781s] -- Install configuration: ""
[0.782s] -- Execute custom install script
[0.783s] -- Up-to-date symlink: /src/astrobee/src/install/ff_hw_msgs/share/ament_index/resource_index/rosidl_interfaces/ff_hw_msgs
[0.785s] -- Up-to-date symlink: /src/astrobee/src/install/ff_hw_msgs/include/ff_hw_msgs/msg/arm_command.h
[0.785s] -- Up-to-date symlink: /src/astrobee/src/install/ff_hw_msgs/include/ff_hw_msgs/msg/arm_state.h
[0.785s] -- Up-to-date symlink: /src/astrobee/src/install/ff_hw_msgs/include/ff_hw_msgs/msg/configure_led.h
[0.785s] -- Up-to-date symlink: /src/astrobee/src/install/ff_hw_msgs/include/ff_hw_msgs/msg/configure_led_group.h
[0.785s] -- Up-to-date symlink: /src/astrobee/src/install/ff_hw_msgs/include/ff_hw_msgs/msg/detail/arm_command__functions.h
[0.785s] -- Up-to-date symlink: /src/astrobee/src/install/ff_hw_msgs/include/ff_hw_msgs/msg/detail/arm_command__struct.h
[0.786s] -- Up-to-date symlink: /src/astrobee/src/install/ff_hw_msgs/include/ff_hw_msgs/msg/detail/arm_command__type_support.h
[0.786s] -- Up-to-date symlink: /src/astrobee/src/install/ff_hw_msgs/include/ff_hw_msgs/msg/detail/arm_state__functions.h
[0.786s] -- Up-to-date symlink: /src/astrobee/src/install/ff_hw_msgs/include/ff_hw_msgs/msg/detail/arm_state__struct.h
[0.786s] -- Up-to-date symlink: /src/astrobee/src/install/ff_hw_msgs/include/ff_hw_msgs/msg/detail/arm_state__type_support.h
[0.786s] -- Up-to-date symlink: /src/astrobee/src/install/ff_hw_msgs/include/ff_hw_msgs/msg/detail/configure_led__functions.h
[0.786s] -- Up-to-date symlink: /src/astrobee/src/install/ff_hw_msgs/include/ff_hw_msgs/msg/detail/configure_led__struct.h
[0.787s] -- Up-to-date symlink: /src/astrobee/src/install/ff_hw_msgs/include/ff_hw_msgs/msg/detail/configure_led__type_support.h
[0.787s] -- Up-to-date symlink: /src/astrobee/src/install/ff_hw_msgs/include/ff_hw_msgs/msg/detail/configure_led_group__functions.h
[0.787s] -- Up-to-date symlink: /src/astrobee/src/install/ff_hw_msgs/include/ff_hw_msgs/msg/detail/configure_led_group__struct.h
[0.787s] -- Up-to-date symlink: /src/astrobee/src/install/ff_hw_msgs/include/ff_hw_msgs/msg/detail/configure_led_group__type_support.h
[0.787s] -- Up-to-date symlink: /src/astrobee/src/install/ff_hw_msgs/include/ff_hw_msgs/msg/detail/eps_battery_location__functions.h
[0.787s] -- Up-to-date symlink: /src/astrobee/src/install/ff_hw_msgs/include/ff_hw_msgs/msg/detail/eps_battery_location__struct.h
[0.788s] -- Up-to-date symlink: /src/astrobee/src/install/ff_hw_msgs/include/ff_hw_msgs/msg/detail/eps_battery_location__type_support.h
[0.788s] -- Up-to-date symlink: /src/astrobee/src/install/ff_hw_msgs/include/ff_hw_msgs/msg/detail/eps_dock_state_stamped__functions.h
[0.788s] -- Up-to-date symlink: /src/astrobee/src/install/ff_hw_msgs/include/ff_hw_msgs/msg/detail/eps_dock_state_stamped__struct.h
[0.788s] -- Up-to-date symlink: /src/astrobee/src/install/ff_hw_msgs/include/ff_hw_msgs/msg/detail/eps_dock_state_stamped__type_support.h
[0.788s] -- Up-to-date symlink: /src/astrobee/src/install/ff_hw_msgs/include/ff_hw_msgs/msg/detail/eps_housekeeping__functions.h
[0.788s] -- Up-to-date symlink: /src/astrobee/src/install/ff_hw_msgs/include/ff_hw_msgs/msg/detail/eps_housekeeping__struct.h
[0.788s] -- Up-to-date symlink: /src/astrobee/src/install/ff_hw_msgs/include/ff_hw_msgs/msg/detail/eps_housekeeping__type_support.h
[0.789s] -- Up-to-date symlink: /src/astrobee/src/install/ff_hw_msgs/include/ff_hw_msgs/msg/detail/eps_housekeeping_value__functions.h
[0.789s] -- Up-to-date symlink: /src/astrobee/src/install/ff_hw_msgs/include/ff_hw_msgs/msg/detail/eps_housekeeping_value__struct.h
[0.789s] -- Up-to-date symlink: /src/astrobee/src/install/ff_hw_msgs/include/ff_hw_msgs/msg/detail/eps_housekeeping_value__type_support.h
[0.789s] -- Up-to-date symlink: /src/astrobee/src/install/ff_hw_msgs/include/ff_hw_msgs/msg/detail/eps_power_state__functions.h
[0.789s] -- Up-to-date symlink: /src/astrobee/src/install/ff_hw_msgs/include/ff_hw_msgs/msg/detail/eps_power_state__struct.h
[0.789s] -- Up-to-date symlink: /src/astrobee/src/install/ff_hw_msgs/include/ff_hw_msgs/msg/detail/eps_power_state__type_support.h
[0.790s] -- Up-to-date symlink: /src/astrobee/src/install/ff_hw_msgs/include/ff_hw_msgs/msg/detail/eps_power_state_value__functions.h
[0.790s] -- Up-to-date symlink: /src/astrobee/src/install/ff_hw_msgs/include/ff_hw_msgs/msg/detail/eps_power_state_value__struct.h
[0.790s] -- Up-to-date symlink: /src/astrobee/src/install/ff_hw_msgs/include/ff_hw_msgs/msg/detail/eps_power_state_value__type_support.h
[0.790s] -- Up-to-date symlink: /src/astrobee/src/install/ff_hw_msgs/include/ff_hw_msgs/msg/detail/optical_flow__functions.h
[0.790s] -- Up-to-date symlink: /src/astrobee/src/install/ff_hw_msgs/include/ff_hw_msgs/msg/detail/optical_flow__struct.h
[0.790s] -- Up-to-date symlink: /src/astrobee/src/install/ff_hw_msgs/include/ff_hw_msgs/msg/detail/optical_flow__type_support.h
[0.790s] -- Up-to-date symlink: /src/astrobee/src/install/ff_hw_msgs/include/ff_hw_msgs/msg/detail/pmc_command__functions.h
[0.791s] -- Up-to-date symlink: /src/astrobee/src/install/ff_hw_msgs/include/ff_hw_msgs/msg/detail/pmc_command__struct.h
[0.791s] -- Up-to-date symlink: /src/astrobee/src/install/ff_hw_msgs/include/ff_hw_msgs/msg/detail/pmc_command__type_support.h
[0.791s] -- Up-to-date symlink: /src/astrobee/src/install/ff_hw_msgs/include/ff_hw_msgs/msg/detail/pmc_goal__functions.h
[0.791s] -- Up-to-date symlink: /src/astrobee/src/install/ff_hw_msgs/include/ff_hw_msgs/msg/detail/pmc_goal__struct.h
[0.791s] -- Up-to-date symlink: /src/astrobee/src/install/ff_hw_msgs/include/ff_hw_msgs/msg/detail/pmc_goal__type_support.h
[0.791s] -- Up-to-date symlink: /src/astrobee/src/install/ff_hw_msgs/include/ff_hw_msgs/msg/detail/pmc_state__functions.h
[0.791s] -- Up-to-date symlink: /src/astrobee/src/install/ff_hw_msgs/include/ff_hw_msgs/msg/detail/pmc_state__struct.h
[0.792s] -- Up-to-date symlink: /src/astrobee/src/install/ff_hw_msgs/include/ff_hw_msgs/msg/detail/pmc_state__type_support.h
[0.792s] -- Up-to-date symlink: /src/astrobee/src/install/ff_hw_msgs/include/ff_hw_msgs/msg/detail/pmc_status__functions.h
[0.792s] -- Up-to-date symlink: /src/astrobee/src/install/ff_hw_msgs/include/ff_hw_msgs/msg/detail/pmc_status__struct.h
[0.792s] -- Up-to-date symlink: /src/astrobee/src/install/ff_hw_msgs/include/ff_hw_msgs/msg/detail/pmc_status__type_support.h
[0.792s] -- Up-to-date symlink: /src/astrobee/src/install/ff_hw_msgs/include/ff_hw_msgs/msg/detail/pmc_telemetry__functions.h
[0.792s] -- Up-to-date symlink: /src/astrobee/src/install/ff_hw_msgs/include/ff_hw_msgs/msg/detail/pmc_telemetry__struct.h
[0.792s] -- Up-to-date symlink: /src/astrobee/src/install/ff_hw_msgs/include/ff_hw_msgs/msg/detail/pmc_telemetry__type_support.h
[0.793s] -- Up-to-date symlink: /src/astrobee/src/install/ff_hw_msgs/include/ff_hw_msgs/msg/detail/vive_button__functions.h
[0.793s] -- Up-to-date symlink: /src/astrobee/src/install/ff_hw_msgs/include/ff_hw_msgs/msg/detail/vive_button__struct.h
[0.793s] -- Up-to-date symlink: /src/astrobee/src/install/ff_hw_msgs/include/ff_hw_msgs/msg/detail/vive_button__type_support.h
[0.793s] -- Up-to-date symlink: /src/astrobee/src/install/ff_hw_msgs/include/ff_hw_msgs/msg/detail/vive_light__functions.h
[0.793s] -- Up-to-date symlink: /src/astrobee/src/install/ff_hw_msgs/include/ff_hw_msgs/msg/detail/vive_light__struct.h
[0.793s] -- Up-to-date symlink: /src/astrobee/src/install/ff_hw_msgs/include/ff_hw_msgs/msg/detail/vive_light__type_support.h
[0.794s] -- Up-to-date symlink: /src/astrobee/src/install/ff_hw_msgs/include/ff_hw_msgs/msg/detail/vive_lighthouse__functions.h
[0.794s] -- Up-to-date symlink: /src/astrobee/src/install/ff_hw_msgs/include/ff_hw_msgs/msg/detail/vive_lighthouse__struct.h
[0.794s] -- Up-to-date symlink: /src/astrobee/src/install/ff_hw_msgs/include/ff_hw_msgs/msg/detail/vive_lighthouse__type_support.h
[0.794s] -- Up-to-date symlink: /src/astrobee/src/install/ff_hw_msgs/include/ff_hw_msgs/msg/detail/vive_lighthouses__functions.h
[0.794s] -- Up-to-date symlink: /src/astrobee/src/install/ff_hw_msgs/include/ff_hw_msgs/msg/detail/vive_lighthouses__struct.h
[0.794s] -- Up-to-date symlink: /src/astrobee/src/install/ff_hw_msgs/include/ff_hw_msgs/msg/detail/vive_lighthouses__type_support.h
[0.794s] -- Up-to-date symlink: /src/astrobee/src/install/ff_hw_msgs/include/ff_hw_msgs/msg/detail/vive_motor__functions.h
[0.795s] -- Up-to-date symlink: /src/astrobee/src/install/ff_hw_msgs/include/ff_hw_msgs/msg/detail/vive_motor__struct.h
[0.795s] -- Up-to-date symlink: /src/astrobee/src/install/ff_hw_msgs/include/ff_hw_msgs/msg/detail/vive_motor__type_support.h
[0.795s] -- Up-to-date symlink: /src/astrobee/src/install/ff_hw_msgs/include/ff_hw_msgs/msg/detail/vive_pulse__functions.h
[0.795s] -- Up-to-date symlink: /src/astrobee/src/install/ff_hw_msgs/include/ff_hw_msgs/msg/detail/vive_pulse__struct.h
[0.795s] -- Up-to-date symlink: /src/astrobee/src/install/ff_hw_msgs/include/ff_hw_msgs/msg/detail/vive_pulse__type_support.h
[0.795s] -- Up-to-date symlink: /src/astrobee/src/install/ff_hw_msgs/include/ff_hw_msgs/msg/detail/vive_sensor__functions.h
[0.795s] -- Up-to-date symlink: /src/astrobee/src/install/ff_hw_msgs/include/ff_hw_msgs/msg/detail/vive_sensor__struct.h
[0.795s] -- Up-to-date symlink: /src/astrobee/src/install/ff_hw_msgs/include/ff_hw_msgs/msg/detail/vive_sensor__type_support.h
[0.796s] -- Up-to-date symlink: /src/astrobee/src/install/ff_hw_msgs/include/ff_hw_msgs/msg/detail/vive_tracker__functions.h
[0.796s] -- Up-to-date symlink: /src/astrobee/src/install/ff_hw_msgs/include/ff_hw_msgs/msg/detail/vive_tracker__struct.h
[0.796s] -- Up-to-date symlink: /src/astrobee/src/install/ff_hw_msgs/include/ff_hw_msgs/msg/detail/vive_tracker__type_support.h
[0.796s] -- Up-to-date symlink: /src/astrobee/src/install/ff_hw_msgs/include/ff_hw_msgs/msg/detail/vive_trackers__functions.h
[0.796s] -- Up-to-date symlink: /src/astrobee/src/install/ff_hw_msgs/include/ff_hw_msgs/msg/detail/vive_trackers__struct.h
[0.796s] -- Up-to-date symlink: /src/astrobee/src/install/ff_hw_msgs/include/ff_hw_msgs/msg/detail/vive_trackers__type_support.h
[0.797s] -- Up-to-date symlink: /src/astrobee/src/install/ff_hw_msgs/include/ff_hw_msgs/msg/eps_battery_location.h
[0.797s] -- Up-to-date symlink: /src/astrobee/src/install/ff_hw_msgs/include/ff_hw_msgs/msg/eps_dock_state_stamped.h
[0.797s] -- Up-to-date symlink: /src/astrobee/src/install/ff_hw_msgs/include/ff_hw_msgs/msg/eps_housekeeping.h
[0.797s] -- Up-to-date symlink: /src/astrobee/src/install/ff_hw_msgs/include/ff_hw_msgs/msg/eps_housekeeping_value.h
[0.797s] -- Up-to-date symlink: /src/astrobee/src/install/ff_hw_msgs/include/ff_hw_msgs/msg/eps_power_state.h
[0.797s] -- Up-to-date symlink: /src/astrobee/src/install/ff_hw_msgs/include/ff_hw_msgs/msg/eps_power_state_value.h
[0.797s] -- Up-to-date symlink: /src/astrobee/src/install/ff_hw_msgs/include/ff_hw_msgs/msg/optical_flow.h
[0.798s] -- Up-to-date symlink: /src/astrobee/src/install/ff_hw_msgs/include/ff_hw_msgs/msg/pmc_command.h
[0.798s] -- Up-to-date symlink: /src/astrobee/src/install/ff_hw_msgs/include/ff_hw_msgs/msg/pmc_goal.h
[0.798s] -- Up-to-date symlink: /src/astrobee/src/install/ff_hw_msgs/include/ff_hw_msgs/msg/pmc_state.h
[0.798s] -- Up-to-date symlink: /src/astrobee/src/install/ff_hw_msgs/include/ff_hw_msgs/msg/pmc_status.h
[0.798s] -- Up-to-date symlink: /src/astrobee/src/install/ff_hw_msgs/include/ff_hw_msgs/msg/pmc_telemetry.h
[0.798s] -- Up-to-date symlink: /src/astrobee/src/install/ff_hw_msgs/include/ff_hw_msgs/msg/rosidl_generator_c__visibility_control.h
[0.798s] -- Up-to-date symlink: /src/astrobee/src/install/ff_hw_msgs/include/ff_hw_msgs/msg/vive_button.h
[0.799s] -- Up-to-date symlink: /src/astrobee/src/install/ff_hw_msgs/include/ff_hw_msgs/msg/vive_light.h
[0.799s] -- Up-to-date symlink: /src/astrobee/src/install/ff_hw_msgs/include/ff_hw_msgs/msg/vive_lighthouse.h
[0.799s] -- Up-to-date symlink: /src/astrobee/src/install/ff_hw_msgs/include/ff_hw_msgs/msg/vive_lighthouses.h
[0.801s] -- Up-to-date symlink: /src/astrobee/src/install/ff_hw_msgs/include/ff_hw_msgs/msg/vive_motor.h
[0.801s] -- Up-to-date symlink: /src/astrobee/src/install/ff_hw_msgs/include/ff_hw_msgs/msg/vive_pulse.h
[0.802s] -- Up-to-date symlink: /src/astrobee/src/install/ff_hw_msgs/include/ff_hw_msgs/msg/vive_sensor.h
[0.802s] -- Up-to-date symlink: /src/astrobee/src/install/ff_hw_msgs/include/ff_hw_msgs/msg/vive_tracker.h
[0.802s] -- Up-to-date symlink: /src/astrobee/src/install/ff_hw_msgs/include/ff_hw_msgs/msg/vive_trackers.h
[0.802s] -- Up-to-date symlink: /src/astrobee/src/install/ff_hw_msgs/include/ff_hw_msgs/srv/calibrate_gripper.h
[0.803s] -- Up-to-date symlink: /src/astrobee/src/install/ff_hw_msgs/include/ff_hw_msgs/srv/clear_terminate.h
[0.803s] -- Up-to-date symlink: /src/astrobee/src/install/ff_hw_msgs/include/ff_hw_msgs/srv/configure_advanced_power.h
[0.803s] -- Up-to-date symlink: /src/astrobee/src/install/ff_hw_msgs/include/ff_hw_msgs/srv/configure_payload_power.h
[0.803s] -- Up-to-date symlink: /src/astrobee/src/install/ff_hw_msgs/include/ff_hw_msgs/srv/configure_system_leds.h
[0.803s] -- Up-to-date symlink: /src/astrobee/src/install/ff_hw_msgs/include/ff_hw_msgs/srv/detail/calibrate_gripper__functions.h
[0.803s] -- Up-to-date symlink: /src/astrobee/src/install/ff_hw_msgs/include/ff_hw_msgs/srv/detail/calibrate_gripper__struct.h
[0.804s] -- Up-to-date symlink: /src/astrobee/src/install/ff_hw_msgs/include/ff_hw_msgs/srv/detail/calibrate_gripper__type_support.h
[0.805s] -- Up-to-date symlink: /src/astrobee/src/install/ff_hw_msgs/include/ff_hw_msgs/srv/detail/clear_terminate__functions.h
[0.806s] -- Up-to-date symlink: /src/astrobee/src/install/ff_hw_msgs/include/ff_hw_msgs/srv/detail/clear_terminate__struct.h
[0.806s] -- Up-to-date symlink: /src/astrobee/src/install/ff_hw_msgs/include/ff_hw_msgs/srv/detail/clear_terminate__type_support.h
[0.806s] -- Up-to-date symlink: /src/astrobee/src/install/ff_hw_msgs/include/ff_hw_msgs/srv/detail/configure_advanced_power__functions.h
[0.806s] -- Up-to-date symlink: /src/astrobee/src/install/ff_hw_msgs/include/ff_hw_msgs/srv/detail/configure_advanced_power__struct.h
[0.806s] -- Up-to-date symlink: /src/astrobee/src/install/ff_hw_msgs/include/ff_hw_msgs/srv/detail/configure_advanced_power__type_support.h
[0.807s] -- Up-to-date symlink: /src/astrobee/src/install/ff_hw_msgs/include/ff_hw_msgs/srv/detail/configure_payload_power__functions.h
[0.807s] -- Up-to-date symlink: /src/astrobee/src/install/ff_hw_msgs/include/ff_hw_msgs/srv/detail/configure_payload_power__struct.h
[0.807s] -- Up-to-date symlink: /src/astrobee/src/install/ff_hw_msgs/include/ff_hw_msgs/srv/detail/configure_payload_power__type_support.h
[0.807s] -- Up-to-date symlink: /src/astrobee/src/install/ff_hw_msgs/include/ff_hw_msgs/srv/detail/configure_system_leds__functions.h
[0.807s] -- Up-to-date symlink: /src/astrobee/src/install/ff_hw_msgs/include/ff_hw_msgs/srv/detail/configure_system_leds__struct.h
[0.807s] -- Up-to-date symlink: /src/astrobee/src/install/ff_hw_msgs/include/ff_hw_msgs/srv/detail/configure_system_leds__type_support.h
[0.807s] -- Up-to-date symlink: /src/astrobee/src/install/ff_hw_msgs/include/ff_hw_msgs/srv/detail/get_battery_status__functions.h
[0.807s] -- Up-to-date symlink: /src/astrobee/src/install/ff_hw_msgs/include/ff_hw_msgs/srv/detail/get_battery_status__struct.h
[0.807s] -- Up-to-date symlink: /src/astrobee/src/install/ff_hw_msgs/include/ff_hw_msgs/srv/detail/get_battery_status__type_support.h
[0.807s] -- Up-to-date symlink: /src/astrobee/src/install/ff_hw_msgs/include/ff_hw_msgs/srv/detail/get_board_info__functions.h
[0.807s] -- Up-to-date symlink: /src/astrobee/src/install/ff_hw_msgs/include/ff_hw_msgs/srv/detail/get_board_info__struct.h
[0.807s] -- Up-to-date symlink: /src/astrobee/src/install/ff_hw_msgs/include/ff_hw_msgs/srv/detail/get_board_info__type_support.h
[0.807s] -- Up-to-date symlink: /src/astrobee/src/install/ff_hw_msgs/include/ff_hw_msgs/srv/detail/get_temperatures__functions.h
[0.808s] -- Up-to-date symlink: /src/astrobee/src/install/ff_hw_msgs/include/ff_hw_msgs/srv/detail/get_temperatures__struct.h
[0.808s] -- Up-to-date symlink: /src/astrobee/src/install/ff_hw_msgs/include/ff_hw_msgs/srv/detail/get_temperatures__type_support.h
[0.808s] -- Up-to-date symlink: /src/astrobee/src/install/ff_hw_msgs/include/ff_hw_msgs/srv/detail/reset__functions.h
[0.808s] -- Up-to-date symlink: /src/astrobee/src/install/ff_hw_msgs/include/ff_hw_msgs/srv/detail/reset__struct.h
[0.808s] -- Up-to-date symlink: /src/astrobee/src/install/ff_hw_msgs/include/ff_hw_msgs/srv/detail/reset__type_support.h
[0.808s] -- Up-to-date symlink: /src/astrobee/src/install/ff_hw_msgs/include/ff_hw_msgs/srv/detail/ring_buzzer__functions.h
[0.808s] -- Up-to-date symlink: /src/astrobee/src/install/ff_hw_msgs/include/ff_hw_msgs/srv/detail/ring_buzzer__struct.h
[0.808s] -- Up-to-date symlink: /src/astrobee/src/install/ff_hw_msgs/include/ff_hw_msgs/srv/detail/ring_buzzer__type_support.h
[0.808s] -- Up-to-date symlink: /src/astrobee/src/install/ff_hw_msgs/include/ff_hw_msgs/srv/detail/set_enabled__functions.h
[0.808s] -- Up-to-date symlink: /src/astrobee/src/install/ff_hw_msgs/include/ff_hw_msgs/srv/detail/set_enabled__struct.h
[0.808s] -- Up-to-date symlink: /src/astrobee/src/install/ff_hw_msgs/include/ff_hw_msgs/srv/detail/set_enabled__type_support.h
[0.808s] -- Up-to-date symlink: /src/astrobee/src/install/ff_hw_msgs/include/ff_hw_msgs/srv/detail/set_flashlight__functions.h
[0.808s] -- Up-to-date symlink: /src/astrobee/src/install/ff_hw_msgs/include/ff_hw_msgs/srv/detail/set_flashlight__struct.h
[0.808s] -- Up-to-date symlink: /src/astrobee/src/install/ff_hw_msgs/include/ff_hw_msgs/srv/detail/set_flashlight__type_support.h
[0.808s] -- Up-to-date symlink: /src/astrobee/src/install/ff_hw_msgs/include/ff_hw_msgs/srv/detail/set_joint_max_velocity__functions.h
[0.808s] -- Up-to-date symlink: /src/astrobee/src/install/ff_hw_msgs/include/ff_hw_msgs/srv/detail/set_joint_max_velocity__struct.h
[0.808s] -- Up-to-date symlink: /src/astrobee/src/install/ff_hw_msgs/include/ff_hw_msgs/srv/detail/set_joint_max_velocity__type_support.h
[0.808s] -- Up-to-date symlink: /src/astrobee/src/install/ff_hw_msgs/include/ff_hw_msgs/srv/detail/set_led_matrix__functions.h
[0.808s] -- Up-to-date symlink: /src/astrobee/src/install/ff_hw_msgs/include/ff_hw_msgs/srv/detail/set_led_matrix__struct.h
[0.808s] -- Up-to-date symlink: /src/astrobee/src/install/ff_hw_msgs/include/ff_hw_msgs/srv/detail/set_led_matrix__type_support.h
[0.808s] -- Up-to-date symlink: /src/astrobee/src/install/ff_hw_msgs/include/ff_hw_msgs/srv/detail/undock__functions.h
[0.809s] -- Up-to-date symlink: /src/astrobee/src/install/ff_hw_msgs/include/ff_hw_msgs/srv/detail/undock__struct.h
[0.809s] -- Up-to-date symlink: /src/astrobee/src/install/ff_hw_msgs/include/ff_hw_msgs/srv/detail/undock__type_support.h
[0.809s] -- Up-to-date symlink: /src/astrobee/src/install/ff_hw_msgs/include/ff_hw_msgs/srv/get_battery_status.h
[0.809s] -- Up-to-date symlink: /src/astrobee/src/install/ff_hw_msgs/include/ff_hw_msgs/srv/get_board_info.h
[0.810s] -- Up-to-date symlink: /src/astrobee/src/install/ff_hw_msgs/include/ff_hw_msgs/srv/get_temperatures.h
[0.810s] -- Up-to-date symlink: /src/astrobee/src/install/ff_hw_msgs/include/ff_hw_msgs/srv/reset.h
[0.810s] -- Up-to-date symlink: /src/astrobee/src/install/ff_hw_msgs/include/ff_hw_msgs/srv/ring_buzzer.h
[0.810s] -- Up-to-date symlink: /src/astrobee/src/install/ff_hw_msgs/include/ff_hw_msgs/srv/set_enabled.h
[0.810s] -- Up-to-date symlink: /src/astrobee/src/install/ff_hw_msgs/include/ff_hw_msgs/srv/set_flashlight.h
[0.810s] -- Up-to-date symlink: /src/astrobee/src/install/ff_hw_msgs/include/ff_hw_msgs/srv/set_joint_max_velocity.h
[0.811s] -- Up-to-date symlink: /src/astrobee/src/install/ff_hw_msgs/include/ff_hw_msgs/srv/set_led_matrix.h
[0.811s] -- Up-to-date symlink: /src/astrobee/src/install/ff_hw_msgs/include/ff_hw_msgs/srv/undock.h
[0.812s] -- Up-to-date symlink: /src/astrobee/src/install/ff_hw_msgs/share/ff_hw_msgs/environment/library_path.sh
[0.813s] -- Up-to-date symlink: /src/astrobee/src/install/ff_hw_msgs/share/ff_hw_msgs/environment/library_path.dsv
[0.813s] -- Up-to-date symlink: /src/astrobee/src/install/ff_hw_msgs/include/ff_hw_msgs/msg/detail/arm_command__rosidl_typesupport_fastrtps_c.h
[0.813s] -- Up-to-date symlink: /src/astrobee/src/install/ff_hw_msgs/include/ff_hw_msgs/msg/detail/arm_state__rosidl_typesupport_fastrtps_c.h
[0.813s] -- Up-to-date symlink: /src/astrobee/src/install/ff_hw_msgs/include/ff_hw_msgs/msg/detail/configure_led__rosidl_typesupport_fastrtps_c.h
[0.813s] -- Up-to-date symlink: /src/astrobee/src/install/ff_hw_msgs/include/ff_hw_msgs/msg/detail/configure_led_group__rosidl_typesupport_fastrtps_c.h
[0.813s] -- Up-to-date symlink: /src/astrobee/src/install/ff_hw_msgs/include/ff_hw_msgs/msg/detail/eps_battery_location__rosidl_typesupport_fastrtps_c.h
[0.814s] -- Up-to-date symlink: /src/astrobee/src/install/ff_hw_msgs/include/ff_hw_msgs/msg/detail/eps_dock_state_stamped__rosidl_typesupport_fastrtps_c.h
[0.814s] -- Up-to-date symlink: /src/astrobee/src/install/ff_hw_msgs/include/ff_hw_msgs/msg/detail/eps_housekeeping__rosidl_typesupport_fastrtps_c.h
[0.814s] -- Up-to-date symlink: /src/astrobee/src/install/ff_hw_msgs/include/ff_hw_msgs/msg/detail/eps_housekeeping_value__rosidl_typesupport_fastrtps_c.h
[0.814s] -- Up-to-date symlink: /src/astrobee/src/install/ff_hw_msgs/include/ff_hw_msgs/msg/detail/eps_power_state__rosidl_typesupport_fastrtps_c.h
[0.814s] -- Up-to-date symlink: /src/astrobee/src/install/ff_hw_msgs/include/ff_hw_msgs/msg/detail/eps_power_state_value__rosidl_typesupport_fastrtps_c.h
[0.814s] -- Up-to-date symlink: /src/astrobee/src/install/ff_hw_msgs/include/ff_hw_msgs/msg/detail/optical_flow__rosidl_typesupport_fastrtps_c.h
[0.814s] -- Up-to-date symlink: /src/astrobee/src/install/ff_hw_msgs/include/ff_hw_msgs/msg/detail/pmc_command__rosidl_typesupport_fastrtps_c.h
[0.814s] -- Up-to-date symlink: /src/astrobee/src/install/ff_hw_msgs/include/ff_hw_msgs/msg/detail/pmc_goal__rosidl_typesupport_fastrtps_c.h
[0.815s] -- Up-to-date symlink: /src/astrobee/src/install/ff_hw_msgs/include/ff_hw_msgs/msg/detail/pmc_state__rosidl_typesupport_fastrtps_c.h
[0.815s] -- Up-to-date symlink: /src/astrobee/src/install/ff_hw_msgs/include/ff_hw_msgs/msg/detail/pmc_status__rosidl_typesupport_fastrtps_c.h
[0.815s] -- Up-to-date symlink: /src/astrobee/src/install/ff_hw_msgs/include/ff_hw_msgs/msg/detail/pmc_telemetry__rosidl_typesupport_fastrtps_c.h
[0.816s] -- Up-to-date symlink: /src/astrobee/src/install/ff_hw_msgs/include/ff_hw_msgs/msg/detail/vive_button__rosidl_typesupport_fastrtps_c.h
[0.816s] -- Up-to-date symlink: /src/astrobee/src/install/ff_hw_msgs/include/ff_hw_msgs/msg/detail/vive_light__rosidl_typesupport_fastrtps_c.h
[0.816s] -- Up-to-date symlink: /src/astrobee/src/install/ff_hw_msgs/include/ff_hw_msgs/msg/detail/vive_lighthouse__rosidl_typesupport_fastrtps_c.h
[0.816s] -- Up-to-date symlink: /src/astrobee/src/install/ff_hw_msgs/include/ff_hw_msgs/msg/detail/vive_lighthouses__rosidl_typesupport_fastrtps_c.h
[0.817s] -- Up-to-date symlink: /src/astrobee/src/install/ff_hw_msgs/include/ff_hw_msgs/msg/detail/vive_motor__rosidl_typesupport_fastrtps_c.h
[0.817s] -- Up-to-date symlink: /src/astrobee/src/install/ff_hw_msgs/include/ff_hw_msgs/msg/detail/vive_pulse__rosidl_typesupport_fastrtps_c.h
[0.817s] -- Up-to-date symlink: /src/astrobee/src/install/ff_hw_msgs/include/ff_hw_msgs/msg/detail/vive_sensor__rosidl_typesupport_fastrtps_c.h
[0.817s] -- Up-to-date symlink: /src/astrobee/src/install/ff_hw_msgs/include/ff_hw_msgs/msg/detail/vive_tracker__rosidl_typesupport_fastrtps_c.h
[0.817s] -- Up-to-date symlink: /src/astrobee/src/install/ff_hw_msgs/include/ff_hw_msgs/msg/detail/vive_trackers__rosidl_typesupport_fastrtps_c.h
[0.817s] -- Up-to-date symlink: /src/astrobee/src/install/ff_hw_msgs/include/ff_hw_msgs/msg/rosidl_typesupport_fastrtps_c__visibility_control.h
[0.817s] -- Up-to-date symlink: /src/astrobee/src/install/ff_hw_msgs/include/ff_hw_msgs/srv/detail/calibrate_gripper__rosidl_typesupport_fastrtps_c.h
[0.817s] -- Up-to-date symlink: /src/astrobee/src/install/ff_hw_msgs/include/ff_hw_msgs/srv/detail/clear_terminate__rosidl_typesupport_fastrtps_c.h
[0.817s] -- Up-to-date symlink: /src/astrobee/src/install/ff_hw_msgs/include/ff_hw_msgs/srv/detail/configure_advanced_power__rosidl_typesupport_fastrtps_c.h
[0.817s] -- Up-to-date symlink: /src/astrobee/src/install/ff_hw_msgs/include/ff_hw_msgs/srv/detail/configure_payload_power__rosidl_typesupport_fastrtps_c.h
[0.817s] -- Up-to-date symlink: /src/astrobee/src/install/ff_hw_msgs/include/ff_hw_msgs/srv/detail/configure_system_leds__rosidl_typesupport_fastrtps_c.h
[0.817s] -- Up-to-date symlink: /src/astrobee/src/install/ff_hw_msgs/include/ff_hw_msgs/srv/detail/get_battery_status__rosidl_typesupport_fastrtps_c.h
[0.817s] -- Up-to-date symlink: /src/astrobee/src/install/ff_hw_msgs/include/ff_hw_msgs/srv/detail/get_board_info__rosidl_typesupport_fastrtps_c.h
[0.817s] -- Up-to-date symlink: /src/astrobee/src/install/ff_hw_msgs/include/ff_hw_msgs/srv/detail/get_temperatures__rosidl_typesupport_fastrtps_c.h
[0.818s] -- Up-to-date symlink: /src/astrobee/src/install/ff_hw_msgs/include/ff_hw_msgs/srv/detail/reset__rosidl_typesupport_fastrtps_c.h
[0.818s] -- Up-to-date symlink: /src/astrobee/src/install/ff_hw_msgs/include/ff_hw_msgs/srv/detail/ring_buzzer__rosidl_typesupport_fastrtps_c.h
[0.818s] -- Up-to-date symlink: /src/astrobee/src/install/ff_hw_msgs/include/ff_hw_msgs/srv/detail/set_enabled__rosidl_typesupport_fastrtps_c.h
[0.818s] -- Up-to-date symlink: /src/astrobee/src/install/ff_hw_msgs/include/ff_hw_msgs/srv/detail/set_flashlight__rosidl_typesupport_fastrtps_c.h
[0.818s] -- Up-to-date symlink: /src/astrobee/src/install/ff_hw_msgs/include/ff_hw_msgs/srv/detail/set_joint_max_velocity__rosidl_typesupport_fastrtps_c.h
[0.818s] -- Up-to-date symlink: /src/astrobee/src/install/ff_hw_msgs/include/ff_hw_msgs/srv/detail/set_led_matrix__rosidl_typesupport_fastrtps_c.h
[0.818s] -- Up-to-date symlink: /src/astrobee/src/install/ff_hw_msgs/include/ff_hw_msgs/srv/detail/undock__rosidl_typesupport_fastrtps_c.h
[0.818s] -- Up-to-date symlink: /src/astrobee/src/install/ff_hw_msgs/lib/libff_hw_msgs__rosidl_typesupport_fastrtps_c.so
[0.818s] -- Up-to-date symlink: /src/astrobee/src/install/ff_hw_msgs/include/ff_hw_msgs/msg/detail/arm_command__rosidl_typesupport_fastrtps_cpp.hpp
[0.818s] -- Up-to-date symlink: /src/astrobee/src/install/ff_hw_msgs/include/ff_hw_msgs/msg/detail/arm_state__rosidl_typesupport_fastrtps_cpp.hpp
[0.818s] -- Up-to-date symlink: /src/astrobee/src/install/ff_hw_msgs/include/ff_hw_msgs/msg/detail/configure_led__rosidl_typesupport_fastrtps_cpp.hpp
[0.818s] -- Up-to-date symlink: /src/astrobee/src/install/ff_hw_msgs/include/ff_hw_msgs/msg/detail/configure_led_group__rosidl_typesupport_fastrtps_cpp.hpp
[0.818s] -- Up-to-date symlink: /src/astrobee/src/install/ff_hw_msgs/include/ff_hw_msgs/msg/detail/eps_battery_location__rosidl_typesupport_fastrtps_cpp.hpp
[0.818s] -- Up-to-date symlink: /src/astrobee/src/install/ff_hw_msgs/include/ff_hw_msgs/msg/detail/eps_dock_state_stamped__rosidl_typesupport_fastrtps_cpp.hpp
[0.818s] -- Up-to-date symlink: /src/astrobee/src/install/ff_hw_msgs/include/ff_hw_msgs/msg/detail/eps_housekeeping__rosidl_typesupport_fastrtps_cpp.hpp
[0.818s] -- Up-to-date symlink: /src/astrobee/src/install/ff_hw_msgs/include/ff_hw_msgs/msg/detail/eps_housekeeping_value__rosidl_typesupport_fastrtps_cpp.hpp
[0.818s] -- Up-to-date symlink: /src/astrobee/src/install/ff_hw_msgs/include/ff_hw_msgs/msg/detail/eps_power_state__rosidl_typesupport_fastrtps_cpp.hpp
[0.818s] -- Up-to-date symlink: /src/astrobee/src/install/ff_hw_msgs/include/ff_hw_msgs/msg/detail/eps_power_state_value__rosidl_typesupport_fastrtps_cpp.hpp
[0.818s] -- Up-to-date symlink: /src/astrobee/src/install/ff_hw_msgs/include/ff_hw_msgs/msg/detail/optical_flow__rosidl_typesupport_fastrtps_cpp.hpp
[0.818s] -- Up-to-date symlink: /src/astrobee/src/install/ff_hw_msgs/include/ff_hw_msgs/msg/detail/pmc_command__rosidl_typesupport_fastrtps_cpp.hpp
[0.819s] -- Up-to-date symlink: /src/astrobee/src/install/ff_hw_msgs/include/ff_hw_msgs/msg/detail/pmc_goal__rosidl_typesupport_fastrtps_cpp.hpp
[0.819s] -- Up-to-date symlink: /src/astrobee/src/install/ff_hw_msgs/include/ff_hw_msgs/msg/detail/pmc_state__rosidl_typesupport_fastrtps_cpp.hpp
[0.819s] -- Up-to-date symlink: /src/astrobee/src/install/ff_hw_msgs/include/ff_hw_msgs/msg/detail/pmc_status__rosidl_typesupport_fastrtps_cpp.hpp
[0.819s] -- Up-to-date symlink: /src/astrobee/src/install/ff_hw_msgs/include/ff_hw_msgs/msg/detail/pmc_telemetry__rosidl_typesupport_fastrtps_cpp.hpp
[0.819s] -- Up-to-date symlink: /src/astrobee/src/install/ff_hw_msgs/include/ff_hw_msgs/msg/detail/vive_button__rosidl_typesupport_fastrtps_cpp.hpp
[0.819s] -- Up-to-date symlink: /src/astrobee/src/install/ff_hw_msgs/include/ff_hw_msgs/msg/detail/vive_light__rosidl_typesupport_fastrtps_cpp.hpp
[0.819s] -- Up-to-date symlink: /src/astrobee/src/install/ff_hw_msgs/include/ff_hw_msgs/msg/detail/vive_lighthouse__rosidl_typesupport_fastrtps_cpp.hpp
[0.819s] -- Up-to-date symlink: /src/astrobee/src/install/ff_hw_msgs/include/ff_hw_msgs/msg/detail/vive_lighthouses__rosidl_typesupport_fastrtps_cpp.hpp
[0.819s] -- Up-to-date symlink: /src/astrobee/src/install/ff_hw_msgs/include/ff_hw_msgs/msg/detail/vive_motor__rosidl_typesupport_fastrtps_cpp.hpp
[0.820s] -- Up-to-date symlink: /src/astrobee/src/install/ff_hw_msgs/include/ff_hw_msgs/msg/detail/vive_pulse__rosidl_typesupport_fastrtps_cpp.hpp
[0.820s] -- Up-to-date symlink: /src/astrobee/src/install/ff_hw_msgs/include/ff_hw_msgs/msg/detail/vive_sensor__rosidl_typesupport_fastrtps_cpp.hpp
[0.821s] -- Up-to-date symlink: /src/astrobee/src/install/ff_hw_msgs/include/ff_hw_msgs/msg/detail/vive_tracker__rosidl_typesupport_fastrtps_cpp.hpp
[0.821s] -- Up-to-date symlink: /src/astrobee/src/install/ff_hw_msgs/include/ff_hw_msgs/msg/detail/vive_trackers__rosidl_typesupport_fastrtps_cpp.hpp
[0.821s] -- Up-to-date symlink: /src/astrobee/src/install/ff_hw_msgs/include/ff_hw_msgs/msg/rosidl_typesupport_fastrtps_cpp__visibility_control.h
[0.821s] -- Up-to-date symlink: /src/astrobee/src/install/ff_hw_msgs/include/ff_hw_msgs/srv/detail/calibrate_gripper__rosidl_typesupport_fastrtps_cpp.hpp
[0.821s] -- Up-to-date symlink: /src/astrobee/src/install/ff_hw_msgs/include/ff_hw_msgs/srv/detail/clear_terminate__rosidl_typesupport_fastrtps_cpp.hpp
[0.821s] -- Up-to-date symlink: /src/astrobee/src/install/ff_hw_msgs/include/ff_hw_msgs/srv/detail/configure_advanced_power__rosidl_typesupport_fastrtps_cpp.hpp
[0.821s] -- Up-to-date symlink: /src/astrobee/src/install/ff_hw_msgs/include/ff_hw_msgs/srv/detail/configure_payload_power__rosidl_typesupport_fastrtps_cpp.hpp
[0.822s] -- Up-to-date symlink: /src/astrobee/src/install/ff_hw_msgs/include/ff_hw_msgs/srv/detail/configure_system_leds__rosidl_typesupport_fastrtps_cpp.hpp
[0.822s] -- Up-to-date symlink: /src/astrobee/src/install/ff_hw_msgs/include/ff_hw_msgs/srv/detail/get_battery_status__rosidl_typesupport_fastrtps_cpp.hpp
[0.824s] -- Up-to-date symlink: /src/astrobee/src/install/ff_hw_msgs/include/ff_hw_msgs/srv/detail/get_board_info__rosidl_typesupport_fastrtps_cpp.hpp
[0.824s] -- Up-to-date symlink: /src/astrobee/src/install/ff_hw_msgs/include/ff_hw_msgs/srv/detail/get_temperatures__rosidl_typesupport_fastrtps_cpp.hpp
[0.824s] -- Up-to-date symlink: /src/astrobee/src/install/ff_hw_msgs/include/ff_hw_msgs/srv/detail/reset__rosidl_typesupport_fastrtps_cpp.hpp
[0.824s] -- Up-to-date symlink: /src/astrobee/src/install/ff_hw_msgs/include/ff_hw_msgs/srv/detail/ring_buzzer__rosidl_typesupport_fastrtps_cpp.hpp
[0.824s] -- Up-to-date symlink: /src/astrobee/src/install/ff_hw_msgs/include/ff_hw_msgs/srv/detail/set_enabled__rosidl_typesupport_fastrtps_cpp.hpp
[0.824s] -- Up-to-date symlink: /src/astrobee/src/install/ff_hw_msgs/include/ff_hw_msgs/srv/detail/set_flashlight__rosidl_typesupport_fastrtps_cpp.hpp
[0.824s] -- Up-to-date symlink: /src/astrobee/src/install/ff_hw_msgs/include/ff_hw_msgs/srv/detail/set_joint_max_velocity__rosidl_typesupport_fastrtps_cpp.hpp
[0.824s] -- Up-to-date symlink: /src/astrobee/src/install/ff_hw_msgs/include/ff_hw_msgs/srv/detail/set_led_matrix__rosidl_typesupport_fastrtps_cpp.hpp
[0.824s] -- Up-to-date symlink: /src/astrobee/src/install/ff_hw_msgs/include/ff_hw_msgs/srv/detail/undock__rosidl_typesupport_fastrtps_cpp.hpp
[0.824s] -- Up-to-date symlink: /src/astrobee/src/install/ff_hw_msgs/lib/libff_hw_msgs__rosidl_typesupport_fastrtps_cpp.so
[0.824s] -- Up-to-date symlink: /src/astrobee/src/install/ff_hw_msgs/include/ff_hw_msgs/msg/detail/arm_command__rosidl_typesupport_introspection_c.h
[0.824s] -- Up-to-date symlink: /src/astrobee/src/install/ff_hw_msgs/include/ff_hw_msgs/msg/detail/arm_state__rosidl_typesupport_introspection_c.h
[0.824s] -- Up-to-date symlink: /src/astrobee/src/install/ff_hw_msgs/include/ff_hw_msgs/msg/detail/configure_led__rosidl_typesupport_introspection_c.h
[0.824s] -- Up-to-date symlink: /src/astrobee/src/install/ff_hw_msgs/include/ff_hw_msgs/msg/detail/configure_led_group__rosidl_typesupport_introspection_c.h
[0.824s] -- Up-to-date symlink: /src/astrobee/src/install/ff_hw_msgs/include/ff_hw_msgs/msg/detail/eps_battery_location__rosidl_typesupport_introspection_c.h
[0.824s] -- Up-to-date symlink: /src/astrobee/src/install/ff_hw_msgs/include/ff_hw_msgs/msg/detail/eps_dock_state_stamped__rosidl_typesupport_introspection_c.h
[0.824s] -- Up-to-date symlink: /src/astrobee/src/install/ff_hw_msgs/include/ff_hw_msgs/msg/detail/eps_housekeeping__rosidl_typesupport_introspection_c.h
[0.825s] -- Up-to-date symlink: /src/astrobee/src/install/ff_hw_msgs/include/ff_hw_msgs/msg/detail/eps_housekeeping_value__rosidl_typesupport_introspection_c.h
[0.825s] -- Up-to-date symlink: /src/astrobee/src/install/ff_hw_msgs/include/ff_hw_msgs/msg/detail/eps_power_state__rosidl_typesupport_introspection_c.h
[0.825s] -- Up-to-date symlink: /src/astrobee/src/install/ff_hw_msgs/include/ff_hw_msgs/msg/detail/eps_power_state_value__rosidl_typesupport_introspection_c.h
[0.825s] -- Up-to-date symlink: /src/astrobee/src/install/ff_hw_msgs/include/ff_hw_msgs/msg/detail/optical_flow__rosidl_typesupport_introspection_c.h
[0.825s] -- Up-to-date symlink: /src/astrobee/src/install/ff_hw_msgs/include/ff_hw_msgs/msg/detail/pmc_command__rosidl_typesupport_introspection_c.h
[0.825s] -- Up-to-date symlink: /src/astrobee/src/install/ff_hw_msgs/include/ff_hw_msgs/msg/detail/pmc_goal__rosidl_typesupport_introspection_c.h
[0.825s] -- Up-to-date symlink: /src/astrobee/src/install/ff_hw_msgs/include/ff_hw_msgs/msg/detail/pmc_state__rosidl_typesupport_introspection_c.h
[0.825s] -- Up-to-date symlink: /src/astrobee/src/install/ff_hw_msgs/include/ff_hw_msgs/msg/detail/pmc_status__rosidl_typesupport_introspection_c.h
[0.825s] -- Up-to-date symlink: /src/astrobee/src/install/ff_hw_msgs/include/ff_hw_msgs/msg/detail/pmc_telemetry__rosidl_typesupport_introspection_c.h
[0.825s] -- Up-to-date symlink: /src/astrobee/src/install/ff_hw_msgs/include/ff_hw_msgs/msg/detail/vive_button__rosidl_typesupport_introspection_c.h
[0.825s] -- Up-to-date symlink: /src/astrobee/src/install/ff_hw_msgs/include/ff_hw_msgs/msg/detail/vive_light__rosidl_typesupport_introspection_c.h
[0.825s] -- Up-to-date symlink: /src/astrobee/src/install/ff_hw_msgs/include/ff_hw_msgs/msg/detail/vive_lighthouse__rosidl_typesupport_introspection_c.h
[0.825s] -- Up-to-date symlink: /src/astrobee/src/install/ff_hw_msgs/include/ff_hw_msgs/msg/detail/vive_lighthouses__rosidl_typesupport_introspection_c.h
[0.825s] -- Up-to-date symlink: /src/astrobee/src/install/ff_hw_msgs/include/ff_hw_msgs/msg/detail/vive_motor__rosidl_typesupport_introspection_c.h
[0.825s] -- Up-to-date symlink: /src/astrobee/src/install/ff_hw_msgs/include/ff_hw_msgs/msg/detail/vive_pulse__rosidl_typesupport_introspection_c.h
[0.825s] -- Up-to-date symlink: /src/astrobee/src/install/ff_hw_msgs/include/ff_hw_msgs/msg/detail/vive_sensor__rosidl_typesupport_introspection_c.h
[0.825s] -- Up-to-date symlink: /src/astrobee/src/install/ff_hw_msgs/include/ff_hw_msgs/msg/detail/vive_tracker__rosidl_typesupport_introspection_c.h
[0.825s] -- Up-to-date symlink: /src/astrobee/src/install/ff_hw_msgs/include/ff_hw_msgs/msg/detail/vive_trackers__rosidl_typesupport_introspection_c.h
[0.825s] -- Up-to-date symlink: /src/astrobee/src/install/ff_hw_msgs/include/ff_hw_msgs/msg/rosidl_typesupport_introspection_c__visibility_control.h
[0.825s] -- Up-to-date symlink: /src/astrobee/src/install/ff_hw_msgs/include/ff_hw_msgs/srv/detail/calibrate_gripper__rosidl_typesupport_introspection_c.h
[0.825s] -- Up-to-date symlink: /src/astrobee/src/install/ff_hw_msgs/include/ff_hw_msgs/srv/detail/clear_terminate__rosidl_typesupport_introspection_c.h
[0.825s] -- Up-to-date symlink: /src/astrobee/src/install/ff_hw_msgs/include/ff_hw_msgs/srv/detail/configure_advanced_power__rosidl_typesupport_introspection_c.h
[0.825s] -- Up-to-date symlink: /src/astrobee/src/install/ff_hw_msgs/include/ff_hw_msgs/srv/detail/configure_payload_power__rosidl_typesupport_introspection_c.h
[0.826s] -- Up-to-date symlink: /src/astrobee/src/install/ff_hw_msgs/include/ff_hw_msgs/srv/detail/configure_system_leds__rosidl_typesupport_introspection_c.h
[0.826s] -- Up-to-date symlink: /src/astrobee/src/install/ff_hw_msgs/include/ff_hw_msgs/srv/detail/get_battery_status__rosidl_typesupport_introspection_c.h
[0.826s] -- Up-to-date symlink: /src/astrobee/src/install/ff_hw_msgs/include/ff_hw_msgs/srv/detail/get_board_info__rosidl_typesupport_introspection_c.h
[0.826s] -- Up-to-date symlink: /src/astrobee/src/install/ff_hw_msgs/include/ff_hw_msgs/srv/detail/get_temperatures__rosidl_typesupport_introspection_c.h
[0.826s] -- Up-to-date symlink: /src/astrobee/src/install/ff_hw_msgs/include/ff_hw_msgs/srv/detail/reset__rosidl_typesupport_introspection_c.h
[0.826s] -- Up-to-date symlink: /src/astrobee/src/install/ff_hw_msgs/include/ff_hw_msgs/srv/detail/ring_buzzer__rosidl_typesupport_introspection_c.h
[0.826s] -- Up-to-date symlink: /src/astrobee/src/install/ff_hw_msgs/include/ff_hw_msgs/srv/detail/set_enabled__rosidl_typesupport_introspection_c.h
[0.826s] -- Up-to-date symlink: /src/astrobee/src/install/ff_hw_msgs/include/ff_hw_msgs/srv/detail/set_flashlight__rosidl_typesupport_introspection_c.h
[0.826s] -- Up-to-date symlink: /src/astrobee/src/install/ff_hw_msgs/include/ff_hw_msgs/srv/detail/set_joint_max_velocity__rosidl_typesupport_introspection_c.h
[0.826s] -- Up-to-date symlink: /src/astrobee/src/install/ff_hw_msgs/include/ff_hw_msgs/srv/detail/set_led_matrix__rosidl_typesupport_introspection_c.h
[0.826s] -- Up-to-date symlink: /src/astrobee/src/install/ff_hw_msgs/include/ff_hw_msgs/srv/detail/undock__rosidl_typesupport_introspection_c.h
[0.826s] -- Up-to-date symlink: /src/astrobee/src/install/ff_hw_msgs/include/ff_hw_msgs/msg/arm_command.hpp
[0.826s] -- Up-to-date symlink: /src/astrobee/src/install/ff_hw_msgs/include/ff_hw_msgs/msg/arm_state.hpp
[0.827s] -- Up-to-date symlink: /src/astrobee/src/install/ff_hw_msgs/include/ff_hw_msgs/msg/configure_led.hpp
[0.827s] -- Up-to-date symlink: /src/astrobee/src/install/ff_hw_msgs/include/ff_hw_msgs/msg/configure_led_group.hpp
[0.827s] -- Up-to-date symlink: /src/astrobee/src/install/ff_hw_msgs/include/ff_hw_msgs/msg/detail/arm_command__builder.hpp
[0.828s] -- Up-to-date symlink: /src/astrobee/src/install/ff_hw_msgs/include/ff_hw_msgs/msg/detail/arm_command__struct.hpp
[0.829s] -- Up-to-date symlink: /src/astrobee/src/install/ff_hw_msgs/include/ff_hw_msgs/msg/detail/arm_command__traits.hpp
[0.829s] -- Up-to-date symlink: /src/astrobee/src/install/ff_hw_msgs/include/ff_hw_msgs/msg/detail/arm_state__builder.hpp
[0.829s] -- Up-to-date symlink: /src/astrobee/src/install/ff_hw_msgs/include/ff_hw_msgs/msg/detail/arm_state__struct.hpp
[0.830s] -- Up-to-date symlink: /src/astrobee/src/install/ff_hw_msgs/include/ff_hw_msgs/msg/detail/arm_state__traits.hpp
[0.830s] -- Up-to-date symlink: /src/astrobee/src/install/ff_hw_msgs/include/ff_hw_msgs/msg/detail/configure_led__builder.hpp
[0.830s] -- Up-to-date symlink: /src/astrobee/src/install/ff_hw_msgs/include/ff_hw_msgs/msg/detail/configure_led__struct.hpp
[0.831s] -- Up-to-date symlink: /src/astrobee/src/install/ff_hw_msgs/include/ff_hw_msgs/msg/detail/configure_led__traits.hpp
[0.831s] -- Up-to-date symlink: /src/astrobee/src/install/ff_hw_msgs/include/ff_hw_msgs/msg/detail/configure_led_group__builder.hpp
[0.831s] -- Up-to-date symlink: /src/astrobee/src/install/ff_hw_msgs/include/ff_hw_msgs/msg/detail/configure_led_group__struct.hpp
[0.831s] -- Up-to-date symlink: /src/astrobee/src/install/ff_hw_msgs/include/ff_hw_msgs/msg/detail/configure_led_group__traits.hpp
[0.831s] -- Up-to-date symlink: /src/astrobee/src/install/ff_hw_msgs/include/ff_hw_msgs/msg/detail/eps_battery_location__builder.hpp
[0.831s] -- Up-to-date symlink: /src/astrobee/src/install/ff_hw_msgs/include/ff_hw_msgs/msg/detail/eps_battery_location__struct.hpp
[0.831s] -- Up-to-date symlink: /src/astrobee/src/install/ff_hw_msgs/include/ff_hw_msgs/msg/detail/eps_battery_location__traits.hpp
[0.831s] -- Up-to-date symlink: /src/astrobee/src/install/ff_hw_msgs/include/ff_hw_msgs/msg/detail/eps_dock_state_stamped__builder.hpp
[0.831s] -- Up-to-date symlink: /src/astrobee/src/install/ff_hw_msgs/include/ff_hw_msgs/msg/detail/eps_dock_state_stamped__struct.hpp
[0.831s] -- Up-to-date symlink: /src/astrobee/src/install/ff_hw_msgs/include/ff_hw_msgs/msg/detail/eps_dock_state_stamped__traits.hpp
[0.831s] -- Up-to-date symlink: /src/astrobee/src/install/ff_hw_msgs/include/ff_hw_msgs/msg/detail/eps_housekeeping__builder.hpp
[0.831s] -- Up-to-date symlink: /src/astrobee/src/install/ff_hw_msgs/include/ff_hw_msgs/msg/detail/eps_housekeeping__struct.hpp
[0.831s] -- Up-to-date symlink: /src/astrobee/src/install/ff_hw_msgs/include/ff_hw_msgs/msg/detail/eps_housekeeping__traits.hpp
[0.831s] -- Up-to-date symlink: /src/astrobee/src/install/ff_hw_msgs/include/ff_hw_msgs/msg/detail/eps_housekeeping_value__builder.hpp
[0.831s] -- Up-to-date symlink: /src/astrobee/src/install/ff_hw_msgs/include/ff_hw_msgs/msg/detail/eps_housekeeping_value__struct.hpp
[0.831s] -- Up-to-date symlink: /src/astrobee/src/install/ff_hw_msgs/include/ff_hw_msgs/msg/detail/eps_housekeeping_value__traits.hpp
[0.831s] -- Up-to-date symlink: /src/astrobee/src/install/ff_hw_msgs/include/ff_hw_msgs/msg/detail/eps_power_state__builder.hpp
[0.831s] -- Up-to-date symlink: /src/astrobee/src/install/ff_hw_msgs/include/ff_hw_msgs/msg/detail/eps_power_state__struct.hpp
[0.832s] -- Up-to-date symlink: /src/astrobee/src/install/ff_hw_msgs/include/ff_hw_msgs/msg/detail/eps_power_state__traits.hpp
[0.832s] -- Up-to-date symlink: /src/astrobee/src/install/ff_hw_msgs/include/ff_hw_msgs/msg/detail/eps_power_state_value__builder.hpp
[0.832s] -- Up-to-date symlink: /src/astrobee/src/install/ff_hw_msgs/include/ff_hw_msgs/msg/detail/eps_power_state_value__struct.hpp
[0.832s] -- Up-to-date symlink: /src/astrobee/src/install/ff_hw_msgs/include/ff_hw_msgs/msg/detail/eps_power_state_value__traits.hpp
[0.832s] -- Up-to-date symlink: /src/astrobee/src/install/ff_hw_msgs/include/ff_hw_msgs/msg/detail/optical_flow__builder.hpp
[0.832s] -- Up-to-date symlink: /src/astrobee/src/install/ff_hw_msgs/include/ff_hw_msgs/msg/detail/optical_flow__struct.hpp
[0.832s] -- Up-to-date symlink: /src/astrobee/src/install/ff_hw_msgs/include/ff_hw_msgs/msg/detail/optical_flow__traits.hpp
[0.832s] -- Up-to-date symlink: /src/astrobee/src/install/ff_hw_msgs/include/ff_hw_msgs/msg/detail/pmc_command__builder.hpp
[0.832s] -- Up-to-date symlink: /src/astrobee/src/install/ff_hw_msgs/include/ff_hw_msgs/msg/detail/pmc_command__struct.hpp
[0.832s] -- Up-to-date symlink: /src/astrobee/src/install/ff_hw_msgs/include/ff_hw_msgs/msg/detail/pmc_command__traits.hpp
[0.832s] -- Up-to-date symlink: /src/astrobee/src/install/ff_hw_msgs/include/ff_hw_msgs/msg/detail/pmc_goal__builder.hpp
[0.832s] -- Up-to-date symlink: /src/astrobee/src/install/ff_hw_msgs/include/ff_hw_msgs/msg/detail/pmc_goal__struct.hpp
[0.832s] -- Up-to-date symlink: /src/astrobee/src/install/ff_hw_msgs/include/ff_hw_msgs/msg/detail/pmc_goal__traits.hpp
[0.832s] -- Up-to-date symlink: /src/astrobee/src/install/ff_hw_msgs/include/ff_hw_msgs/msg/detail/pmc_state__builder.hpp
[0.833s] -- Up-to-date symlink: /src/astrobee/src/install/ff_hw_msgs/include/ff_hw_msgs/msg/detail/pmc_state__struct.hpp
[0.833s] -- Up-to-date symlink: /src/astrobee/src/install/ff_hw_msgs/include/ff_hw_msgs/msg/detail/pmc_state__traits.hpp
[0.833s] -- Up-to-date symlink: /src/astrobee/src/install/ff_hw_msgs/include/ff_hw_msgs/msg/detail/pmc_status__builder.hpp
[0.834s] -- Up-to-date symlink: /src/astrobee/src/install/ff_hw_msgs/include/ff_hw_msgs/msg/detail/pmc_status__struct.hpp
[0.834s] -- Up-to-date symlink: /src/astrobee/src/install/ff_hw_msgs/include/ff_hw_msgs/msg/detail/pmc_status__traits.hpp
[0.834s] -- Up-to-date symlink: /src/astrobee/src/install/ff_hw_msgs/include/ff_hw_msgs/msg/detail/pmc_telemetry__builder.hpp
[0.834s] -- Up-to-date symlink: /src/astrobee/src/install/ff_hw_msgs/include/ff_hw_msgs/msg/detail/pmc_telemetry__struct.hpp
[0.834s] -- Up-to-date symlink: /src/astrobee/src/install/ff_hw_msgs/include/ff_hw_msgs/msg/detail/pmc_telemetry__traits.hpp
[0.834s] -- Up-to-date symlink: /src/astrobee/src/install/ff_hw_msgs/include/ff_hw_msgs/msg/detail/vive_button__builder.hpp
[0.834s] -- Up-to-date symlink: /src/astrobee/src/install/ff_hw_msgs/include/ff_hw_msgs/msg/detail/vive_button__struct.hpp
[0.834s] -- Up-to-date symlink: /src/astrobee/src/install/ff_hw_msgs/include/ff_hw_msgs/msg/detail/vive_button__traits.hpp
[0.835s] -- Up-to-date symlink: /src/astrobee/src/install/ff_hw_msgs/include/ff_hw_msgs/msg/detail/vive_light__builder.hpp
[0.835s] -- Up-to-date symlink: /src/astrobee/src/install/ff_hw_msgs/include/ff_hw_msgs/msg/detail/vive_light__struct.hpp
[0.835s] -- Up-to-date symlink: /src/astrobee/src/install/ff_hw_msgs/include/ff_hw_msgs/msg/detail/vive_light__traits.hpp
[0.835s] -- Up-to-date symlink: /src/astrobee/src/install/ff_hw_msgs/include/ff_hw_msgs/msg/detail/vive_lighthouse__builder.hpp
[0.835s] -- Up-to-date symlink: /src/astrobee/src/install/ff_hw_msgs/include/ff_hw_msgs/msg/detail/vive_lighthouse__struct.hpp
[0.835s] -- Up-to-date symlink: /src/astrobee/src/install/ff_hw_msgs/include/ff_hw_msgs/msg/detail/vive_lighthouse__traits.hpp
[0.835s] -- Up-to-date symlink: /src/astrobee/src/install/ff_hw_msgs/include/ff_hw_msgs/msg/detail/vive_lighthouses__builder.hpp
[0.835s] -- Up-to-date symlink: /src/astrobee/src/install/ff_hw_msgs/include/ff_hw_msgs/msg/detail/vive_lighthouses__struct.hpp
[0.835s] -- Up-to-date symlink: /src/astrobee/src/install/ff_hw_msgs/include/ff_hw_msgs/msg/detail/vive_lighthouses__traits.hpp
[0.835s] -- Up-to-date symlink: /src/astrobee/src/install/ff_hw_msgs/include/ff_hw_msgs/msg/detail/vive_motor__builder.hpp
[0.835s] -- Up-to-date symlink: /src/astrobee/src/install/ff_hw_msgs/include/ff_hw_msgs/msg/detail/vive_motor__struct.hpp
[0.836s] -- Up-to-date symlink: /src/astrobee/src/install/ff_hw_msgs/include/ff_hw_msgs/msg/detail/vive_motor__traits.hpp
[0.836s] -- Up-to-date symlink: /src/astrobee/src/install/ff_hw_msgs/include/ff_hw_msgs/msg/detail/vive_pulse__builder.hpp
[0.836s] -- Up-to-date symlink: /src/astrobee/src/install/ff_hw_msgs/include/ff_hw_msgs/msg/detail/vive_pulse__struct.hpp
[0.836s] -- Up-to-date symlink: /src/astrobee/src/install/ff_hw_msgs/include/ff_hw_msgs/msg/detail/vive_pulse__traits.hpp
[0.836s] -- Up-to-date symlink: /src/astrobee/src/install/ff_hw_msgs/include/ff_hw_msgs/msg/detail/vive_sensor__builder.hpp
[0.836s] -- Up-to-date symlink: /src/astrobee/src/install/ff_hw_msgs/include/ff_hw_msgs/msg/detail/vive_sensor__struct.hpp
[0.836s] -- Up-to-date symlink: /src/astrobee/src/install/ff_hw_msgs/include/ff_hw_msgs/msg/detail/vive_sensor__traits.hpp
[0.836s] -- Up-to-date symlink: /src/astrobee/src/install/ff_hw_msgs/include/ff_hw_msgs/msg/detail/vive_tracker__builder.hpp
[0.836s] -- Up-to-date symlink: /src/astrobee/src/install/ff_hw_msgs/include/ff_hw_msgs/msg/detail/vive_tracker__struct.hpp
[0.836s] -- Up-to-date symlink: /src/astrobee/src/install/ff_hw_msgs/include/ff_hw_msgs/msg/detail/vive_tracker__traits.hpp
[0.836s] -- Up-to-date symlink: /src/astrobee/src/install/ff_hw_msgs/include/ff_hw_msgs/msg/detail/vive_trackers__builder.hpp
[0.837s] -- Up-to-date symlink: /src/astrobee/src/install/ff_hw_msgs/include/ff_hw_msgs/msg/detail/vive_trackers__struct.hpp
[0.837s] -- Up-to-date symlink: /src/astrobee/src/install/ff_hw_msgs/include/ff_hw_msgs/msg/detail/vive_trackers__traits.hpp
[0.837s] -- Up-to-date symlink: /src/astrobee/src/install/ff_hw_msgs/include/ff_hw_msgs/msg/eps_battery_location.hpp
[0.837s] -- Up-to-date symlink: /src/astrobee/src/install/ff_hw_msgs/include/ff_hw_msgs/msg/eps_dock_state_stamped.hpp
[0.837s] -- Up-to-date symlink: /src/astrobee/src/install/ff_hw_msgs/include/ff_hw_msgs/msg/eps_housekeeping.hpp
[0.837s] -- Up-to-date symlink: /src/astrobee/src/install/ff_hw_msgs/include/ff_hw_msgs/msg/eps_housekeeping_value.hpp
[0.837s] -- Up-to-date symlink: /src/astrobee/src/install/ff_hw_msgs/include/ff_hw_msgs/msg/eps_power_state.hpp
[0.838s] -- Up-to-date symlink: /src/astrobee/src/install/ff_hw_msgs/include/ff_hw_msgs/msg/eps_power_state_value.hpp
[0.838s] -- Up-to-date symlink: /src/astrobee/src/install/ff_hw_msgs/include/ff_hw_msgs/msg/optical_flow.hpp
[0.838s] -- Up-to-date symlink: /src/astrobee/src/install/ff_hw_msgs/include/ff_hw_msgs/msg/pmc_command.hpp
[0.838s] -- Up-to-date symlink: /src/astrobee/src/install/ff_hw_msgs/include/ff_hw_msgs/msg/pmc_goal.hpp
[0.838s] -- Up-to-date symlink: /src/astrobee/src/install/ff_hw_msgs/include/ff_hw_msgs/msg/pmc_state.hpp
[0.838s] -- Up-to-date symlink: /src/astrobee/src/install/ff_hw_msgs/include/ff_hw_msgs/msg/pmc_status.hpp
[0.838s] -- Up-to-date symlink: /src/astrobee/src/install/ff_hw_msgs/include/ff_hw_msgs/msg/pmc_telemetry.hpp
[0.838s] -- Up-to-date symlink: /src/astrobee/src/install/ff_hw_msgs/include/ff_hw_msgs/msg/vive_button.hpp
[0.838s] -- Up-to-date symlink: /src/astrobee/src/install/ff_hw_msgs/include/ff_hw_msgs/msg/vive_light.hpp
[0.839s] -- Up-to-date symlink: /src/astrobee/src/install/ff_hw_msgs/include/ff_hw_msgs/msg/vive_lighthouse.hpp
[0.839s] -- Up-to-date symlink: /src/astrobee/src/install/ff_hw_msgs/include/ff_hw_msgs/msg/vive_lighthouses.hpp
[0.839s] -- Up-to-date symlink: /src/astrobee/src/install/ff_hw_msgs/include/ff_hw_msgs/msg/vive_motor.hpp
[0.839s] -- Up-to-date symlink: /src/astrobee/src/install/ff_hw_msgs/include/ff_hw_msgs/msg/vive_pulse.hpp
[0.839s] -- Up-to-date symlink: /src/astrobee/src/install/ff_hw_msgs/include/ff_hw_msgs/msg/vive_sensor.hpp
[0.839s] -- Up-to-date symlink: /src/astrobee/src/install/ff_hw_msgs/include/ff_hw_msgs/msg/vive_tracker.hpp
[0.839s] -- Up-to-date symlink: /src/astrobee/src/install/ff_hw_msgs/include/ff_hw_msgs/msg/vive_trackers.hpp
[0.839s] -- Up-to-date symlink: /src/astrobee/src/install/ff_hw_msgs/include/ff_hw_msgs/srv/calibrate_gripper.hpp
[0.839s] -- Up-to-date symlink: /src/astrobee/src/install/ff_hw_msgs/include/ff_hw_msgs/srv/clear_terminate.hpp
[0.839s] -- Up-to-date symlink: /src/astrobee/src/install/ff_hw_msgs/include/ff_hw_msgs/srv/configure_advanced_power.hpp
[0.840s] -- Up-to-date symlink: /src/astrobee/src/install/ff_hw_msgs/include/ff_hw_msgs/srv/configure_payload_power.hpp
[0.840s] -- Up-to-date symlink: /src/astrobee/src/install/ff_hw_msgs/include/ff_hw_msgs/srv/configure_system_leds.hpp
[0.840s] -- Up-to-date symlink: /src/astrobee/src/install/ff_hw_msgs/include/ff_hw_msgs/srv/detail/calibrate_gripper__builder.hpp
[0.840s] -- Up-to-date symlink: /src/astrobee/src/install/ff_hw_msgs/include/ff_hw_msgs/srv/detail/calibrate_gripper__struct.hpp
[0.840s] -- Up-to-date symlink: /src/astrobee/src/install/ff_hw_msgs/include/ff_hw_msgs/srv/detail/calibrate_gripper__traits.hpp
[0.840s] -- Up-to-date symlink: /src/astrobee/src/install/ff_hw_msgs/include/ff_hw_msgs/srv/detail/clear_terminate__builder.hpp
[0.840s] -- Up-to-date symlink: /src/astrobee/src/install/ff_hw_msgs/include/ff_hw_msgs/srv/detail/clear_terminate__struct.hpp
[0.840s] -- Up-to-date symlink: /src/astrobee/src/install/ff_hw_msgs/include/ff_hw_msgs/srv/detail/clear_terminate__traits.hpp
[0.840s] -- Up-to-date symlink: /src/astrobee/src/install/ff_hw_msgs/include/ff_hw_msgs/srv/detail/configure_advanced_power__builder.hpp
[0.840s] -- Up-to-date symlink: /src/astrobee/src/install/ff_hw_msgs/include/ff_hw_msgs/srv/detail/configure_advanced_power__struct.hpp
[0.841s] -- Up-to-date symlink: /src/astrobee/src/install/ff_hw_msgs/include/ff_hw_msgs/srv/detail/configure_advanced_power__traits.hpp
[0.841s] -- Up-to-date symlink: /src/astrobee/src/install/ff_hw_msgs/include/ff_hw_msgs/srv/detail/configure_payload_power__builder.hpp
[0.841s] -- Up-to-date symlink: /src/astrobee/src/install/ff_hw_msgs/include/ff_hw_msgs/srv/detail/configure_payload_power__struct.hpp
[0.841s] -- Up-to-date symlink: /src/astrobee/src/install/ff_hw_msgs/include/ff_hw_msgs/srv/detail/configure_payload_power__traits.hpp
[0.841s] -- Up-to-date symlink: /src/astrobee/src/install/ff_hw_msgs/include/ff_hw_msgs/srv/detail/configure_system_leds__builder.hpp
[0.841s] -- Up-to-date symlink: /src/astrobee/src/install/ff_hw_msgs/include/ff_hw_msgs/srv/detail/configure_system_leds__struct.hpp
[0.841s] -- Up-to-date symlink: /src/astrobee/src/install/ff_hw_msgs/include/ff_hw_msgs/srv/detail/configure_system_leds__traits.hpp
[0.841s] -- Up-to-date symlink: /src/astrobee/src/install/ff_hw_msgs/include/ff_hw_msgs/srv/detail/get_battery_status__builder.hpp
[0.841s] -- Up-to-date symlink: /src/astrobee/src/install/ff_hw_msgs/include/ff_hw_msgs/srv/detail/get_battery_status__struct.hpp
[0.841s] -- Up-to-date symlink: /src/astrobee/src/install/ff_hw_msgs/include/ff_hw_msgs/srv/detail/get_battery_status__traits.hpp
[0.841s] -- Up-to-date symlink: /src/astrobee/src/install/ff_hw_msgs/include/ff_hw_msgs/srv/detail/get_board_info__builder.hpp
[0.841s] -- Up-to-date symlink: /src/astrobee/src/install/ff_hw_msgs/include/ff_hw_msgs/srv/detail/get_board_info__struct.hpp
[0.841s] -- Up-to-date symlink: /src/astrobee/src/install/ff_hw_msgs/include/ff_hw_msgs/srv/detail/get_board_info__traits.hpp
[0.841s] -- Up-to-date symlink: /src/astrobee/src/install/ff_hw_msgs/include/ff_hw_msgs/srv/detail/get_temperatures__builder.hpp
[0.841s] -- Up-to-date symlink: /src/astrobee/src/install/ff_hw_msgs/include/ff_hw_msgs/srv/detail/get_temperatures__struct.hpp
[0.841s] -- Up-to-date symlink: /src/astrobee/src/install/ff_hw_msgs/include/ff_hw_msgs/srv/detail/get_temperatures__traits.hpp
[0.841s] -- Up-to-date symlink: /src/astrobee/src/install/ff_hw_msgs/include/ff_hw_msgs/srv/detail/reset__builder.hpp
[0.841s] -- Up-to-date symlink: /src/astrobee/src/install/ff_hw_msgs/include/ff_hw_msgs/srv/detail/reset__struct.hpp
[0.842s] -- Up-to-date symlink: /src/astrobee/src/install/ff_hw_msgs/include/ff_hw_msgs/srv/detail/reset__traits.hpp
[0.842s] -- Up-to-date symlink: /src/astrobee/src/install/ff_hw_msgs/include/ff_hw_msgs/srv/detail/ring_buzzer__builder.hpp
[0.842s] -- Up-to-date symlink: /src/astrobee/src/install/ff_hw_msgs/include/ff_hw_msgs/srv/detail/ring_buzzer__struct.hpp
[0.842s] -- Up-to-date symlink: /src/astrobee/src/install/ff_hw_msgs/include/ff_hw_msgs/srv/detail/ring_buzzer__traits.hpp
[0.842s] -- Up-to-date symlink: /src/astrobee/src/install/ff_hw_msgs/include/ff_hw_msgs/srv/detail/set_enabled__builder.hpp
[0.842s] -- Up-to-date symlink: /src/astrobee/src/install/ff_hw_msgs/include/ff_hw_msgs/srv/detail/set_enabled__struct.hpp
[0.842s] -- Up-to-date symlink: /src/astrobee/src/install/ff_hw_msgs/include/ff_hw_msgs/srv/detail/set_enabled__traits.hpp
[0.842s] -- Up-to-date symlink: /src/astrobee/src/install/ff_hw_msgs/include/ff_hw_msgs/srv/detail/set_flashlight__builder.hpp
[0.842s] -- Up-to-date symlink: /src/astrobee/src/install/ff_hw_msgs/include/ff_hw_msgs/srv/detail/set_flashlight__struct.hpp
[0.842s] -- Up-to-date symlink: /src/astrobee/src/install/ff_hw_msgs/include/ff_hw_msgs/srv/detail/set_flashlight__traits.hpp
[0.842s] -- Up-to-date symlink: /src/astrobee/src/install/ff_hw_msgs/include/ff_hw_msgs/srv/detail/set_joint_max_velocity__builder.hpp
[0.842s] -- Up-to-date symlink: /src/astrobee/src/install/ff_hw_msgs/include/ff_hw_msgs/srv/detail/set_joint_max_velocity__struct.hpp
[0.842s] -- Up-to-date symlink: /src/astrobee/src/install/ff_hw_msgs/include/ff_hw_msgs/srv/detail/set_joint_max_velocity__traits.hpp
[0.842s] -- Up-to-date symlink: /src/astrobee/src/install/ff_hw_msgs/include/ff_hw_msgs/srv/detail/set_led_matrix__builder.hpp
[0.842s] -- Up-to-date symlink: /src/astrobee/src/install/ff_hw_msgs/include/ff_hw_msgs/srv/detail/set_led_matrix__struct.hpp
[0.842s] -- Up-to-date symlink: /src/astrobee/src/install/ff_hw_msgs/include/ff_hw_msgs/srv/detail/set_led_matrix__traits.hpp
[0.842s] -- Up-to-date symlink: /src/astrobee/src/install/ff_hw_msgs/include/ff_hw_msgs/srv/detail/undock__builder.hpp
[0.842s] -- Up-to-date symlink: /src/astrobee/src/install/ff_hw_msgs/include/ff_hw_msgs/srv/detail/undock__struct.hpp
[0.842s] -- Up-to-date symlink: /src/astrobee/src/install/ff_hw_msgs/include/ff_hw_msgs/srv/detail/undock__traits.hpp
[0.842s] -- Up-to-date symlink: /src/astrobee/src/install/ff_hw_msgs/include/ff_hw_msgs/srv/get_battery_status.hpp
[0.842s] -- Up-to-date symlink: /src/astrobee/src/install/ff_hw_msgs/include/ff_hw_msgs/srv/get_board_info.hpp
[0.842s] -- Up-to-date symlink: /src/astrobee/src/install/ff_hw_msgs/include/ff_hw_msgs/srv/get_temperatures.hpp
[0.842s] -- Up-to-date symlink: /src/astrobee/src/install/ff_hw_msgs/include/ff_hw_msgs/srv/reset.hpp
[0.842s] -- Up-to-date symlink: /src/astrobee/src/install/ff_hw_msgs/include/ff_hw_msgs/srv/ring_buzzer.hpp
[0.842s] -- Up-to-date symlink: /src/astrobee/src/install/ff_hw_msgs/include/ff_hw_msgs/srv/set_enabled.hpp
[0.842s] -- Up-to-date symlink: /src/astrobee/src/install/ff_hw_msgs/include/ff_hw_msgs/srv/set_flashlight.hpp
[0.842s] -- Up-to-date symlink: /src/astrobee/src/install/ff_hw_msgs/include/ff_hw_msgs/srv/set_joint_max_velocity.hpp
[0.842s] -- Up-to-date symlink: /src/astrobee/src/install/ff_hw_msgs/include/ff_hw_msgs/srv/set_led_matrix.hpp
[0.842s] -- Up-to-date symlink: /src/astrobee/src/install/ff_hw_msgs/include/ff_hw_msgs/srv/undock.hpp
[0.842s] -- Up-to-date symlink: /src/astrobee/src/install/ff_hw_msgs/include/ff_hw_msgs/msg/detail/arm_command__rosidl_typesupport_introspection_cpp.hpp
[0.843s] -- Up-to-date symlink: /src/astrobee/src/install/ff_hw_msgs/include/ff_hw_msgs/msg/detail/arm_state__rosidl_typesupport_introspection_cpp.hpp
[0.843s] -- Up-to-date symlink: /src/astrobee/src/install/ff_hw_msgs/include/ff_hw_msgs/msg/detail/configure_led__rosidl_typesupport_introspection_cpp.hpp
[0.843s] -- Up-to-date symlink: /src/astrobee/src/install/ff_hw_msgs/include/ff_hw_msgs/msg/detail/configure_led_group__rosidl_typesupport_introspection_cpp.hpp
[0.843s] -- Up-to-date symlink: /src/astrobee/src/install/ff_hw_msgs/include/ff_hw_msgs/msg/detail/eps_battery_location__rosidl_typesupport_introspection_cpp.hpp
[0.843s] -- Up-to-date symlink: /src/astrobee/src/install/ff_hw_msgs/include/ff_hw_msgs/msg/detail/eps_dock_state_stamped__rosidl_typesupport_introspection_cpp.hpp
[0.843s] -- Up-to-date symlink: /src/astrobee/src/install/ff_hw_msgs/include/ff_hw_msgs/msg/detail/eps_housekeeping__rosidl_typesupport_introspection_cpp.hpp
[0.843s] -- Up-to-date symlink: /src/astrobee/src/install/ff_hw_msgs/include/ff_hw_msgs/msg/detail/eps_housekeeping_value__rosidl_typesupport_introspection_cpp.hpp
[0.843s] -- Up-to-date symlink: /src/astrobee/src/install/ff_hw_msgs/include/ff_hw_msgs/msg/detail/eps_power_state__rosidl_typesupport_introspection_cpp.hpp
[0.843s] -- Up-to-date symlink: /src/astrobee/src/install/ff_hw_msgs/include/ff_hw_msgs/msg/detail/eps_power_state_value__rosidl_typesupport_introspection_cpp.hpp
[0.843s] -- Up-to-date symlink: /src/astrobee/src/install/ff_hw_msgs/include/ff_hw_msgs/msg/detail/optical_flow__rosidl_typesupport_introspection_cpp.hpp
[0.843s] -- Up-to-date symlink: /src/astrobee/src/install/ff_hw_msgs/include/ff_hw_msgs/msg/detail/pmc_command__rosidl_typesupport_introspection_cpp.hpp
[0.843s] -- Up-to-date symlink: /src/astrobee/src/install/ff_hw_msgs/include/ff_hw_msgs/msg/detail/pmc_goal__rosidl_typesupport_introspection_cpp.hpp
[0.843s] -- Up-to-date symlink: /src/astrobee/src/install/ff_hw_msgs/include/ff_hw_msgs/msg/detail/pmc_state__rosidl_typesupport_introspection_cpp.hpp
[0.843s] -- Up-to-date symlink: /src/astrobee/src/install/ff_hw_msgs/include/ff_hw_msgs/msg/detail/pmc_status__rosidl_typesupport_introspection_cpp.hpp
[0.843s] -- Up-to-date symlink: /src/astrobee/src/install/ff_hw_msgs/include/ff_hw_msgs/msg/detail/pmc_telemetry__rosidl_typesupport_introspection_cpp.hpp
[0.843s] -- Up-to-date symlink: /src/astrobee/src/install/ff_hw_msgs/include/ff_hw_msgs/msg/detail/vive_button__rosidl_typesupport_introspection_cpp.hpp
[0.843s] -- Up-to-date symlink: /src/astrobee/src/install/ff_hw_msgs/include/ff_hw_msgs/msg/detail/vive_light__rosidl_typesupport_introspection_cpp.hpp
[0.843s] -- Up-to-date symlink: /src/astrobee/src/install/ff_hw_msgs/include/ff_hw_msgs/msg/detail/vive_lighthouse__rosidl_typesupport_introspection_cpp.hpp
[0.843s] -- Up-to-date symlink: /src/astrobee/src/install/ff_hw_msgs/include/ff_hw_msgs/msg/detail/vive_lighthouses__rosidl_typesupport_introspection_cpp.hpp
[0.843s] -- Up-to-date symlink: /src/astrobee/src/install/ff_hw_msgs/include/ff_hw_msgs/msg/detail/vive_motor__rosidl_typesupport_introspection_cpp.hpp
[0.843s] -- Up-to-date symlink: /src/astrobee/src/install/ff_hw_msgs/include/ff_hw_msgs/msg/detail/vive_pulse__rosidl_typesupport_introspection_cpp.hpp
[0.843s] -- Up-to-date symlink: /src/astrobee/src/install/ff_hw_msgs/include/ff_hw_msgs/msg/detail/vive_sensor__rosidl_typesupport_introspection_cpp.hpp
[0.843s] -- Up-to-date symlink: /src/astrobee/src/install/ff_hw_msgs/include/ff_hw_msgs/msg/detail/vive_tracker__rosidl_typesupport_introspection_cpp.hpp
[0.843s] -- Up-to-date symlink: /src/astrobee/src/install/ff_hw_msgs/include/ff_hw_msgs/msg/detail/vive_trackers__rosidl_typesupport_introspection_cpp.hpp
[0.843s] -- Up-to-date symlink: /src/astrobee/src/install/ff_hw_msgs/include/ff_hw_msgs/srv/detail/calibrate_gripper__rosidl_typesupport_introspection_cpp.hpp
[0.843s] -- Up-to-date symlink: /src/astrobee/src/install/ff_hw_msgs/include/ff_hw_msgs/srv/detail/clear_terminate__rosidl_typesupport_introspection_cpp.hpp
[0.843s] -- Up-to-date symlink: /src/astrobee/src/install/ff_hw_msgs/include/ff_hw_msgs/srv/detail/configure_advanced_power__rosidl_typesupport_introspection_cpp.hpp
[0.843s] -- Up-to-date symlink: /src/astrobee/src/install/ff_hw_msgs/include/ff_hw_msgs/srv/detail/configure_payload_power__rosidl_typesupport_introspection_cpp.hpp
[0.843s] -- Up-to-date symlink: /src/astrobee/src/install/ff_hw_msgs/include/ff_hw_msgs/srv/detail/configure_system_leds__rosidl_typesupport_introspection_cpp.hpp
[0.844s] -- Up-to-date symlink: /src/astrobee/src/install/ff_hw_msgs/include/ff_hw_msgs/srv/detail/get_battery_status__rosidl_typesupport_introspection_cpp.hpp
[0.844s] -- Up-to-date symlink: /src/astrobee/src/install/ff_hw_msgs/include/ff_hw_msgs/srv/detail/get_board_info__rosidl_typesupport_introspection_cpp.hpp
[0.844s] -- Up-to-date symlink: /src/astrobee/src/install/ff_hw_msgs/include/ff_hw_msgs/srv/detail/get_temperatures__rosidl_typesupport_introspection_cpp.hpp
[0.844s] -- Up-to-date symlink: /src/astrobee/src/install/ff_hw_msgs/include/ff_hw_msgs/srv/detail/reset__rosidl_typesupport_introspection_cpp.hpp
[0.844s] -- Up-to-date symlink: /src/astrobee/src/install/ff_hw_msgs/include/ff_hw_msgs/srv/detail/ring_buzzer__rosidl_typesupport_introspection_cpp.hpp
[0.844s] -- Up-to-date symlink: /src/astrobee/src/install/ff_hw_msgs/include/ff_hw_msgs/srv/detail/set_enabled__rosidl_typesupport_introspection_cpp.hpp
[0.844s] -- Up-to-date symlink: /src/astrobee/src/install/ff_hw_msgs/include/ff_hw_msgs/srv/detail/set_flashlight__rosidl_typesupport_introspection_cpp.hpp
[0.844s] -- Up-to-date symlink: /src/astrobee/src/install/ff_hw_msgs/include/ff_hw_msgs/srv/detail/set_joint_max_velocity__rosidl_typesupport_introspection_cpp.hpp
[0.844s] -- Up-to-date symlink: /src/astrobee/src/install/ff_hw_msgs/include/ff_hw_msgs/srv/detail/set_led_matrix__rosidl_typesupport_introspection_cpp.hpp
[0.844s] -- Up-to-date symlink: /src/astrobee/src/install/ff_hw_msgs/include/ff_hw_msgs/srv/detail/undock__rosidl_typesupport_introspection_cpp.hpp
[0.844s] -- Up-to-date symlink: /src/astrobee/src/install/ff_hw_msgs/share/ff_hw_msgs/environment/pythonpath.sh
[0.844s] -- Up-to-date symlink: /src/astrobee/src/install/ff_hw_msgs/share/ff_hw_msgs/environment/pythonpath.dsv
[0.844s] -- Up-to-date symlink: /src/astrobee/src/install/ff_hw_msgs/lib/python3.8/site-packages/ff_hw_msgs-0.0.0-py3.8.egg-info/PKG-INFO
[0.844s] -- Up-to-date symlink: /src/astrobee/src/install/ff_hw_msgs/lib/python3.8/site-packages/ff_hw_msgs-0.0.0-py3.8.egg-info/SOURCES.txt
[0.844s] -- Up-to-date symlink: /src/astrobee/src/install/ff_hw_msgs/lib/python3.8/site-packages/ff_hw_msgs-0.0.0-py3.8.egg-info/dependency_links.txt
[0.844s] -- Up-to-date symlink: /src/astrobee/src/install/ff_hw_msgs/lib/python3.8/site-packages/ff_hw_msgs-0.0.0-py3.8.egg-info/top_level.txt
[0.845s] -- Up-to-date symlink: /src/astrobee/src/install/ff_hw_msgs/lib/python3.8/site-packages/ff_hw_msgs/__init__.py
[0.845s] -- Up-to-date symlink: /src/astrobee/src/install/ff_hw_msgs/lib/python3.8/site-packages/ff_hw_msgs/_ff_hw_msgs_s.ep.rosidl_typesupport_c.c
[0.845s] -- Up-to-date symlink: /src/astrobee/src/install/ff_hw_msgs/lib/python3.8/site-packages/ff_hw_msgs/_ff_hw_msgs_s.ep.rosidl_typesupport_fastrtps_c.c
[0.845s] -- Up-to-date symlink: /src/astrobee/src/install/ff_hw_msgs/lib/python3.8/site-packages/ff_hw_msgs/_ff_hw_msgs_s.ep.rosidl_typesupport_introspection_c.c
[0.845s] -- Up-to-date symlink: /src/astrobee/src/install/ff_hw_msgs/lib/python3.8/site-packages/ff_hw_msgs/ff_hw_msgs_s__rosidl_typesupport_c.cpython-38-x86_64-linux-gnu.so
[0.845s] -- Up-to-date symlink: /src/astrobee/src/install/ff_hw_msgs/lib/python3.8/site-packages/ff_hw_msgs/ff_hw_msgs_s__rosidl_typesupport_fastrtps_c.cpython-38-x86_64-linux-gnu.so
[0.845s] -- Up-to-date symlink: /src/astrobee/src/install/ff_hw_msgs/lib/python3.8/site-packages/ff_hw_msgs/ff_hw_msgs_s__rosidl_typesupport_introspection_c.cpython-38-x86_64-linux-gnu.so
[0.845s] -- Up-to-date symlink: /src/astrobee/src/install/ff_hw_msgs/lib/python3.8/site-packages/ff_hw_msgs/libff_hw_msgs__rosidl_generator_py.so
[0.845s] -- Up-to-date symlink: /src/astrobee/src/install/ff_hw_msgs/lib/python3.8/site-packages/ff_hw_msgs/msg/__init__.py
[0.845s] -- Up-to-date symlink: /src/astrobee/src/install/ff_hw_msgs/lib/python3.8/site-packages/ff_hw_msgs/msg/_arm_command.py
[0.845s] -- Up-to-date symlink: /src/astrobee/src/install/ff_hw_msgs/lib/python3.8/site-packages/ff_hw_msgs/msg/_arm_command_s.c
[0.845s] -- Up-to-date symlink: /src/astrobee/src/install/ff_hw_msgs/lib/python3.8/site-packages/ff_hw_msgs/msg/_arm_state.py
[0.845s] -- Up-to-date symlink: /src/astrobee/src/install/ff_hw_msgs/lib/python3.8/site-packages/ff_hw_msgs/msg/_arm_state_s.c
[0.845s] -- Up-to-date symlink: /src/astrobee/src/install/ff_hw_msgs/lib/python3.8/site-packages/ff_hw_msgs/msg/_configure_led.py
[0.845s] -- Up-to-date symlink: /src/astrobee/src/install/ff_hw_msgs/lib/python3.8/site-packages/ff_hw_msgs/msg/_configure_led_group.py
[0.845s] -- Up-to-date symlink: /src/astrobee/src/install/ff_hw_msgs/lib/python3.8/site-packages/ff_hw_msgs/msg/_configure_led_group_s.c
[0.845s] -- Up-to-date symlink: /src/astrobee/src/install/ff_hw_msgs/lib/python3.8/site-packages/ff_hw_msgs/msg/_configure_led_s.c
[0.845s] -- Up-to-date symlink: /src/astrobee/src/install/ff_hw_msgs/lib/python3.8/site-packages/ff_hw_msgs/msg/_eps_battery_location.py
[0.845s] -- Up-to-date symlink: /src/astrobee/src/install/ff_hw_msgs/lib/python3.8/site-packages/ff_hw_msgs/msg/_eps_battery_location_s.c
[0.845s] -- Up-to-date symlink: /src/astrobee/src/install/ff_hw_msgs/lib/python3.8/site-packages/ff_hw_msgs/msg/_eps_dock_state_stamped.py
[0.845s] -- Up-to-date symlink: /src/astrobee/src/install/ff_hw_msgs/lib/python3.8/site-packages/ff_hw_msgs/msg/_eps_dock_state_stamped_s.c
[0.845s] -- Up-to-date symlink: /src/astrobee/src/install/ff_hw_msgs/lib/python3.8/site-packages/ff_hw_msgs/msg/_eps_housekeeping.py
[0.845s] -- Up-to-date symlink: /src/astrobee/src/install/ff_hw_msgs/lib/python3.8/site-packages/ff_hw_msgs/msg/_eps_housekeeping_s.c
[0.845s] -- Up-to-date symlink: /src/astrobee/src/install/ff_hw_msgs/lib/python3.8/site-packages/ff_hw_msgs/msg/_eps_housekeeping_value.py
[0.845s] -- Up-to-date symlink: /src/astrobee/src/install/ff_hw_msgs/lib/python3.8/site-packages/ff_hw_msgs/msg/_eps_housekeeping_value_s.c
[0.845s] -- Up-to-date symlink: /src/astrobee/src/install/ff_hw_msgs/lib/python3.8/site-packages/ff_hw_msgs/msg/_eps_power_state.py
[0.845s] -- Up-to-date symlink: /src/astrobee/src/install/ff_hw_msgs/lib/python3.8/site-packages/ff_hw_msgs/msg/_eps_power_state_s.c
[0.846s] -- Up-to-date symlink: /src/astrobee/src/install/ff_hw_msgs/lib/python3.8/site-packages/ff_hw_msgs/msg/_eps_power_state_value.py
[0.846s] -- Up-to-date symlink: /src/astrobee/src/install/ff_hw_msgs/lib/python3.8/site-packages/ff_hw_msgs/msg/_eps_power_state_value_s.c
[0.846s] -- Up-to-date symlink: /src/astrobee/src/install/ff_hw_msgs/lib/python3.8/site-packages/ff_hw_msgs/msg/_optical_flow.py
[0.846s] -- Up-to-date symlink: /src/astrobee/src/install/ff_hw_msgs/lib/python3.8/site-packages/ff_hw_msgs/msg/_optical_flow_s.c
[0.846s] -- Up-to-date symlink: /src/astrobee/src/install/ff_hw_msgs/lib/python3.8/site-packages/ff_hw_msgs/msg/_pmc_command.py
[0.846s] -- Up-to-date symlink: /src/astrobee/src/install/ff_hw_msgs/lib/python3.8/site-packages/ff_hw_msgs/msg/_pmc_command_s.c
[0.846s] -- Up-to-date symlink: /src/astrobee/src/install/ff_hw_msgs/lib/python3.8/site-packages/ff_hw_msgs/msg/_pmc_goal.py
[0.846s] -- Up-to-date symlink: /src/astrobee/src/install/ff_hw_msgs/lib/python3.8/site-packages/ff_hw_msgs/msg/_pmc_goal_s.c
[0.846s] -- Up-to-date symlink: /src/astrobee/src/install/ff_hw_msgs/lib/python3.8/site-packages/ff_hw_msgs/msg/_pmc_state.py
[0.846s] -- Up-to-date symlink: /src/astrobee/src/install/ff_hw_msgs/lib/python3.8/site-packages/ff_hw_msgs/msg/_pmc_state_s.c
[0.846s] -- Up-to-date symlink: /src/astrobee/src/install/ff_hw_msgs/lib/python3.8/site-packages/ff_hw_msgs/msg/_pmc_status.py
[0.846s] -- Up-to-date symlink: /src/astrobee/src/install/ff_hw_msgs/lib/python3.8/site-packages/ff_hw_msgs/msg/_pmc_status_s.c
[0.846s] -- Up-to-date symlink: /src/astrobee/src/install/ff_hw_msgs/lib/python3.8/site-packages/ff_hw_msgs/msg/_pmc_telemetry.py
[0.846s] -- Up-to-date symlink: /src/astrobee/src/install/ff_hw_msgs/lib/python3.8/site-packages/ff_hw_msgs/msg/_pmc_telemetry_s.c
[0.846s] -- Up-to-date symlink: /src/astrobee/src/install/ff_hw_msgs/lib/python3.8/site-packages/ff_hw_msgs/msg/_vive_button.py
[0.846s] -- Up-to-date symlink: /src/astrobee/src/install/ff_hw_msgs/lib/python3.8/site-packages/ff_hw_msgs/msg/_vive_button_s.c
[0.846s] -- Up-to-date symlink: /src/astrobee/src/install/ff_hw_msgs/lib/python3.8/site-packages/ff_hw_msgs/msg/_vive_light.py
[0.846s] -- Up-to-date symlink: /src/astrobee/src/install/ff_hw_msgs/lib/python3.8/site-packages/ff_hw_msgs/msg/_vive_light_s.c
[0.846s] -- Up-to-date symlink: /src/astrobee/src/install/ff_hw_msgs/lib/python3.8/site-packages/ff_hw_msgs/msg/_vive_lighthouse.py
[0.846s] -- Up-to-date symlink: /src/astrobee/src/install/ff_hw_msgs/lib/python3.8/site-packages/ff_hw_msgs/msg/_vive_lighthouse_s.c
[0.846s] -- Up-to-date symlink: /src/astrobee/src/install/ff_hw_msgs/lib/python3.8/site-packages/ff_hw_msgs/msg/_vive_lighthouses.py
[0.846s] -- Up-to-date symlink: /src/astrobee/src/install/ff_hw_msgs/lib/python3.8/site-packages/ff_hw_msgs/msg/_vive_lighthouses_s.c
[0.846s] -- Up-to-date symlink: /src/astrobee/src/install/ff_hw_msgs/lib/python3.8/site-packages/ff_hw_msgs/msg/_vive_motor.py
[0.846s] -- Up-to-date symlink: /src/astrobee/src/install/ff_hw_msgs/lib/python3.8/site-packages/ff_hw_msgs/msg/_vive_motor_s.c
[0.846s] -- Up-to-date symlink: /src/astrobee/src/install/ff_hw_msgs/lib/python3.8/site-packages/ff_hw_msgs/msg/_vive_pulse.py
[0.846s] -- Up-to-date symlink: /src/astrobee/src/install/ff_hw_msgs/lib/python3.8/site-packages/ff_hw_msgs/msg/_vive_pulse_s.c
[0.846s] -- Up-to-date symlink: /src/astrobee/src/install/ff_hw_msgs/lib/python3.8/site-packages/ff_hw_msgs/msg/_vive_sensor.py
[0.846s] -- Up-to-date symlink: /src/astrobee/src/install/ff_hw_msgs/lib/python3.8/site-packages/ff_hw_msgs/msg/_vive_sensor_s.c
[0.847s] -- Up-to-date symlink: /src/astrobee/src/install/ff_hw_msgs/lib/python3.8/site-packages/ff_hw_msgs/msg/_vive_tracker.py
[0.847s] -- Up-to-date symlink: /src/astrobee/src/install/ff_hw_msgs/lib/python3.8/site-packages/ff_hw_msgs/msg/_vive_tracker_s.c
[0.847s] -- Up-to-date symlink: /src/astrobee/src/install/ff_hw_msgs/lib/python3.8/site-packages/ff_hw_msgs/msg/_vive_trackers.py
[0.847s] -- Up-to-date symlink: /src/astrobee/src/install/ff_hw_msgs/lib/python3.8/site-packages/ff_hw_msgs/msg/_vive_trackers_s.c
[0.847s] -- Up-to-date symlink: /src/astrobee/src/install/ff_hw_msgs/lib/python3.8/site-packages/ff_hw_msgs/srv/__init__.py
[0.847s] -- Up-to-date symlink: /src/astrobee/src/install/ff_hw_msgs/lib/python3.8/site-packages/ff_hw_msgs/srv/_calibrate_gripper.py
[0.847s] -- Up-to-date symlink: /src/astrobee/src/install/ff_hw_msgs/lib/python3.8/site-packages/ff_hw_msgs/srv/_calibrate_gripper_s.c
[0.847s] -- Up-to-date symlink: /src/astrobee/src/install/ff_hw_msgs/lib/python3.8/site-packages/ff_hw_msgs/srv/_clear_terminate.py
[0.847s] -- Up-to-date symlink: /src/astrobee/src/install/ff_hw_msgs/lib/python3.8/site-packages/ff_hw_msgs/srv/_clear_terminate_s.c
[0.847s] -- Up-to-date symlink: /src/astrobee/src/install/ff_hw_msgs/lib/python3.8/site-packages/ff_hw_msgs/srv/_configure_advanced_power.py
[0.847s] -- Up-to-date symlink: /src/astrobee/src/install/ff_hw_msgs/lib/python3.8/site-packages/ff_hw_msgs/srv/_configure_advanced_power_s.c
[0.847s] -- Up-to-date symlink: /src/astrobee/src/install/ff_hw_msgs/lib/python3.8/site-packages/ff_hw_msgs/srv/_configure_payload_power.py
[0.847s] -- Up-to-date symlink: /src/astrobee/src/install/ff_hw_msgs/lib/python3.8/site-packages/ff_hw_msgs/srv/_configure_payload_power_s.c
[0.847s] -- Up-to-date symlink: /src/astrobee/src/install/ff_hw_msgs/lib/python3.8/site-packages/ff_hw_msgs/srv/_configure_system_leds.py
[0.847s] -- Up-to-date symlink: /src/astrobee/src/install/ff_hw_msgs/lib/python3.8/site-packages/ff_hw_msgs/srv/_configure_system_leds_s.c
[0.847s] -- Up-to-date symlink: /src/astrobee/src/install/ff_hw_msgs/lib/python3.8/site-packages/ff_hw_msgs/srv/_get_battery_status.py
[0.847s] -- Up-to-date symlink: /src/astrobee/src/install/ff_hw_msgs/lib/python3.8/site-packages/ff_hw_msgs/srv/_get_battery_status_s.c
[0.847s] -- Up-to-date symlink: /src/astrobee/src/install/ff_hw_msgs/lib/python3.8/site-packages/ff_hw_msgs/srv/_get_board_info.py
[0.847s] -- Up-to-date symlink: /src/astrobee/src/install/ff_hw_msgs/lib/python3.8/site-packages/ff_hw_msgs/srv/_get_board_info_s.c
[0.847s] -- Up-to-date symlink: /src/astrobee/src/install/ff_hw_msgs/lib/python3.8/site-packages/ff_hw_msgs/srv/_get_temperatures.py
[0.847s] -- Up-to-date symlink: /src/astrobee/src/install/ff_hw_msgs/lib/python3.8/site-packages/ff_hw_msgs/srv/_get_temperatures_s.c
[0.847s] -- Up-to-date symlink: /src/astrobee/src/install/ff_hw_msgs/lib/python3.8/site-packages/ff_hw_msgs/srv/_reset.py
[0.847s] -- Up-to-date symlink: /src/astrobee/src/install/ff_hw_msgs/lib/python3.8/site-packages/ff_hw_msgs/srv/_reset_s.c
[0.847s] -- Up-to-date symlink: /src/astrobee/src/install/ff_hw_msgs/lib/python3.8/site-packages/ff_hw_msgs/srv/_ring_buzzer.py
[0.847s] -- Up-to-date symlink: /src/astrobee/src/install/ff_hw_msgs/lib/python3.8/site-packages/ff_hw_msgs/srv/_ring_buzzer_s.c
[0.847s] -- Up-to-date symlink: /src/astrobee/src/install/ff_hw_msgs/lib/python3.8/site-packages/ff_hw_msgs/srv/_set_enabled.py
[0.847s] -- Up-to-date symlink: /src/astrobee/src/install/ff_hw_msgs/lib/python3.8/site-packages/ff_hw_msgs/srv/_set_enabled_s.c
[0.847s] -- Up-to-date symlink: /src/astrobee/src/install/ff_hw_msgs/lib/python3.8/site-packages/ff_hw_msgs/srv/_set_flashlight.py
[0.848s] -- Up-to-date symlink: /src/astrobee/src/install/ff_hw_msgs/lib/python3.8/site-packages/ff_hw_msgs/srv/_set_flashlight_s.c
[0.848s] -- Up-to-date symlink: /src/astrobee/src/install/ff_hw_msgs/lib/python3.8/site-packages/ff_hw_msgs/srv/_set_joint_max_velocity.py
[0.848s] -- Up-to-date symlink: /src/astrobee/src/install/ff_hw_msgs/lib/python3.8/site-packages/ff_hw_msgs/srv/_set_joint_max_velocity_s.c
[0.848s] -- Up-to-date symlink: /src/astrobee/src/install/ff_hw_msgs/lib/python3.8/site-packages/ff_hw_msgs/srv/_set_led_matrix.py
[0.848s] -- Up-to-date symlink: /src/astrobee/src/install/ff_hw_msgs/lib/python3.8/site-packages/ff_hw_msgs/srv/_set_led_matrix_s.c
[0.848s] -- Up-to-date symlink: /src/astrobee/src/install/ff_hw_msgs/lib/python3.8/site-packages/ff_hw_msgs/srv/_undock.py
[0.848s] -- Up-to-date symlink: /src/astrobee/src/install/ff_hw_msgs/lib/python3.8/site-packages/ff_hw_msgs/srv/_undock_s.c
[0.848s] -- Up-to-date symlink: /src/astrobee/src/install/ff_hw_msgs/lib/python3.8/site-packages/ff_hw_msgs/ff_hw_msgs_s__rosidl_typesupport_fastrtps_c.cpython-38-x86_64-linux-gnu.so
[0.848s] -- Up-to-date symlink: /src/astrobee/src/install/ff_hw_msgs/lib/python3.8/site-packages/ff_hw_msgs/ff_hw_msgs_s__rosidl_typesupport_introspection_c.cpython-38-x86_64-linux-gnu.so
[0.848s] -- Up-to-date symlink: /src/astrobee/src/install/ff_hw_msgs/lib/python3.8/site-packages/ff_hw_msgs/ff_hw_msgs_s__rosidl_typesupport_c.cpython-38-x86_64-linux-gnu.so
[0.848s] -- Up-to-date symlink: /src/astrobee/src/install/ff_hw_msgs/share/ff_hw_msgs/msg/ArmCommand.idl
[0.848s] -- Up-to-date symlink: /src/astrobee/src/install/ff_hw_msgs/share/ff_hw_msgs/msg/ArmState.idl
[0.848s] -- Up-to-date symlink: /src/astrobee/src/install/ff_hw_msgs/share/ff_hw_msgs/msg/ConfigureLED.idl
[0.848s] -- Up-to-date symlink: /src/astrobee/src/install/ff_hw_msgs/share/ff_hw_msgs/msg/ConfigureLEDGroup.idl
[0.848s] -- Up-to-date symlink: /src/astrobee/src/install/ff_hw_msgs/share/ff_hw_msgs/msg/EpsBatteryLocation.idl
[0.848s] -- Up-to-date symlink: /src/astrobee/src/install/ff_hw_msgs/share/ff_hw_msgs/msg/EpsDockStateStamped.idl
[0.848s] -- Up-to-date symlink: /src/astrobee/src/install/ff_hw_msgs/share/ff_hw_msgs/msg/EpsHousekeeping.idl
[0.848s] -- Up-to-date symlink: /src/astrobee/src/install/ff_hw_msgs/share/ff_hw_msgs/msg/EpsHousekeepingValue.idl
[0.848s] -- Up-to-date symlink: /src/astrobee/src/install/ff_hw_msgs/share/ff_hw_msgs/msg/EpsPowerState.idl
[0.848s] -- Up-to-date symlink: /src/astrobee/src/install/ff_hw_msgs/share/ff_hw_msgs/msg/EpsPowerStateValue.idl
[0.848s] -- Up-to-date symlink: /src/astrobee/src/install/ff_hw_msgs/share/ff_hw_msgs/msg/OpticalFlow.idl
[0.848s] -- Up-to-date symlink: /src/astrobee/src/install/ff_hw_msgs/share/ff_hw_msgs/msg/PmcCommand.idl
[0.848s] -- Up-to-date symlink: /src/astrobee/src/install/ff_hw_msgs/share/ff_hw_msgs/msg/PmcGoal.idl
[0.848s] -- Up-to-date symlink: /src/astrobee/src/install/ff_hw_msgs/share/ff_hw_msgs/msg/PmcState.idl
[0.848s] -- Up-to-date symlink: /src/astrobee/src/install/ff_hw_msgs/share/ff_hw_msgs/msg/PmcStatus.idl
[0.848s] -- Up-to-date symlink: /src/astrobee/src/install/ff_hw_msgs/share/ff_hw_msgs/msg/PmcTelemetry.idl
[0.848s] -- Up-to-date symlink: /src/astrobee/src/install/ff_hw_msgs/share/ff_hw_msgs/msg/ViveButton.idl
[0.849s] -- Up-to-date symlink: /src/astrobee/src/install/ff_hw_msgs/share/ff_hw_msgs/msg/ViveLight.idl
[0.849s] -- Up-to-date symlink: /src/astrobee/src/install/ff_hw_msgs/share/ff_hw_msgs/msg/ViveLighthouse.idl
[0.849s] -- Up-to-date symlink: /src/astrobee/src/install/ff_hw_msgs/share/ff_hw_msgs/msg/ViveLighthouses.idl
[0.849s] -- Up-to-date symlink: /src/astrobee/src/install/ff_hw_msgs/share/ff_hw_msgs/msg/ViveMotor.idl
[0.849s] -- Up-to-date symlink: /src/astrobee/src/install/ff_hw_msgs/share/ff_hw_msgs/msg/VivePulse.idl
[0.849s] -- Up-to-date symlink: /src/astrobee/src/install/ff_hw_msgs/share/ff_hw_msgs/msg/ViveSensor.idl
[0.849s] -- Up-to-date symlink: /src/astrobee/src/install/ff_hw_msgs/share/ff_hw_msgs/msg/ViveTracker.idl
[0.849s] -- Up-to-date symlink: /src/astrobee/src/install/ff_hw_msgs/share/ff_hw_msgs/msg/ViveTrackers.idl
[0.849s] -- Up-to-date symlink: /src/astrobee/src/install/ff_hw_msgs/share/ff_hw_msgs/srv/CalibrateGripper.idl
[0.849s] -- Up-to-date symlink: /src/astrobee/src/install/ff_hw_msgs/share/ff_hw_msgs/srv/ClearTerminate.idl
[0.849s] -- Up-to-date symlink: /src/astrobee/src/install/ff_hw_msgs/share/ff_hw_msgs/srv/ConfigureAdvancedPower.idl
[0.849s] -- Up-to-date symlink: /src/astrobee/src/install/ff_hw_msgs/share/ff_hw_msgs/srv/ConfigurePayloadPower.idl
[0.849s] -- Up-to-date symlink: /src/astrobee/src/install/ff_hw_msgs/share/ff_hw_msgs/srv/ConfigureSystemLeds.idl
[0.849s] -- Up-to-date symlink: /src/astrobee/src/install/ff_hw_msgs/share/ff_hw_msgs/srv/GetBatteryStatus.idl
[0.849s] -- Up-to-date symlink: /src/astrobee/src/install/ff_hw_msgs/share/ff_hw_msgs/srv/GetBoardInfo.idl
[0.849s] -- Up-to-date symlink: /src/astrobee/src/install/ff_hw_msgs/share/ff_hw_msgs/srv/GetTemperatures.idl
[0.849s] -- Up-to-date symlink: /src/astrobee/src/install/ff_hw_msgs/share/ff_hw_msgs/srv/Reset.idl
[0.849s] -- Up-to-date symlink: /src/astrobee/src/install/ff_hw_msgs/share/ff_hw_msgs/srv/RingBuzzer.idl
[0.849s] -- Up-to-date symlink: /src/astrobee/src/install/ff_hw_msgs/share/ff_hw_msgs/srv/SetEnabled.idl
[0.849s] -- Up-to-date symlink: /src/astrobee/src/install/ff_hw_msgs/share/ff_hw_msgs/srv/SetFlashlight.idl
[0.849s] -- Up-to-date symlink: /src/astrobee/src/install/ff_hw_msgs/share/ff_hw_msgs/srv/SetJointMaxVelocity.idl
[0.849s] -- Up-to-date symlink: /src/astrobee/src/install/ff_hw_msgs/share/ff_hw_msgs/srv/SetLedMatrix.idl
[0.849s] -- Up-to-date symlink: /src/astrobee/src/install/ff_hw_msgs/share/ff_hw_msgs/srv/Undock.idl
[0.849s] -- Up-to-date symlink: /src/astrobee/src/install/ff_hw_msgs/share/ff_hw_msgs/msg/ArmCommand.msg
[0.850s] -- Up-to-date symlink: /src/astrobee/src/install/ff_hw_msgs/share/ff_hw_msgs/msg/ArmState.msg
[0.850s] -- Up-to-date symlink: /src/astrobee/src/install/ff_hw_msgs/share/ff_hw_msgs/msg/ConfigureLED.msg
[0.850s] -- Up-to-date symlink: /src/astrobee/src/install/ff_hw_msgs/share/ff_hw_msgs/msg/ConfigureLEDGroup.msg
[0.850s] -- Up-to-date symlink: /src/astrobee/src/install/ff_hw_msgs/share/ff_hw_msgs/msg/EpsBatteryLocation.msg
[0.850s] -- Up-to-date symlink: /src/astrobee/src/install/ff_hw_msgs/share/ff_hw_msgs/msg/EpsDockStateStamped.msg
[0.850s] -- Up-to-date symlink: /src/astrobee/src/install/ff_hw_msgs/share/ff_hw_msgs/msg/EpsHousekeeping.msg
[0.850s] -- Up-to-date symlink: /src/astrobee/src/install/ff_hw_msgs/share/ff_hw_msgs/msg/EpsHousekeepingValue.msg
[0.850s] -- Up-to-date symlink: /src/astrobee/src/install/ff_hw_msgs/share/ff_hw_msgs/msg/EpsPowerState.msg
[0.850s] -- Up-to-date symlink: /src/astrobee/src/install/ff_hw_msgs/share/ff_hw_msgs/msg/EpsPowerStateValue.msg
[0.850s] -- Up-to-date symlink: /src/astrobee/src/install/ff_hw_msgs/share/ff_hw_msgs/msg/OpticalFlow.msg
[0.850s] -- Up-to-date symlink: /src/astrobee/src/install/ff_hw_msgs/share/ff_hw_msgs/msg/PmcCommand.msg
[0.850s] -- Up-to-date symlink: /src/astrobee/src/install/ff_hw_msgs/share/ff_hw_msgs/msg/PmcGoal.msg
[0.850s] -- Up-to-date symlink: /src/astrobee/src/install/ff_hw_msgs/share/ff_hw_msgs/msg/PmcState.msg
[0.850s] -- Up-to-date symlink: /src/astrobee/src/install/ff_hw_msgs/share/ff_hw_msgs/msg/PmcStatus.msg
[0.850s] -- Up-to-date symlink: /src/astrobee/src/install/ff_hw_msgs/share/ff_hw_msgs/msg/PmcTelemetry.msg
[0.850s] -- Up-to-date symlink: /src/astrobee/src/install/ff_hw_msgs/share/ff_hw_msgs/msg/ViveButton.msg
[0.850s] -- Up-to-date symlink: /src/astrobee/src/install/ff_hw_msgs/share/ff_hw_msgs/msg/ViveLight.msg
[0.850s] -- Up-to-date symlink: /src/astrobee/src/install/ff_hw_msgs/share/ff_hw_msgs/msg/ViveLighthouse.msg
[0.850s] -- Up-to-date symlink: /src/astrobee/src/install/ff_hw_msgs/share/ff_hw_msgs/msg/ViveLighthouses.msg
[0.850s] -- Up-to-date symlink: /src/astrobee/src/install/ff_hw_msgs/share/ff_hw_msgs/msg/ViveMotor.msg
[0.850s] -- Up-to-date symlink: /src/astrobee/src/install/ff_hw_msgs/share/ff_hw_msgs/msg/VivePulse.msg
[0.851s] -- Up-to-date symlink: /src/astrobee/src/install/ff_hw_msgs/share/ff_hw_msgs/msg/ViveSensor.msg
[0.851s] -- Up-to-date symlink: /src/astrobee/src/install/ff_hw_msgs/share/ff_hw_msgs/msg/ViveTracker.msg
[0.851s] -- Up-to-date symlink: /src/astrobee/src/install/ff_hw_msgs/share/ff_hw_msgs/msg/ViveTrackers.msg
[0.851s] -- Up-to-date symlink: /src/astrobee/src/install/ff_hw_msgs/share/ff_hw_msgs/srv/CalibrateGripper.srv
[0.851s] -- Up-to-date symlink: /src/astrobee/src/install/ff_hw_msgs/share/ff_hw_msgs/srv/CalibrateGripper_Request.msg
[0.851s] -- Up-to-date symlink: /src/astrobee/src/install/ff_hw_msgs/share/ff_hw_msgs/srv/CalibrateGripper_Response.msg
[0.851s] -- Up-to-date symlink: /src/astrobee/src/install/ff_hw_msgs/share/ff_hw_msgs/srv/ClearTerminate.srv
[0.851s] -- Up-to-date symlink: /src/astrobee/src/install/ff_hw_msgs/share/ff_hw_msgs/srv/ClearTerminate_Request.msg
[0.851s] -- Up-to-date symlink: /src/astrobee/src/install/ff_hw_msgs/share/ff_hw_msgs/srv/ClearTerminate_Response.msg
[0.852s] -- Up-to-date symlink: /src/astrobee/src/install/ff_hw_msgs/share/ff_hw_msgs/srv/ConfigureAdvancedPower.srv
[0.852s] -- Up-to-date symlink: /src/astrobee/src/install/ff_hw_msgs/share/ff_hw_msgs/srv/ConfigureAdvancedPower_Request.msg
[0.852s] -- Up-to-date symlink: /src/astrobee/src/install/ff_hw_msgs/share/ff_hw_msgs/srv/ConfigureAdvancedPower_Response.msg
[0.852s] -- Up-to-date symlink: /src/astrobee/src/install/ff_hw_msgs/share/ff_hw_msgs/srv/ConfigurePayloadPower.srv
[0.852s] -- Up-to-date symlink: /src/astrobee/src/install/ff_hw_msgs/share/ff_hw_msgs/srv/ConfigurePayloadPower_Request.msg
[0.852s] -- Up-to-date symlink: /src/astrobee/src/install/ff_hw_msgs/share/ff_hw_msgs/srv/ConfigurePayloadPower_Response.msg
[0.852s] -- Up-to-date symlink: /src/astrobee/src/install/ff_hw_msgs/share/ff_hw_msgs/srv/ConfigureSystemLeds.srv
[0.852s] -- Up-to-date symlink: /src/astrobee/src/install/ff_hw_msgs/share/ff_hw_msgs/srv/ConfigureSystemLeds_Request.msg
[0.853s] -- Up-to-date symlink: /src/astrobee/src/install/ff_hw_msgs/share/ff_hw_msgs/srv/ConfigureSystemLeds_Response.msg
[0.853s] -- Up-to-date symlink: /src/astrobee/src/install/ff_hw_msgs/share/ff_hw_msgs/srv/GetBatteryStatus.srv
[0.853s] -- Up-to-date symlink: /src/astrobee/src/install/ff_hw_msgs/share/ff_hw_msgs/srv/GetBatteryStatus_Request.msg
[0.853s] -- Up-to-date symlink: /src/astrobee/src/install/ff_hw_msgs/share/ff_hw_msgs/srv/GetBatteryStatus_Response.msg
[0.853s] -- Up-to-date symlink: /src/astrobee/src/install/ff_hw_msgs/share/ff_hw_msgs/srv/GetBoardInfo.srv
[0.853s] -- Up-to-date symlink: /src/astrobee/src/install/ff_hw_msgs/share/ff_hw_msgs/srv/GetBoardInfo_Request.msg
[0.853s] -- Up-to-date symlink: /src/astrobee/src/install/ff_hw_msgs/share/ff_hw_msgs/srv/GetBoardInfo_Response.msg
[0.853s] -- Up-to-date symlink: /src/astrobee/src/install/ff_hw_msgs/share/ff_hw_msgs/srv/GetTemperatures.srv
[0.853s] -- Up-to-date symlink: /src/astrobee/src/install/ff_hw_msgs/share/ff_hw_msgs/srv/GetTemperatures_Request.msg
[0.854s] -- Up-to-date symlink: /src/astrobee/src/install/ff_hw_msgs/share/ff_hw_msgs/srv/GetTemperatures_Response.msg
[0.854s] -- Up-to-date symlink: /src/astrobee/src/install/ff_hw_msgs/share/ff_hw_msgs/srv/Reset.srv
[0.854s] -- Up-to-date symlink: /src/astrobee/src/install/ff_hw_msgs/share/ff_hw_msgs/srv/Reset_Request.msg
[0.854s] -- Up-to-date symlink: /src/astrobee/src/install/ff_hw_msgs/share/ff_hw_msgs/srv/Reset_Response.msg
[0.854s] -- Up-to-date symlink: /src/astrobee/src/install/ff_hw_msgs/share/ff_hw_msgs/srv/RingBuzzer.srv
[0.854s] -- Up-to-date symlink: /src/astrobee/src/install/ff_hw_msgs/share/ff_hw_msgs/srv/RingBuzzer_Request.msg
[0.854s] -- Up-to-date symlink: /src/astrobee/src/install/ff_hw_msgs/share/ff_hw_msgs/srv/RingBuzzer_Response.msg
[0.854s] -- Up-to-date symlink: /src/astrobee/src/install/ff_hw_msgs/share/ff_hw_msgs/srv/SetEnabled.srv
[0.854s] -- Up-to-date symlink: /src/astrobee/src/install/ff_hw_msgs/share/ff_hw_msgs/srv/SetEnabled_Request.msg
[0.855s] -- Up-to-date symlink: /src/astrobee/src/install/ff_hw_msgs/share/ff_hw_msgs/srv/SetEnabled_Response.msg
[0.855s] -- Up-to-date symlink: /src/astrobee/src/install/ff_hw_msgs/share/ff_hw_msgs/srv/SetFlashlight.srv
[0.855s] -- Up-to-date symlink: /src/astrobee/src/install/ff_hw_msgs/share/ff_hw_msgs/srv/SetFlashlight_Request.msg
[0.855s] -- Up-to-date symlink: /src/astrobee/src/install/ff_hw_msgs/share/ff_hw_msgs/srv/SetFlashlight_Response.msg
[0.855s] -- Up-to-date symlink: /src/astrobee/src/install/ff_hw_msgs/share/ff_hw_msgs/srv/SetJointMaxVelocity.srv
[0.855s] -- Up-to-date symlink: /src/astrobee/src/install/ff_hw_msgs/share/ff_hw_msgs/srv/SetJointMaxVelocity_Request.msg
[0.855s] -- Up-to-date symlink: /src/astrobee/src/install/ff_hw_msgs/share/ff_hw_msgs/srv/SetJointMaxVelocity_Response.msg
[0.855s] -- Up-to-date symlink: /src/astrobee/src/install/ff_hw_msgs/share/ff_hw_msgs/srv/SetLedMatrix.srv
[0.856s] -- Up-to-date symlink: /src/astrobee/src/install/ff_hw_msgs/share/ff_hw_msgs/srv/SetLedMatrix_Request.msg
[0.856s] -- Up-to-date symlink: /src/astrobee/src/install/ff_hw_msgs/share/ff_hw_msgs/srv/SetLedMatrix_Response.msg
[0.856s] -- Up-to-date symlink: /src/astrobee/src/install/ff_hw_msgs/share/ff_hw_msgs/srv/Undock.srv
[0.856s] -- Up-to-date symlink: /src/astrobee/src/install/ff_hw_msgs/share/ff_hw_msgs/srv/Undock_Request.msg
[0.856s] -- Up-to-date symlink: /src/astrobee/src/install/ff_hw_msgs/share/ff_hw_msgs/srv/Undock_Response.msg
[0.856s] -- Up-to-date symlink: /src/astrobee/src/install/ff_hw_msgs/share/ament_index/resource_index/package_run_dependencies/ff_hw_msgs
[0.856s] -- Up-to-date symlink: /src/astrobee/src/install/ff_hw_msgs/share/ament_index/resource_index/parent_prefix_path/ff_hw_msgs
[0.856s] -- Up-to-date symlink: /src/astrobee/src/install/ff_hw_msgs/share/ff_hw_msgs/environment/ament_prefix_path.sh
[0.856s] -- Up-to-date symlink: /src/astrobee/src/install/ff_hw_msgs/share/ff_hw_msgs/environment/ament_prefix_path.dsv
[0.857s] -- Up-to-date symlink: /src/astrobee/src/install/ff_hw_msgs/share/ff_hw_msgs/environment/path.sh
[0.857s] -- Up-to-date symlink: /src/astrobee/src/install/ff_hw_msgs/share/ff_hw_msgs/environment/path.dsv
[0.857s] -- Up-to-date symlink: /src/astrobee/src/install/ff_hw_msgs/share/ff_hw_msgs/local_setup.bash
[0.857s] -- Up-to-date symlink: /src/astrobee/src/install/ff_hw_msgs/share/ff_hw_msgs/local_setup.sh
[0.857s] -- Up-to-date symlink: /src/astrobee/src/install/ff_hw_msgs/share/ff_hw_msgs/local_setup.zsh
[0.857s] -- Up-to-date symlink: /src/astrobee/src/install/ff_hw_msgs/share/ff_hw_msgs/local_setup.dsv
[0.857s] -- Symlinking: /src/astrobee/src/install/ff_hw_msgs/share/ff_hw_msgs/package.dsv
[0.863s] -- Up-to-date symlink: /src/astrobee/src/install/ff_hw_msgs/share/ament_index/resource_index/packages/ff_hw_msgs
[0.864s] -- Up-to-date symlink: /src/astrobee/src/install/ff_hw_msgs/share/ff_hw_msgs/cmake/rosidl_cmake-extras.cmake
[0.864s] -- Up-to-date symlink: /src/astrobee/src/install/ff_hw_msgs/share/ff_hw_msgs/cmake/ament_cmake_export_dependencies-extras.cmake
[0.864s] -- Up-to-date symlink: /src/astrobee/src/install/ff_hw_msgs/share/ff_hw_msgs/cmake/ament_cmake_export_libraries-extras.cmake
[0.864s] -- Up-to-date symlink: /src/astrobee/src/install/ff_hw_msgs/share/ff_hw_msgs/cmake/ament_cmake_export_targets-extras.cmake
[0.864s] -- Up-to-date symlink: /src/astrobee/src/install/ff_hw_msgs/share/ff_hw_msgs/cmake/ament_cmake_export_include_directories-extras.cmake
[0.864s] -- Up-to-date symlink: /src/astrobee/src/install/ff_hw_msgs/share/ff_hw_msgs/cmake/rosidl_cmake_export_typesupport_libraries-extras.cmake
[0.864s] -- Up-to-date symlink: /src/astrobee/src/install/ff_hw_msgs/share/ff_hw_msgs/cmake/rosidl_cmake_export_typesupport_targets-extras.cmake
[0.864s] -- Up-to-date symlink: /src/astrobee/src/install/ff_hw_msgs/share/ff_hw_msgs/cmake/ff_hw_msgsConfig.cmake
[0.864s] -- Up-to-date symlink: /src/astrobee/src/install/ff_hw_msgs/share/ff_hw_msgs/cmake/ff_hw_msgsConfig-version.cmake
[0.864s] -- Up-to-date symlink: /src/astrobee/src/install/ff_hw_msgs/share/ff_hw_msgs/package.xml
[0.865s] -- Up-to-date: /src/astrobee/src/install/ff_hw_msgs/lib/libff_hw_msgs__rosidl_generator_c.so
[0.865s] -- Up-to-date: /src/astrobee/src/install/ff_hw_msgs/lib/libff_hw_msgs__rosidl_typesupport_introspection_c.so
[0.865s] -- Up-to-date: /src/astrobee/src/install/ff_hw_msgs/lib/libff_hw_msgs__rosidl_typesupport_c.so
[0.865s] -- Up-to-date: /src/astrobee/src/install/ff_hw_msgs/lib/libff_hw_msgs__rosidl_typesupport_introspection_cpp.so
[0.866s] -- Up-to-date: /src/astrobee/src/install/ff_hw_msgs/lib/libff_hw_msgs__rosidl_typesupport_cpp.so
[0.887s] Listing '/src/astrobee/src/install/ff_hw_msgs/lib/python3.8/site-packages/ff_hw_msgs'...
[0.888s] Listing '/src/astrobee/src/install/ff_hw_msgs/lib/python3.8/site-packages/ff_hw_msgs/msg'...
[0.888s] Listing '/src/astrobee/src/install/ff_hw_msgs/lib/python3.8/site-packages/ff_hw_msgs/srv'...
[0.890s] -- Up-to-date: /src/astrobee/src/install/ff_hw_msgs/lib/libff_hw_msgs__rosidl_generator_py.so
[0.891s] -- Up-to-date: /src/astrobee/src/install/ff_hw_msgs/share/ff_hw_msgs/cmake/ff_hw_msgs__rosidl_generator_cExport.cmake
[0.891s] -- Up-to-date: /src/astrobee/src/install/ff_hw_msgs/share/ff_hw_msgs/cmake/ff_hw_msgs__rosidl_generator_cExport-noconfig.cmake
[0.891s] -- Up-to-date: /src/astrobee/src/install/ff_hw_msgs/share/ff_hw_msgs/cmake/ff_hw_msgs__rosidl_typesupport_introspection_cExport.cmake
[0.891s] -- Up-to-date: /src/astrobee/src/install/ff_hw_msgs/share/ff_hw_msgs/cmake/ff_hw_msgs__rosidl_typesupport_introspection_cExport-noconfig.cmake
[0.891s] -- Up-to-date: /src/astrobee/src/install/ff_hw_msgs/share/ff_hw_msgs/cmake/ff_hw_msgs__rosidl_typesupport_cExport.cmake
[0.891s] -- Up-to-date: /src/astrobee/src/install/ff_hw_msgs/share/ff_hw_msgs/cmake/ff_hw_msgs__rosidl_typesupport_cExport-noconfig.cmake
[0.892s] -- Up-to-date: /src/astrobee/src/install/ff_hw_msgs/share/ff_hw_msgs/cmake/ff_hw_msgs__rosidl_generator_cppExport.cmake
[0.892s] -- Up-to-date: /src/astrobee/src/install/ff_hw_msgs/share/ff_hw_msgs/cmake/ff_hw_msgs__rosidl_typesupport_introspection_cppExport.cmake
[0.892s] -- Up-to-date: /src/astrobee/src/install/ff_hw_msgs/share/ff_hw_msgs/cmake/ff_hw_msgs__rosidl_typesupport_introspection_cppExport-noconfig.cmake
[0.892s] -- Up-to-date: /src/astrobee/src/install/ff_hw_msgs/share/ff_hw_msgs/cmake/ff_hw_msgs__rosidl_typesupport_cppExport.cmake
[0.892s] -- Up-to-date: /src/astrobee/src/install/ff_hw_msgs/share/ff_hw_msgs/cmake/ff_hw_msgs__rosidl_typesupport_cppExport-noconfig.cmake
[0.892s] -- Up-to-date: /src/astrobee/src/install/ff_hw_msgs/share/ff_hw_msgs/cmake/export_ff_hw_msgs__rosidl_generator_pyExport.cmake
[0.892s] -- Up-to-date: /src/astrobee/src/install/ff_hw_msgs/share/ff_hw_msgs/cmake/export_ff_hw_msgs__rosidl_generator_pyExport-noconfig.cmake
[0.895s] Invoked command in '/src/astrobee/src/build/ff_hw_msgs' returned '0': CMAKE_PREFIX_PATH=/opt/ros/rolling /usr/bin/cmake --install /src/astrobee/src/build/ff_hw_msgs
