[100%] Built target pmc
-- Install configuration: ""
-- Up-to-date: /src/astrobee/src/install/pmc/share/pmc/environment/library_path.sh
-- Up-to-date: /src/astrobee/src/install/pmc/share/pmc/environment/library_path.dsv
-- Up-to-date: /src/astrobee/src/install/pmc/include/pmc
-- Up-to-date: /src/astrobee/src/install/pmc/include/pmc/pmc_sim.h
-- Up-to-date: /src/astrobee/src/install/pmc/include/pmc/shared.h
-- Up-to-date: /src/astrobee/src/install/pmc/include/pmc/fam.h
-- Up-to-date: /src/astrobee/src/install/pmc/lib/libpmc.a
-- Up-to-date: /src/astrobee/src/install/pmc/share/ament_index/resource_index/package_run_dependencies/pmc
-- Up-to-date: /src/astrobee/src/install/pmc/share/ament_index/resource_index/parent_prefix_path/pmc
-- Up-to-date: /src/astrobee/src/install/pmc/share/pmc/environment/ament_prefix_path.sh
-- Up-to-date: /src/astrobee/src/install/pmc/share/pmc/environment/ament_prefix_path.dsv
-- Up-to-date: /src/astrobee/src/install/pmc/share/pmc/environment/path.sh
-- Up-to-date: /src/astrobee/src/install/pmc/share/pmc/environment/path.dsv
-- Up-to-date: /src/astrobee/src/install/pmc/share/pmc/local_setup.bash
-- Up-to-date: /src/astrobee/src/install/pmc/share/pmc/local_setup.sh
-- Up-to-date: /src/astrobee/src/install/pmc/share/pmc/local_setup.zsh
-- Up-to-date: /src/astrobee/src/install/pmc/share/pmc/local_setup.dsv
-- Installing: /src/astrobee/src/install/pmc/share/pmc/package.dsv
-- Up-to-date: /src/astrobee/src/install/pmc/share/ament_index/resource_index/packages/pmc
-- Up-to-date: /src/astrobee/src/install/pmc/share/pmc/cmake/pmcExport.cmake
-- Up-to-date: /src/astrobee/src/install/pmc/share/pmc/cmake/pmcExport-noconfig.cmake
-- Up-to-date: /src/astrobee/src/install/pmc/share/pmc/cmake/ament_cmake_export_targets-extras.cmake
-- Up-to-date: /src/astrobee/src/install/pmc/share/pmc/cmake/ament_cmake_export_include_directories-extras.cmake
-- Up-to-date: /src/astrobee/src/install/pmc/share/pmc/cmake/pmcConfig.cmake
-- Up-to-date: /src/astrobee/src/install/pmc/share/pmc/cmake/pmcConfig-version.cmake
-- Up-to-date: /src/astrobee/src/install/pmc/share/pmc/package.xml
