astrobee
astrobee_dock
astrobee_gazebo
astrobee_granite
astrobee_handrail_21_5
astrobee_handrail_30
astrobee_handrail_41_5
astrobee_handrail_8_5
astrobee_iss
astrobee_state_publisher
arm 
dock 
light_flow
perch
states
discower_description
discower_cosmo
description
ff_hw_msgs
ff_msgs
ff_common
ff_util
framestore
jsonloader
config_reader
localization_common
camera
msg_conversions
pmc
ctl
fam
choreographer
access_control
ground_truth_localizer
localization_manager
mapper
signal_lights
states
planner_trapezoidal
mobility