-- The C compiler identification is GNU 9.4.0
-- The CXX compiler identification is GNU 9.4.0
-- Check for working C compiler: /usr/bin/cc
-- Check for working C compiler: /usr/bin/cc -- works
-- Detecting C compiler ABI info
-- Detecting C compiler ABI info - done
-- Detecting C compile features
-- Detecting C compile features - done
-- Check for working CXX compiler: /usr/bin/c++
-- Check for working CXX compiler: /usr/bin/c++ -- works
-- Detecting CXX compiler ABI info
-- Detecting CXX compiler ABI info - done
-- Detecting CXX compile features
-- Detecting CXX compile features - done
-- Found ament_cmake: 1.2.1 (/opt/ros/rolling/share/ament_cmake/cmake)
-- Found Python3: /usr/bin/python3.8 (found version "3.8.10") found components: Interpreter 
-- Override CMake install command with custom implementation using symlinks instead of copying resources
-- Found rclcpp: 15.0.0 (/opt/ros/rolling/share/rclcpp/cmake)
-- Using all available rosidl_typesupport_c: rosidl_typesupport_fastrtps_c;rosidl_typesupport_introspection_c
-- Found rosidl_adapter: 3.0.1 (/opt/ros/rolling/share/rosidl_adapter/cmake)
-- Using all available rosidl_typesupport_cpp: rosidl_typesupport_fastrtps_cpp;rosidl_typesupport_introspection_cpp
-- Found rmw_implementation_cmake: 5.1.0 (/opt/ros/rolling/share/rmw_implementation_cmake/cmake)
-- Found rmw_cyclonedds_cpp: 1.1.2 (/opt/ros/rolling/share/rmw_cyclonedds_cpp/cmake)
-- Using RMW implementation 'rmw_cyclonedds_cpp' as default
-- Found ff_common: 1.0.0 (/src/astrobee/src/install/ff_common/share/ff_common/cmake)
-- Found ff_util: 1.0.0 (/src/astrobee/src/install/ff_util/share/ff_util/cmake)
-- Found ff_msgs: 0.0.0 (/src/astrobee/src/install/ff_msgs/share/ff_msgs/cmake)
-- Found eigen3_cmake_module: 0.1.1 (/opt/ros/rolling/share/eigen3_cmake_module/cmake)
-- Found Eigen3: TRUE (found version "3.3.7") 
-- Found ff_hw_msgs: 0.0.0 (/src/astrobee/src/install/ff_hw_msgs/share/ff_hw_msgs/cmake)
-- Found pmc: 0.0.0 (/src/astrobee/src/install/pmc/share/pmc/cmake)
-- Found camera: 1.0.0 (/src/astrobee/src/install/camera/share/camera/cmake)
-- Found visualization_msgs: 4.0.0 (/opt/ros/rolling/share/visualization_msgs/cmake)
-- Found gazebo_dev: 3.5.2 (/opt/ros/rolling/share/gazebo_dev/cmake)
-- Found PkgConfig: /usr/bin/pkg-config (found version "0.29.1") 
-- Checking for module 'bullet>=2.82'
--   Found bullet, version 2.88
-- Found ccd: /usr/include (found suitable version "2.0", minimum required is "2.0") 
-- Found fcl: /usr/include (found suitable version "0.5.0", minimum required is "0.3.2") 
-- Found assimp: /usr/include (found version "5.0.0") 
-- Found DART: /usr/include (Required is at least version "6.6") found components: dart 
-- Found Boost: /usr/lib/x86_64-linux-gnu/cmake/Boost-1.71.0/BoostConfig.cmake (found suitable version "1.71.0", minimum required is "1.40.0") found components: thread system filesystem program_options regex iostreams date_time 
-- Found Protobuf: /usr/lib/x86_64-linux-gnu/libprotobuf.so;-lpthread (found version "3.6.1") 
-- Looking for ignition-math6 -- found version 6.13.0
-- Searching for dependencies of ignition-math6
-- Looking for OGRE...
-- OGRE_PREFIX_WATCH changed.
-- Checking for module 'OGRE'
--   Found OGRE, version 1.9.0
-- Found Ogre Ghadamon (1.9.0)
-- Found OGRE: optimized;/usr/lib/x86_64-linux-gnu/libOgreMain.so;debug;/usr/lib/x86_64-linux-gnu/libOgreMain.so
-- Looking for OGRE_Paging...
-- Found OGRE_Paging: optimized;/usr/lib/x86_64-linux-gnu/libOgrePaging.so;debug;/usr/lib/x86_64-linux-gnu/libOgrePaging.so
-- Looking for OGRE_Terrain...
-- Found OGRE_Terrain: optimized;/usr/lib/x86_64-linux-gnu/libOgreTerrain.so;debug;/usr/lib/x86_64-linux-gnu/libOgreTerrain.so
-- Looking for OGRE_Property...
-- Found OGRE_Property: optimized;/usr/lib/x86_64-linux-gnu/libOgreProperty.so;debug;/usr/lib/x86_64-linux-gnu/libOgreProperty.so
-- Looking for OGRE_RTShaderSystem...
-- Found OGRE_RTShaderSystem: optimized;/usr/lib/x86_64-linux-gnu/libOgreRTShaderSystem.so;debug;/usr/lib/x86_64-linux-gnu/libOgreRTShaderSystem.so
-- Looking for OGRE_Volume...
-- Found OGRE_Volume: optimized;/usr/lib/x86_64-linux-gnu/libOgreVolume.so;debug;/usr/lib/x86_64-linux-gnu/libOgreVolume.so
-- Looking for OGRE_Overlay...
-- Found OGRE_Overlay: optimized;/usr/lib/x86_64-linux-gnu/libOgreOverlay.so;debug;/usr/lib/x86_64-linux-gnu/libOgreOverlay.so
-- Looking for ignition-math6 -- found version 6.13.0
-- Looking for ignition-transport8 -- found version 8.3.0
-- Searching for dependencies of ignition-transport8
-- Found Protobuf: /usr/lib/x86_64-linux-gnu/libprotobuf.so;-lpthread (found suitable version "3.6.1", minimum required is "3") 
-- Config-file not installed for ZeroMQ -- checking for pkg-config
-- Checking for module 'libzmq >= 4'
--   Found libzmq , version 4.3.2
-- Found ZeroMQ: TRUE (Required is at least version "4") 
-- Checking for module 'uuid'
--   Found uuid, version 2.34.0
-- Found UUID: TRUE  
-- Looking for ignition-msgs5 -- found version 5.10.0
-- Searching for dependencies of ignition-msgs5
-- Looking for ignition-math6 -- found version 6.13.0
-- Checking for module 'tinyxml2'
--   Found tinyxml2, version 6.2.0
-- Looking for ignition-msgs5 -- found version 5.10.0
-- Looking for ignition-common3 -- found version 3.14.2
-- Searching for dependencies of ignition-common3
-- Looking for dlfcn.h - found
-- Looking for libdl - found
-- Found DL: TRUE  
-- Searching for <ignition-common3> component [graphics]
-- Looking for ignition-common3-graphics -- found version 3.14.2
-- Searching for dependencies of ignition-common3-graphics
-- Looking for ignition-math6 -- found version 6.13.0
-- Looking for ignition-fuel_tools4 -- found version 4.6.0
-- Searching for dependencies of ignition-fuel_tools4
-- Found CURL: /usr/lib/x86_64-linux-gnu/libcurl.so (found version "7.68.0")  
-- Checking for module 'jsoncpp'
--   Found jsoncpp, version 1.7.4
-- Found JSONCPP: TRUE  
-- Checking for module 'libzip'
--   Found libzip, version 1.5.1
-- Found ZIP: TRUE  
-- Looking for ignition-common3 -- found version 3.14.2
-- Looking for ignition-math6 -- found version 6.13.0
-- Looking for ignition-msgs5 -- found version 5.10.0
-- Gazebo version: 11.11
-- Found gazebo_ros: 3.5.2 (/opt/ros/rolling/share/gazebo_ros/cmake)
-- Found jsoncpp: /usr/include/jsoncpp  
-- Configuring done
-- Generating done
-- Build files have been written to: /src/astrobee/src/build/astrobee_gazebo
[35m[1mScanning dependencies of target astrobee_gazebo[0m
[  2%] [32mBuilding CXX object CMakeFiles/astrobee_gazebo.dir/src/astrobee_gazebo.cc.o[0m
[  5%] [32m[1mLinking CXX shared library libastrobee_gazebo.so[0m
[  5%] Built target astrobee_gazebo
[35m[1mScanning dependencies of target gazebo_system_plugin_client[0m
[35m[1mScanning dependencies of target gazebo_sensor_plugin_dock_cam[0m
[35m[1mScanning dependencies of target gazebo_sensor_plugin_nav_cam[0m
[35m[1mScanning dependencies of target gazebo_sensor_plugin_sparse_map[0m
[35m[1mScanning dependencies of target gazebo_sensor_plugin_ar_tags[0m
[35m[1mScanning dependencies of target gazebo_world_plugin_speed[0m
[35m[1mScanning dependencies of target gazebo_model_plugin_drag[0m
[35m[1mScanning dependencies of target gazebo_model_plugin_eps[0m
[35m[1mScanning dependencies of target gazebo_sensor_plugin_depth_cam[0m
[35m[1mScanning dependencies of target gazebo_model_plugin_truth[0m
[35m[1mScanning dependencies of target gazebo_model_plugin_flashlight[0m
[35m[1mScanning dependencies of target gazebo_sensor_plugin_handrail_detect[0m
[35m[1mScanning dependencies of target gazebo_model_plugin_pmc[0m
[35m[1mScanning dependencies of target gazebo_model_plugin_signal_lights[0m
[35m[1mScanning dependencies of target gazebo_model_plugin_perching_arm[0m
[35m[1mScanning dependencies of target gazebo_model_plugin_heartbeat[0m
[35m[1mScanning dependencies of target gazebo_model_plugin_laser[0m
[35m[1mScanning dependencies of target gazebo_sensor_plugin_imu[0m
[35m[1mScanning dependencies of target gazebo_sensor_plugin_optical_flow[0m
[  7%] [32mBuilding CXX object CMakeFiles/gazebo_world_plugin_speed.dir/src/gazebo_world_plugin_speed/gazebo_world_plugin_speed.cc.o[0m
[ 10%] [32mBuilding CXX object CMakeFiles/gazebo_system_plugin_client.dir/src/gazebo_system_plugin_client/gazebo_system_plugin_client.cc.o[0m
[ 12%] [32mBuilding CXX object CMakeFiles/gazebo_sensor_plugin_dock_cam.dir/src/gazebo_sensor_plugin_dock_cam/gazebo_sensor_plugin_dock_cam.cc.o[0m
[ 15%] [32mBuilding CXX object CMakeFiles/gazebo_model_plugin_truth.dir/src/gazebo_model_plugin_truth/gazebo_model_plugin_truth.cc.o[0m
[ 17%] [32mBuilding CXX object CMakeFiles/gazebo_sensor_plugin_nav_cam.dir/src/gazebo_sensor_plugin_nav_cam/gazebo_sensor_plugin_nav_cam.cc.o[0m
[ 20%] [32mBuilding CXX object CMakeFiles/gazebo_sensor_plugin_sparse_map.dir/src/gazebo_sensor_plugin_sparse_map/gazebo_sensor_plugin_sparse_map.cc.o[0m
[ 22%] [32mBuilding CXX object CMakeFiles/gazebo_sensor_plugin_ar_tags.dir/src/gazebo_sensor_plugin_ar_tags/gazebo_sensor_plugin_ar_tags.cc.o[0m
[ 25%] [32mBuilding CXX object CMakeFiles/gazebo_sensor_plugin_depth_cam.dir/src/gazebo_sensor_plugin_depth_cam/gazebo_sensor_plugin_depth_cam.cc.o[0m
[ 27%] [32mBuilding CXX object CMakeFiles/gazebo_model_plugin_drag.dir/src/gazebo_model_plugin_drag/gazebo_model_plugin_drag.cc.o[0m
[ 30%] [32mBuilding CXX object CMakeFiles/gazebo_model_plugin_perching_arm.dir/src/gazebo_model_plugin_perching_arm/gazebo_model_plugin_perching_arm.cc.o[0m
[ 32%] [32mBuilding CXX object CMakeFiles/gazebo_model_plugin_signal_lights.dir/src/gazebo_model_plugin_signal_lights/gazebo_model_plugin_signal_lights.cc.o[0m
[ 35%] [32mBuilding CXX object CMakeFiles/gazebo_model_plugin_pmc.dir/src/gazebo_model_plugin_pmc/gazebo_model_plugin_pmc.cc.o[0m
[ 37%] [32mBuilding CXX object CMakeFiles/gazebo_model_plugin_flashlight.dir/src/gazebo_model_plugin_flashlight/gazebo_model_plugin_flashlight.cc.o[0m
[ 40%] [32mBuilding CXX object CMakeFiles/gazebo_model_plugin_heartbeat.dir/src/gazebo_model_plugin_heartbeat/gazebo_model_plugin_heartbeat.cc.o[0m
[ 42%] [32mBuilding CXX object CMakeFiles/gazebo_sensor_plugin_imu.dir/src/gazebo_sensor_plugin_imu/gazebo_sensor_plugin_imu.cc.o[0m
[ 45%] [32mBuilding CXX object CMakeFiles/gazebo_sensor_plugin_handrail_detect.dir/src/gazebo_sensor_plugin_handrail_detect/gazebo_sensor_plugin_handrail_detect.cc.o[0m
[ 47%] [32mBuilding CXX object CMakeFiles/gazebo_model_plugin_laser.dir/src/gazebo_model_plugin_laser/gazebo_model_plugin_laser.cc.o[0m
[ 52%] [32mBuilding CXX object CMakeFiles/gazebo_sensor_plugin_optical_flow.dir/src/gazebo_sensor_plugin_optical_flow/gazebo_sensor_plugin_optical_flow.cc.o[0m
[ 52%] [32mBuilding CXX object CMakeFiles/gazebo_model_plugin_eps.dir/src/gazebo_model_plugin_eps/gazebo_model_plugin_eps.cc.o[0m
[01m[Kc++:[m[K [01;31m[Kfatal error: [m[KKilled signal terminated program cc1plus
compilation terminated.
make[2]: *** [CMakeFiles/gazebo_sensor_plugin_depth_cam.dir/build.make:63: CMakeFiles/gazebo_sensor_plugin_depth_cam.dir/src/gazebo_sensor_plugin_depth_cam/gazebo_sensor_plugin_depth_cam.cc.o] Error 1
make[1]: *** [CMakeFiles/Makefile2:224: CMakeFiles/gazebo_sensor_plugin_depth_cam.dir/all] Error 2
make[1]: *** Waiting for unfinished jobs....
[ 55%] [32m[1mLinking CXX shared library libgazebo_world_plugin_speed.so[0m
[ 55%] Built target gazebo_world_plugin_speed
[01m[Kc++:[m[K [01;31m[Kfatal error: [m[KKilled signal terminated program cc1plus
compilation terminated.
make[2]: *** [CMakeFiles/gazebo_model_plugin_laser.dir/build.make:63: CMakeFiles/gazebo_model_plugin_laser.dir/src/gazebo_model_plugin_laser/gazebo_model_plugin_laser.cc.o] Error 1
make[1]: *** [CMakeFiles/Makefile2:656: CMakeFiles/gazebo_model_plugin_laser.dir/all] Error 2
[ 57%] [32m[1mLinking CXX shared library libgazebo_system_plugin_client.so[0m
[ 57%] Built target gazebo_system_plugin_client
[ 60%] [32m[1mLinking CXX shared library libgazebo_model_plugin_signal_lights.so[0m
[ 62%] [32m[1mLinking CXX shared library libgazebo_model_plugin_heartbeat.so[0m
[ 62%] Built target gazebo_model_plugin_signal_lights
[ 62%] Built target gazebo_model_plugin_heartbeat
[ 65%] [32m[1mLinking CXX shared library libgazebo_model_plugin_drag.so[0m
[ 65%] Built target gazebo_model_plugin_drag
[ 67%] [32m[1mLinking CXX shared library libgazebo_sensor_plugin_imu.so[0m
[ 67%] Built target gazebo_sensor_plugin_imu
[ 70%] [32m[1mLinking CXX shared library libgazebo_sensor_plugin_dock_cam.so[0m
[ 70%] Built target gazebo_sensor_plugin_dock_cam
[ 72%] [32m[1mLinking CXX shared library libgazebo_model_plugin_truth.so[0m
[ 75%] [32m[1mLinking CXX shared library libgazebo_sensor_plugin_sparse_map.so[0m
[ 77%] [32m[1mLinking CXX shared library libgazebo_sensor_plugin_optical_flow.so[0m
[ 77%] Built target gazebo_model_plugin_truth
[ 77%] Built target gazebo_sensor_plugin_sparse_map
[ 77%] Built target gazebo_sensor_plugin_optical_flow
[ 80%] [32m[1mLinking CXX shared library libgazebo_model_plugin_flashlight.so[0m
[ 80%] Built target gazebo_model_plugin_flashlight
[ 82%] [32m[1mLinking CXX shared library libgazebo_sensor_plugin_nav_cam.so[0m
[ 85%] [32m[1mLinking CXX shared library libgazebo_sensor_plugin_handrail_detect.so[0m
[ 85%] Built target gazebo_sensor_plugin_nav_cam
[ 85%] Built target gazebo_sensor_plugin_handrail_detect
[ 87%] [32m[1mLinking CXX shared library libgazebo_sensor_plugin_ar_tags.so[0m
[ 87%] Built target gazebo_sensor_plugin_ar_tags
[ 90%] [32m[1mLinking CXX shared library libgazebo_model_plugin_eps.so[0m
[ 90%] Built target gazebo_model_plugin_eps
[ 92%] [32m[1mLinking CXX shared library libgazebo_model_plugin_perching_arm.so[0m
[ 92%] Built target gazebo_model_plugin_perching_arm
[ 95%] [32m[1mLinking CXX shared library libgazebo_model_plugin_pmc.so[0m
[ 95%] Built target gazebo_model_plugin_pmc
make: *** [Makefile:141: all] Error 2
