[0.016s] Invoking command in '/src/astrobee/src/build/astrobee_gazebo': AMENT_PREFIX_PATH=/src/astrobee/src/install/ff_util:/src/astrobee/src/install/msg_conversions:/src/astrobee/src/install/config_reader:/src/astrobee/src/install/ff_msgs:/src/astrobee/src/install/ff_hw_msgs:/src/astrobee/src/install/ff_common:${AMENT_PREFIX_PATH} CMAKE_PREFIX_PATH=/src/astrobee/src/install/ff_util:/opt/ros/rolling:/src/astrobee/src/install/pmc:/src/astrobee/src/install/msg_conversions:/src/astrobee/src/install/camera:/src/astrobee/src/install/config_reader:/src/astrobee/src/install/ff_msgs:/src/astrobee/src/install/ff_hw_msgs:/src/astrobee/src/install/ff_common LD_LIBRARY_PATH=/src/astrobee/src/install/ff_util/lib:/src/astrobee/src/install/msg_conversions/lib:/src/astrobee/src/install/config_reader/lib:/src/astrobee/src/install/ff_msgs/lib:/src/astrobee/src/install/ff_hw_msgs/lib:/src/astrobee/src/install/ff_common/lib:${LD_LIBRARY_PATH} PATH=/src/astrobee/src/install/msg_conversions/bin:/src/astrobee/src/install/camera/bin:${PATH} PKG_CONFIG_PATH=/src/astrobee/src/install/pmc/lib/x86_64-linux-gnu/pkgconfig:/src/astrobee/src/install/pmc/lib/pkgconfig:/src/astrobee/src/install/camera/lib/x86_64-linux-gnu/pkgconfig:/src/astrobee/src/install/camera/lib/pkgconfig PYTHONPATH=/src/astrobee/src/install/ff_msgs/lib/python3.8/site-packages:/src/astrobee/src/install/ff_hw_msgs/lib/python3.8/site-packages:${PYTHONPATH} ROS_PACKAGE_PATH=/src/astrobee/src/install/pmc/share:/src/astrobee/src/install/camera/share /usr/bin/cmake /src/astrobee/src/simulation -DAMENT_CMAKE_SYMLINK_INSTALL=1 -DCMAKE_INSTALL_PREFIX=/src/astrobee/src/install/astrobee_gazebo
[0.058s] -- The C compiler identification is GNU 9.4.0
[0.096s] -- The CXX compiler identification is GNU 9.4.0
[0.100s] -- Check for working C compiler: /usr/bin/cc
[0.151s] -- Check for working C compiler: /usr/bin/cc -- works
[0.151s] -- Detecting C compiler ABI info
[0.202s] -- Detecting C compiler ABI info - done
[0.213s] -- Detecting C compile features
[0.213s] -- Detecting C compile features - done
[0.215s] -- Check for working CXX compiler: /usr/bin/c++
[0.272s] -- Check for working CXX compiler: /usr/bin/c++ -- works
[0.273s] -- Detecting CXX compiler ABI info
[0.340s] -- Detecting CXX compiler ABI info - done
[0.351s] -- Detecting CXX compile features
[0.351s] -- Detecting CXX compile features - done
[0.353s] -- Found ament_cmake: 1.2.1 (/opt/ros/rolling/share/ament_cmake/cmake)
[0.460s] -- Found Python3: /usr/bin/python3.8 (found version "3.8.10") found components: Interpreter 
[0.506s] -- Override CMake install command with custom implementation using symlinks instead of copying resources
[0.529s] -- Found rclcpp: 15.0.0 (/opt/ros/rolling/share/rclcpp/cmake)
[0.574s] -- Using all available rosidl_typesupport_c: rosidl_typesupport_fastrtps_c;rosidl_typesupport_introspection_c
[0.579s] -- Found rosidl_adapter: 3.0.1 (/opt/ros/rolling/share/rosidl_adapter/cmake)
[0.614s] -- Using all available rosidl_typesupport_cpp: rosidl_typesupport_fastrtps_cpp;rosidl_typesupport_introspection_cpp
[0.667s] -- Found rmw_implementation_cmake: 5.1.0 (/opt/ros/rolling/share/rmw_implementation_cmake/cmake)
[0.670s] -- Found rmw_cyclonedds_cpp: 1.1.2 (/opt/ros/rolling/share/rmw_cyclonedds_cpp/cmake)
[0.688s] -- Using RMW implementation 'rmw_cyclonedds_cpp' as default
[0.832s] -- Found ff_common: 1.0.0 (/src/astrobee/src/install/ff_common/share/ff_common/cmake)
[0.834s] -- Found ff_util: 1.0.0 (/src/astrobee/src/install/ff_util/share/ff_util/cmake)
[0.844s] -- Found ff_msgs: 0.0.0 (/src/astrobee/src/install/ff_msgs/share/ff_msgs/cmake)
[1.170s] -- Found eigen3_cmake_module: 0.1.1 (/opt/ros/rolling/share/eigen3_cmake_module/cmake)
[1.173s] -- Found Eigen3: TRUE (found version "3.3.7") 
[2.213s] -- Found ff_hw_msgs: 0.0.0 (/src/astrobee/src/install/ff_hw_msgs/share/ff_hw_msgs/cmake)
[2.340s] -- Found pmc: 0.0.0 (/src/astrobee/src/install/pmc/share/pmc/cmake)
[2.343s] -- Found camera: 1.0.0 (/src/astrobee/src/install/camera/share/camera/cmake)
[2.346s] -- Found visualization_msgs: 4.0.0 (/opt/ros/rolling/share/visualization_msgs/cmake)
[2.494s] -- Found gazebo_dev: 3.5.2 (/opt/ros/rolling/share/gazebo_dev/cmake)
[2.501s] -- Found PkgConfig: /usr/bin/pkg-config (found version "0.29.1") 
[2.502s] -- Checking for module 'bullet>=2.82'
[2.519s] --   Found bullet, version 2.88
[2.617s] -- Found ccd: /usr/include (found suitable version "2.0", minimum required is "2.0") 
[2.657s] -- Found fcl: /usr/include (found suitable version "0.5.0", minimum required is "0.3.2") 
[2.700s] -- Found assimp: /usr/include (found version "5.0.0") 
[2.719s] -- Found DART: /usr/include (Required is at least version "6.6") found components: dart 
[2.923s] -- Found Boost: /usr/lib/x86_64-linux-gnu/cmake/Boost-1.71.0/BoostConfig.cmake (found suitable version "1.71.0", minimum required is "1.40.0") found components: thread system filesystem program_options regex iostreams date_time 
[2.945s] -- Found Protobuf: /usr/lib/x86_64-linux-gnu/libprotobuf.so;-lpthread (found version "3.6.1") 
[2.952s] -- Looking for ignition-math6 -- found version 6.13.0
[2.959s] -- Searching for dependencies of ignition-math6
[2.961s] -- Looking for OGRE...
[2.961s] -- OGRE_PREFIX_WATCH changed.
[2.965s] -- Checking for module 'OGRE'
[2.977s] --   Found OGRE, version 1.9.0
[3.005s] -- Found Ogre Ghadamon (1.9.0)
[3.010s] -- Found OGRE: optimized;/usr/lib/x86_64-linux-gnu/libOgreMain.so;debug;/usr/lib/x86_64-linux-gnu/libOgreMain.so
[3.019s] -- Looking for OGRE_Paging...
[3.023s] -- Found OGRE_Paging: optimized;/usr/lib/x86_64-linux-gnu/libOgrePaging.so;debug;/usr/lib/x86_64-linux-gnu/libOgrePaging.so
[3.023s] -- Looking for OGRE_Terrain...
[3.027s] -- Found OGRE_Terrain: optimized;/usr/lib/x86_64-linux-gnu/libOgreTerrain.so;debug;/usr/lib/x86_64-linux-gnu/libOgreTerrain.so
[3.027s] -- Looking for OGRE_Property...
[3.031s] -- Found OGRE_Property: optimized;/usr/lib/x86_64-linux-gnu/libOgreProperty.so;debug;/usr/lib/x86_64-linux-gnu/libOgreProperty.so
[3.031s] -- Looking for OGRE_RTShaderSystem...
[3.035s] -- Found OGRE_RTShaderSystem: optimized;/usr/lib/x86_64-linux-gnu/libOgreRTShaderSystem.so;debug;/usr/lib/x86_64-linux-gnu/libOgreRTShaderSystem.so
[3.035s] -- Looking for OGRE_Volume...
[3.039s] -- Found OGRE_Volume: optimized;/usr/lib/x86_64-linux-gnu/libOgreVolume.so;debug;/usr/lib/x86_64-linux-gnu/libOgreVolume.so
[3.039s] -- Looking for OGRE_Overlay...
[3.043s] -- Found OGRE_Overlay: optimized;/usr/lib/x86_64-linux-gnu/libOgreOverlay.so;debug;/usr/lib/x86_64-linux-gnu/libOgreOverlay.so
[3.135s] -- Looking for ignition-math6 -- found version 6.13.0
[3.147s] -- Looking for ignition-transport8 -- found version 8.3.0
[3.147s] -- Searching for dependencies of ignition-transport8
[3.166s] -- Found Protobuf: /usr/lib/x86_64-linux-gnu/libprotobuf.so;-lpthread (found suitable version "3.6.1", minimum required is "3") 
[3.178s] -- Config-file not installed for ZeroMQ -- checking for pkg-config
[3.181s] -- Checking for module 'libzmq >= 4'
[3.196s] --   Found libzmq , version 4.3.2
[3.231s] -- Found ZeroMQ: TRUE (Required is at least version "4") 
[3.236s] -- Checking for module 'uuid'
[3.249s] --   Found uuid, version 2.34.0
[3.278s] -- Found UUID: TRUE  
[3.280s] -- Looking for ignition-msgs5 -- found version 5.10.0
[3.280s] -- Searching for dependencies of ignition-msgs5
[3.297s] -- Looking for ignition-math6 -- found version 6.13.0
[3.301s] -- Checking for module 'tinyxml2'
[3.313s] --   Found tinyxml2, version 6.2.0
[3.349s] -- Looking for ignition-msgs5 -- found version 5.10.0
[3.352s] -- Looking for ignition-common3 -- found version 3.14.2
[3.352s] -- Searching for dependencies of ignition-common3
[3.353s] -- Looking for dlfcn.h - found
[3.353s] -- Looking for libdl - found
[3.355s] -- Found DL: TRUE  
[3.363s] -- Searching for <ignition-common3> component [graphics]
[3.367s] -- Looking for ignition-common3-graphics -- found version 3.14.2
[3.367s] -- Searching for dependencies of ignition-common3-graphics
[3.367s] -- Looking for ignition-math6 -- found version 6.13.0
[3.371s] -- Looking for ignition-fuel_tools4 -- found version 4.6.0
[3.372s] -- Searching for dependencies of ignition-fuel_tools4
[3.434s] -- Found CURL: /usr/lib/x86_64-linux-gnu/libcurl.so (found version "7.68.0")  
[3.441s] -- Checking for module 'jsoncpp'
[3.453s] --   Found jsoncpp, version 1.7.4
[3.483s] -- Found JSONCPP: TRUE  
[3.487s] -- Checking for module 'libzip'
[3.499s] --   Found libzip, version 1.5.1
[3.531s] -- Found ZIP: TRUE  
[3.532s] -- Looking for ignition-common3 -- found version 3.14.2
[3.532s] -- Looking for ignition-math6 -- found version 6.13.0
[3.532s] -- Looking for ignition-msgs5 -- found version 5.10.0
[3.533s] -- Gazebo version: 11.11
[3.534s] -- Found gazebo_ros: 3.5.2 (/opt/ros/rolling/share/gazebo_ros/cmake)
[3.543s] -- Found jsoncpp: /usr/include/jsoncpp  
[3.829s] -- Configuring done
[4.157s] -- Generating done
[4.160s] -- Build files have been written to: /src/astrobee/src/build/astrobee_gazebo
[4.170s] Invoked command in '/src/astrobee/src/build/astrobee_gazebo' returned '0': AMENT_PREFIX_PATH=/src/astrobee/src/install/ff_util:/src/astrobee/src/install/msg_conversions:/src/astrobee/src/install/config_reader:/src/astrobee/src/install/ff_msgs:/src/astrobee/src/install/ff_hw_msgs:/src/astrobee/src/install/ff_common:${AMENT_PREFIX_PATH} CMAKE_PREFIX_PATH=/src/astrobee/src/install/ff_util:/opt/ros/rolling:/src/astrobee/src/install/pmc:/src/astrobee/src/install/msg_conversions:/src/astrobee/src/install/camera:/src/astrobee/src/install/config_reader:/src/astrobee/src/install/ff_msgs:/src/astrobee/src/install/ff_hw_msgs:/src/astrobee/src/install/ff_common LD_LIBRARY_PATH=/src/astrobee/src/install/ff_util/lib:/src/astrobee/src/install/msg_conversions/lib:/src/astrobee/src/install/config_reader/lib:/src/astrobee/src/install/ff_msgs/lib:/src/astrobee/src/install/ff_hw_msgs/lib:/src/astrobee/src/install/ff_common/lib:${LD_LIBRARY_PATH} PATH=/src/astrobee/src/install/msg_conversions/bin:/src/astrobee/src/install/camera/bin:${PATH} PKG_CONFIG_PATH=/src/astrobee/src/install/pmc/lib/x86_64-linux-gnu/pkgconfig:/src/astrobee/src/install/pmc/lib/pkgconfig:/src/astrobee/src/install/camera/lib/x86_64-linux-gnu/pkgconfig:/src/astrobee/src/install/camera/lib/pkgconfig PYTHONPATH=/src/astrobee/src/install/ff_msgs/lib/python3.8/site-packages:/src/astrobee/src/install/ff_hw_msgs/lib/python3.8/site-packages:${PYTHONPATH} ROS_PACKAGE_PATH=/src/astrobee/src/install/pmc/share:/src/astrobee/src/install/camera/share /usr/bin/cmake /src/astrobee/src/simulation -DAMENT_CMAKE_SYMLINK_INSTALL=1 -DCMAKE_INSTALL_PREFIX=/src/astrobee/src/install/astrobee_gazebo
[4.173s] Invoking command in '/src/astrobee/src/build/astrobee_gazebo': AMENT_PREFIX_PATH=/src/astrobee/src/install/ff_util:/src/astrobee/src/install/msg_conversions:/src/astrobee/src/install/config_reader:/src/astrobee/src/install/ff_msgs:/src/astrobee/src/install/ff_hw_msgs:/src/astrobee/src/install/ff_common:${AMENT_PREFIX_PATH} CMAKE_PREFIX_PATH=/src/astrobee/src/install/ff_util:/opt/ros/rolling:/src/astrobee/src/install/pmc:/src/astrobee/src/install/msg_conversions:/src/astrobee/src/install/camera:/src/astrobee/src/install/config_reader:/src/astrobee/src/install/ff_msgs:/src/astrobee/src/install/ff_hw_msgs:/src/astrobee/src/install/ff_common LD_LIBRARY_PATH=/src/astrobee/src/install/ff_util/lib:/src/astrobee/src/install/msg_conversions/lib:/src/astrobee/src/install/config_reader/lib:/src/astrobee/src/install/ff_msgs/lib:/src/astrobee/src/install/ff_hw_msgs/lib:/src/astrobee/src/install/ff_common/lib:${LD_LIBRARY_PATH} PATH=/src/astrobee/src/install/msg_conversions/bin:/src/astrobee/src/install/camera/bin:${PATH} PKG_CONFIG_PATH=/src/astrobee/src/install/pmc/lib/x86_64-linux-gnu/pkgconfig:/src/astrobee/src/install/pmc/lib/pkgconfig:/src/astrobee/src/install/camera/lib/x86_64-linux-gnu/pkgconfig:/src/astrobee/src/install/camera/lib/pkgconfig PYTHONPATH=/src/astrobee/src/install/ff_msgs/lib/python3.8/site-packages:/src/astrobee/src/install/ff_hw_msgs/lib/python3.8/site-packages:${PYTHONPATH} ROS_PACKAGE_PATH=/src/astrobee/src/install/pmc/share:/src/astrobee/src/install/camera/share /usr/bin/cmake --build /src/astrobee/src/build/astrobee_gazebo -- -j20 -l20
[4.205s] [35m[1mScanning dependencies of target astrobee_gazebo[0m
[4.347s] [  2%] [32mBuilding CXX object CMakeFiles/astrobee_gazebo.dir/src/astrobee_gazebo.cc.o[0m
[20.056s] [  5%] [32m[1mLinking CXX shared library libastrobee_gazebo.so[0m
[20.434s] [  5%] Built target astrobee_gazebo
[20.443s] [35m[1mScanning dependencies of target gazebo_system_plugin_client[0m
[20.443s] [35m[1mScanning dependencies of target gazebo_sensor_plugin_dock_cam[0m
[20.444s] [35m[1mScanning dependencies of target gazebo_sensor_plugin_nav_cam[0m
[20.445s] [35m[1mScanning dependencies of target gazebo_sensor_plugin_sparse_map[0m
[20.446s] [35m[1mScanning dependencies of target gazebo_sensor_plugin_ar_tags[0m
[20.446s] [35m[1mScanning dependencies of target gazebo_world_plugin_speed[0m
[20.447s] [35m[1mScanning dependencies of target gazebo_model_plugin_drag[0m
[20.447s] [35m[1mScanning dependencies of target gazebo_model_plugin_eps[0m
[20.447s] [35m[1mScanning dependencies of target gazebo_sensor_plugin_depth_cam[0m
[20.447s] [35m[1mScanning dependencies of target gazebo_model_plugin_truth[0m
[20.448s] [35m[1mScanning dependencies of target gazebo_model_plugin_flashlight[0m
[20.448s] [35m[1mScanning dependencies of target gazebo_sensor_plugin_handrail_detect[0m
[20.449s] [35m[1mScanning dependencies of target gazebo_model_plugin_pmc[0m
[20.449s] [35m[1mScanning dependencies of target gazebo_model_plugin_signal_lights[0m
[20.449s] [35m[1mScanning dependencies of target gazebo_model_plugin_perching_arm[0m
[20.449s] [35m[1mScanning dependencies of target gazebo_model_plugin_heartbeat[0m
[20.450s] [35m[1mScanning dependencies of target gazebo_model_plugin_laser[0m
[20.451s] [35m[1mScanning dependencies of target gazebo_sensor_plugin_imu[0m
[20.461s] [35m[1mScanning dependencies of target gazebo_sensor_plugin_optical_flow[0m
[20.670s] [  7%] [32mBuilding CXX object CMakeFiles/gazebo_world_plugin_speed.dir/src/gazebo_world_plugin_speed/gazebo_world_plugin_speed.cc.o[0m
[20.671s] [ 10%] [32mBuilding CXX object CMakeFiles/gazebo_system_plugin_client.dir/src/gazebo_system_plugin_client/gazebo_system_plugin_client.cc.o[0m
[20.720s] [ 12%] [32mBuilding CXX object CMakeFiles/gazebo_sensor_plugin_dock_cam.dir/src/gazebo_sensor_plugin_dock_cam/gazebo_sensor_plugin_dock_cam.cc.o[0m
[20.722s] [ 15%] [32mBuilding CXX object CMakeFiles/gazebo_model_plugin_truth.dir/src/gazebo_model_plugin_truth/gazebo_model_plugin_truth.cc.o[0m
[20.723s] [ 17%] [32mBuilding CXX object CMakeFiles/gazebo_sensor_plugin_nav_cam.dir/src/gazebo_sensor_plugin_nav_cam/gazebo_sensor_plugin_nav_cam.cc.o[0m
[20.730s] [ 20%] [32mBuilding CXX object CMakeFiles/gazebo_sensor_plugin_sparse_map.dir/src/gazebo_sensor_plugin_sparse_map/gazebo_sensor_plugin_sparse_map.cc.o[0m
[20.740s] [ 22%] [32mBuilding CXX object CMakeFiles/gazebo_sensor_plugin_ar_tags.dir/src/gazebo_sensor_plugin_ar_tags/gazebo_sensor_plugin_ar_tags.cc.o[0m
[20.744s] [ 25%] [32mBuilding CXX object CMakeFiles/gazebo_sensor_plugin_depth_cam.dir/src/gazebo_sensor_plugin_depth_cam/gazebo_sensor_plugin_depth_cam.cc.o[0m
[20.761s] [ 27%] [32mBuilding CXX object CMakeFiles/gazebo_model_plugin_drag.dir/src/gazebo_model_plugin_drag/gazebo_model_plugin_drag.cc.o[0m
[20.766s] [ 30%] [32mBuilding CXX object CMakeFiles/gazebo_model_plugin_perching_arm.dir/src/gazebo_model_plugin_perching_arm/gazebo_model_plugin_perching_arm.cc.o[0m
[20.774s] [ 32%] [32mBuilding CXX object CMakeFiles/gazebo_model_plugin_signal_lights.dir/src/gazebo_model_plugin_signal_lights/gazebo_model_plugin_signal_lights.cc.o[0m
[20.775s] [ 35%] [32mBuilding CXX object CMakeFiles/gazebo_model_plugin_pmc.dir/src/gazebo_model_plugin_pmc/gazebo_model_plugin_pmc.cc.o[0m
[20.785s] [ 37%] [32mBuilding CXX object CMakeFiles/gazebo_model_plugin_flashlight.dir/src/gazebo_model_plugin_flashlight/gazebo_model_plugin_flashlight.cc.o[0m
[20.808s] [ 40%] [32mBuilding CXX object CMakeFiles/gazebo_model_plugin_heartbeat.dir/src/gazebo_model_plugin_heartbeat/gazebo_model_plugin_heartbeat.cc.o[0m
[20.808s] [ 42%] [32mBuilding CXX object CMakeFiles/gazebo_sensor_plugin_imu.dir/src/gazebo_sensor_plugin_imu/gazebo_sensor_plugin_imu.cc.o[0m
[20.808s] [ 45%] [32mBuilding CXX object CMakeFiles/gazebo_sensor_plugin_handrail_detect.dir/src/gazebo_sensor_plugin_handrail_detect/gazebo_sensor_plugin_handrail_detect.cc.o[0m
[20.822s] [ 47%] [32mBuilding CXX object CMakeFiles/gazebo_model_plugin_laser.dir/src/gazebo_model_plugin_laser/gazebo_model_plugin_laser.cc.o[0m
[20.848s] [ 52%] [32mBuilding CXX object CMakeFiles/gazebo_sensor_plugin_optical_flow.dir/src/gazebo_sensor_plugin_optical_flow/gazebo_sensor_plugin_optical_flow.cc.o[0m
[20.848s] [ 52%] [32mBuilding CXX object CMakeFiles/gazebo_model_plugin_eps.dir/src/gazebo_model_plugin_eps/gazebo_model_plugin_eps.cc.o[0m
[63.318s] [01m[Kc++:[m[K [01;31m[Kfatal error: [m[KKilled signal terminated program cc1plus
[63.319s] compilation terminated.
[63.319s] make[2]: *** [CMakeFiles/gazebo_sensor_plugin_depth_cam.dir/build.make:63: CMakeFiles/gazebo_sensor_plugin_depth_cam.dir/src/gazebo_sensor_plugin_depth_cam/gazebo_sensor_plugin_depth_cam.cc.o] Error 1
[63.320s] make[1]: *** [CMakeFiles/Makefile2:224: CMakeFiles/gazebo_sensor_plugin_depth_cam.dir/all] Error 2
[63.320s] make[1]: *** Waiting for unfinished jobs....
[64.384s] [ 55%] [32m[1mLinking CXX shared library libgazebo_world_plugin_speed.so[0m
[65.694s] [ 55%] Built target gazebo_world_plugin_speed
[75.897s] [01m[Kc++:[m[K [01;31m[Kfatal error: [m[KKilled signal terminated program cc1plus
[75.899s] compilation terminated.
[75.899s] make[2]: *** [CMakeFiles/gazebo_model_plugin_laser.dir/build.make:63: CMakeFiles/gazebo_model_plugin_laser.dir/src/gazebo_model_plugin_laser/gazebo_model_plugin_laser.cc.o] Error 1
[75.899s] make[1]: *** [CMakeFiles/Makefile2:656: CMakeFiles/gazebo_model_plugin_laser.dir/all] Error 2
[77.854s] [ 57%] [32m[1mLinking CXX shared library libgazebo_system_plugin_client.so[0m
[78.524s] [ 57%] Built target gazebo_system_plugin_client
[83.245s] [ 60%] [32m[1mLinking CXX shared library libgazebo_model_plugin_signal_lights.so[0m
[83.665s] [ 62%] [32m[1mLinking CXX shared library libgazebo_model_plugin_heartbeat.so[0m
[83.871s] [ 62%] Built target gazebo_model_plugin_signal_lights
[84.154s] [ 62%] Built target gazebo_model_plugin_heartbeat
[84.534s] [ 65%] [32m[1mLinking CXX shared library libgazebo_model_plugin_drag.so[0m
[85.159s] [ 65%] Built target gazebo_model_plugin_drag
[85.258s] [ 67%] [32m[1mLinking CXX shared library libgazebo_sensor_plugin_imu.so[0m
[85.686s] [ 67%] Built target gazebo_sensor_plugin_imu
[86.079s] [ 70%] [32m[1mLinking CXX shared library libgazebo_sensor_plugin_dock_cam.so[0m
[86.531s] [ 70%] Built target gazebo_sensor_plugin_dock_cam
[87.235s] [ 72%] [32m[1mLinking CXX shared library libgazebo_model_plugin_truth.so[0m
[87.549s] [ 75%] [32m[1mLinking CXX shared library libgazebo_sensor_plugin_sparse_map.so[0m
[87.577s] [ 77%] [32m[1mLinking CXX shared library libgazebo_sensor_plugin_optical_flow.so[0m
[87.720s] [ 77%] Built target gazebo_model_plugin_truth
[88.398s] [ 77%] Built target gazebo_sensor_plugin_sparse_map
[88.404s] [ 77%] Built target gazebo_sensor_plugin_optical_flow
[89.057s] [ 80%] [32m[1mLinking CXX shared library libgazebo_model_plugin_flashlight.so[0m
[89.689s] [ 80%] Built target gazebo_model_plugin_flashlight
[90.190s] [ 82%] [32m[1mLinking CXX shared library libgazebo_sensor_plugin_nav_cam.so[0m
[90.272s] [ 85%] [32m[1mLinking CXX shared library libgazebo_sensor_plugin_handrail_detect.so[0m
[90.544s] [ 85%] Built target gazebo_sensor_plugin_nav_cam
[90.779s] [ 85%] Built target gazebo_sensor_plugin_handrail_detect
[91.518s] [ 87%] [32m[1mLinking CXX shared library libgazebo_sensor_plugin_ar_tags.so[0m
[91.904s] [ 87%] Built target gazebo_sensor_plugin_ar_tags
[91.983s] [ 90%] [32m[1mLinking CXX shared library libgazebo_model_plugin_eps.so[0m
[92.360s] [ 90%] Built target gazebo_model_plugin_eps
[93.574s] [ 92%] [32m[1mLinking CXX shared library libgazebo_model_plugin_perching_arm.so[0m
[93.916s] [ 92%] Built target gazebo_model_plugin_perching_arm
[96.287s] [ 95%] [32m[1mLinking CXX shared library libgazebo_model_plugin_pmc.so[0m
[96.613s] [ 95%] Built target gazebo_model_plugin_pmc
[96.614s] make: *** [Makefile:141: all] Error 2
[96.620s] Invoked command in '/src/astrobee/src/build/astrobee_gazebo' returned '2': AMENT_PREFIX_PATH=/src/astrobee/src/install/ff_util:/src/astrobee/src/install/msg_conversions:/src/astrobee/src/install/config_reader:/src/astrobee/src/install/ff_msgs:/src/astrobee/src/install/ff_hw_msgs:/src/astrobee/src/install/ff_common:${AMENT_PREFIX_PATH} CMAKE_PREFIX_PATH=/src/astrobee/src/install/ff_util:/opt/ros/rolling:/src/astrobee/src/install/pmc:/src/astrobee/src/install/msg_conversions:/src/astrobee/src/install/camera:/src/astrobee/src/install/config_reader:/src/astrobee/src/install/ff_msgs:/src/astrobee/src/install/ff_hw_msgs:/src/astrobee/src/install/ff_common LD_LIBRARY_PATH=/src/astrobee/src/install/ff_util/lib:/src/astrobee/src/install/msg_conversions/lib:/src/astrobee/src/install/config_reader/lib:/src/astrobee/src/install/ff_msgs/lib:/src/astrobee/src/install/ff_hw_msgs/lib:/src/astrobee/src/install/ff_common/lib:${LD_LIBRARY_PATH} PATH=/src/astrobee/src/install/msg_conversions/bin:/src/astrobee/src/install/camera/bin:${PATH} PKG_CONFIG_PATH=/src/astrobee/src/install/pmc/lib/x86_64-linux-gnu/pkgconfig:/src/astrobee/src/install/pmc/lib/pkgconfig:/src/astrobee/src/install/camera/lib/x86_64-linux-gnu/pkgconfig:/src/astrobee/src/install/camera/lib/pkgconfig PYTHONPATH=/src/astrobee/src/install/ff_msgs/lib/python3.8/site-packages:/src/astrobee/src/install/ff_hw_msgs/lib/python3.8/site-packages:${PYTHONPATH} ROS_PACKAGE_PATH=/src/astrobee/src/install/pmc/share:/src/astrobee/src/install/camera/share /usr/bin/cmake --build /src/astrobee/src/build/astrobee_gazebo -- -j20 -l20
