-- The C compiler identification is GNU 9.4.0
-- The CXX compiler identification is GNU 9.4.0
-- Check for working C compiler: /usr/bin/cc
-- Check for working C compiler: /usr/bin/cc -- works
-- Detecting C compiler ABI info
-- Detecting C compiler ABI info - done
-- Detecting C compile features
-- Detecting C compile features - done
-- Check for working CXX compiler: /usr/bin/c++
-- Check for working CXX compiler: /usr/bin/c++ -- works
-- Detecting CXX compiler ABI info
-- Detecting CXX compiler ABI info - done
-- Detecting CXX compile features
-- Detecting CXX compile features - done
-- Found ament_cmake: 1.2.1 (/opt/ros/rolling/share/ament_cmake/cmake)
-- Found Python3: /usr/bin/python3.8 (found version "3.8.10") found components: Interpreter 
-- Override CMake install command with custom implementation using symlinks instead of copying resources
-- Configuring done
-- Generating done
-- Build files have been written to: /src/astrobee/src/build/astrobee_dock
-- Install configuration: ""
-- Execute custom install script
-- Symlinking: /src/astrobee/src/install/astrobee_dock/share/astrobee_dock/environment/astrobee_dock.dsv
-- Symlinking: /src/astrobee/src/install/astrobee_dock/share/astrobee_dock/urdf/model.urdf
-- Symlinking: /src/astrobee/src/install/astrobee_dock/share/astrobee_dock/media/materials/textures/dock_target.png
-- Symlinking: /src/astrobee/src/install/astrobee_dock/share/astrobee_dock/meshes/dock.dae
-- Symlinking: /src/astrobee/src/install/astrobee_dock/share/astrobee_dock/meshes/dock_base.dae
-- Symlinking: /src/astrobee/src/install/astrobee_dock/share/astrobee_dock/meshes/dock_handles.dae
-- Symlinking: /src/astrobee/src/install/astrobee_dock/share/astrobee_dock/meshes/dock_pins.dae
-- Symlinking: /src/astrobee/src/install/astrobee_dock/share/astrobee_dock/meshes/dock_target.dae
-- Symlinking: /src/astrobee/src/install/astrobee_dock/share/astrobee_dock/model.config
-- Symlinking: /src/astrobee/src/install/astrobee_dock/share/ament_index/resource_index/package_run_dependencies/astrobee_dock
-- Symlinking: /src/astrobee/src/install/astrobee_dock/share/ament_index/resource_index/parent_prefix_path/astrobee_dock
-- Symlinking: /src/astrobee/src/install/astrobee_dock/share/astrobee_dock/environment/ament_prefix_path.sh
-- Symlinking: /src/astrobee/src/install/astrobee_dock/share/astrobee_dock/environment/ament_prefix_path.dsv
-- Symlinking: /src/astrobee/src/install/astrobee_dock/share/astrobee_dock/environment/path.sh
-- Symlinking: /src/astrobee/src/install/astrobee_dock/share/astrobee_dock/environment/path.dsv
-- Symlinking: /src/astrobee/src/install/astrobee_dock/share/astrobee_dock/local_setup.bash
-- Symlinking: /src/astrobee/src/install/astrobee_dock/share/astrobee_dock/local_setup.sh
-- Symlinking: /src/astrobee/src/install/astrobee_dock/share/astrobee_dock/local_setup.zsh
-- Symlinking: /src/astrobee/src/install/astrobee_dock/share/astrobee_dock/local_setup.dsv
-- Symlinking: /src/astrobee/src/install/astrobee_dock/share/astrobee_dock/package.dsv
-- Symlinking: /src/astrobee/src/install/astrobee_dock/share/ament_index/resource_index/packages/astrobee_dock
-- Symlinking: /src/astrobee/src/install/astrobee_dock/share/astrobee_dock/cmake/astrobee_dockConfig.cmake
-- Symlinking: /src/astrobee/src/install/astrobee_dock/share/astrobee_dock/cmake/astrobee_dockConfig-version.cmake
-- Symlinking: /src/astrobee/src/install/astrobee_dock/share/astrobee_dock/package.xml
