[0.083s] Invoking command in '/src/astrobee/src/build/astrobee_dock': CMAKE_PREFIX_PATH=/opt/ros/rolling /usr/bin/cmake /src/astrobee/src/description/media/astrobee_dock -DAMENT_CMAKE_SYMLINK_INSTALL=1 -DCMAKE_INSTALL_PREFIX=/src/astrobee/src/install/astrobee_dock
[0.138s] -- The C compiler identification is GNU 9.4.0
[0.189s] -- The CXX compiler identification is GNU 9.4.0
[0.194s] -- Check for working C compiler: /usr/bin/cc
[0.257s] -- Check for working C compiler: /usr/bin/cc -- works
[0.258s] -- Detecting C compiler ABI info
[0.319s] -- Detecting C compiler ABI info - done
[0.331s] -- Detecting C compile features
[0.332s] -- Detecting C compile features - done
[0.334s] -- Check for working CXX compiler: /usr/bin/c++
[0.396s] -- Check for working CXX compiler: /usr/bin/c++ -- works
[0.397s] -- Detecting CXX compiler ABI info
[0.465s] -- Detecting CXX compiler ABI info - done
[0.477s] -- Detecting CXX compile features
[0.477s] -- Detecting CXX compile features - done
[0.479s] -- Found ament_cmake: 1.2.1 (/opt/ros/rolling/share/ament_cmake/cmake)
[0.604s] -- Found Python3: /usr/bin/python3.8 (found version "3.8.10") found components: Interpreter 
[0.649s] -- Override CMake install command with custom implementation using symlinks instead of copying resources
[0.739s] -- Configuring done
[0.740s] -- Generating done
[0.741s] -- Build files have been written to: /src/astrobee/src/build/astrobee_dock
[0.747s] Invoked command in '/src/astrobee/src/build/astrobee_dock' returned '0': CMAKE_PREFIX_PATH=/opt/ros/rolling /usr/bin/cmake /src/astrobee/src/description/media/astrobee_dock -DAMENT_CMAKE_SYMLINK_INSTALL=1 -DCMAKE_INSTALL_PREFIX=/src/astrobee/src/install/astrobee_dock
[0.750s] Invoking command in '/src/astrobee/src/build/astrobee_dock': CMAKE_PREFIX_PATH=/opt/ros/rolling /usr/bin/cmake --build /src/astrobee/src/build/astrobee_dock -- -j20 -l20
[0.798s] Invoked command in '/src/astrobee/src/build/astrobee_dock' returned '0': CMAKE_PREFIX_PATH=/opt/ros/rolling /usr/bin/cmake --build /src/astrobee/src/build/astrobee_dock -- -j20 -l20
[0.827s] Invoking command in '/src/astrobee/src/build/astrobee_dock': CMAKE_PREFIX_PATH=/opt/ros/rolling /usr/bin/cmake --install /src/astrobee/src/build/astrobee_dock
[0.836s] -- Install configuration: ""
[0.840s] -- Execute custom install script
[0.840s] -- Symlinking: /src/astrobee/src/install/astrobee_dock/share/astrobee_dock/environment/astrobee_dock.dsv
[0.843s] -- Symlinking: /src/astrobee/src/install/astrobee_dock/share/astrobee_dock/urdf/model.urdf
[0.848s] -- Symlinking: /src/astrobee/src/install/astrobee_dock/share/astrobee_dock/media/materials/textures/dock_target.png
[0.856s] -- Symlinking: /src/astrobee/src/install/astrobee_dock/share/astrobee_dock/meshes/dock.dae
[0.864s] -- Symlinking: /src/astrobee/src/install/astrobee_dock/share/astrobee_dock/meshes/dock_base.dae
[0.870s] -- Symlinking: /src/astrobee/src/install/astrobee_dock/share/astrobee_dock/meshes/dock_handles.dae
[0.879s] -- Symlinking: /src/astrobee/src/install/astrobee_dock/share/astrobee_dock/meshes/dock_pins.dae
[0.887s] -- Symlinking: /src/astrobee/src/install/astrobee_dock/share/astrobee_dock/meshes/dock_target.dae
[0.892s] -- Symlinking: /src/astrobee/src/install/astrobee_dock/share/astrobee_dock/model.config
[0.898s] -- Symlinking: /src/astrobee/src/install/astrobee_dock/share/ament_index/resource_index/package_run_dependencies/astrobee_dock
[0.904s] -- Symlinking: /src/astrobee/src/install/astrobee_dock/share/ament_index/resource_index/parent_prefix_path/astrobee_dock
[0.909s] -- Symlinking: /src/astrobee/src/install/astrobee_dock/share/astrobee_dock/environment/ament_prefix_path.sh
[0.917s] -- Symlinking: /src/astrobee/src/install/astrobee_dock/share/astrobee_dock/environment/ament_prefix_path.dsv
[0.924s] -- Symlinking: /src/astrobee/src/install/astrobee_dock/share/astrobee_dock/environment/path.sh
[0.931s] -- Symlinking: /src/astrobee/src/install/astrobee_dock/share/astrobee_dock/environment/path.dsv
[0.937s] -- Symlinking: /src/astrobee/src/install/astrobee_dock/share/astrobee_dock/local_setup.bash
[0.944s] -- Symlinking: /src/astrobee/src/install/astrobee_dock/share/astrobee_dock/local_setup.sh
[0.949s] -- Symlinking: /src/astrobee/src/install/astrobee_dock/share/astrobee_dock/local_setup.zsh
[0.957s] -- Symlinking: /src/astrobee/src/install/astrobee_dock/share/astrobee_dock/local_setup.dsv
[0.963s] -- Symlinking: /src/astrobee/src/install/astrobee_dock/share/astrobee_dock/package.dsv
[0.971s] -- Symlinking: /src/astrobee/src/install/astrobee_dock/share/ament_index/resource_index/packages/astrobee_dock
[0.975s] -- Symlinking: /src/astrobee/src/install/astrobee_dock/share/astrobee_dock/cmake/astrobee_dockConfig.cmake
[0.984s] -- Symlinking: /src/astrobee/src/install/astrobee_dock/share/astrobee_dock/cmake/astrobee_dockConfig-version.cmake
[0.985s] -- Symlinking: /src/astrobee/src/install/astrobee_dock/share/astrobee_dock/package.xml
[1.031s] Invoked command in '/src/astrobee/src/build/astrobee_dock' returned '0': CMAKE_PREFIX_PATH=/opt/ros/rolling /usr/bin/cmake --install /src/astrobee/src/build/astrobee_dock
