[  5%] Built target astrobee_gazebo
[ 10%] Built target gazebo_system_plugin_client
[ 15%] Built target gazebo_sensor_plugin_nav_cam
[ 20%] Built target gazebo_sensor_plugin_handrail_detect
[ 22%] [32mBuilding CXX object CMakeFiles/gazebo_sensor_plugin_depth_cam.dir/src/gazebo_sensor_plugin_depth_cam/gazebo_sensor_plugin_depth_cam.cc.o[0m
[ 27%] Built target gazebo_sensor_plugin_sparse_map
[ 32%] Built target gazebo_sensor_plugin_ar_tags
[ 37%] Built target gazebo_sensor_plugin_dock_cam
[ 42%] Built target gazebo_sensor_plugin_optical_flow
[ 45%] [32mBuilding CXX object CMakeFiles/gazebo_model_plugin_laser.dir/src/gazebo_model_plugin_laser/gazebo_model_plugin_laser.cc.o[0m
[ 50%] Built target gazebo_model_plugin_truth
[ 57%] Built target gazebo_model_plugin_heartbeat
[ 60%] Built target gazebo_model_plugin_perching_arm
[ 65%] Built target gazebo_sensor_plugin_imu
[ 70%] Built target gazebo_model_plugin_flashlight
[ 75%] Built target gazebo_world_plugin_speed
[ 80%] Built target gazebo_model_plugin_signal_lights
[ 85%] Built target gazebo_model_plugin_pmc
[ 90%] Built target gazebo_model_plugin_drag
[ 95%] Built target gazebo_model_plugin_eps
[ 97%] [32m[1mLinking CXX shared library libgazebo_model_plugin_laser.so[0m
[ 97%] Built target gazebo_model_plugin_laser
[100%] [32m[1mLinking CXX shared library libgazebo_sensor_plugin_depth_cam.so[0m
[100%] Built target gazebo_sensor_plugin_depth_cam
-- Install configuration: ""
-- Execute custom install script
-- Symlinking: /src/astrobee/src/install/astrobee_gazebo/share/astrobee_gazebo/environment/library_path.sh
-- Symlinking: /src/astrobee/src/install/astrobee_gazebo/share/astrobee_gazebo/environment/library_path.dsv
-- Symlinking: /src/astrobee/src/install/astrobee_gazebo/share/astrobee_gazebo/environment/astrobee_gazebo.dsv
-- Symlinking: /src/astrobee/src/install/astrobee_gazebo/lib/astrobee_gazebo/libastrobee_gazebo.so
-- Symlinking: /src/astrobee/src/install/astrobee_gazebo/lib/astrobee_gazebo/libgazebo_model_plugin_eps.so
-- Symlinking: /src/astrobee/src/install/astrobee_gazebo/lib/astrobee_gazebo/libgazebo_model_plugin_drag.so
-- Symlinking: /src/astrobee/src/install/astrobee_gazebo/lib/astrobee_gazebo/libgazebo_model_plugin_truth.so
-- Symlinking: /src/astrobee/src/install/astrobee_gazebo/lib/astrobee_gazebo/libgazebo_model_plugin_pmc.so
-- Symlinking: /src/astrobee/src/install/astrobee_gazebo/lib/astrobee_gazebo/libgazebo_model_plugin_perching_arm.so
-- Symlinking: /src/astrobee/src/install/astrobee_gazebo/lib/astrobee_gazebo/libgazebo_model_plugin_flashlight.so
-- Symlinking: /src/astrobee/src/install/astrobee_gazebo/lib/astrobee_gazebo/libgazebo_model_plugin_laser.so
-- Symlinking: /src/astrobee/src/install/astrobee_gazebo/lib/astrobee_gazebo/libgazebo_model_plugin_heartbeat.so
-- Symlinking: /src/astrobee/src/install/astrobee_gazebo/lib/astrobee_gazebo/libgazebo_model_plugin_signal_lights.so
-- Symlinking: /src/astrobee/src/install/astrobee_gazebo/lib/astrobee_gazebo/libgazebo_sensor_plugin_imu.so
-- Symlinking: /src/astrobee/src/install/astrobee_gazebo/lib/astrobee_gazebo/libgazebo_sensor_plugin_depth_cam.so
-- Symlinking: /src/astrobee/src/install/astrobee_gazebo/lib/astrobee_gazebo/libgazebo_sensor_plugin_nav_cam.so
-- Symlinking: /src/astrobee/src/install/astrobee_gazebo/lib/astrobee_gazebo/libgazebo_sensor_plugin_dock_cam.so
-- Symlinking: /src/astrobee/src/install/astrobee_gazebo/lib/astrobee_gazebo/libgazebo_sensor_plugin_ar_tags.so
-- Symlinking: /src/astrobee/src/install/astrobee_gazebo/lib/astrobee_gazebo/libgazebo_sensor_plugin_optical_flow.so
-- Symlinking: /src/astrobee/src/install/astrobee_gazebo/lib/astrobee_gazebo/libgazebo_sensor_plugin_handrail_detect.so
-- Symlinking: /src/astrobee/src/install/astrobee_gazebo/lib/astrobee_gazebo/libgazebo_sensor_plugin_sparse_map.so
-- Symlinking: /src/astrobee/src/install/astrobee_gazebo/lib/astrobee_gazebo/libgazebo_world_plugin_speed.so
-- Symlinking: /src/astrobee/src/install/astrobee_gazebo/lib/astrobee_gazebo/libgazebo_system_plugin_client.so
-- Symlinking: /src/astrobee/src/install/astrobee_gazebo/share/astrobee_gazebo/worlds/granite.world
-- Symlinking: /src/astrobee/src/install/astrobee_gazebo/share/astrobee_gazebo/worlds/iss.world
-- Symlinking: /src/astrobee/src/install/astrobee_gazebo/include/astrobee_gazebo/astrobee_gazebo.h
-- Symlinking: /src/astrobee/src/install/astrobee_gazebo/share/astrobee_gazebo/launch/spawn_astrobee.launch
-- Symlinking: /src/astrobee/src/install/astrobee_gazebo/share/astrobee_gazebo/launch/spawn_astrobee.launch.py
-- Symlinking: /src/astrobee/src/install/astrobee_gazebo/share/astrobee_gazebo/launch/start_simulation.launch
-- Symlinking: /src/astrobee/src/install/astrobee_gazebo/share/astrobee_gazebo/launch/start_simulation.launch.py
-- Symlinking: /src/astrobee/src/install/astrobee_gazebo/share/ament_index/resource_index/package_run_dependencies/astrobee_gazebo
-- Symlinking: /src/astrobee/src/install/astrobee_gazebo/share/ament_index/resource_index/parent_prefix_path/astrobee_gazebo
-- Symlinking: /src/astrobee/src/install/astrobee_gazebo/share/astrobee_gazebo/environment/ament_prefix_path.sh
-- Symlinking: /src/astrobee/src/install/astrobee_gazebo/share/astrobee_gazebo/environment/ament_prefix_path.dsv
-- Symlinking: /src/astrobee/src/install/astrobee_gazebo/share/astrobee_gazebo/environment/path.sh
-- Symlinking: /src/astrobee/src/install/astrobee_gazebo/share/astrobee_gazebo/environment/path.dsv
-- Symlinking: /src/astrobee/src/install/astrobee_gazebo/share/astrobee_gazebo/local_setup.bash
-- Symlinking: /src/astrobee/src/install/astrobee_gazebo/share/astrobee_gazebo/local_setup.sh
-- Symlinking: /src/astrobee/src/install/astrobee_gazebo/share/astrobee_gazebo/local_setup.zsh
-- Symlinking: /src/astrobee/src/install/astrobee_gazebo/share/astrobee_gazebo/local_setup.dsv
-- Symlinking: /src/astrobee/src/install/astrobee_gazebo/share/astrobee_gazebo/package.dsv
-- Symlinking: /src/astrobee/src/install/astrobee_gazebo/share/ament_index/resource_index/packages/astrobee_gazebo
-- Symlinking: /src/astrobee/src/install/astrobee_gazebo/share/astrobee_gazebo/cmake/ament_cmake_export_libraries-extras.cmake
-- Symlinking: /src/astrobee/src/install/astrobee_gazebo/share/astrobee_gazebo/cmake/ament_cmake_export_dependencies-extras.cmake
-- Symlinking: /src/astrobee/src/install/astrobee_gazebo/share/astrobee_gazebo/cmake/ament_cmake_export_include_directories-extras.cmake
-- Symlinking: /src/astrobee/src/install/astrobee_gazebo/share/astrobee_gazebo/cmake/astrobee_gazeboConfig.cmake
-- Symlinking: /src/astrobee/src/install/astrobee_gazebo/share/astrobee_gazebo/cmake/astrobee_gazeboConfig-version.cmake
-- Symlinking: /src/astrobee/src/install/astrobee_gazebo/share/astrobee_gazebo/package.xml
