-- The C compiler identification is GNU 9.4.0
-- The CXX compiler identification is GNU 9.4.0
-- Check for working C compiler: /usr/bin/cc
-- Check for working C compiler: /usr/bin/cc -- works
-- Detecting C compiler ABI info
-- Detecting C compiler ABI info - done
-- Detecting C compile features
-- Detecting C compile features - done
-- Check for working CXX compiler: /usr/bin/c++
-- Check for working CXX compiler: /usr/bin/c++ -- works
-- Detecting CXX compiler ABI info
-- Detecting CXX compiler ABI info - done
-- Detecting CXX compile features
-- Detecting CXX compile features - done
-- Found ament_cmake: 1.2.1 (/opt/ros/rolling/share/ament_cmake/cmake)
-- Found Python3: /usr/bin/python3.8 (found version "3.8.10") found components: Interpreter 
-- Found rclcpp: 15.0.0 (/opt/ros/rolling/share/rclcpp/cmake)
-- Using all available rosidl_typesupport_c: rosidl_typesupport_fastrtps_c;rosidl_typesupport_introspection_c
-- Found rosidl_adapter: 3.0.1 (/opt/ros/rolling/share/rosidl_adapter/cmake)
-- Using all available rosidl_typesupport_cpp: rosidl_typesupport_fastrtps_cpp;rosidl_typesupport_introspection_cpp
-- Found rmw_implementation_cmake: 5.1.0 (/opt/ros/rolling/share/rmw_implementation_cmake/cmake)
-- Found rmw_cyclonedds_cpp: 1.1.2 (/opt/ros/rolling/share/rmw_cyclonedds_cpp/cmake)
-- Using RMW implementation 'rmw_cyclonedds_cpp' as default
-- Found ff_common: 1.0.0 (/src/astrobee/src/install/ff_common/share/ff_common/cmake)
-- Found config_reader: 1.0.0 (/src/astrobee/src/install/config_reader/share/config_reader/cmake)
-- Configuring done
-- Generating done
CMake Warning:
  Manually-specified variables were not used by the project:

    CATKIN_INSTALL_INTO_PREFIX_ROOT
    CATKIN_SYMLINK_INSTALL


-- Build files have been written to: /src/astrobee/src/build/pmc
[35m[1mScanning dependencies of target pmc[0m
[ 25%] [32mBuilding CXX object CMakeFiles/pmc.dir/src/pmc_sim.cc.o[0m
[ 50%] [32mBuilding CXX object CMakeFiles/pmc.dir/src/fam.cc.o[0m
[ 75%] [32mBuilding CXX object CMakeFiles/pmc.dir/src/shared.cc.o[0m
[01m[K/src/astrobee/src/gnc/pmc/src/pmc_sim.cc:[m[K In member function ‘[01m[Kvoid pmc::Blower::BlowerBodyDynamics(const Vector3f&, Eigen::Matrix<float, 6, 1>&, float)[m[K’:
[01m[K/src/astrobee/src/gnc/pmc/src/pmc_sim.cc:160:30:[m[K [01;35m[Kwarning: [m[Kvariable ‘[01m[Ka[m[K’ set but not used [[01;35m[K-Wunused-but-set-variable[m[K]
  160 |   Eigen::Matrix<float, 6, 1> [01;35m[Ka[m[K = nozzle_thrusts;
      |                              [01;35m[K^[m[K
[100%] [32m[1mLinking CXX static library libpmc.a[0m
[100%] Built target pmc
-- Install configuration: ""
-- Installing: /src/astrobee/src/install/pmc/share/pmc/environment/library_path.sh
-- Installing: /src/astrobee/src/install/pmc/share/pmc/environment/library_path.dsv
-- Installing: /src/astrobee/src/install/pmc/include/pmc
-- Installing: /src/astrobee/src/install/pmc/include/pmc/pmc_sim.h
-- Installing: /src/astrobee/src/install/pmc/include/pmc/shared.h
-- Installing: /src/astrobee/src/install/pmc/include/pmc/fam.h
-- Installing: /src/astrobee/src/install/pmc/lib/libpmc.a
-- Installing: /src/astrobee/src/install/pmc/share/ament_index/resource_index/package_run_dependencies/pmc
-- Installing: /src/astrobee/src/install/pmc/share/ament_index/resource_index/parent_prefix_path/pmc
-- Installing: /src/astrobee/src/install/pmc/share/pmc/environment/ament_prefix_path.sh
-- Installing: /src/astrobee/src/install/pmc/share/pmc/environment/ament_prefix_path.dsv
-- Installing: /src/astrobee/src/install/pmc/share/pmc/environment/path.sh
-- Installing: /src/astrobee/src/install/pmc/share/pmc/environment/path.dsv
-- Installing: /src/astrobee/src/install/pmc/share/pmc/local_setup.bash
-- Installing: /src/astrobee/src/install/pmc/share/pmc/local_setup.sh
-- Installing: /src/astrobee/src/install/pmc/share/pmc/local_setup.zsh
-- Installing: /src/astrobee/src/install/pmc/share/pmc/local_setup.dsv
-- Installing: /src/astrobee/src/install/pmc/share/pmc/package.dsv
-- Installing: /src/astrobee/src/install/pmc/share/ament_index/resource_index/packages/pmc
-- Installing: /src/astrobee/src/install/pmc/share/pmc/cmake/pmcExport.cmake
-- Installing: /src/astrobee/src/install/pmc/share/pmc/cmake/pmcExport-noconfig.cmake
-- Installing: /src/astrobee/src/install/pmc/share/pmc/cmake/ament_cmake_export_targets-extras.cmake
-- Installing: /src/astrobee/src/install/pmc/share/pmc/cmake/ament_cmake_export_include_directories-extras.cmake
-- Installing: /src/astrobee/src/install/pmc/share/pmc/cmake/pmcConfig.cmake
-- Installing: /src/astrobee/src/install/pmc/share/pmc/cmake/pmcConfig-version.cmake
-- Installing: /src/astrobee/src/install/pmc/share/pmc/package.xml
