[0.016s] Invoking command in '/src/astrobee/src/build/pmc': AMENT_PREFIX_PATH=/src/astrobee/src/install/config_reader:/src/astrobee/src/install/ff_common:${AMENT_PREFIX_PATH} CMAKE_PREFIX_PATH=/src/astrobee/src/install/config_reader:/src/astrobee/src/install/ff_common LD_LIBRARY_PATH=/src/astrobee/src/install/config_reader/lib:/src/astrobee/src/install/ff_common/lib:${LD_LIBRARY_PATH} /usr/bin/cmake /src/astrobee/src/gnc/pmc -DCATKIN_INSTALL_INTO_PREFIX_ROOT=0 -DCATKIN_SYMLINK_INSTALL=ON -DCMAKE_INSTALL_PREFIX=/src/astrobee/src/install/pmc
[0.061s] -- The C compiler identification is GNU 9.4.0
[0.111s] -- The CXX compiler identification is GNU 9.4.0
[0.116s] -- Check for working C compiler: /usr/bin/cc
[0.177s] -- Check for working C compiler: /usr/bin/cc -- works
[0.178s] -- Detecting C compiler ABI info
[0.229s] -- Detecting C compiler ABI info - done
[0.238s] -- Detecting C compile features
[0.239s] -- Detecting C compile features - done
[0.241s] -- Check for working CXX compiler: /usr/bin/c++
[0.296s] -- Check for working CXX compiler: /usr/bin/c++ -- works
[0.297s] -- Detecting CXX compiler ABI info
[0.354s] -- Detecting CXX compiler ABI info - done
[0.367s] -- Detecting CXX compile features
[0.368s] -- Detecting CXX compile features - done
[0.370s] -- Found ament_cmake: 1.2.1 (/opt/ros/rolling/share/ament_cmake/cmake)
[0.483s] -- Found Python3: /usr/bin/python3.8 (found version "3.8.10") found components: Interpreter 
[0.546s] -- Found rclcpp: 15.0.0 (/opt/ros/rolling/share/rclcpp/cmake)
[0.585s] -- Using all available rosidl_typesupport_c: rosidl_typesupport_fastrtps_c;rosidl_typesupport_introspection_c
[0.590s] -- Found rosidl_adapter: 3.0.1 (/opt/ros/rolling/share/rosidl_adapter/cmake)
[0.623s] -- Using all available rosidl_typesupport_cpp: rosidl_typesupport_fastrtps_cpp;rosidl_typesupport_introspection_cpp
[0.673s] -- Found rmw_implementation_cmake: 5.1.0 (/opt/ros/rolling/share/rmw_implementation_cmake/cmake)
[0.675s] -- Found rmw_cyclonedds_cpp: 1.1.2 (/opt/ros/rolling/share/rmw_cyclonedds_cpp/cmake)
[0.691s] -- Using RMW implementation 'rmw_cyclonedds_cpp' as default
[0.823s] -- Found ff_common: 1.0.0 (/src/astrobee/src/install/ff_common/share/ff_common/cmake)
[0.824s] -- Found config_reader: 1.0.0 (/src/astrobee/src/install/config_reader/share/config_reader/cmake)
[0.879s] -- Configuring done
[0.886s] -- Generating done
[0.887s] CMake Warning:
[0.887s]   Manually-specified variables were not used by the project:
[0.887s] 
[0.887s]     CATKIN_INSTALL_INTO_PREFIX_ROOT
[0.887s]     CATKIN_SYMLINK_INSTALL
[0.887s] 
[0.887s] 
[0.888s] -- Build files have been written to: /src/astrobee/src/build/pmc
[0.893s] Invoked command in '/src/astrobee/src/build/pmc' returned '0': AMENT_PREFIX_PATH=/src/astrobee/src/install/config_reader:/src/astrobee/src/install/ff_common:${AMENT_PREFIX_PATH} CMAKE_PREFIX_PATH=/src/astrobee/src/install/config_reader:/src/astrobee/src/install/ff_common LD_LIBRARY_PATH=/src/astrobee/src/install/config_reader/lib:/src/astrobee/src/install/ff_common/lib:${LD_LIBRARY_PATH} /usr/bin/cmake /src/astrobee/src/gnc/pmc -DCATKIN_INSTALL_INTO_PREFIX_ROOT=0 -DCATKIN_SYMLINK_INSTALL=ON -DCMAKE_INSTALL_PREFIX=/src/astrobee/src/install/pmc
[0.895s] Invoking command in '/src/astrobee/src/build/pmc': AMENT_PREFIX_PATH=/src/astrobee/src/install/config_reader:/src/astrobee/src/install/ff_common:${AMENT_PREFIX_PATH} CMAKE_PREFIX_PATH=/src/astrobee/src/install/config_reader:/src/astrobee/src/install/ff_common LD_LIBRARY_PATH=/src/astrobee/src/install/config_reader/lib:/src/astrobee/src/install/ff_common/lib:${LD_LIBRARY_PATH} /usr/bin/cmake --build /src/astrobee/src/build/pmc -- -j20 -l20
[0.925s] [35m[1mScanning dependencies of target pmc[0m
[0.999s] [ 25%] [32mBuilding CXX object CMakeFiles/pmc.dir/src/pmc_sim.cc.o[0m
[1.002s] [ 50%] [32mBuilding CXX object CMakeFiles/pmc.dir/src/fam.cc.o[0m
[1.005s] [ 75%] [32mBuilding CXX object CMakeFiles/pmc.dir/src/shared.cc.o[0m
[1.890s] [01m[K/src/astrobee/src/gnc/pmc/src/pmc_sim.cc:[m[K In member function ‘[01m[Kvoid pmc::Blower::BlowerBodyDynamics(const Vector3f&, Eigen::Matrix<float, 6, 1>&, float)[m[K’:
[1.890s] [01m[K/src/astrobee/src/gnc/pmc/src/pmc_sim.cc:160:30:[m[K [01;35m[Kwarning: [m[Kvariable ‘[01m[Ka[m[K’ set but not used [[01;35m[K-Wunused-but-set-variable[m[K]
[1.890s]   160 |   Eigen::Matrix<float, 6, 1> [01;35m[Ka[m[K = nozzle_thrusts;
[1.890s]       |                              [01;35m[K^[m[K
[12.217s] [100%] [32m[1mLinking CXX static library libpmc.a[0m
[12.263s] [100%] Built target pmc
[12.277s] Invoked command in '/src/astrobee/src/build/pmc' returned '0': AMENT_PREFIX_PATH=/src/astrobee/src/install/config_reader:/src/astrobee/src/install/ff_common:${AMENT_PREFIX_PATH} CMAKE_PREFIX_PATH=/src/astrobee/src/install/config_reader:/src/astrobee/src/install/ff_common LD_LIBRARY_PATH=/src/astrobee/src/install/config_reader/lib:/src/astrobee/src/install/ff_common/lib:${LD_LIBRARY_PATH} /usr/bin/cmake --build /src/astrobee/src/build/pmc -- -j20 -l20
[12.322s] Invoking command in '/src/astrobee/src/build/pmc': AMENT_PREFIX_PATH=/src/astrobee/src/install/config_reader:/src/astrobee/src/install/ff_common:${AMENT_PREFIX_PATH} CMAKE_PREFIX_PATH=/src/astrobee/src/install/config_reader:/src/astrobee/src/install/ff_common LD_LIBRARY_PATH=/src/astrobee/src/install/config_reader/lib:/src/astrobee/src/install/ff_common/lib:${LD_LIBRARY_PATH} /usr/bin/cmake --install /src/astrobee/src/build/pmc
[12.329s] -- Install configuration: ""
[12.329s] -- Installing: /src/astrobee/src/install/pmc/share/pmc/environment/library_path.sh
[12.329s] -- Installing: /src/astrobee/src/install/pmc/share/pmc/environment/library_path.dsv
[12.329s] -- Installing: /src/astrobee/src/install/pmc/include/pmc
[12.329s] -- Installing: /src/astrobee/src/install/pmc/include/pmc/pmc_sim.h
[12.329s] -- Installing: /src/astrobee/src/install/pmc/include/pmc/shared.h
[12.329s] -- Installing: /src/astrobee/src/install/pmc/include/pmc/fam.h
[12.330s] -- Installing: /src/astrobee/src/install/pmc/lib/libpmc.a
[12.330s] -- Installing: /src/astrobee/src/install/pmc/share/ament_index/resource_index/package_run_dependencies/pmc
[12.330s] -- Installing: /src/astrobee/src/install/pmc/share/ament_index/resource_index/parent_prefix_path/pmc
[12.330s] -- Installing: /src/astrobee/src/install/pmc/share/pmc/environment/ament_prefix_path.sh
[12.330s] -- Installing: /src/astrobee/src/install/pmc/share/pmc/environment/ament_prefix_path.dsv
[12.330s] -- Installing: /src/astrobee/src/install/pmc/share/pmc/environment/path.sh
[12.330s] -- Installing: /src/astrobee/src/install/pmc/share/pmc/environment/path.dsv
[12.330s] -- Installing: /src/astrobee/src/install/pmc/share/pmc/local_setup.bash
[12.330s] -- Installing: /src/astrobee/src/install/pmc/share/pmc/local_setup.sh
[12.330s] -- Installing: /src/astrobee/src/install/pmc/share/pmc/local_setup.zsh
[12.331s] -- Installing: /src/astrobee/src/install/pmc/share/pmc/local_setup.dsv
[12.331s] -- Installing: /src/astrobee/src/install/pmc/share/pmc/package.dsv
[12.331s] -- Installing: /src/astrobee/src/install/pmc/share/ament_index/resource_index/packages/pmc
[12.331s] -- Installing: /src/astrobee/src/install/pmc/share/pmc/cmake/pmcExport.cmake
[12.331s] -- Installing: /src/astrobee/src/install/pmc/share/pmc/cmake/pmcExport-noconfig.cmake
[12.331s] -- Installing: /src/astrobee/src/install/pmc/share/pmc/cmake/ament_cmake_export_targets-extras.cmake
[12.331s] -- Installing: /src/astrobee/src/install/pmc/share/pmc/cmake/ament_cmake_export_include_directories-extras.cmake
[12.331s] -- Installing: /src/astrobee/src/install/pmc/share/pmc/cmake/pmcConfig.cmake
[12.331s] -- Installing: /src/astrobee/src/install/pmc/share/pmc/cmake/pmcConfig-version.cmake
[12.331s] -- Installing: /src/astrobee/src/install/pmc/share/pmc/package.xml
[12.333s] Invoked command in '/src/astrobee/src/build/pmc' returned '0': AMENT_PREFIX_PATH=/src/astrobee/src/install/config_reader:/src/astrobee/src/install/ff_common:${AMENT_PREFIX_PATH} CMAKE_PREFIX_PATH=/src/astrobee/src/install/config_reader:/src/astrobee/src/install/ff_common LD_LIBRARY_PATH=/src/astrobee/src/install/config_reader/lib:/src/astrobee/src/install/ff_common/lib:${LD_LIBRARY_PATH} /usr/bin/cmake --install /src/astrobee/src/build/pmc
