-- Install configuration: ""
-- Execute custom install script
-- Up-to-date symlink: /src/astrobee/src/install/astrobee_freeflyer/share/astrobee_freeflyer/environment/astrobee_freeflyer.dsv
-- Up-to-date symlink: /src/astrobee/src/install/astrobee_freeflyer/share/astrobee_freeflyer/media/materials/scripts/astrobee.material
-- Up-to-date symlink: /src/astrobee/src/install/astrobee_freeflyer/share/astrobee_freeflyer/media/materials/textures/black.png
-- Up-to-date symlink: /src/astrobee/src/install/astrobee_freeflyer/share/astrobee_freeflyer/media/materials/textures/skin_bumble.png
-- Up-to-date symlink: /src/astrobee/src/install/astrobee_freeflyer/share/astrobee_freeflyer/media/materials/textures/skin_default.png
-- Up-to-date symlink: /src/astrobee/src/install/astrobee_freeflyer/share/astrobee_freeflyer/media/materials/textures/skin_honey.png
-- Up-to-date symlink: /src/astrobee/src/install/astrobee_freeflyer/share/astrobee_freeflyer/media/materials/textures/skin_queen.png
-- Up-to-date symlink: /src/astrobee/src/install/astrobee_freeflyer/share/astrobee_freeflyer/meshes/arm_distal_link.dae
-- Up-to-date symlink: /src/astrobee/src/install/astrobee_freeflyer/share/astrobee_freeflyer/meshes/arm_proximal_link.dae
-- Up-to-date symlink: /src/astrobee/src/install/astrobee_freeflyer/share/astrobee_freeflyer/meshes/base_link.dae
-- Up-to-date symlink: /src/astrobee/src/install/astrobee_freeflyer/share/astrobee_freeflyer/meshes/body.dae
-- Up-to-date symlink: /src/astrobee/src/install/astrobee_freeflyer/share/astrobee_freeflyer/meshes/carriage.dae
-- Up-to-date symlink: /src/astrobee/src/install/astrobee_freeflyer/share/astrobee_freeflyer/meshes/gripper_left_distal_link.dae
-- Up-to-date symlink: /src/astrobee/src/install/astrobee_freeflyer/share/astrobee_freeflyer/meshes/gripper_left_proximal_link.dae
-- Up-to-date symlink: /src/astrobee/src/install/astrobee_freeflyer/share/astrobee_freeflyer/meshes/gripper_right_distal_link.dae
-- Up-to-date symlink: /src/astrobee/src/install/astrobee_freeflyer/share/astrobee_freeflyer/meshes/gripper_right_proximal_link.dae
-- Up-to-date symlink: /src/astrobee/src/install/astrobee_freeflyer/share/astrobee_freeflyer/meshes/pmc.dae
-- Up-to-date symlink: /src/astrobee/src/install/astrobee_freeflyer/share/astrobee_freeflyer/meshes/pmc_bumper.dae
-- Up-to-date symlink: /src/astrobee/src/install/astrobee_freeflyer/share/astrobee_freeflyer/meshes/pmc_skin_.dae
-- Up-to-date symlink: /src/astrobee/src/install/astrobee_freeflyer/share/astrobee_freeflyer/meshes/pmc_skin_bumble.dae
-- Up-to-date symlink: /src/astrobee/src/install/astrobee_freeflyer/share/astrobee_freeflyer/meshes/pmc_skin_honey.dae
-- Up-to-date symlink: /src/astrobee/src/install/astrobee_freeflyer/share/astrobee_freeflyer/meshes/pmc_skin_queen.dae
-- Up-to-date symlink: /src/astrobee/src/install/astrobee_freeflyer/share/astrobee_freeflyer/model.config
-- Up-to-date symlink: /src/astrobee/src/install/astrobee_freeflyer/share/ament_index/resource_index/package_run_dependencies/astrobee_freeflyer
-- Up-to-date symlink: /src/astrobee/src/install/astrobee_freeflyer/share/ament_index/resource_index/parent_prefix_path/astrobee_freeflyer
-- Up-to-date symlink: /src/astrobee/src/install/astrobee_freeflyer/share/astrobee_freeflyer/environment/ament_prefix_path.sh
-- Up-to-date symlink: /src/astrobee/src/install/astrobee_freeflyer/share/astrobee_freeflyer/environment/ament_prefix_path.dsv
-- Up-to-date symlink: /src/astrobee/src/install/astrobee_freeflyer/share/astrobee_freeflyer/environment/path.sh
-- Up-to-date symlink: /src/astrobee/src/install/astrobee_freeflyer/share/astrobee_freeflyer/environment/path.dsv
-- Up-to-date symlink: /src/astrobee/src/install/astrobee_freeflyer/share/astrobee_freeflyer/local_setup.bash
-- Up-to-date symlink: /src/astrobee/src/install/astrobee_freeflyer/share/astrobee_freeflyer/local_setup.sh
-- Up-to-date symlink: /src/astrobee/src/install/astrobee_freeflyer/share/astrobee_freeflyer/local_setup.zsh
-- Up-to-date symlink: /src/astrobee/src/install/astrobee_freeflyer/share/astrobee_freeflyer/local_setup.dsv
-- Symlinking: /src/astrobee/src/install/astrobee_freeflyer/share/astrobee_freeflyer/package.dsv
-- Up-to-date symlink: /src/astrobee/src/install/astrobee_freeflyer/share/ament_index/resource_index/packages/astrobee_freeflyer
-- Up-to-date symlink: /src/astrobee/src/install/astrobee_freeflyer/share/astrobee_freeflyer/cmake/astrobee_freeflyerConfig.cmake
-- Up-to-date symlink: /src/astrobee/src/install/astrobee_freeflyer/share/astrobee_freeflyer/cmake/astrobee_freeflyerConfig-version.cmake
-- Up-to-date symlink: /src/astrobee/src/install/astrobee_freeflyer/share/astrobee_freeflyer/package.xml
