[ 40%] Built target ff_common
[ 70%] Built target gtest_main
[ 80%] Built target gtest
[100%] Built target test_thread
-- Install configuration: ""
-- Execute custom install script
-- Up-to-date symlink: /src/astrobee/src/install/ff_common/share/ff_common/environment/library_path.sh
-- Up-to-date symlink: /src/astrobee/src/install/ff_common/share/ff_common/environment/library_path.dsv
-- Up-to-date symlink: /src/astrobee/src/install/ff_common/share/ament_index/resource_index/package_run_dependencies/ff_common
-- Up-to-date symlink: /src/astrobee/src/install/ff_common/share/ament_index/resource_index/parent_prefix_path/ff_common
-- Up-to-date symlink: /src/astrobee/src/install/ff_common/share/ff_common/environment/ament_prefix_path.sh
-- Up-to-date symlink: /src/astrobee/src/install/ff_common/share/ff_common/environment/ament_prefix_path.dsv
-- Up-to-date symlink: /src/astrobee/src/install/ff_common/share/ff_common/environment/path.sh
-- Up-to-date symlink: /src/astrobee/src/install/ff_common/share/ff_common/environment/path.dsv
-- Up-to-date symlink: /src/astrobee/src/install/ff_common/share/ff_common/local_setup.bash
-- Up-to-date symlink: /src/astrobee/src/install/ff_common/share/ff_common/local_setup.sh
-- Up-to-date symlink: /src/astrobee/src/install/ff_common/share/ff_common/local_setup.zsh
-- Up-to-date symlink: /src/astrobee/src/install/ff_common/share/ff_common/local_setup.dsv
-- Symlinking: /src/astrobee/src/install/ff_common/share/ff_common/package.dsv
-- Up-to-date symlink: /src/astrobee/src/install/ff_common/share/ament_index/resource_index/packages/ff_common
-- Up-to-date symlink: /src/astrobee/src/install/ff_common/share/ff_common/cmake/ament_cmake_export_targets-extras.cmake
-- Up-to-date symlink: /src/astrobee/src/install/ff_common/share/ff_common/cmake/ament_cmake_export_include_directories-extras.cmake
-- Up-to-date symlink: /src/astrobee/src/install/ff_common/share/ff_common/cmake/ff_commonConfig.cmake
-- Up-to-date symlink: /src/astrobee/src/install/ff_common/share/ff_common/cmake/ff_commonConfig-version.cmake
-- Up-to-date symlink: /src/astrobee/src/install/ff_common/share/ff_common/package.xml
-- Up-to-date: /src/astrobee/src/install/ff_common/include/ff_common
-- Up-to-date: /src/astrobee/src/install/ff_common/include/ff_common/utils.h
-- Up-to-date: /src/astrobee/src/install/ff_common/include/ff_common/thread.h
-- Up-to-date: /src/astrobee/src/install/ff_common/include/ff_common/ff_names.h
-- Up-to-date: /src/astrobee/src/install/ff_common/include/ff_common/eigen_vectors.h
-- Up-to-date: /src/astrobee/src/install/ff_common/include/ff_common/init.h
-- Up-to-date: /src/astrobee/src/install/ff_common/include/ff_common/ff_ros.h
-- Up-to-date: /src/astrobee/src/install/ff_common/lib/libff_common.a
-- Up-to-date: /src/astrobee/src/install/ff_common/share/ff_common/cmake/ff_commonExport.cmake
-- Up-to-date: /src/astrobee/src/install/ff_common/share/ff_common/cmake/ff_commonExport-noconfig.cmake
