libjsoncpp1
libprotoc10
libgoogle-glog0v5
libtinyxml2.6.2v5
libyaml-cpp0.5v5
libace-6.4.5
libqt4-qt3support
libqt4-xml
libamd2
libcamd2
libbtf1
libcolamd2
libccolamd2
libcholmod3
libsuitesparse-dev
libklu1
libblas3
liblapack3
libatlas3-base
libv4l-0
libv4lconvert0
libv4l2rds0
libgl1-mesa-glx
libgmp10
libusb-1.0-0
libtinyxml2.6.2v5
libpcl-common1.8
libjson-c3
libargtable2-0
libboost-program-options1.62.0
libboost-signals1.62.0
libboost-system1.62.0
libboost-chrono1.62.0
libboost-thread1.62.0
libboost-program-options1.62.0
libboost-signals1.62.0
libboost-system1.62.0
libboost-chrono1.62.0
libboost-thread1.62.0
libboost-filesystem1.65.1
ros-melodic-ros-base
ros-melodic-cpp-common
ros-melodic-rosbag
ros-melodic-common-msgs
ros-melodic-nodelet
ros-melodic-pluginlib
ros-melodic-actionlib
ros-melodic-image-transport
ros-melodic-compressed-image-transport
ros-melodic-tf2
ros-melodic-tf2-eigen
ros-melodic-tf2-geometry-msgs
ros-melodic-tf2-kdl
ros-melodic-tf2-msgs
ros-melodic-tf2-ros
ros-melodic-tf2-sensor-msgs
ros-melodic-message-filters
ros-melodic-robot-state-publisher
ros-melodic-rosconsole
ros-melodic-roscpp
ros-melodic-rosgraph
ros-melodic-rosgraph-msgs
ros-melodic-roslaunch
ros-melodic-rosmaster
ros-melodic-rosmsg
ros-melodic-rosnode
ros-melodic-rosout
ros-melodic-rosparam
ros-melodic-rosservice
ros-melodic-rostopic
ros-melodic-roswtf
ros-melodic-std-srvs
ros-melodic-topic-tools
ros-melodic-xmlrpcpp
ros-melodic-mavlink
ros-melodic-xacro
ros-melodic-octomap
ros-melodic-catkin
libalvar2
libdbow21
libgtsam
libopenmvg1
libroyale1
libceres1
rti
libmiro0
libsoracore1
libdecomputil0
libjps3d0
build-essential
cmake
libgoogle-glog-dev
libgtest-dev
libgflags-dev
libace-dev
libqt4-dev
protobuf-compiler
libv4l-dev
libeigen3-dev
libluajit-5.1-dev
libjsoncpp-dev
libtinyxml-dev
libyaml-cpp-dev
libusb-1.0-0-dev
libpcl-dev
libboost-program-options-dev
libboost-signals-dev
libboost-system-dev
libboost-chrono-dev
libboost-thread-dev
libboost-filesystem-dev
libsuitesparse-dev
libatlas-base-dev
libjson-c-dev
libargtable2-dev
libalvar-dev
libdbow2-dev
libgtsam-dev
libopenmvg-dev
libroyale-dev
libceres-dev
rti-dev
libsoracore-dev
libmiro-dev
libdecomputil-dev
libjps3d-dev
libopencv3.3.1
libopencv-dev3.3.1
python-catkin-tools
