libjsoncpp1
libprotoc17
libgoogle-glog0v5
libtinyxml2.6.2v5
libyaml-cpp0.6
libace-6.4.5
libamd2
libcamd2
libbtf1
libcolamd2
libccolamd2
libcholmod3
libsuitesparse-dev
libklu1
libblas3
liblapack3
libatlas3-base
libv4l-0
libv4lconvert0
libv4l2rds0
libgl1-mesa-glx
libgmp10
libusb-1.0-0
libtinyxml2.6.2v5
libpcl-common1.10
libjson-c4
libargtable2-0
libboost-program-options1.71.0
libboost-signals1.67.0
libboost-system1.71.0
libboost-chrono1.71.0
libboost-thread1.71.0
libboost-program-options1.71.0
libboost-signals1.67.0
libboost-system1.71.0
libboost-chrono1.71.0
libboost-thread1.71.0
libboost-filesystem1.71.0
ros-noetic-ros-base
ros-noetic-cpp-common
ros-noetic-rosbag
ros-noetic-common-msgs
ros-noetic-nodelet
ros-noetic-pluginlib
ros-noetic-actionlib
ros-noetic-image-transport
ros-noetic-compressed-image-transport
ros-noetic-tf2
ros-noetic-tf2-eigen
ros-noetic-tf2-geometry-msgs
ros-noetic-tf2-kdl
ros-noetic-tf2-msgs
ros-noetic-tf2-ros
ros-noetic-tf2-sensor-msgs
ros-noetic-message-filters
ros-noetic-robot-state-publisher
ros-noetic-rosconsole
ros-noetic-roscpp
ros-noetic-rosgraph
ros-noetic-rosgraph-msgs
ros-noetic-roslaunch
ros-noetic-rosmaster
ros-noetic-rosmsg
ros-noetic-rosnode
ros-noetic-rosout
ros-noetic-rosparam
ros-noetic-rosservice
ros-noetic-rostopic
ros-noetic-roswtf
ros-noetic-std-srvs
ros-noetic-topic-tools
ros-noetic-xmlrpcpp
ros-noetic-mavlink
ros-noetic-xacro
ros-noetic-octomap
ros-noetic-catkin
libalvar2
libdbow21
libgtsam
libopenmvg1
libroyale1
libceres1
rti
libmiro0
libsoracore1
libdecomputil0
libjps3d0
build-essential
cmake
libgoogle-glog-dev
libgtest-dev
libgflags-dev
libace-dev
protobuf-compiler
libv4l-dev
libeigen3-dev
libluajit-5.1-dev
libjsoncpp-dev
libtinyxml-dev
libyaml-cpp-dev
libusb-1.0-0-dev
libvtk7-dev
libpcl-dev
libboost-program-options-dev
libboost-system-dev
libboost-chrono-dev
libboost-thread-dev
libboost-filesystem-dev
libsuitesparse-dev
libatlas-base-dev
libjson-c-dev
libargtable2-dev
libalvar-dev
libdbow2-dev
libgtsam-dev
libopenmvg-dev
libroyale-dev
libceres-dev
rti-dev
libsoracore-dev
libmiro-dev
libdecomputil-dev
libjps3d-dev
libopencv3.3.1
libopencv-dev3.3.1
python3-catkin-tools
