libluajit-5.1-2
libjsoncpp1
libprotoc9v5
libgoogle-glog0v5
libtinyxml2.6.2v5
libyaml-cpp0.5v5
libace-6.3.3
libqt4-qt3support
libqt4-xml
libamd2.4.1
libcamd2.4.1
libbtf1.2.1
libcolamd2.9.1
libccolamd2.9.1
libcholmod3.0.6
libcsparse3.1.4
libcxsparse3.1.4
libklu1.3.3
libblas3
liblapack3
libatlas3-base
libv4l-0
libv4lconvert0
libv4l2rds0
libgl1-mesa-glx
libgmp10
libusb-1.0-0
libtinyxml2.6.2v5
libpcl-common1.7
libjson-c2
libargtable2-0
libboost-program-options1.58.0
libboost-signals1.58.0
libboost-system1.58.0
libboost-chrono1.58.0
libboost-thread1.58.0
libboost-filesystem1.58.0
ros-kinetic-ros-base
ros-kinetic-cpp-common
ros-kinetic-rosbag
ros-kinetic-common-msgs
ros-kinetic-nodelet
ros-kinetic-pluginlib
ros-kinetic-actionlib
ros-kinetic-image-transport
ros-kinetic-compressed-image-transport
ros-kinetic-tf2
ros-kinetic-tf2-eigen
ros-kinetic-tf2-geometry-msgs
ros-kinetic-tf2-kdl
ros-kinetic-tf2-msgs
ros-kinetic-tf2-ros
ros-kinetic-tf2-sensor-msgs
ros-kinetic-message-filters
ros-kinetic-robot-state-publisher
ros-kinetic-rosconsole
ros-kinetic-roscpp
ros-kinetic-rosgraph
ros-kinetic-rosgraph-msgs
ros-kinetic-roslaunch
ros-kinetic-rosmaster
ros-kinetic-rosmsg
ros-kinetic-rosnode
ros-kinetic-rosout
ros-kinetic-rosparam
ros-kinetic-rosservice
ros-kinetic-rostopic
ros-kinetic-roswtf
ros-kinetic-std-srvs
ros-kinetic-topic-tools
ros-kinetic-xmlrpcpp
ros-kinetic-opencv3
ros-kinetic-mavlink
ros-kinetic-xacro
ros-kinetic-octomap
ros-kinetic-catkin
libalvar2
libdbow21
libgtsam
libopenmvg1
libroyale1
libceres1
rti
libmiro0
libsoracore1
libdecomputil0
libjps3d0
build-essential
cmake
libgoogle-glog-dev
libgtest-dev
libgflags-dev
libace-dev
libqt4-dev
protobuf-compiler
libv4l-dev
libeigen3-dev
libluajit-5.1-dev
libjsoncpp-dev
libtinyxml-dev
libyaml-cpp-dev
libusb-1.0-0-dev
libpcl-dev
libpcl-conversions-dev
libboost-program-options-dev
libboost-signals-dev
libboost-system-dev
libboost-chrono-dev
libboost-thread-dev
libboost-filesystem-dev
libsuitesparse-dev
libatlas-dev
libjson-c-dev
libargtable2-dev
libalvar-dev
libdbow2-dev
libgtsam-dev
libopenmvg-dev
libroyale-dev
libceres-dev
rti-dev
libsoracore-dev
libmiro-dev
libdecomputil-dev
libjps3d-dev
python-catkin-tools
