libluajit-5.1-2
libjsoncpp1
libprotoc9v5
libgoogle-glog0v5
libtinyxml2.6.2v5
libyaml-cpp0.5v5
libace-6.3.3
libqt4-qt3support
libqt4-xml
libamd2.4.1
libcamd2.4.1
libbtf1.2.1
libcolamd2.9.1
libccolamd2.9.1
libcholmod3.0.6
libcsparse3.1.4
libcxsparse3.1.4
libklu1.3.3
libblas3
liblapack3
libatlas3-base
libv4l-0
libv4lconvert0
libv4l2rds0
libgl1-mesa-glx
libgmp10
libusb-1.0-0
libtinyxml2.6.2v5
libpcl-common1.7
libjson-c2
libargtable2-0
libboost-program-options1.58.0
libboost-signals1.58.0
libboost-system1.58.0
libboost-chrono1.58.0
libboost-thread1.58.0
libboost-filesystem1.58.0
ros-melodic-ros-base
ros-melodic-cpp-common
ros-melodic-rosbag
ros-melodic-common-msgs
ros-melodic-nodelet
ros-melodic-pluginlib
ros-melodic-actionlib
ros-melodic-image-transport
ros-melodic-compressed-image-transport
ros-melodic-tf2
ros-melodic-tf2-eigen
ros-melodic-tf2-geometry-msgs
ros-melodic-tf2-kdl
ros-melodic-tf2-msgs
ros-melodic-tf2-ros
ros-melodic-tf2-sensor-msgs
ros-melodic-message-filters
ros-melodic-robot-state-publisher
ros-melodic-rosconsole
ros-melodic-roscpp
ros-melodic-rosgraph
ros-melodic-rosgraph-msgs
ros-melodic-roslaunch
ros-melodic-rosmaster
ros-melodic-rosmsg
ros-melodic-rosnode
ros-melodic-rosout
ros-melodic-rosparam
ros-melodic-rosservice
ros-melodic-rostopic
ros-melodic-roswtf
ros-melodic-std-srvs
ros-melodic-topic-tools
ros-melodic-xmlrpcpp
ros-melodic-opencv3
ros-melodic-mavlink
ros-melodic-xacro
ros-melodic-octomap
libalvar2
libdbow21
libopenmvg1
libroyale1
libceres1
rti
libmiro0
libsoracore1
libdecomputil0
libjps3d0
build-essential
cmake
libgoogle-glog-dev
libgtest-dev
libgflags-dev
libace-dev
libqt4-dev
protobuf-compiler
libv4l-dev
libeigen3-dev
libluajit-5.1-dev
libjsoncpp-dev
libtinyxml-dev
libyaml-cpp-dev
libusb-1.0-0-dev
libpcl-dev
libboost-program-options-dev
libboost-signals-dev
libboost-system-dev
libboost-chrono-dev
libboost-thread-dev
libboost-filesystem-dev
libsuitesparse-dev
libatlas-dev
libjson-c-dev
libargtable2-dev
libalvar-dev
libdbow2-dev
libopenmvg-dev
libroyale-dev
libceres-dev
rti-dev
libsoracore-dev
libmiro-dev
libdecomputil-dev
libjps3d-dev
