-- Install configuration: ""
-- Execute custom install script
-- Up-to-date symlink: /src/astrobee/src/install/astrobee_iss/share/astrobee_iss/environment/astrobee_iss.dsv
-- Up-to-date symlink: /src/astrobee/src/install/astrobee_iss/share/astrobee_iss/urdf/model.urdf
-- Up-to-date symlink: /src/astrobee/src/install/astrobee_iss/share/astrobee_iss/media/materials/textures/Airlock.png
-- Up-to-date symlink: /src/astrobee/src/install/astrobee_iss/share/astrobee_iss/media/materials/textures/Airlock_02.png
-- Up-to-date symlink: /src/astrobee/src/install/astrobee_iss/share/astrobee_iss/media/materials/textures/Airlock_externalDoor_inside.png
-- Up-to-date symlink: /src/astrobee/src/install/astrobee_iss/share/astrobee_iss/media/materials/textures/ChromeReflection.png
-- Up-to-date symlink: /src/astrobee/src/install/astrobee_iss/share/astrobee_iss/media/materials/textures/Columbus_01.png
-- Up-to-date symlink: /src/astrobee/src/install/astrobee_iss/share/astrobee_iss/media/materials/textures/Columbus_02.png
-- Up-to-date symlink: /src/astrobee/src/install/astrobee_iss/share/astrobee_iss/media/materials/textures/Columbus_03.png
-- Up-to-date symlink: /src/astrobee/src/install/astrobee_iss/share/astrobee_iss/media/materials/textures/Columbus_Bulkhead.png
-- Up-to-date symlink: /src/astrobee/src/install/astrobee_iss/share/astrobee_iss/media/materials/textures/Cupola_Int_Diffuse.png
-- Up-to-date symlink: /src/astrobee/src/install/astrobee_iss/share/astrobee_iss/media/materials/textures/Generic_Intersection.png
-- Up-to-date symlink: /src/astrobee/src/install/astrobee_iss/share/astrobee_iss/media/materials/textures/Generic_Misc_Details.png
-- Up-to-date symlink: /src/astrobee/src/install/astrobee_iss/share/astrobee_iss/media/materials/textures/JLP_Int_Racks.png
-- Up-to-date symlink: /src/astrobee/src/install/astrobee_iss/share/astrobee_iss/media/materials/textures/JLP_Interior.png
-- Up-to-date symlink: /src/astrobee/src/install/astrobee_iss/share/astrobee_iss/media/materials/textures/JPM_Bulkhead.png
-- Up-to-date symlink: /src/astrobee/src/install/astrobee_iss/share/astrobee_iss/media/materials/textures/JPM_Racks_01.png
-- Up-to-date symlink: /src/astrobee/src/install/astrobee_iss/share/astrobee_iss/media/materials/textures/JPM_Racks_02.png
-- Up-to-date symlink: /src/astrobee/src/install/astrobee_iss/share/astrobee_iss/media/materials/textures/JPM_Racks_03.png
-- Up-to-date symlink: /src/astrobee/src/install/astrobee_iss/share/astrobee_iss/media/materials/textures/Node1_Bulkhead.png
-- Up-to-date symlink: /src/astrobee/src/install/astrobee_iss/share/astrobee_iss/media/materials/textures/Node1_Rack.png
-- Up-to-date symlink: /src/astrobee/src/install/astrobee_iss/share/astrobee_iss/media/materials/textures/Node2_Bulkheads.png
-- Up-to-date symlink: /src/astrobee/src/install/astrobee_iss/share/astrobee_iss/media/materials/textures/Node2_Interior_Racks.png
-- Up-to-date symlink: /src/astrobee/src/install/astrobee_iss/share/astrobee_iss/media/materials/textures/Node3_Bulkhead.png
-- Up-to-date symlink: /src/astrobee/src/install/astrobee_iss/share/astrobee_iss/media/materials/textures/Node3_Rack_01.png
-- Up-to-date symlink: /src/astrobee/src/install/astrobee_iss/share/astrobee_iss/media/materials/textures/Node3_Rack_02.png
-- Up-to-date symlink: /src/astrobee/src/install/astrobee_iss/share/astrobee_iss/media/materials/textures/PMM_01.png
-- Up-to-date symlink: /src/astrobee/src/install/astrobee_iss/share/astrobee_iss/media/materials/textures/USLab_FWD_Bulkhead.png
-- Up-to-date symlink: /src/astrobee/src/install/astrobee_iss/share/astrobee_iss/media/materials/textures/USLab_Racks_02.png
-- Up-to-date symlink: /src/astrobee/src/install/astrobee_iss/share/astrobee_iss/media/materials/textures/Untitled_002.png
-- Up-to-date symlink: /src/astrobee/src/install/astrobee_iss/share/astrobee_iss/media/materials/textures/Untitled_004.png
-- Up-to-date symlink: /src/astrobee/src/install/astrobee_iss/share/astrobee_iss/media/materials/textures/Untitled_005.png
-- Up-to-date symlink: /src/astrobee/src/install/astrobee_iss/share/astrobee_iss/meshes/cupola.dae
-- Up-to-date symlink: /src/astrobee/src/install/astrobee_iss/share/astrobee_iss/meshes/eu_lab.dae
-- Up-to-date symlink: /src/astrobee/src/install/astrobee_iss/share/astrobee_iss/meshes/jpm.dae
-- Up-to-date symlink: /src/astrobee/src/install/astrobee_iss/share/astrobee_iss/meshes/jpm.ply
-- Up-to-date symlink: /src/astrobee/src/install/astrobee_iss/share/astrobee_iss/meshes/node_1.dae
-- Up-to-date symlink: /src/astrobee/src/install/astrobee_iss/share/astrobee_iss/meshes/node_2.dae
-- Up-to-date symlink: /src/astrobee/src/install/astrobee_iss/share/astrobee_iss/meshes/node_3.dae
-- Up-to-date symlink: /src/astrobee/src/install/astrobee_iss/share/astrobee_iss/meshes/us_lab.dae
-- Up-to-date symlink: /src/astrobee/src/install/astrobee_iss/share/astrobee_iss/model.config
-- Up-to-date symlink: /src/astrobee/src/install/astrobee_iss/share/ament_index/resource_index/package_run_dependencies/astrobee_iss
-- Up-to-date symlink: /src/astrobee/src/install/astrobee_iss/share/ament_index/resource_index/parent_prefix_path/astrobee_iss
-- Up-to-date symlink: /src/astrobee/src/install/astrobee_iss/share/astrobee_iss/environment/ament_prefix_path.sh
-- Up-to-date symlink: /src/astrobee/src/install/astrobee_iss/share/astrobee_iss/environment/ament_prefix_path.dsv
-- Up-to-date symlink: /src/astrobee/src/install/astrobee_iss/share/astrobee_iss/environment/path.sh
-- Up-to-date symlink: /src/astrobee/src/install/astrobee_iss/share/astrobee_iss/environment/path.dsv
-- Up-to-date symlink: /src/astrobee/src/install/astrobee_iss/share/astrobee_iss/local_setup.bash
-- Up-to-date symlink: /src/astrobee/src/install/astrobee_iss/share/astrobee_iss/local_setup.sh
-- Up-to-date symlink: /src/astrobee/src/install/astrobee_iss/share/astrobee_iss/local_setup.zsh
-- Up-to-date symlink: /src/astrobee/src/install/astrobee_iss/share/astrobee_iss/local_setup.dsv
-- Symlinking: /src/astrobee/src/install/astrobee_iss/share/astrobee_iss/package.dsv
-- Up-to-date symlink: /src/astrobee/src/install/astrobee_iss/share/ament_index/resource_index/packages/astrobee_iss
-- Up-to-date symlink: /src/astrobee/src/install/astrobee_iss/share/astrobee_iss/cmake/astrobee_issConfig.cmake
-- Up-to-date symlink: /src/astrobee/src/install/astrobee_iss/share/astrobee_iss/cmake/astrobee_issConfig-version.cmake
-- Up-to-date symlink: /src/astrobee/src/install/astrobee_iss/share/astrobee_iss/package.xml
