[0.058s] Invoking command in '/src/astrobee/src/build/astrobee_dock': CMAKE_PREFIX_PATH=/opt/ros/rolling /usr/bin/cmake --build /src/astrobee/src/build/astrobee_dock -- -j20 -l20
[0.099s] Invoked command in '/src/astrobee/src/build/astrobee_dock' returned '0': CMAKE_PREFIX_PATH=/opt/ros/rolling /usr/bin/cmake --build /src/astrobee/src/build/astrobee_dock -- -j20 -l20
[0.136s] Invoking command in '/src/astrobee/src/build/astrobee_dock': CMAKE_PREFIX_PATH=/opt/ros/rolling /usr/bin/cmake --install /src/astrobee/src/build/astrobee_dock
[0.145s] -- Install configuration: ""
[0.146s] -- Execute custom install script
[0.146s] -- Up-to-date symlink: /src/astrobee/src/install/astrobee_dock/share/astrobee_dock/environment/astrobee_dock.dsv
[0.146s] -- Up-to-date symlink: /src/astrobee/src/install/astrobee_dock/share/astrobee_dock/urdf/model.urdf
[0.146s] -- Up-to-date symlink: /src/astrobee/src/install/astrobee_dock/share/astrobee_dock/media/materials/textures/dock_target.png
[0.147s] -- Up-to-date symlink: /src/astrobee/src/install/astrobee_dock/share/astrobee_dock/meshes/dock.dae
[0.147s] -- Up-to-date symlink: /src/astrobee/src/install/astrobee_dock/share/astrobee_dock/meshes/dock_base.dae
[0.147s] -- Up-to-date symlink: /src/astrobee/src/install/astrobee_dock/share/astrobee_dock/meshes/dock_handles.dae
[0.147s] -- Up-to-date symlink: /src/astrobee/src/install/astrobee_dock/share/astrobee_dock/meshes/dock_pins.dae
[0.147s] -- Up-to-date symlink: /src/astrobee/src/install/astrobee_dock/share/astrobee_dock/meshes/dock_target.dae
[0.147s] -- Up-to-date symlink: /src/astrobee/src/install/astrobee_dock/share/astrobee_dock/model.config
[0.148s] -- Up-to-date symlink: /src/astrobee/src/install/astrobee_dock/share/ament_index/resource_index/package_run_dependencies/astrobee_dock
[0.148s] -- Up-to-date symlink: /src/astrobee/src/install/astrobee_dock/share/ament_index/resource_index/parent_prefix_path/astrobee_dock
[0.148s] -- Up-to-date symlink: /src/astrobee/src/install/astrobee_dock/share/astrobee_dock/environment/ament_prefix_path.sh
[0.148s] -- Up-to-date symlink: /src/astrobee/src/install/astrobee_dock/share/astrobee_dock/environment/ament_prefix_path.dsv
[0.148s] -- Up-to-date symlink: /src/astrobee/src/install/astrobee_dock/share/astrobee_dock/environment/path.sh
[0.148s] -- Up-to-date symlink: /src/astrobee/src/install/astrobee_dock/share/astrobee_dock/environment/path.dsv
[0.148s] -- Up-to-date symlink: /src/astrobee/src/install/astrobee_dock/share/astrobee_dock/local_setup.bash
[0.148s] -- Up-to-date symlink: /src/astrobee/src/install/astrobee_dock/share/astrobee_dock/local_setup.sh
[0.148s] -- Up-to-date symlink: /src/astrobee/src/install/astrobee_dock/share/astrobee_dock/local_setup.zsh
[0.148s] -- Up-to-date symlink: /src/astrobee/src/install/astrobee_dock/share/astrobee_dock/local_setup.dsv
[0.148s] -- Symlinking: /src/astrobee/src/install/astrobee_dock/share/astrobee_dock/package.dsv
[0.152s] -- Up-to-date symlink: /src/astrobee/src/install/astrobee_dock/share/ament_index/resource_index/packages/astrobee_dock
[0.153s] -- Up-to-date symlink: /src/astrobee/src/install/astrobee_dock/share/astrobee_dock/cmake/astrobee_dockConfig.cmake
[0.154s] -- Up-to-date symlink: /src/astrobee/src/install/astrobee_dock/share/astrobee_dock/cmake/astrobee_dockConfig-version.cmake
[0.155s] -- Up-to-date symlink: /src/astrobee/src/install/astrobee_dock/share/astrobee_dock/package.xml
[0.178s] Invoked command in '/src/astrobee/src/build/astrobee_dock' returned '0': CMAKE_PREFIX_PATH=/opt/ros/rolling /usr/bin/cmake --install /src/astrobee/src/build/astrobee_dock
