-- The C compiler identification is GNU 9.4.0
-- The CXX compiler identification is GNU 9.4.0
-- Check for working C compiler: /usr/bin/cc
-- Check for working C compiler: /usr/bin/cc -- works
-- Detecting C compiler ABI info
-- Detecting C compiler ABI info - done
-- Detecting C compile features
-- Detecting C compile features - done
-- Check for working CXX compiler: /usr/bin/c++
-- Check for working CXX compiler: /usr/bin/c++ -- works
-- Detecting CXX compiler ABI info
-- Detecting CXX compiler ABI info - done
-- Detecting CXX compile features
-- Detecting CXX compile features - done
-- Found ament_cmake: 1.2.1 (/opt/ros/rolling/share/ament_cmake/cmake)
-- Found Python3: /usr/bin/python3.8 (found version "3.8.10") found components: Interpreter 
-- Override CMake install command with custom implementation using symlinks instead of copying resources
-- Found rclcpp: 15.0.0 (/opt/ros/rolling/share/rclcpp/cmake)
-- Using all available rosidl_typesupport_c: rosidl_typesupport_fastrtps_c;rosidl_typesupport_introspection_c
-- Found rosidl_adapter: 3.0.1 (/opt/ros/rolling/share/rosidl_adapter/cmake)
-- Using all available rosidl_typesupport_cpp: rosidl_typesupport_fastrtps_cpp;rosidl_typesupport_introspection_cpp
-- Found rmw_implementation_cmake: 5.1.0 (/opt/ros/rolling/share/rmw_implementation_cmake/cmake)
-- Found rmw_cyclonedds_cpp: 1.1.2 (/opt/ros/rolling/share/rmw_cyclonedds_cpp/cmake)
-- Using RMW implementation 'rmw_cyclonedds_cpp' as default
-- Found ff_common: 1.0.0 (/src/astrobee/src/install/ff_common/share/ff_common/cmake)
-- Found Luajit20: /usr/lib/x86_64-linux-gnu/libluajit-5.1.so;/usr/lib/x86_64-linux-gnu/libm.so (found version "2.1.0-beta3") 
-- Configuring done
-- Generating done
-- Build files have been written to: /src/astrobee/src/build/config_reader
[35m[1mScanning dependencies of target config_reader[0m
[ 33%] [32mBuilding CXX object CMakeFiles/config_reader.dir/src/watch_files.cc.o[0m
[ 66%] [32mBuilding CXX object CMakeFiles/config_reader.dir/src/config_reader.cc.o[0m
[100%] [32m[1mLinking CXX static library libconfig_reader.a[0m
[100%] Built target config_reader
-- Install configuration: ""
-- Execute custom install script
-- Symlinking: /src/astrobee/src/install/config_reader/share/config_reader/environment/library_path.sh
-- Symlinking: /src/astrobee/src/install/config_reader/share/config_reader/environment/library_path.dsv
-- Symlinking: /src/astrobee/src/install/config_reader/include/config_reader/config_reader.h
-- Symlinking: /src/astrobee/src/install/config_reader/include/config_reader/watch_files.h
-- Symlinking: /src/astrobee/src/install/config_reader/share/ament_index/resource_index/package_run_dependencies/config_reader
-- Symlinking: /src/astrobee/src/install/config_reader/share/ament_index/resource_index/parent_prefix_path/config_reader
-- Symlinking: /src/astrobee/src/install/config_reader/share/config_reader/environment/ament_prefix_path.sh
-- Symlinking: /src/astrobee/src/install/config_reader/share/config_reader/environment/ament_prefix_path.dsv
-- Symlinking: /src/astrobee/src/install/config_reader/share/config_reader/environment/path.sh
-- Symlinking: /src/astrobee/src/install/config_reader/share/config_reader/environment/path.dsv
-- Symlinking: /src/astrobee/src/install/config_reader/share/config_reader/local_setup.bash
-- Symlinking: /src/astrobee/src/install/config_reader/share/config_reader/local_setup.sh
-- Symlinking: /src/astrobee/src/install/config_reader/share/config_reader/local_setup.zsh
-- Symlinking: /src/astrobee/src/install/config_reader/share/config_reader/local_setup.dsv
-- Symlinking: /src/astrobee/src/install/config_reader/share/config_reader/package.dsv
-- Symlinking: /src/astrobee/src/install/config_reader/share/ament_index/resource_index/packages/config_reader
-- Symlinking: /src/astrobee/src/install/config_reader/share/config_reader/cmake/ament_cmake_export_targets-extras.cmake
-- Symlinking: /src/astrobee/src/install/config_reader/share/config_reader/cmake/ament_cmake_export_include_directories-extras.cmake
-- Symlinking: /src/astrobee/src/install/config_reader/share/config_reader/cmake/config_readerConfig.cmake
-- Symlinking: /src/astrobee/src/install/config_reader/share/config_reader/cmake/config_readerConfig-version.cmake
-- Symlinking: /src/astrobee/src/install/config_reader/share/config_reader/package.xml
-- Installing: /src/astrobee/src/install/config_reader/lib/libconfig_reader.a
-- Installing: /src/astrobee/src/install/config_reader/share/config_reader/cmake/config_readerExport.cmake
-- Installing: /src/astrobee/src/install/config_reader/share/config_reader/cmake/config_readerExport-noconfig.cmake
