[0.010s] Invoking command in '/src/astrobee/src/build/config_reader': AMENT_PREFIX_PATH=/src/astrobee/src/install/ff_common:${AMENT_PREFIX_PATH} CMAKE_PREFIX_PATH=/src/astrobee/src/install/ff_common:/opt/ros/rolling LD_LIBRARY_PATH=/src/astrobee/src/install/ff_common/lib:${LD_LIBRARY_PATH} /usr/bin/cmake /src/astrobee/src/shared/config_reader -DAMENT_CMAKE_SYMLINK_INSTALL=1 -DCMAKE_INSTALL_PREFIX=/src/astrobee/src/install/config_reader
[0.074s] -- The C compiler identification is GNU 9.4.0
[0.130s] -- The CXX compiler identification is GNU 9.4.0
[0.135s] -- Check for working C compiler: /usr/bin/cc
[0.199s] -- Check for working C compiler: /usr/bin/cc -- works
[0.200s] -- Detecting C compiler ABI info
[0.285s] -- Detecting C compiler ABI info - done
[0.305s] -- Detecting C compile features
[0.305s] -- Detecting C compile features - done
[0.310s] -- Check for working CXX compiler: /usr/bin/c++
[0.581s] -- Check for working CXX compiler: /usr/bin/c++ -- works
[0.583s] -- Detecting CXX compiler ABI info
[0.753s] -- Detecting CXX compiler ABI info - done
[0.798s] -- Detecting CXX compile features
[0.799s] -- Detecting CXX compile features - done
[0.803s] -- Found ament_cmake: 1.2.1 (/opt/ros/rolling/share/ament_cmake/cmake)
[1.083s] -- Found Python3: /usr/bin/python3.8 (found version "3.8.10") found components: Interpreter 
[1.148s] -- Override CMake install command with custom implementation using symlinks instead of copying resources
[1.176s] -- Found rclcpp: 15.0.0 (/opt/ros/rolling/share/rclcpp/cmake)
[1.237s] -- Using all available rosidl_typesupport_c: rosidl_typesupport_fastrtps_c;rosidl_typesupport_introspection_c
[1.242s] -- Found rosidl_adapter: 3.0.1 (/opt/ros/rolling/share/rosidl_adapter/cmake)
[1.279s] -- Using all available rosidl_typesupport_cpp: rosidl_typesupport_fastrtps_cpp;rosidl_typesupport_introspection_cpp
[1.355s] -- Found rmw_implementation_cmake: 5.1.0 (/opt/ros/rolling/share/rmw_implementation_cmake/cmake)
[1.358s] -- Found rmw_cyclonedds_cpp: 1.1.2 (/opt/ros/rolling/share/rmw_cyclonedds_cpp/cmake)
[1.381s] -- Using RMW implementation 'rmw_cyclonedds_cpp' as default
[1.567s] -- Found ff_common: 1.0.0 (/src/astrobee/src/install/ff_common/share/ff_common/cmake)
[1.572s] -- Found Luajit20: /usr/lib/x86_64-linux-gnu/libluajit-5.1.so;/usr/lib/x86_64-linux-gnu/libm.so (found version "2.1.0-beta3") 
[1.655s] -- Configuring done
[1.663s] -- Generating done
[1.665s] -- Build files have been written to: /src/astrobee/src/build/config_reader
[1.676s] Invoked command in '/src/astrobee/src/build/config_reader' returned '0': AMENT_PREFIX_PATH=/src/astrobee/src/install/ff_common:${AMENT_PREFIX_PATH} CMAKE_PREFIX_PATH=/src/astrobee/src/install/ff_common:/opt/ros/rolling LD_LIBRARY_PATH=/src/astrobee/src/install/ff_common/lib:${LD_LIBRARY_PATH} /usr/bin/cmake /src/astrobee/src/shared/config_reader -DAMENT_CMAKE_SYMLINK_INSTALL=1 -DCMAKE_INSTALL_PREFIX=/src/astrobee/src/install/config_reader
[1.677s] Invoking command in '/src/astrobee/src/build/config_reader': AMENT_PREFIX_PATH=/src/astrobee/src/install/ff_common:${AMENT_PREFIX_PATH} CMAKE_PREFIX_PATH=/src/astrobee/src/install/ff_common:/opt/ros/rolling LD_LIBRARY_PATH=/src/astrobee/src/install/ff_common/lib:${LD_LIBRARY_PATH} /usr/bin/cmake --build /src/astrobee/src/build/config_reader -- -j20 -l20
[1.728s] [35m[1mScanning dependencies of target config_reader[0m
[1.741s] [ 33%] [32mBuilding CXX object CMakeFiles/config_reader.dir/src/watch_files.cc.o[0m
[1.769s] [ 66%] [32mBuilding CXX object CMakeFiles/config_reader.dir/src/config_reader.cc.o[0m
[2.614s] [01m[K/src/astrobee/src/shared/config_reader/src/config_reader.cc:[m[K In copy constructor ‘[01m[Kconfig_reader::ConfigReader::FileHeader::FileHeader(const config_reader::ConfigReader::FileHeader&)[m[K’:
[2.614s] [01m[K/src/astrobee/src/shared/config_reader/src/config_reader.cc:468:15:[m[K [01;35m[Kwarning: [m[Kimplicitly-declared ‘[01m[Kconstexpr config_reader::WatchFiles::Watch& config_reader::WatchFiles::Watch::operator=(const config_reader::WatchFiles::Watch&)[m[K’ is deprecated [[01;35m[K-Wdeprecated-copy[m[K]
[2.614s]   468 |   watch_ = fh.[01;35m[Kwatch_[m[K;
[2.614s]       |               [01;35m[K^~~~~~[m[K
[2.614s] In file included from [01m[K/src/astrobee/src/shared/config_reader/include/config_reader/config_reader.h:44[m[K,
[2.614s]                  from [01m[K/src/astrobee/src/shared/config_reader/src/config_reader.cc:22[m[K:
[2.614s] [01m[K/src/astrobee/src/shared/config_reader/include/config_reader/watch_files.h:75:5:[m[K [01;36m[Knote: [m[Kbecause ‘[01m[Kconfig_reader::WatchFiles::Watch[m[K’ has user-provided ‘[01m[Kconfig_reader::WatchFiles::Watch::Watch(const config_reader::WatchFiles::Watch&)[m[K’
[2.614s]    75 |     [01;36m[KWatch[m[K(const Watch &w)
[2.614s]       |     [01;36m[K^~~~~[m[K
[4.060s] [100%] [32m[1mLinking CXX static library libconfig_reader.a[0m
[4.101s] [100%] Built target config_reader
[4.115s] Invoked command in '/src/astrobee/src/build/config_reader' returned '0': AMENT_PREFIX_PATH=/src/astrobee/src/install/ff_common:${AMENT_PREFIX_PATH} CMAKE_PREFIX_PATH=/src/astrobee/src/install/ff_common:/opt/ros/rolling LD_LIBRARY_PATH=/src/astrobee/src/install/ff_common/lib:${LD_LIBRARY_PATH} /usr/bin/cmake --build /src/astrobee/src/build/config_reader -- -j20 -l20
[4.189s] Invoking command in '/src/astrobee/src/build/config_reader': AMENT_PREFIX_PATH=/src/astrobee/src/install/ff_common:${AMENT_PREFIX_PATH} CMAKE_PREFIX_PATH=/src/astrobee/src/install/ff_common:/opt/ros/rolling LD_LIBRARY_PATH=/src/astrobee/src/install/ff_common/lib:${LD_LIBRARY_PATH} /usr/bin/cmake --install /src/astrobee/src/build/config_reader
[4.202s] -- Install configuration: ""
[4.202s] -- Execute custom install script
[4.203s] -- Symlinking: /src/astrobee/src/install/config_reader/share/config_reader/environment/library_path.sh
[4.214s] -- Symlinking: /src/astrobee/src/install/config_reader/share/config_reader/environment/library_path.dsv
[4.225s] -- Symlinking: /src/astrobee/src/install/config_reader/include/config_reader/config_reader.h
[4.237s] -- Symlinking: /src/astrobee/src/install/config_reader/include/config_reader/watch_files.h
[4.248s] -- Symlinking: /src/astrobee/src/install/config_reader/share/ament_index/resource_index/package_run_dependencies/config_reader
[4.259s] -- Symlinking: /src/astrobee/src/install/config_reader/share/ament_index/resource_index/parent_prefix_path/config_reader
[4.270s] -- Symlinking: /src/astrobee/src/install/config_reader/share/config_reader/environment/ament_prefix_path.sh
[4.280s] -- Symlinking: /src/astrobee/src/install/config_reader/share/config_reader/environment/ament_prefix_path.dsv
[4.288s] -- Symlinking: /src/astrobee/src/install/config_reader/share/config_reader/environment/path.sh
[4.295s] -- Symlinking: /src/astrobee/src/install/config_reader/share/config_reader/environment/path.dsv
[4.305s] -- Symlinking: /src/astrobee/src/install/config_reader/share/config_reader/local_setup.bash
[4.315s] -- Symlinking: /src/astrobee/src/install/config_reader/share/config_reader/local_setup.sh
[4.323s] -- Symlinking: /src/astrobee/src/install/config_reader/share/config_reader/local_setup.zsh
[4.330s] -- Symlinking: /src/astrobee/src/install/config_reader/share/config_reader/local_setup.dsv
[4.338s] -- Symlinking: /src/astrobee/src/install/config_reader/share/config_reader/package.dsv
[4.346s] -- Symlinking: /src/astrobee/src/install/config_reader/share/ament_index/resource_index/packages/config_reader
[4.353s] -- Symlinking: /src/astrobee/src/install/config_reader/share/config_reader/cmake/ament_cmake_export_targets-extras.cmake
[4.361s] -- Symlinking: /src/astrobee/src/install/config_reader/share/config_reader/cmake/ament_cmake_export_include_directories-extras.cmake
[4.372s] -- Symlinking: /src/astrobee/src/install/config_reader/share/config_reader/cmake/config_readerConfig.cmake
[4.382s] -- Symlinking: /src/astrobee/src/install/config_reader/share/config_reader/cmake/config_readerConfig-version.cmake
[4.392s] -- Symlinking: /src/astrobee/src/install/config_reader/share/config_reader/package.xml
[4.402s] -- Installing: /src/astrobee/src/install/config_reader/lib/libconfig_reader.a
[4.402s] -- Installing: /src/astrobee/src/install/config_reader/share/config_reader/cmake/config_readerExport.cmake
[4.402s] -- Installing: /src/astrobee/src/install/config_reader/share/config_reader/cmake/config_readerExport-noconfig.cmake
[4.407s] Invoked command in '/src/astrobee/src/build/config_reader' returned '0': AMENT_PREFIX_PATH=/src/astrobee/src/install/ff_common:${AMENT_PREFIX_PATH} CMAKE_PREFIX_PATH=/src/astrobee/src/install/ff_common:/opt/ros/rolling LD_LIBRARY_PATH=/src/astrobee/src/install/ff_common/lib:${LD_LIBRARY_PATH} /usr/bin/cmake --install /src/astrobee/src/build/config_reader
