Built target ament_cmake_python_symlink_utilities
running egg_info
writing utilities.egg-info/PKG-INFO
writing dependency_links to utilities.egg-info/dependency_links.txt
writing top-level names to utilities.egg-info/top_level.txt
reading manifest file 'utilities.egg-info/SOURCES.txt'
writing manifest file 'utilities.egg-info/SOURCES.txt'
Built target ament_cmake_python_build_utilities_egg
-- Install configuration: ""
-- Execute custom install script
-- Up-to-date symlink: /src/astrobee/src/install/astrobee/share/astrobee/environment/pythonpath.sh
-- Up-to-date symlink: /src/astrobee/src/install/astrobee/share/astrobee/environment/pythonpath.dsv
-- Up-to-date symlink: /src/astrobee/src/install/astrobee/lib/python3.8/site-packages/utilities-0.0.0-py3.8.egg-info/PKG-INFO
-- Up-to-date symlink: /src/astrobee/src/install/astrobee/lib/python3.8/site-packages/utilities-0.0.0-py3.8.egg-info/SOURCES.txt
-- Up-to-date symlink: /src/astrobee/src/install/astrobee/lib/python3.8/site-packages/utilities-0.0.0-py3.8.egg-info/dependency_links.txt
-- Up-to-date symlink: /src/astrobee/src/install/astrobee/lib/python3.8/site-packages/utilities-0.0.0-py3.8.egg-info/top_level.txt
-- Up-to-date symlink: /src/astrobee/src/install/astrobee/lib/python3.8/site-packages/utilities/__init__.py
-- Up-to-date symlink: /src/astrobee/src/install/astrobee/lib/python3.8/site-packages/utilities/utilities.py
-- Up-to-date symlink: /src/astrobee/src/install/astrobee/share/astrobee/config/astrobee_markers_ids.config
-- Up-to-date symlink: /src/astrobee/src/install/astrobee/share/astrobee/config/behaviors/arm.config
-- Up-to-date symlink: /src/astrobee/src/install/astrobee/share/astrobee/config/behaviors/dock.config
-- Up-to-date symlink: /src/astrobee/src/install/astrobee/share/astrobee/config/behaviors/light_flow.config
-- Up-to-date symlink: /src/astrobee/src/install/astrobee/share/astrobee/config/behaviors/light_flow/audio_recording.json
-- Up-to-date symlink: /src/astrobee/src/install/astrobee/share/astrobee/config/behaviors/light_flow/charging.json
-- Up-to-date symlink: /src/astrobee/src/install/astrobee/share/astrobee/config/behaviors/light_flow/failiure.json
-- Up-to-date symlink: /src/astrobee/src/install/astrobee/share/astrobee/config/behaviors/light_flow/hibernate.json
-- Up-to-date symlink: /src/astrobee/src/install/astrobee/share/astrobee/config/behaviors/light_flow/low_battery.json
-- Up-to-date symlink: /src/astrobee/src/install/astrobee/share/astrobee/config/behaviors/light_flow/moving.json
-- Up-to-date symlink: /src/astrobee/src/install/astrobee/share/astrobee/config/behaviors/light_flow/need_help.json
-- Up-to-date symlink: /src/astrobee/src/install/astrobee/share/astrobee/config/behaviors/light_flow/power_left_only.json
-- Up-to-date symlink: /src/astrobee/src/install/astrobee/share/astrobee/config/behaviors/light_flow/power_off.json
-- Up-to-date symlink: /src/astrobee/src/install/astrobee/share/astrobee/config/behaviors/light_flow/power_on.json
-- Up-to-date symlink: /src/astrobee/src/install/astrobee/share/astrobee/config/behaviors/light_flow/stop_all_lights.json
-- Up-to-date symlink: /src/astrobee/src/install/astrobee/share/astrobee/config/behaviors/light_flow/success.json
-- Up-to-date symlink: /src/astrobee/src/install/astrobee/share/astrobee/config/behaviors/light_flow/turning_down.json
-- Up-to-date symlink: /src/astrobee/src/install/astrobee/share/astrobee/config/behaviors/light_flow/turning_left.json
-- Up-to-date symlink: /src/astrobee/src/install/astrobee/share/astrobee/config/behaviors/light_flow/turning_up.json
-- Up-to-date symlink: /src/astrobee/src/install/astrobee/share/astrobee/config/behaviors/perch.config
-- Up-to-date symlink: /src/astrobee/src/install/astrobee/share/astrobee/config/cameras.config
-- Up-to-date symlink: /src/astrobee/src/install/astrobee/share/astrobee/config/commands.config
-- Up-to-date symlink: /src/astrobee/src/install/astrobee/share/astrobee/config/common_lua.config
-- Up-to-date symlink: /src/astrobee/src/install/astrobee/share/astrobee/config/communications/astrobee_astrobee_bridge.config
-- Up-to-date symlink: /src/astrobee/src/install/astrobee/share/astrobee/config/communications/dds/NDDS_DISCOVERY_PEERS
-- Up-to-date symlink: /src/astrobee/src/install/astrobee/share/astrobee/config/communications/dds/RAPID_QOS_PROFILES.xml
-- Up-to-date symlink: /src/astrobee/src/install/astrobee/share/astrobee/config/communications/dds_intercomms/NDDS_DISCOVERY_PEERS
-- Up-to-date symlink: /src/astrobee/src/install/astrobee/share/astrobee/config/communications/dds_intercomms/RAPID_QOS_PROFILES.xml
-- Up-to-date symlink: /src/astrobee/src/install/astrobee/share/astrobee/config/communications/dds_ros_bridge.config
-- Up-to-date symlink: /src/astrobee/src/install/astrobee/share/astrobee/config/communications/ground_dds_ros_bridge.config
-- Up-to-date symlink: /src/astrobee/src/install/astrobee/share/astrobee/config/context.config
-- Up-to-date symlink: /src/astrobee/src/install/astrobee/share/astrobee/config/dock_markers_print.config
-- Up-to-date symlink: /src/astrobee/src/install/astrobee/share/astrobee/config/dock_markers_specs.config
-- Up-to-date symlink: /src/astrobee/src/install/astrobee/share/astrobee/config/dock_markers_world.config
-- Up-to-date symlink: /src/astrobee/src/install/astrobee/share/astrobee/config/faults.config
-- Up-to-date symlink: /src/astrobee/src/install/astrobee/share/astrobee/config/flight.config
-- Up-to-date symlink: /src/astrobee/src/install/astrobee/share/astrobee/config/geometry.config
-- Up-to-date symlink: /src/astrobee/src/install/astrobee/share/astrobee/config/gnc.config
-- Up-to-date symlink: /src/astrobee/src/install/astrobee/share/astrobee/config/graph_localizer.config
-- Up-to-date symlink: /src/astrobee/src/install/astrobee/share/astrobee/config/hw/eps_driver.config
-- Up-to-date symlink: /src/astrobee/src/install/astrobee/share/astrobee/config/hw/epson_imu.config
-- Up-to-date symlink: /src/astrobee/src/install/astrobee/share/astrobee/config/hw/flashlights.config
-- Up-to-date symlink: /src/astrobee/src/install/astrobee/share/astrobee/config/hw/laser.config
-- Up-to-date symlink: /src/astrobee/src/install/astrobee/share/astrobee/config/hw/perching_arm.config
-- Up-to-date symlink: /src/astrobee/src/install/astrobee/share/astrobee/config/hw/pmc_actuator.config
-- Up-to-date symlink: /src/astrobee/src/install/astrobee/share/astrobee/config/hw/signal_lights.config
-- Up-to-date symlink: /src/astrobee/src/install/astrobee/share/astrobee/config/hw/smart_dock.config
-- Up-to-date symlink: /src/astrobee/src/install/astrobee/share/astrobee/config/hw/speed_cam.config
-- Up-to-date symlink: /src/astrobee/src/install/astrobee/share/astrobee/config/hw/temp_monitor.config
-- Up-to-date symlink: /src/astrobee/src/install/astrobee/share/astrobee/config/hw/vive.config
-- Up-to-date symlink: /src/astrobee/src/install/astrobee/share/astrobee/config/localization.config
-- Up-to-date symlink: /src/astrobee/src/install/astrobee/share/astrobee/config/localization/depth_odometry.config
-- Up-to-date symlink: /src/astrobee/src/install/astrobee/share/astrobee/config/localization/handrail_detect.config
-- Up-to-date symlink: /src/astrobee/src/install/astrobee/share/astrobee/config/localization/localization_manager.config
-- Up-to-date symlink: /src/astrobee/src/install/astrobee/share/astrobee/config/localization/marker_tracker.config
-- Up-to-date symlink: /src/astrobee/src/install/astrobee/share/astrobee/config/localization/vive_localization.config
-- Up-to-date symlink: /src/astrobee/src/install/astrobee/share/astrobee/config/management/cpu_mem_monitor.config
-- Up-to-date symlink: /src/astrobee/src/install/astrobee/share/astrobee/config/management/data_bagger.config
-- Up-to-date symlink: /src/astrobee/src/install/astrobee/share/astrobee/config/management/disk_monitor.config
-- Up-to-date symlink: /src/astrobee/src/install/astrobee/share/astrobee/config/management/executive.config
-- Up-to-date symlink: /src/astrobee/src/install/astrobee/share/astrobee/config/management/fault_functions.config
-- Up-to-date symlink: /src/astrobee/src/install/astrobee/share/astrobee/config/management/fault_table.config
-- Up-to-date symlink: /src/astrobee/src/install/astrobee/share/astrobee/config/management/sys_monitor.config
-- Up-to-date symlink: /src/astrobee/src/install/astrobee/share/astrobee/config/management/sys_monitor_fault_info.config
-- Up-to-date symlink: /src/astrobee/src/install/astrobee/share/astrobee/config/marker_margins_1.config
-- Up-to-date symlink: /src/astrobee/src/install/astrobee/share/astrobee/config/marker_margins_2.config
-- Up-to-date symlink: /src/astrobee/src/install/astrobee/share/astrobee/config/markers_in_world.config
-- Up-to-date symlink: /src/astrobee/src/install/astrobee/share/astrobee/config/matrix.config
-- Up-to-date symlink: /src/astrobee/src/install/astrobee/share/astrobee/config/matrix.lua
-- Up-to-date symlink: /src/astrobee/src/install/astrobee/share/astrobee/config/mobility/choreographer.config
-- Up-to-date symlink: /src/astrobee/src/install/astrobee/share/astrobee/config/mobility/mapper.config
-- Up-to-date symlink: /src/astrobee/src/install/astrobee/share/astrobee/config/mobility/planner_qp.config
-- Up-to-date symlink: /src/astrobee/src/install/astrobee/share/astrobee/config/mobility/planner_trapezoidal.config
-- Up-to-date symlink: /src/astrobee/src/install/astrobee/share/astrobee/config/optical_flow.config
-- Up-to-date symlink: /src/astrobee/src/install/astrobee/share/astrobee/config/overhead_tracker.config
-- Up-to-date symlink: /src/astrobee/src/install/astrobee/share/astrobee/config/robots/bsharp.config
-- Up-to-date symlink: /src/astrobee/src/install/astrobee/share/astrobee/config/robots/bsharp2.config
-- Up-to-date symlink: /src/astrobee/src/install/astrobee/share/astrobee/config/robots/bumble.config
-- Up-to-date symlink: /src/astrobee/src/install/astrobee/share/astrobee/config/robots/flatsat.config
-- Up-to-date symlink: /src/astrobee/src/install/astrobee/share/astrobee/config/robots/honey.config
-- Up-to-date symlink: /src/astrobee/src/install/astrobee/share/astrobee/config/robots/killer.config
-- Up-to-date symlink: /src/astrobee/src/install/astrobee/share/astrobee/config/robots/melissa.config
-- Up-to-date symlink: /src/astrobee/src/install/astrobee/share/astrobee/config/robots/p4c.config
-- Up-to-date symlink: /src/astrobee/src/install/astrobee/share/astrobee/config/robots/p4d.config
-- Up-to-date symlink: /src/astrobee/src/install/astrobee/share/astrobee/config/robots/queen.config
-- Up-to-date symlink: /src/astrobee/src/install/astrobee/share/astrobee/config/robots/sim.config
-- Up-to-date symlink: /src/astrobee/src/install/astrobee/share/astrobee/config/robots/sim_pub.config
-- Up-to-date symlink: /src/astrobee/src/install/astrobee/share/astrobee/config/robots/wannabee.config
-- Up-to-date symlink: /src/astrobee/src/install/astrobee/share/astrobee/config/rotations.lua
-- Up-to-date symlink: /src/astrobee/src/install/astrobee/share/astrobee/config/simulation/ar_tags.config
-- Up-to-date symlink: /src/astrobee/src/install/astrobee/share/astrobee/config/simulation/handrail_detect.config
-- Up-to-date symlink: /src/astrobee/src/install/astrobee/share/astrobee/config/simulation/optical_flow.config
-- Up-to-date symlink: /src/astrobee/src/install/astrobee/share/astrobee/config/simulation/simulation.config
-- Up-to-date symlink: /src/astrobee/src/install/astrobee/share/astrobee/config/simulation/sparse_map.config
-- Up-to-date symlink: /src/astrobee/src/install/astrobee/share/astrobee/config/simulation/vive.config
-- Up-to-date symlink: /src/astrobee/src/install/astrobee/share/astrobee/config/test.lua
-- Up-to-date symlink: /src/astrobee/src/install/astrobee/share/astrobee/config/tests/common_lua.config
-- Up-to-date symlink: /src/astrobee/src/install/astrobee/share/astrobee/config/tests/context.config
-- Up-to-date symlink: /src/astrobee/src/install/astrobee/share/astrobee/config/tests/faults.config
-- Up-to-date symlink: /src/astrobee/src/install/astrobee/share/astrobee/config/tests/test_rotations.lua
-- Up-to-date symlink: /src/astrobee/src/install/astrobee/share/astrobee/config/tools/camera_target_based_intrinsics_calibrator.config
-- Up-to-date symlink: /src/astrobee/src/install/astrobee/share/astrobee/config/tools/ekf_bag.config
-- Up-to-date symlink: /src/astrobee/src/install/astrobee/share/astrobee/config/tools/graph_bag.config
-- Up-to-date symlink: /src/astrobee/src/install/astrobee/share/astrobee/config/tools/visualeyez.config
-- Up-to-date symlink: /src/astrobee/src/install/astrobee/share/astrobee/config/tools/visualization_node.config
-- Up-to-date symlink: /src/astrobee/src/install/astrobee/share/astrobee/config/transforms.config
-- Up-to-date symlink: /src/astrobee/src/install/astrobee/share/astrobee/config/worlds/granite.config
-- Up-to-date symlink: /src/astrobee/src/install/astrobee/share/astrobee/config/worlds/iss.config
-- Up-to-date symlink: /src/astrobee/src/install/astrobee/share/astrobee/config/worlds/mgtf.config
-- Up-to-date symlink: /src/astrobee/src/install/astrobee/share/astrobee/launch/astrobee.launch
-- Up-to-date symlink: /src/astrobee/src/install/astrobee/share/astrobee/launch/astrobee.launch.py
-- Up-to-date symlink: /src/astrobee/src/install/astrobee/share/astrobee/launch/controller/bagrecord.launch
-- Up-to-date symlink: /src/astrobee/src/install/astrobee/share/astrobee/launch/controller/bagreplay.launch
-- Up-to-date symlink: /src/astrobee/src/install/astrobee/share/astrobee/launch/controller/descriptions.launch
-- Up-to-date symlink: /src/astrobee/src/install/astrobee/share/astrobee/launch/controller/descriptions.launch.py
-- Up-to-date symlink: /src/astrobee/src/install/astrobee/share/astrobee/launch/controller/gds.launch
-- Up-to-date symlink: /src/astrobee/src/install/astrobee/share/astrobee/launch/controller/gds.launch.py
-- Up-to-date symlink: /src/astrobee/src/install/astrobee/share/astrobee/launch/controller/gviz.launch
-- Up-to-date symlink: /src/astrobee/src/install/astrobee/share/astrobee/launch/controller/gviz.launch.py
-- Up-to-date symlink: /src/astrobee/src/install/astrobee/share/astrobee/launch/controller/rqt.launch
-- Up-to-date symlink: /src/astrobee/src/install/astrobee/share/astrobee/launch/controller/rqt.launch.py
-- Up-to-date symlink: /src/astrobee/src/install/astrobee/share/astrobee/launch/controller/rviz.launch
-- Up-to-date symlink: /src/astrobee/src/install/astrobee/share/astrobee/launch/controller/rviz.launch.py
-- Up-to-date symlink: /src/astrobee/src/install/astrobee/share/astrobee/launch/controller/sim_start.launch
-- Up-to-date symlink: /src/astrobee/src/install/astrobee/share/astrobee/launch/controller/sim_start.launch.py
-- Up-to-date symlink: /src/astrobee/src/install/astrobee/share/astrobee/launch/controller/stats.launch
-- Up-to-date symlink: /src/astrobee/src/install/astrobee/share/astrobee/launch/controller/stats.launch.py
-- Up-to-date symlink: /src/astrobee/src/install/astrobee/share/astrobee/launch/controller/synthetic.launch
-- Up-to-date symlink: /src/astrobee/src/install/astrobee/share/astrobee/launch/controller/synthetic.launch.py
-- Up-to-date symlink: /src/astrobee/src/install/astrobee/share/astrobee/launch/controller/visualeyez.launch
-- Up-to-date symlink: /src/astrobee/src/install/astrobee/share/astrobee/launch/controller/vive.launch
-- Up-to-date symlink: /src/astrobee/src/install/astrobee/share/astrobee/launch/granite.launch
-- Up-to-date symlink: /src/astrobee/src/install/astrobee/share/astrobee/launch/mgtf.launch
-- Up-to-date symlink: /src/astrobee/src/install/astrobee/share/astrobee/launch/offline_localization/enable_localization
-- Up-to-date symlink: /src/astrobee/src/install/astrobee/share/astrobee/launch/offline_localization/loc_only.launch
-- Up-to-date symlink: /src/astrobee/src/install/astrobee/share/astrobee/launch/offline_localization/loc_rviz.launch
-- Up-to-date symlink: /src/astrobee/src/install/astrobee/share/astrobee/launch/offline_localization/localization_from_bag.launch
-- Up-to-date symlink: /src/astrobee/src/install/astrobee/share/astrobee/launch/offline_localization/record_localization.launch
-- Up-to-date symlink: /src/astrobee/src/install/astrobee/share/astrobee/launch/offline_localization/replay_localization.launch
-- Up-to-date symlink: /src/astrobee/src/install/astrobee/share/astrobee/launch/offline_localization/sparse_mapping_matching_from_bag.launch
-- Up-to-date symlink: /src/astrobee/src/install/astrobee/share/astrobee/launch/pico.launch
-- Up-to-date symlink: /src/astrobee/src/install/astrobee/share/astrobee/launch/robot/LLP.launch
-- Up-to-date symlink: /src/astrobee/src/install/astrobee/share/astrobee/launch/robot/LLP.launch.py
-- Up-to-date symlink: /src/astrobee/src/install/astrobee/share/astrobee/launch/robot/MLP.launch
-- Up-to-date symlink: /src/astrobee/src/install/astrobee/share/astrobee/launch/robot/MLP.launch.py
-- Up-to-date symlink: /src/astrobee/src/install/astrobee/share/astrobee/launch/sim.launch
-- Up-to-date symlink: /src/astrobee/src/install/astrobee/share/astrobee/launch/sim.launch.py
-- Up-to-date symlink: /src/astrobee/src/install/astrobee/share/astrobee/launch/spawn.launch
-- Up-to-date symlink: /src/astrobee/src/install/astrobee/share/astrobee/launch/spawn.launch.py
-- Up-to-date symlink: /src/astrobee/src/install/astrobee/share/astrobee/resources/.gitignore
-- Up-to-date symlink: /src/astrobee/src/install/astrobee/share/astrobee/resources/debug.config
-- Up-to-date symlink: /src/astrobee/src/install/astrobee/share/astrobee/resources/depthcams.rviz
-- Up-to-date symlink: /src/astrobee/src/install/astrobee/share/astrobee/resources/diagnostics.yaml
-- Up-to-date symlink: /src/astrobee/src/install/astrobee/share/astrobee/resources/granite_lab_markers.config
-- Up-to-date symlink: /src/astrobee/src/install/astrobee/share/astrobee/resources/granite_lab_tags.xml
-- Up-to-date symlink: /src/astrobee/src/install/astrobee/share/astrobee/resources/gui.perspective
-- Up-to-date symlink: /src/astrobee/src/install/astrobee/share/astrobee/resources/logging.config
-- Up-to-date symlink: /src/astrobee/src/install/astrobee/share/astrobee/resources/rviz/gateway.rviz
-- Up-to-date symlink: /src/astrobee/src/install/astrobee/share/astrobee/resources/rviz/granite.rviz
-- Up-to-date symlink: /src/astrobee/src/install/astrobee/share/astrobee/resources/rviz/granite_viz.rviz
-- Up-to-date symlink: /src/astrobee/src/install/astrobee/share/astrobee/resources/rviz/iss.rviz
-- Up-to-date symlink: /src/astrobee/src/install/astrobee/share/astrobee/resources/rviz/iss_ros2.rviz
-- Up-to-date symlink: /src/astrobee/src/install/astrobee/share/astrobee/resources/rviz/iss_viz.rviz
-- Up-to-date symlink: /src/astrobee/src/install/astrobee/share/astrobee/resources/rviz/loc_granite.rviz
-- Up-to-date symlink: /src/astrobee/src/install/astrobee/share/astrobee/resources/rviz/loc_iss.rviz
-- Up-to-date symlink: /src/astrobee/src/install/astrobee/share/astrobee/resources/rviz/video.rviz
-- Up-to-date symlink: /src/astrobee/src/install/astrobee/share/astrobee/resources/signal_config/.gitignore
-- Up-to-date symlink: /src/astrobee/src/install/astrobee/share/astrobee/resources/visualeyez.bin
-- Up-to-date symlink: /src/astrobee/src/install/astrobee/share/astrobee/resources/vive_granite.bin
-- Up-to-date symlink: /src/astrobee/src/install/astrobee/share/astrobee/resources/zones/granite.bin
-- Up-to-date symlink: /src/astrobee/src/install/astrobee/share/astrobee/resources/zones/iss.bin
-- Up-to-date symlink: /src/astrobee/src/install/astrobee/lib/astrobee/apk_print_version.sh
-- Up-to-date symlink: /src/astrobee/src/install/astrobee/lib/astrobee/check_env.sh
-- Up-to-date symlink: /src/astrobee/src/install/astrobee/lib/astrobee/print_version.sh
-- Up-to-date symlink: /src/astrobee/src/install/astrobee/lib/astrobee/cpu_print_version.sh
-- Up-to-date symlink: /src/astrobee/src/install/astrobee/lib/astrobee/launch_gds.sh
-- Up-to-date symlink: /src/astrobee/src/install/astrobee/env_wrapper.sh
-- Up-to-date symlink: /src/astrobee/src/install/astrobee/share/ament_index/resource_index/package_run_dependencies/astrobee
-- Up-to-date symlink: /src/astrobee/src/install/astrobee/share/ament_index/resource_index/parent_prefix_path/astrobee
-- Up-to-date symlink: /src/astrobee/src/install/astrobee/share/astrobee/environment/ament_prefix_path.sh
-- Up-to-date symlink: /src/astrobee/src/install/astrobee/share/astrobee/environment/ament_prefix_path.dsv
-- Up-to-date symlink: /src/astrobee/src/install/astrobee/share/astrobee/environment/path.sh
-- Up-to-date symlink: /src/astrobee/src/install/astrobee/share/astrobee/environment/path.dsv
-- Up-to-date symlink: /src/astrobee/src/install/astrobee/share/astrobee/local_setup.bash
-- Up-to-date symlink: /src/astrobee/src/install/astrobee/share/astrobee/local_setup.sh
-- Up-to-date symlink: /src/astrobee/src/install/astrobee/share/astrobee/local_setup.zsh
-- Up-to-date symlink: /src/astrobee/src/install/astrobee/share/astrobee/local_setup.dsv
-- Symlinking: /src/astrobee/src/install/astrobee/share/astrobee/package.dsv
-- Up-to-date symlink: /src/astrobee/src/install/astrobee/share/ament_index/resource_index/packages/astrobee
-- Up-to-date symlink: /src/astrobee/src/install/astrobee/share/astrobee/cmake/astrobeeConfig.cmake
-- Up-to-date symlink: /src/astrobee/src/install/astrobee/share/astrobee/cmake/astrobeeConfig-version.cmake
-- Up-to-date symlink: /src/astrobee/src/install/astrobee/share/astrobee/package.xml
Listing '/src/astrobee/src/install/astrobee/lib/python3.8/site-packages/utilities'...
