[0.076s] Invoking command in '/src/astrobee/src/build/astrobee_granite': CMAKE_PREFIX_PATH=/opt/ros/rolling /usr/bin/cmake /src/astrobee/src/description/media/astrobee_granite -DAMENT_CMAKE_SYMLINK_INSTALL=1 -DCMAKE_INSTALL_PREFIX=/src/astrobee/src/install/astrobee_granite
[0.129s] -- The C compiler identification is GNU 9.4.0
[0.184s] -- The CXX compiler identification is GNU 9.4.0
[0.188s] -- Check for working C compiler: /usr/bin/cc
[0.252s] -- Check for working C compiler: /usr/bin/cc -- works
[0.253s] -- Detecting C compiler ABI info
[0.314s] -- Detecting C compiler ABI info - done
[0.326s] -- Detecting C compile features
[0.326s] -- Detecting C compile features - done
[0.329s] -- Check for working CXX compiler: /usr/bin/c++
[0.387s] -- Check for working CXX compiler: /usr/bin/c++ -- works
[0.388s] -- Detecting CXX compiler ABI info
[0.445s] -- Detecting CXX compiler ABI info - done
[0.456s] -- Detecting CXX compile features
[0.457s] -- Detecting CXX compile features - done
[0.459s] -- Found ament_cmake: 1.2.1 (/opt/ros/rolling/share/ament_cmake/cmake)
[0.588s] -- Found Python3: /usr/bin/python3.8 (found version "3.8.10") found components: Interpreter 
[0.647s] -- Override CMake install command with custom implementation using symlinks instead of copying resources
[0.742s] -- Configuring done
[0.742s] -- Generating done
[0.742s] -- Build files have been written to: /src/astrobee/src/build/astrobee_granite
[0.756s] Invoked command in '/src/astrobee/src/build/astrobee_granite' returned '0': CMAKE_PREFIX_PATH=/opt/ros/rolling /usr/bin/cmake /src/astrobee/src/description/media/astrobee_granite -DAMENT_CMAKE_SYMLINK_INSTALL=1 -DCMAKE_INSTALL_PREFIX=/src/astrobee/src/install/astrobee_granite
[0.759s] Invoking command in '/src/astrobee/src/build/astrobee_granite': CMAKE_PREFIX_PATH=/opt/ros/rolling /usr/bin/cmake --build /src/astrobee/src/build/astrobee_granite -- -j20 -l20
[0.807s] Invoked command in '/src/astrobee/src/build/astrobee_granite' returned '0': CMAKE_PREFIX_PATH=/opt/ros/rolling /usr/bin/cmake --build /src/astrobee/src/build/astrobee_granite -- -j20 -l20
[0.828s] Invoking command in '/src/astrobee/src/build/astrobee_granite': CMAKE_PREFIX_PATH=/opt/ros/rolling /usr/bin/cmake --install /src/astrobee/src/build/astrobee_granite
[0.927s] -- Install configuration: ""
[0.927s] -- Execute custom install script
[0.927s] -- Symlinking: /src/astrobee/src/install/astrobee_granite/share/astrobee_granite/environment/astrobee_granite.dsv
[0.927s] -- Symlinking: /src/astrobee/src/install/astrobee_granite/share/astrobee_granite/urdf/model.urdf
[0.928s] -- Symlinking: /src/astrobee/src/install/astrobee_granite/share/astrobee_granite/media/materials/textures/face1.png
[0.928s] -- Symlinking: /src/astrobee/src/install/astrobee_granite/share/astrobee_granite/media/materials/textures/face2.png
[0.928s] -- Symlinking: /src/astrobee/src/install/astrobee_granite/share/astrobee_granite/media/materials/textures/face3.png
[0.928s] -- Symlinking: /src/astrobee/src/install/astrobee_granite/share/astrobee_granite/media/materials/textures/face4.png
[0.928s] -- Symlinking: /src/astrobee/src/install/astrobee_granite/share/astrobee_granite/media/materials/textures/face5.png
[0.928s] -- Symlinking: /src/astrobee/src/install/astrobee_granite/share/astrobee_granite/media/materials/textures/face6.png
[0.928s] -- Symlinking: /src/astrobee/src/install/astrobee_granite/share/astrobee_granite/media/materials/textures/granite.png
[0.928s] -- Symlinking: /src/astrobee/src/install/astrobee_granite/share/astrobee_granite/meshes/granite.dae
[0.929s] -- Symlinking: /src/astrobee/src/install/astrobee_granite/share/astrobee_granite/model.config
[0.929s] -- Symlinking: /src/astrobee/src/install/astrobee_granite/share/ament_index/resource_index/package_run_dependencies/astrobee_granite
[0.929s] -- Symlinking: /src/astrobee/src/install/astrobee_granite/share/ament_index/resource_index/parent_prefix_path/astrobee_granite
[0.929s] -- Symlinking: /src/astrobee/src/install/astrobee_granite/share/astrobee_granite/environment/ament_prefix_path.sh
[0.929s] -- Symlinking: /src/astrobee/src/install/astrobee_granite/share/astrobee_granite/environment/ament_prefix_path.dsv
[0.929s] -- Symlinking: /src/astrobee/src/install/astrobee_granite/share/astrobee_granite/environment/path.sh
[0.930s] -- Symlinking: /src/astrobee/src/install/astrobee_granite/share/astrobee_granite/environment/path.dsv
[0.937s] -- Symlinking: /src/astrobee/src/install/astrobee_granite/share/astrobee_granite/local_setup.bash
[0.943s] -- Symlinking: /src/astrobee/src/install/astrobee_granite/share/astrobee_granite/local_setup.sh
[0.953s] -- Symlinking: /src/astrobee/src/install/astrobee_granite/share/astrobee_granite/local_setup.zsh
[0.958s] -- Symlinking: /src/astrobee/src/install/astrobee_granite/share/astrobee_granite/local_setup.dsv
[0.966s] -- Symlinking: /src/astrobee/src/install/astrobee_granite/share/astrobee_granite/package.dsv
[0.971s] -- Symlinking: /src/astrobee/src/install/astrobee_granite/share/ament_index/resource_index/packages/astrobee_granite
[0.978s] -- Symlinking: /src/astrobee/src/install/astrobee_granite/share/astrobee_granite/cmake/astrobee_graniteConfig.cmake
[0.987s] -- Symlinking: /src/astrobee/src/install/astrobee_granite/share/astrobee_granite/cmake/astrobee_graniteConfig-version.cmake
[0.994s] -- Symlinking: /src/astrobee/src/install/astrobee_granite/share/astrobee_granite/package.xml
[1.031s] Invoked command in '/src/astrobee/src/build/astrobee_granite' returned '0': CMAKE_PREFIX_PATH=/opt/ros/rolling /usr/bin/cmake --install /src/astrobee/src/build/astrobee_granite
