[0.013s] Invoking command in '/src/astrobee/src/build/localization_common': AMENT_PREFIX_PATH=/src/astrobee/src/install/msg_conversions:/src/astrobee/src/install/config_reader:/src/astrobee/src/install/ff_msgs:/src/astrobee/src/install/ff_common:${AMENT_PREFIX_PATH} CMAKE_PREFIX_PATH=/src/astrobee/src/install/msg_conversions:/src/astrobee/src/install/camera:/src/astrobee/src/install/config_reader:/src/astrobee/src/install/ff_msgs:/src/astrobee/src/install/ff_common LD_LIBRARY_PATH=/src/astrobee/src/install/msg_conversions/lib:/src/astrobee/src/install/config_reader/lib:/src/astrobee/src/install/ff_msgs/lib:/src/astrobee/src/install/ff_common/lib:${LD_LIBRARY_PATH} PATH=/src/astrobee/src/install/msg_conversions/bin:/src/astrobee/src/install/camera/bin:${PATH} PKG_CONFIG_PATH=/src/astrobee/src/install/camera/lib/x86_64-linux-gnu/pkgconfig:/src/astrobee/src/install/camera/lib/pkgconfig PYTHONPATH=/src/astrobee/src/install/ff_msgs/lib/python3.8/site-packages:${PYTHONPATH} ROS_PACKAGE_PATH=/src/astrobee/src/install/camera/share /usr/bin/cmake --build /src/astrobee/src/build/localization_common -- -j20 -l20
[0.050s] [  9%] Built target gtest
[0.052s] [ 19%] Built target gtest_main
[0.077s] [ 71%] Built target localization_common
[0.105s] [ 80%] Built target test_timestamped_set
[0.108s] [ 90%] Built target test_pose_interpolater
[0.110s] [100%] Built target test_utilities_localization_common
[0.119s] Invoked command in '/src/astrobee/src/build/localization_common' returned '0': AMENT_PREFIX_PATH=/src/astrobee/src/install/msg_conversions:/src/astrobee/src/install/config_reader:/src/astrobee/src/install/ff_msgs:/src/astrobee/src/install/ff_common:${AMENT_PREFIX_PATH} CMAKE_PREFIX_PATH=/src/astrobee/src/install/msg_conversions:/src/astrobee/src/install/camera:/src/astrobee/src/install/config_reader:/src/astrobee/src/install/ff_msgs:/src/astrobee/src/install/ff_common LD_LIBRARY_PATH=/src/astrobee/src/install/msg_conversions/lib:/src/astrobee/src/install/config_reader/lib:/src/astrobee/src/install/ff_msgs/lib:/src/astrobee/src/install/ff_common/lib:${LD_LIBRARY_PATH} PATH=/src/astrobee/src/install/msg_conversions/bin:/src/astrobee/src/install/camera/bin:${PATH} PKG_CONFIG_PATH=/src/astrobee/src/install/camera/lib/x86_64-linux-gnu/pkgconfig:/src/astrobee/src/install/camera/lib/pkgconfig PYTHONPATH=/src/astrobee/src/install/ff_msgs/lib/python3.8/site-packages:${PYTHONPATH} ROS_PACKAGE_PATH=/src/astrobee/src/install/camera/share /usr/bin/cmake --build /src/astrobee/src/build/localization_common -- -j20 -l20
[0.181s] Invoking command in '/src/astrobee/src/build/localization_common': AMENT_PREFIX_PATH=/src/astrobee/src/install/msg_conversions:/src/astrobee/src/install/config_reader:/src/astrobee/src/install/ff_msgs:/src/astrobee/src/install/ff_common:${AMENT_PREFIX_PATH} CMAKE_PREFIX_PATH=/src/astrobee/src/install/msg_conversions:/src/astrobee/src/install/camera:/src/astrobee/src/install/config_reader:/src/astrobee/src/install/ff_msgs:/src/astrobee/src/install/ff_common LD_LIBRARY_PATH=/src/astrobee/src/install/msg_conversions/lib:/src/astrobee/src/install/config_reader/lib:/src/astrobee/src/install/ff_msgs/lib:/src/astrobee/src/install/ff_common/lib:${LD_LIBRARY_PATH} PATH=/src/astrobee/src/install/msg_conversions/bin:/src/astrobee/src/install/camera/bin:${PATH} PKG_CONFIG_PATH=/src/astrobee/src/install/camera/lib/x86_64-linux-gnu/pkgconfig:/src/astrobee/src/install/camera/lib/pkgconfig PYTHONPATH=/src/astrobee/src/install/ff_msgs/lib/python3.8/site-packages:${PYTHONPATH} ROS_PACKAGE_PATH=/src/astrobee/src/install/camera/share /usr/bin/cmake --install /src/astrobee/src/build/localization_common
[0.187s] -- Install configuration: ""
[0.187s] -- Up-to-date: /src/astrobee/src/install/localization_common/share/localization_common/environment/library_path.sh
[0.187s] -- Up-to-date: /src/astrobee/src/install/localization_common/share/localization_common/environment/library_path.dsv
[0.187s] -- Up-to-date: /src/astrobee/src/install/localization_common/lib/liblocalization_common.so
[0.187s] -- Up-to-date: /src/astrobee/src/install/localization_common/include/localization_common
[0.188s] -- Up-to-date: /src/astrobee/src/install/localization_common/include/localization_common/timer.h
[0.188s] -- Up-to-date: /src/astrobee/src/install/localization_common/include/localization_common/utilities.h
[0.188s] -- Up-to-date: /src/astrobee/src/install/localization_common/include/localization_common/rate_timer.h
[0.188s] -- Up-to-date: /src/astrobee/src/install/localization_common/include/localization_common/measurement_buffer.h
[0.188s] -- Up-to-date: /src/astrobee/src/install/localization_common/include/localization_common/combined_nav_state.h
[0.188s] -- Up-to-date: /src/astrobee/src/install/localization_common/include/localization_common/pose_interpolater.h
[0.188s] -- Up-to-date: /src/astrobee/src/install/localization_common/include/localization_common/combined_nav_state_covariances.h
[0.188s] -- Up-to-date: /src/astrobee/src/install/localization_common/include/localization_common/time.h
[0.188s] -- Up-to-date: /src/astrobee/src/install/localization_common/include/localization_common/feature_point_3d.h
[0.188s] -- Up-to-date: /src/astrobee/src/install/localization_common/include/localization_common/averager.h
[0.188s] -- Up-to-date: /src/astrobee/src/install/localization_common/include/localization_common/pose_with_covariance.h
[0.188s] -- Up-to-date: /src/astrobee/src/install/localization_common/include/localization_common/test_utilities.h
[0.188s] -- Up-to-date: /src/astrobee/src/install/localization_common/include/localization_common/image_correspondences.h
[0.188s] -- Up-to-date: /src/astrobee/src/install/localization_common/include/localization_common/ros_timer.h
[0.188s] -- Up-to-date: /src/astrobee/src/install/localization_common/include/localization_common/timestamped_set.h
[0.188s] -- Up-to-date: /src/astrobee/src/install/localization_common/include/localization_common/logger.h
[0.188s] -- Up-to-date: /src/astrobee/src/install/localization_common/share/ament_index/resource_index/package_run_dependencies/localization_common
[0.188s] -- Up-to-date: /src/astrobee/src/install/localization_common/share/ament_index/resource_index/parent_prefix_path/localization_common
[0.188s] -- Up-to-date: /src/astrobee/src/install/localization_common/share/localization_common/environment/ament_prefix_path.sh
[0.188s] -- Up-to-date: /src/astrobee/src/install/localization_common/share/localization_common/environment/ament_prefix_path.dsv
[0.188s] -- Up-to-date: /src/astrobee/src/install/localization_common/share/localization_common/environment/path.sh
[0.188s] -- Up-to-date: /src/astrobee/src/install/localization_common/share/localization_common/environment/path.dsv
[0.188s] -- Up-to-date: /src/astrobee/src/install/localization_common/share/localization_common/local_setup.bash
[0.188s] -- Up-to-date: /src/astrobee/src/install/localization_common/share/localization_common/local_setup.sh
[0.188s] -- Up-to-date: /src/astrobee/src/install/localization_common/share/localization_common/local_setup.zsh
[0.188s] -- Up-to-date: /src/astrobee/src/install/localization_common/share/localization_common/local_setup.dsv
[0.189s] -- Installing: /src/astrobee/src/install/localization_common/share/localization_common/package.dsv
[0.189s] -- Up-to-date: /src/astrobee/src/install/localization_common/share/ament_index/resource_index/packages/localization_common
[0.189s] -- Up-to-date: /src/astrobee/src/install/localization_common/share/localization_common/cmake/localization_commonExport.cmake
[0.189s] -- Up-to-date: /src/astrobee/src/install/localization_common/share/localization_common/cmake/localization_commonExport-noconfig.cmake
[0.189s] -- Up-to-date: /src/astrobee/src/install/localization_common/share/localization_common/cmake/ament_cmake_export_targets-extras.cmake
[0.189s] -- Up-to-date: /src/astrobee/src/install/localization_common/share/localization_common/cmake/ament_cmake_export_include_directories-extras.cmake
[0.189s] -- Up-to-date: /src/astrobee/src/install/localization_common/share/localization_common/cmake/localization_commonConfig.cmake
[0.189s] -- Up-to-date: /src/astrobee/src/install/localization_common/share/localization_common/cmake/localization_commonConfig-version.cmake
[0.189s] -- Up-to-date: /src/astrobee/src/install/localization_common/share/localization_common/package.xml
[0.190s] Invoked command in '/src/astrobee/src/build/localization_common' returned '0': AMENT_PREFIX_PATH=/src/astrobee/src/install/msg_conversions:/src/astrobee/src/install/config_reader:/src/astrobee/src/install/ff_msgs:/src/astrobee/src/install/ff_common:${AMENT_PREFIX_PATH} CMAKE_PREFIX_PATH=/src/astrobee/src/install/msg_conversions:/src/astrobee/src/install/camera:/src/astrobee/src/install/config_reader:/src/astrobee/src/install/ff_msgs:/src/astrobee/src/install/ff_common LD_LIBRARY_PATH=/src/astrobee/src/install/msg_conversions/lib:/src/astrobee/src/install/config_reader/lib:/src/astrobee/src/install/ff_msgs/lib:/src/astrobee/src/install/ff_common/lib:${LD_LIBRARY_PATH} PATH=/src/astrobee/src/install/msg_conversions/bin:/src/astrobee/src/install/camera/bin:${PATH} PKG_CONFIG_PATH=/src/astrobee/src/install/camera/lib/x86_64-linux-gnu/pkgconfig:/src/astrobee/src/install/camera/lib/pkgconfig PYTHONPATH=/src/astrobee/src/install/ff_msgs/lib/python3.8/site-packages:${PYTHONPATH} ROS_PACKAGE_PATH=/src/astrobee/src/install/camera/share /usr/bin/cmake --install /src/astrobee/src/build/localization_common
