-- The C compiler identification is GNU 9.4.0
-- The CXX compiler identification is GNU 9.4.0
-- Check for working C compiler: /usr/bin/cc
-- Check for working C compiler: /usr/bin/cc -- works
-- Detecting C compiler ABI info
-- Detecting C compiler ABI info - done
-- Detecting C compile features
-- Detecting C compile features - done
-- Check for working CXX compiler: /usr/bin/c++
-- Check for working CXX compiler: /usr/bin/c++ -- works
-- Detecting CXX compiler ABI info
-- Detecting CXX compiler ABI info - done
-- Detecting CXX compile features
-- Detecting CXX compile features - done
-- Found ament_cmake: 1.2.1 (/opt/ros/rolling/share/ament_cmake/cmake)
-- Found Python3: /usr/bin/python3.8 (found version "3.8.10") found components: Interpreter 
-- Override CMake install command with custom implementation using symlinks instead of copying resources
-- Found rclcpp: 15.0.0 (/opt/ros/rolling/share/rclcpp/cmake)
-- Using all available rosidl_typesupport_c: rosidl_typesupport_fastrtps_c;rosidl_typesupport_introspection_c
-- Found rosidl_adapter: 3.0.1 (/opt/ros/rolling/share/rosidl_adapter/cmake)
-- Using all available rosidl_typesupport_cpp: rosidl_typesupport_fastrtps_cpp;rosidl_typesupport_introspection_cpp
-- Found rmw_implementation_cmake: 5.1.0 (/opt/ros/rolling/share/rmw_implementation_cmake/cmake)
-- Found rmw_cyclonedds_cpp: 1.1.2 (/opt/ros/rolling/share/rmw_cyclonedds_cpp/cmake)
-- Using RMW implementation 'rmw_cyclonedds_cpp' as default
-- Found rclcpp_components: 15.0.0 (/opt/ros/rolling/share/rclcpp_components/cmake)
-- Found std_srvs: 4.0.0 (/opt/ros/rolling/share/std_srvs/cmake)
-- Found ff_msgs: 0.0.0 (/src/astrobee/src/install/ff_msgs/share/ff_msgs/cmake)
-- Found eigen3_cmake_module: 0.1.1 (/opt/ros/rolling/share/eigen3_cmake_module/cmake)
-- Found Eigen3: TRUE (found version "3.3.7") 
-- Found ff_util: 1.0.0 (/src/astrobee/src/install/ff_util/share/ff_util/cmake)
-- Found localization_common: 1.0.0 (/src/astrobee/src/install/localization_common/share/localization_common/cmake)
-- Found ff_common: 1.0.0 (/src/astrobee/src/install/ff_common/share/ff_common/cmake)
-- Found camera: 1.0.0 (/src/astrobee/src/install/camera/share/camera/cmake)
-- Configuring done
-- Generating done
-- Build files have been written to: /src/astrobee/src/build/ground_truth_localizer
[35m[1mScanning dependencies of target ground_truth_localizer[0m
[ 33%] [32mBuilding CXX object CMakeFiles/ground_truth_localizer.dir/src/ground_truth_localizer_nodelet.cc.o[0m
[ 66%] [32mBuilding CXX object CMakeFiles/ground_truth_localizer.dir/src/utilities.cc.o[0m
In file included from [01m[K/src/astrobee/src/localization/ground_truth_localizer/src/ground_truth_localizer_nodelet.cc:19[m[K:
[01m[K/src/astrobee/src/localization/ground_truth_localizer/include/ground_truth_localizer/ground_truth_localizer_nodelet.h:75:69:[m[K [01;35m[Kwarning: [m[K‘[01m[Kgeometry_msgs::msg::PoseStamped_<std::allocator<void> >::ConstPtr[m[K’ is deprecated [[01;35m[K-Wdeprecated-declarations[m[K]
   75 |   void PoseCallback(geometry_msgs::PoseStamped::ConstPtr const& pose[01;35m[K)[m[K;
      |                                                                     [01;35m[K^[m[K
In file included from [01m[K/opt/ros/rolling/include/geometry_msgs/msg/pose_stamped.hpp:7[m[K,
                 from [01m[K/src/astrobee/src/localization/ground_truth_localizer/include/ground_truth_localizer/ground_truth_localizer_nodelet.h:34[m[K,
                 from [01m[K/src/astrobee/src/localization/ground_truth_localizer/src/ground_truth_localizer_nodelet.cc:19[m[K:
[01m[K/opt/ros/rolling/include/geometry_msgs/msg/detail/pose_stamped__struct.hpp:115:5:[m[K [01;36m[Knote: [m[Kdeclared here
  115 |     [01;36m[KConstPtr[m[K;
      |     [01;36m[K^~~~~~~~[m[K
In file included from [01m[K/src/astrobee/src/localization/ground_truth_localizer/src/ground_truth_localizer_nodelet.cc:19[m[K:
[01m[K/src/astrobee/src/localization/ground_truth_localizer/include/ground_truth_localizer/ground_truth_localizer_nodelet.h:77:72:[m[K [01;35m[Kwarning: [m[K‘[01m[Kgeometry_msgs::msg::TwistStamped_<std::allocator<void> >::ConstPtr[m[K’ is deprecated [[01;35m[K-Wdeprecated-declarations[m[K]
   77 |   void TwistCallback(geometry_msgs::TwistStamped::ConstPtr const& twist[01;35m[K)[m[K;
      |                                                                        [01;35m[K^[m[K
In file included from [01m[K/opt/ros/rolling/include/geometry_msgs/msg/twist_stamped.hpp:7[m[K,
                 from [01m[K/src/astrobee/src/localization/ground_truth_localizer/include/ground_truth_localizer/ground_truth_localizer_nodelet.h:35[m[K,
                 from [01m[K/src/astrobee/src/localization/ground_truth_localizer/src/ground_truth_localizer_nodelet.cc:19[m[K:
[01m[K/opt/ros/rolling/include/geometry_msgs/msg/detail/twist_stamped__struct.hpp:115:5:[m[K [01;36m[Knote: [m[Kdeclared here
  115 |     [01;36m[KConstPtr[m[K;
      |     [01;36m[K^~~~~~~~[m[K
[01m[K/src/astrobee/src/localization/ground_truth_localizer/src/ground_truth_localizer_nodelet.cc:86:96:[m[K [01;35m[Kwarning: [m[K‘[01m[Kgeometry_msgs::msg::PoseStamped_<std::allocator<void> >::ConstPtr[m[K’ is deprecated [[01;35m[K-Wdeprecated-declarations[m[K]
   86 | void GroundTruthLocalizerNodelet::PoseCallback(geometry_msgs::PoseStamped::ConstPtr const& pose[01;35m[K)[m[K {
      |                                                                                                [01;35m[K^[m[K
In file included from [01m[K/opt/ros/rolling/include/geometry_msgs/msg/pose_stamped.hpp:7[m[K,
                 from [01m[K/src/astrobee/src/localization/ground_truth_localizer/include/ground_truth_localizer/ground_truth_localizer_nodelet.h:34[m[K,
                 from [01m[K/src/astrobee/src/localization/ground_truth_localizer/src/ground_truth_localizer_nodelet.cc:19[m[K:
[01m[K/opt/ros/rolling/include/geometry_msgs/msg/detail/pose_stamped__struct.hpp:115:5:[m[K [01;36m[Knote: [m[Kdeclared here
  115 |     [01;36m[KConstPtr[m[K;
      |     [01;36m[K^~~~~~~~[m[K
[01m[K/src/astrobee/src/localization/ground_truth_localizer/src/ground_truth_localizer_nodelet.cc:101:99:[m[K [01;35m[Kwarning: [m[K‘[01m[Kgeometry_msgs::msg::TwistStamped_<std::allocator<void> >::ConstPtr[m[K’ is deprecated [[01;35m[K-Wdeprecated-declarations[m[K]
  101 | void GroundTruthLocalizerNodelet::TwistCallback(geometry_msgs::TwistStamped::ConstPtr const& twist[01;35m[K)[m[K {
      |                                                                                                   [01;35m[K^[m[K
In file included from [01m[K/opt/ros/rolling/include/geometry_msgs/msg/twist_stamped.hpp:7[m[K,
                 from [01m[K/src/astrobee/src/localization/ground_truth_localizer/include/ground_truth_localizer/ground_truth_localizer_nodelet.h:35[m[K,
                 from [01m[K/src/astrobee/src/localization/ground_truth_localizer/src/ground_truth_localizer_nodelet.cc:19[m[K:
[01m[K/opt/ros/rolling/include/geometry_msgs/msg/detail/twist_stamped__struct.hpp:115:5:[m[K [01;36m[Knote: [m[Kdeclared here
  115 |     [01;36m[KConstPtr[m[K;
      |     [01;36m[K^~~~~~~~[m[K
[100%] [32m[1mLinking CXX shared library libground_truth_localizer.so[0m
[100%] Built target ground_truth_localizer
-- Install configuration: ""
-- Execute custom install script
-- Symlinking: /src/astrobee/src/install/ground_truth_localizer/lib/libground_truth_localizer.so
-- Symlinking: /src/astrobee/src/install/ground_truth_localizer/share/ground_truth_localizer/launch/ground_truth_localizer.launch
-- Symlinking: /src/astrobee/src/install/ground_truth_localizer/share/ament_index/resource_index/package_run_dependencies/ground_truth_localizer
-- Symlinking: /src/astrobee/src/install/ground_truth_localizer/share/ament_index/resource_index/parent_prefix_path/ground_truth_localizer
-- Symlinking: /src/astrobee/src/install/ground_truth_localizer/share/ground_truth_localizer/environment/ament_prefix_path.sh
-- Symlinking: /src/astrobee/src/install/ground_truth_localizer/share/ground_truth_localizer/environment/ament_prefix_path.dsv
-- Symlinking: /src/astrobee/src/install/ground_truth_localizer/share/ground_truth_localizer/environment/path.sh
-- Symlinking: /src/astrobee/src/install/ground_truth_localizer/share/ground_truth_localizer/environment/path.dsv
-- Symlinking: /src/astrobee/src/install/ground_truth_localizer/share/ground_truth_localizer/local_setup.bash
-- Symlinking: /src/astrobee/src/install/ground_truth_localizer/share/ground_truth_localizer/local_setup.sh
-- Symlinking: /src/astrobee/src/install/ground_truth_localizer/share/ground_truth_localizer/local_setup.zsh
-- Symlinking: /src/astrobee/src/install/ground_truth_localizer/share/ground_truth_localizer/local_setup.dsv
-- Symlinking: /src/astrobee/src/install/ground_truth_localizer/share/ground_truth_localizer/package.dsv
-- Symlinking: /src/astrobee/src/install/ground_truth_localizer/share/ament_index/resource_index/packages/ground_truth_localizer
-- Symlinking: /src/astrobee/src/install/ground_truth_localizer/share/ament_index/resource_index/rclcpp_components/ground_truth_localizer
-- Symlinking: /src/astrobee/src/install/ground_truth_localizer/share/ground_truth_localizer/cmake/ground_truth_localizerConfig.cmake
-- Symlinking: /src/astrobee/src/install/ground_truth_localizer/share/ground_truth_localizer/cmake/ground_truth_localizerConfig-version.cmake
-- Symlinking: /src/astrobee/src/install/ground_truth_localizer/share/ground_truth_localizer/package.xml
