[0.016s] Invoking command in '/src/astrobee/src/build/ground_truth_localizer': AMENT_PREFIX_PATH=/src/astrobee/src/install/ff_util:/src/astrobee/src/install/msg_conversions:/src/astrobee/src/install/config_reader:/src/astrobee/src/install/ff_msgs:/src/astrobee/src/install/ff_common:${AMENT_PREFIX_PATH} CMAKE_PREFIX_PATH=/opt/ros/rolling:/src/astrobee/src/install/localization_common:/src/astrobee/src/install/ff_util:/src/astrobee/src/install/msg_conversions:/src/astrobee/src/install/camera:/src/astrobee/src/install/config_reader:/src/astrobee/src/install/ff_msgs:/src/astrobee/src/install/ff_common LD_LIBRARY_PATH=/src/astrobee/src/install/localization_common/lib:/src/astrobee/src/install/ff_util/lib:/src/astrobee/src/install/msg_conversions/lib:/src/astrobee/src/install/config_reader/lib:/src/astrobee/src/install/ff_msgs/lib:/src/astrobee/src/install/ff_common/lib:${LD_LIBRARY_PATH} PATH=/src/astrobee/src/install/msg_conversions/bin:/src/astrobee/src/install/camera/bin:${PATH} PKG_CONFIG_PATH=/src/astrobee/src/install/localization_common/lib/x86_64-linux-gnu/pkgconfig:/src/astrobee/src/install/localization_common/lib/pkgconfig:/src/astrobee/src/install/camera/lib/x86_64-linux-gnu/pkgconfig:/src/astrobee/src/install/camera/lib/pkgconfig PYTHONPATH=/src/astrobee/src/install/ff_msgs/lib/python3.8/site-packages:${PYTHONPATH} ROS_PACKAGE_PATH=/src/astrobee/src/install/localization_common/share:/src/astrobee/src/install/camera/share /usr/bin/cmake /src/astrobee/src/localization/ground_truth_localizer -DAMENT_CMAKE_SYMLINK_INSTALL=1 -DCMAKE_INSTALL_PREFIX=/src/astrobee/src/install/ground_truth_localizer
[0.054s] -- The C compiler identification is GNU 9.4.0
[0.092s] -- The CXX compiler identification is GNU 9.4.0
[0.096s] -- Check for working C compiler: /usr/bin/cc
[0.143s] -- Check for working C compiler: /usr/bin/cc -- works
[0.144s] -- Detecting C compiler ABI info
[0.189s] -- Detecting C compiler ABI info - done
[0.197s] -- Detecting C compile features
[0.197s] -- Detecting C compile features - done
[0.198s] -- Check for working CXX compiler: /usr/bin/c++
[0.252s] -- Check for working CXX compiler: /usr/bin/c++ -- works
[0.253s] -- Detecting CXX compiler ABI info
[0.308s] -- Detecting CXX compiler ABI info - done
[0.316s] -- Detecting CXX compile features
[0.317s] -- Detecting CXX compile features - done
[0.320s] -- Found ament_cmake: 1.2.1 (/opt/ros/rolling/share/ament_cmake/cmake)
[0.426s] -- Found Python3: /usr/bin/python3.8 (found version "3.8.10") found components: Interpreter 
[0.471s] -- Override CMake install command with custom implementation using symlinks instead of copying resources
[0.487s] -- Found rclcpp: 15.0.0 (/opt/ros/rolling/share/rclcpp/cmake)
[0.524s] -- Using all available rosidl_typesupport_c: rosidl_typesupport_fastrtps_c;rosidl_typesupport_introspection_c
[0.529s] -- Found rosidl_adapter: 3.0.1 (/opt/ros/rolling/share/rosidl_adapter/cmake)
[0.562s] -- Using all available rosidl_typesupport_cpp: rosidl_typesupport_fastrtps_cpp;rosidl_typesupport_introspection_cpp
[0.606s] -- Found rmw_implementation_cmake: 5.1.0 (/opt/ros/rolling/share/rmw_implementation_cmake/cmake)
[0.607s] -- Found rmw_cyclonedds_cpp: 1.1.2 (/opt/ros/rolling/share/rmw_cyclonedds_cpp/cmake)
[0.621s] -- Using RMW implementation 'rmw_cyclonedds_cpp' as default
[0.740s] -- Found rclcpp_components: 15.0.0 (/opt/ros/rolling/share/rclcpp_components/cmake)
[0.786s] -- Found std_srvs: 4.0.0 (/opt/ros/rolling/share/std_srvs/cmake)
[0.795s] -- Found ff_msgs: 0.0.0 (/src/astrobee/src/install/ff_msgs/share/ff_msgs/cmake)
[1.064s] -- Found eigen3_cmake_module: 0.1.1 (/opt/ros/rolling/share/eigen3_cmake_module/cmake)
[1.065s] -- Found Eigen3: TRUE (found version "3.3.7") 
[1.851s] -- Found ff_util: 1.0.0 (/src/astrobee/src/install/ff_util/share/ff_util/cmake)
[1.861s] -- Found localization_common: 1.0.0 (/src/astrobee/src/install/localization_common/share/localization_common/cmake)
[1.863s] -- Found ff_common: 1.0.0 (/src/astrobee/src/install/ff_common/share/ff_common/cmake)
[1.865s] -- Found camera: 1.0.0 (/src/astrobee/src/install/camera/share/camera/cmake)
[1.919s] -- Configuring done
[1.932s] -- Generating done
[1.934s] -- Build files have been written to: /src/astrobee/src/build/ground_truth_localizer
[1.940s] Invoked command in '/src/astrobee/src/build/ground_truth_localizer' returned '0': AMENT_PREFIX_PATH=/src/astrobee/src/install/ff_util:/src/astrobee/src/install/msg_conversions:/src/astrobee/src/install/config_reader:/src/astrobee/src/install/ff_msgs:/src/astrobee/src/install/ff_common:${AMENT_PREFIX_PATH} CMAKE_PREFIX_PATH=/opt/ros/rolling:/src/astrobee/src/install/localization_common:/src/astrobee/src/install/ff_util:/src/astrobee/src/install/msg_conversions:/src/astrobee/src/install/camera:/src/astrobee/src/install/config_reader:/src/astrobee/src/install/ff_msgs:/src/astrobee/src/install/ff_common LD_LIBRARY_PATH=/src/astrobee/src/install/localization_common/lib:/src/astrobee/src/install/ff_util/lib:/src/astrobee/src/install/msg_conversions/lib:/src/astrobee/src/install/config_reader/lib:/src/astrobee/src/install/ff_msgs/lib:/src/astrobee/src/install/ff_common/lib:${LD_LIBRARY_PATH} PATH=/src/astrobee/src/install/msg_conversions/bin:/src/astrobee/src/install/camera/bin:${PATH} PKG_CONFIG_PATH=/src/astrobee/src/install/localization_common/lib/x86_64-linux-gnu/pkgconfig:/src/astrobee/src/install/localization_common/lib/pkgconfig:/src/astrobee/src/install/camera/lib/x86_64-linux-gnu/pkgconfig:/src/astrobee/src/install/camera/lib/pkgconfig PYTHONPATH=/src/astrobee/src/install/ff_msgs/lib/python3.8/site-packages:${PYTHONPATH} ROS_PACKAGE_PATH=/src/astrobee/src/install/localization_common/share:/src/astrobee/src/install/camera/share /usr/bin/cmake /src/astrobee/src/localization/ground_truth_localizer -DAMENT_CMAKE_SYMLINK_INSTALL=1 -DCMAKE_INSTALL_PREFIX=/src/astrobee/src/install/ground_truth_localizer
[1.943s] Invoking command in '/src/astrobee/src/build/ground_truth_localizer': AMENT_PREFIX_PATH=/src/astrobee/src/install/ff_util:/src/astrobee/src/install/msg_conversions:/src/astrobee/src/install/config_reader:/src/astrobee/src/install/ff_msgs:/src/astrobee/src/install/ff_common:${AMENT_PREFIX_PATH} CMAKE_PREFIX_PATH=/opt/ros/rolling:/src/astrobee/src/install/localization_common:/src/astrobee/src/install/ff_util:/src/astrobee/src/install/msg_conversions:/src/astrobee/src/install/camera:/src/astrobee/src/install/config_reader:/src/astrobee/src/install/ff_msgs:/src/astrobee/src/install/ff_common LD_LIBRARY_PATH=/src/astrobee/src/install/localization_common/lib:/src/astrobee/src/install/ff_util/lib:/src/astrobee/src/install/msg_conversions/lib:/src/astrobee/src/install/config_reader/lib:/src/astrobee/src/install/ff_msgs/lib:/src/astrobee/src/install/ff_common/lib:${LD_LIBRARY_PATH} PATH=/src/astrobee/src/install/msg_conversions/bin:/src/astrobee/src/install/camera/bin:${PATH} PKG_CONFIG_PATH=/src/astrobee/src/install/localization_common/lib/x86_64-linux-gnu/pkgconfig:/src/astrobee/src/install/localization_common/lib/pkgconfig:/src/astrobee/src/install/camera/lib/x86_64-linux-gnu/pkgconfig:/src/astrobee/src/install/camera/lib/pkgconfig PYTHONPATH=/src/astrobee/src/install/ff_msgs/lib/python3.8/site-packages:${PYTHONPATH} ROS_PACKAGE_PATH=/src/astrobee/src/install/localization_common/share:/src/astrobee/src/install/camera/share /usr/bin/cmake --build /src/astrobee/src/build/ground_truth_localizer -- -j20 -l20
[1.974s] [35m[1mScanning dependencies of target ground_truth_localizer[0m
[2.039s] [ 33%] [32mBuilding CXX object CMakeFiles/ground_truth_localizer.dir/src/ground_truth_localizer_nodelet.cc.o[0m
[2.039s] [ 66%] [32mBuilding CXX object CMakeFiles/ground_truth_localizer.dir/src/utilities.cc.o[0m
[4.861s] In file included from [01m[K/src/astrobee/src/localization/ground_truth_localizer/src/ground_truth_localizer_nodelet.cc:19[m[K:
[4.861s] [01m[K/src/astrobee/src/localization/ground_truth_localizer/include/ground_truth_localizer/ground_truth_localizer_nodelet.h:75:69:[m[K [01;35m[Kwarning: [m[K‘[01m[Kgeometry_msgs::msg::PoseStamped_<std::allocator<void> >::ConstPtr[m[K’ is deprecated [[01;35m[K-Wdeprecated-declarations[m[K]
[4.861s]    75 |   void PoseCallback(geometry_msgs::PoseStamped::ConstPtr const& pose[01;35m[K)[m[K;
[4.862s]       |                                                                     [01;35m[K^[m[K
[4.862s] In file included from [01m[K/opt/ros/rolling/include/geometry_msgs/msg/pose_stamped.hpp:7[m[K,
[4.862s]                  from [01m[K/src/astrobee/src/localization/ground_truth_localizer/include/ground_truth_localizer/ground_truth_localizer_nodelet.h:34[m[K,
[4.862s]                  from [01m[K/src/astrobee/src/localization/ground_truth_localizer/src/ground_truth_localizer_nodelet.cc:19[m[K:
[4.862s] [01m[K/opt/ros/rolling/include/geometry_msgs/msg/detail/pose_stamped__struct.hpp:115:5:[m[K [01;36m[Knote: [m[Kdeclared here
[4.862s]   115 |     [01;36m[KConstPtr[m[K;
[4.862s]       |     [01;36m[K^~~~~~~~[m[K
[4.862s] In file included from [01m[K/src/astrobee/src/localization/ground_truth_localizer/src/ground_truth_localizer_nodelet.cc:19[m[K:
[4.862s] [01m[K/src/astrobee/src/localization/ground_truth_localizer/include/ground_truth_localizer/ground_truth_localizer_nodelet.h:77:72:[m[K [01;35m[Kwarning: [m[K‘[01m[Kgeometry_msgs::msg::TwistStamped_<std::allocator<void> >::ConstPtr[m[K’ is deprecated [[01;35m[K-Wdeprecated-declarations[m[K]
[4.862s]    77 |   void TwistCallback(geometry_msgs::TwistStamped::ConstPtr const& twist[01;35m[K)[m[K;
[4.862s]       |                                                                        [01;35m[K^[m[K
[4.862s] In file included from [01m[K/opt/ros/rolling/include/geometry_msgs/msg/twist_stamped.hpp:7[m[K,
[4.862s]                  from [01m[K/src/astrobee/src/localization/ground_truth_localizer/include/ground_truth_localizer/ground_truth_localizer_nodelet.h:35[m[K,
[4.862s]                  from [01m[K/src/astrobee/src/localization/ground_truth_localizer/src/ground_truth_localizer_nodelet.cc:19[m[K:
[4.863s] [01m[K/opt/ros/rolling/include/geometry_msgs/msg/detail/twist_stamped__struct.hpp:115:5:[m[K [01;36m[Knote: [m[Kdeclared here
[4.863s]   115 |     [01;36m[KConstPtr[m[K;
[4.863s]       |     [01;36m[K^~~~~~~~[m[K
[6.504s] [01m[K/src/astrobee/src/localization/ground_truth_localizer/src/ground_truth_localizer_nodelet.cc:86:96:[m[K [01;35m[Kwarning: [m[K‘[01m[Kgeometry_msgs::msg::PoseStamped_<std::allocator<void> >::ConstPtr[m[K’ is deprecated [[01;35m[K-Wdeprecated-declarations[m[K]
[6.504s]    86 | void GroundTruthLocalizerNodelet::PoseCallback(geometry_msgs::PoseStamped::ConstPtr const& pose[01;35m[K)[m[K {
[6.504s]       |                                                                                                [01;35m[K^[m[K
[6.504s] In file included from [01m[K/opt/ros/rolling/include/geometry_msgs/msg/pose_stamped.hpp:7[m[K,
[6.504s]                  from [01m[K/src/astrobee/src/localization/ground_truth_localizer/include/ground_truth_localizer/ground_truth_localizer_nodelet.h:34[m[K,
[6.504s]                  from [01m[K/src/astrobee/src/localization/ground_truth_localizer/src/ground_truth_localizer_nodelet.cc:19[m[K:
[6.504s] [01m[K/opt/ros/rolling/include/geometry_msgs/msg/detail/pose_stamped__struct.hpp:115:5:[m[K [01;36m[Knote: [m[Kdeclared here
[6.504s]   115 |     [01;36m[KConstPtr[m[K;
[6.504s]       |     [01;36m[K^~~~~~~~[m[K
[6.508s] [01m[K/src/astrobee/src/localization/ground_truth_localizer/src/ground_truth_localizer_nodelet.cc:101:99:[m[K [01;35m[Kwarning: [m[K‘[01m[Kgeometry_msgs::msg::TwistStamped_<std::allocator<void> >::ConstPtr[m[K’ is deprecated [[01;35m[K-Wdeprecated-declarations[m[K]
[6.508s]   101 | void GroundTruthLocalizerNodelet::TwistCallback(geometry_msgs::TwistStamped::ConstPtr const& twist[01;35m[K)[m[K {
[6.508s]       |                                                                                                   [01;35m[K^[m[K
[6.508s] In file included from [01m[K/opt/ros/rolling/include/geometry_msgs/msg/twist_stamped.hpp:7[m[K,
[6.508s]                  from [01m[K/src/astrobee/src/localization/ground_truth_localizer/include/ground_truth_localizer/ground_truth_localizer_nodelet.h:35[m[K,
[6.508s]                  from [01m[K/src/astrobee/src/localization/ground_truth_localizer/src/ground_truth_localizer_nodelet.cc:19[m[K:
[6.508s] [01m[K/opt/ros/rolling/include/geometry_msgs/msg/detail/twist_stamped__struct.hpp:115:5:[m[K [01;36m[Knote: [m[Kdeclared here
[6.508s]   115 |     [01;36m[KConstPtr[m[K;
[6.508s]       |     [01;36m[K^~~~~~~~[m[K
[19.812s] [100%] [32m[1mLinking CXX shared library libground_truth_localizer.so[0m
[20.692s] [100%] Built target ground_truth_localizer
[20.712s] Invoked command in '/src/astrobee/src/build/ground_truth_localizer' returned '0': AMENT_PREFIX_PATH=/src/astrobee/src/install/ff_util:/src/astrobee/src/install/msg_conversions:/src/astrobee/src/install/config_reader:/src/astrobee/src/install/ff_msgs:/src/astrobee/src/install/ff_common:${AMENT_PREFIX_PATH} CMAKE_PREFIX_PATH=/opt/ros/rolling:/src/astrobee/src/install/localization_common:/src/astrobee/src/install/ff_util:/src/astrobee/src/install/msg_conversions:/src/astrobee/src/install/camera:/src/astrobee/src/install/config_reader:/src/astrobee/src/install/ff_msgs:/src/astrobee/src/install/ff_common LD_LIBRARY_PATH=/src/astrobee/src/install/localization_common/lib:/src/astrobee/src/install/ff_util/lib:/src/astrobee/src/install/msg_conversions/lib:/src/astrobee/src/install/config_reader/lib:/src/astrobee/src/install/ff_msgs/lib:/src/astrobee/src/install/ff_common/lib:${LD_LIBRARY_PATH} PATH=/src/astrobee/src/install/msg_conversions/bin:/src/astrobee/src/install/camera/bin:${PATH} PKG_CONFIG_PATH=/src/astrobee/src/install/localization_common/lib/x86_64-linux-gnu/pkgconfig:/src/astrobee/src/install/localization_common/lib/pkgconfig:/src/astrobee/src/install/camera/lib/x86_64-linux-gnu/pkgconfig:/src/astrobee/src/install/camera/lib/pkgconfig PYTHONPATH=/src/astrobee/src/install/ff_msgs/lib/python3.8/site-packages:${PYTHONPATH} ROS_PACKAGE_PATH=/src/astrobee/src/install/localization_common/share:/src/astrobee/src/install/camera/share /usr/bin/cmake --build /src/astrobee/src/build/ground_truth_localizer -- -j20 -l20
[20.895s] Invoking command in '/src/astrobee/src/build/ground_truth_localizer': AMENT_PREFIX_PATH=/src/astrobee/src/install/ff_util:/src/astrobee/src/install/msg_conversions:/src/astrobee/src/install/config_reader:/src/astrobee/src/install/ff_msgs:/src/astrobee/src/install/ff_common:${AMENT_PREFIX_PATH} CMAKE_PREFIX_PATH=/opt/ros/rolling:/src/astrobee/src/install/localization_common:/src/astrobee/src/install/ff_util:/src/astrobee/src/install/msg_conversions:/src/astrobee/src/install/camera:/src/astrobee/src/install/config_reader:/src/astrobee/src/install/ff_msgs:/src/astrobee/src/install/ff_common LD_LIBRARY_PATH=/src/astrobee/src/install/localization_common/lib:/src/astrobee/src/install/ff_util/lib:/src/astrobee/src/install/msg_conversions/lib:/src/astrobee/src/install/config_reader/lib:/src/astrobee/src/install/ff_msgs/lib:/src/astrobee/src/install/ff_common/lib:${LD_LIBRARY_PATH} PATH=/src/astrobee/src/install/msg_conversions/bin:/src/astrobee/src/install/camera/bin:${PATH} PKG_CONFIG_PATH=/src/astrobee/src/install/localization_common/lib/x86_64-linux-gnu/pkgconfig:/src/astrobee/src/install/localization_common/lib/pkgconfig:/src/astrobee/src/install/camera/lib/x86_64-linux-gnu/pkgconfig:/src/astrobee/src/install/camera/lib/pkgconfig PYTHONPATH=/src/astrobee/src/install/ff_msgs/lib/python3.8/site-packages:${PYTHONPATH} ROS_PACKAGE_PATH=/src/astrobee/src/install/localization_common/share:/src/astrobee/src/install/camera/share /usr/bin/cmake --install /src/astrobee/src/build/ground_truth_localizer
[20.910s] -- Install configuration: ""
[20.910s] -- Execute custom install script
[20.911s] -- Symlinking: /src/astrobee/src/install/ground_truth_localizer/lib/libground_truth_localizer.so
[20.944s] -- Symlinking: /src/astrobee/src/install/ground_truth_localizer/share/ground_truth_localizer/launch/ground_truth_localizer.launch
[20.961s] -- Symlinking: /src/astrobee/src/install/ground_truth_localizer/share/ament_index/resource_index/package_run_dependencies/ground_truth_localizer
[20.975s] -- Symlinking: /src/astrobee/src/install/ground_truth_localizer/share/ament_index/resource_index/parent_prefix_path/ground_truth_localizer
[20.993s] -- Symlinking: /src/astrobee/src/install/ground_truth_localizer/share/ground_truth_localizer/environment/ament_prefix_path.sh
[21.008s] -- Symlinking: /src/astrobee/src/install/ground_truth_localizer/share/ground_truth_localizer/environment/ament_prefix_path.dsv
[21.022s] -- Symlinking: /src/astrobee/src/install/ground_truth_localizer/share/ground_truth_localizer/environment/path.sh
[21.036s] -- Symlinking: /src/astrobee/src/install/ground_truth_localizer/share/ground_truth_localizer/environment/path.dsv
[21.050s] -- Symlinking: /src/astrobee/src/install/ground_truth_localizer/share/ground_truth_localizer/local_setup.bash
[21.065s] -- Symlinking: /src/astrobee/src/install/ground_truth_localizer/share/ground_truth_localizer/local_setup.sh
[21.079s] -- Symlinking: /src/astrobee/src/install/ground_truth_localizer/share/ground_truth_localizer/local_setup.zsh
[21.094s] -- Symlinking: /src/astrobee/src/install/ground_truth_localizer/share/ground_truth_localizer/local_setup.dsv
[21.110s] -- Symlinking: /src/astrobee/src/install/ground_truth_localizer/share/ground_truth_localizer/package.dsv
[21.126s] -- Symlinking: /src/astrobee/src/install/ground_truth_localizer/share/ament_index/resource_index/packages/ground_truth_localizer
[21.141s] -- Symlinking: /src/astrobee/src/install/ground_truth_localizer/share/ament_index/resource_index/rclcpp_components/ground_truth_localizer
[21.155s] -- Symlinking: /src/astrobee/src/install/ground_truth_localizer/share/ground_truth_localizer/cmake/ground_truth_localizerConfig.cmake
[21.169s] -- Symlinking: /src/astrobee/src/install/ground_truth_localizer/share/ground_truth_localizer/cmake/ground_truth_localizerConfig-version.cmake
[21.186s] -- Symlinking: /src/astrobee/src/install/ground_truth_localizer/share/ground_truth_localizer/package.xml
[21.207s] Invoked command in '/src/astrobee/src/build/ground_truth_localizer' returned '0': AMENT_PREFIX_PATH=/src/astrobee/src/install/ff_util:/src/astrobee/src/install/msg_conversions:/src/astrobee/src/install/config_reader:/src/astrobee/src/install/ff_msgs:/src/astrobee/src/install/ff_common:${AMENT_PREFIX_PATH} CMAKE_PREFIX_PATH=/opt/ros/rolling:/src/astrobee/src/install/localization_common:/src/astrobee/src/install/ff_util:/src/astrobee/src/install/msg_conversions:/src/astrobee/src/install/camera:/src/astrobee/src/install/config_reader:/src/astrobee/src/install/ff_msgs:/src/astrobee/src/install/ff_common LD_LIBRARY_PATH=/src/astrobee/src/install/localization_common/lib:/src/astrobee/src/install/ff_util/lib:/src/astrobee/src/install/msg_conversions/lib:/src/astrobee/src/install/config_reader/lib:/src/astrobee/src/install/ff_msgs/lib:/src/astrobee/src/install/ff_common/lib:${LD_LIBRARY_PATH} PATH=/src/astrobee/src/install/msg_conversions/bin:/src/astrobee/src/install/camera/bin:${PATH} PKG_CONFIG_PATH=/src/astrobee/src/install/localization_common/lib/x86_64-linux-gnu/pkgconfig:/src/astrobee/src/install/localization_common/lib/pkgconfig:/src/astrobee/src/install/camera/lib/x86_64-linux-gnu/pkgconfig:/src/astrobee/src/install/camera/lib/pkgconfig PYTHONPATH=/src/astrobee/src/install/ff_msgs/lib/python3.8/site-packages:${PYTHONPATH} ROS_PACKAGE_PATH=/src/astrobee/src/install/localization_common/share:/src/astrobee/src/install/camera/share /usr/bin/cmake --install /src/astrobee/src/build/ground_truth_localizer
