[0.061s] Invoking command in '/src/astrobee/src/build/astrobee_handrail_30': CMAKE_PREFIX_PATH=/opt/ros/rolling /usr/bin/cmake /src/astrobee/src/description/media/astrobee_handrail_30 -DAMENT_CMAKE_SYMLINK_INSTALL=1 -DCMAKE_INSTALL_PREFIX=/src/astrobee/src/install/astrobee_handrail_30
[0.111s] -- The C compiler identification is GNU 9.4.0
[0.167s] -- The CXX compiler identification is GNU 9.4.0
[0.171s] -- Check for working C compiler: /usr/bin/cc
[0.226s] -- Check for working C compiler: /usr/bin/cc -- works
[0.227s] -- Detecting C compiler ABI info
[0.276s] -- Detecting C compiler ABI info - done
[0.288s] -- Detecting C compile features
[0.289s] -- Detecting C compile features - done
[0.291s] -- Check for working CXX compiler: /usr/bin/c++
[0.345s] -- Check for working CXX compiler: /usr/bin/c++ -- works
[0.347s] -- Detecting CXX compiler ABI info
[0.415s] -- Detecting CXX compiler ABI info - done
[0.425s] -- Detecting CXX compile features
[0.426s] -- Detecting CXX compile features - done
[0.427s] -- Found ament_cmake: 1.2.1 (/opt/ros/rolling/share/ament_cmake/cmake)
[0.556s] -- Found Python3: /usr/bin/python3.8 (found version "3.8.10") found components: Interpreter 
[0.604s] -- Override CMake install command with custom implementation using symlinks instead of copying resources
[0.701s] -- Configuring done
[0.703s] -- Generating done
[0.705s] -- Build files have been written to: /src/astrobee/src/build/astrobee_handrail_30
[0.710s] Invoked command in '/src/astrobee/src/build/astrobee_handrail_30' returned '0': CMAKE_PREFIX_PATH=/opt/ros/rolling /usr/bin/cmake /src/astrobee/src/description/media/astrobee_handrail_30 -DAMENT_CMAKE_SYMLINK_INSTALL=1 -DCMAKE_INSTALL_PREFIX=/src/astrobee/src/install/astrobee_handrail_30
[0.715s] Invoking command in '/src/astrobee/src/build/astrobee_handrail_30': CMAKE_PREFIX_PATH=/opt/ros/rolling /usr/bin/cmake --build /src/astrobee/src/build/astrobee_handrail_30 -- -j20 -l20
[0.749s] Invoked command in '/src/astrobee/src/build/astrobee_handrail_30' returned '0': CMAKE_PREFIX_PATH=/opt/ros/rolling /usr/bin/cmake --build /src/astrobee/src/build/astrobee_handrail_30 -- -j20 -l20
[0.779s] Invoking command in '/src/astrobee/src/build/astrobee_handrail_30': CMAKE_PREFIX_PATH=/opt/ros/rolling /usr/bin/cmake --install /src/astrobee/src/build/astrobee_handrail_30
[0.788s] -- Install configuration: ""
[0.789s] -- Execute custom install script
[0.789s] -- Symlinking: /src/astrobee/src/install/astrobee_handrail_30/share/astrobee_handrail_30/environment/astrobee_handrail_30.dsv
[0.796s] -- Symlinking: /src/astrobee/src/install/astrobee_handrail_30/share/astrobee_handrail_30/urdf/model.urdf
[0.798s] -- Symlinking: /src/astrobee/src/install/astrobee_handrail_30/share/astrobee_handrail_30/media/materials/textures/blue.png
[0.803s] -- Symlinking: /src/astrobee/src/install/astrobee_handrail_30/share/astrobee_handrail_30/media/materials/textures/silver.png
[0.811s] -- Symlinking: /src/astrobee/src/install/astrobee_handrail_30/share/astrobee_handrail_30/meshes/handrail_30.dae
[0.814s] -- Symlinking: /src/astrobee/src/install/astrobee_handrail_30/share/astrobee_handrail_30/model.config
[0.819s] -- Symlinking: /src/astrobee/src/install/astrobee_handrail_30/share/ament_index/resource_index/package_run_dependencies/astrobee_handrail_30
[0.827s] -- Symlinking: /src/astrobee/src/install/astrobee_handrail_30/share/ament_index/resource_index/parent_prefix_path/astrobee_handrail_30
[0.835s] -- Symlinking: /src/astrobee/src/install/astrobee_handrail_30/share/astrobee_handrail_30/environment/ament_prefix_path.sh
[0.844s] -- Symlinking: /src/astrobee/src/install/astrobee_handrail_30/share/astrobee_handrail_30/environment/ament_prefix_path.dsv
[0.850s] -- Symlinking: /src/astrobee/src/install/astrobee_handrail_30/share/astrobee_handrail_30/environment/path.sh
[0.856s] -- Symlinking: /src/astrobee/src/install/astrobee_handrail_30/share/astrobee_handrail_30/environment/path.dsv
[0.864s] -- Symlinking: /src/astrobee/src/install/astrobee_handrail_30/share/astrobee_handrail_30/local_setup.bash
[0.872s] -- Symlinking: /src/astrobee/src/install/astrobee_handrail_30/share/astrobee_handrail_30/local_setup.sh
[0.878s] -- Symlinking: /src/astrobee/src/install/astrobee_handrail_30/share/astrobee_handrail_30/local_setup.zsh
[0.883s] -- Symlinking: /src/astrobee/src/install/astrobee_handrail_30/share/astrobee_handrail_30/local_setup.dsv
[0.889s] -- Symlinking: /src/astrobee/src/install/astrobee_handrail_30/share/astrobee_handrail_30/package.dsv
[0.897s] -- Symlinking: /src/astrobee/src/install/astrobee_handrail_30/share/ament_index/resource_index/packages/astrobee_handrail_30
[0.904s] -- Symlinking: /src/astrobee/src/install/astrobee_handrail_30/share/astrobee_handrail_30/cmake/astrobee_handrail_30Config.cmake
[0.912s] -- Symlinking: /src/astrobee/src/install/astrobee_handrail_30/share/astrobee_handrail_30/cmake/astrobee_handrail_30Config-version.cmake
[0.918s] -- Symlinking: /src/astrobee/src/install/astrobee_handrail_30/share/astrobee_handrail_30/package.xml
[0.935s] Invoked command in '/src/astrobee/src/build/astrobee_handrail_30' returned '0': CMAKE_PREFIX_PATH=/opt/ros/rolling /usr/bin/cmake --install /src/astrobee/src/build/astrobee_handrail_30
