[0.052s] Invoking command in '/src/astrobee/src/build/astrobee_handrail_8_5': CMAKE_PREFIX_PATH=/opt/ros/rolling /usr/bin/cmake /src/astrobee/src/description/media/astrobee_handrail_8_5 -DAMENT_CMAKE_SYMLINK_INSTALL=1 -DCMAKE_INSTALL_PREFIX=/src/astrobee/src/install/astrobee_handrail_8_5
[0.092s] -- The C compiler identification is GNU 9.4.0
[0.142s] -- The CXX compiler identification is GNU 9.4.0
[0.147s] -- Check for working C compiler: /usr/bin/cc
[0.191s] -- Check for working C compiler: /usr/bin/cc -- works
[0.192s] -- Detecting C compiler ABI info
[0.246s] -- Detecting C compiler ABI info - done
[0.257s] -- Detecting C compile features
[0.257s] -- Detecting C compile features - done
[0.260s] -- Check for working CXX compiler: /usr/bin/c++
[0.328s] -- Check for working CXX compiler: /usr/bin/c++ -- works
[0.329s] -- Detecting CXX compiler ABI info
[0.401s] -- Detecting CXX compiler ABI info - done
[0.414s] -- Detecting CXX compile features
[0.415s] -- Detecting CXX compile features - done
[0.418s] -- Found ament_cmake: 1.2.1 (/opt/ros/rolling/share/ament_cmake/cmake)
[0.541s] -- Found Python3: /usr/bin/python3.8 (found version "3.8.10") found components: Interpreter 
[0.603s] -- Override CMake install command with custom implementation using symlinks instead of copying resources
[0.694s] -- Configuring done
[0.697s] -- Generating done
[0.697s] -- Build files have been written to: /src/astrobee/src/build/astrobee_handrail_8_5
[0.706s] Invoked command in '/src/astrobee/src/build/astrobee_handrail_8_5' returned '0': CMAKE_PREFIX_PATH=/opt/ros/rolling /usr/bin/cmake /src/astrobee/src/description/media/astrobee_handrail_8_5 -DAMENT_CMAKE_SYMLINK_INSTALL=1 -DCMAKE_INSTALL_PREFIX=/src/astrobee/src/install/astrobee_handrail_8_5
[0.707s] Invoking command in '/src/astrobee/src/build/astrobee_handrail_8_5': CMAKE_PREFIX_PATH=/opt/ros/rolling /usr/bin/cmake --build /src/astrobee/src/build/astrobee_handrail_8_5 -- -j20 -l20
[0.748s] Invoked command in '/src/astrobee/src/build/astrobee_handrail_8_5' returned '0': CMAKE_PREFIX_PATH=/opt/ros/rolling /usr/bin/cmake --build /src/astrobee/src/build/astrobee_handrail_8_5 -- -j20 -l20
[0.777s] Invoking command in '/src/astrobee/src/build/astrobee_handrail_8_5': CMAKE_PREFIX_PATH=/opt/ros/rolling /usr/bin/cmake --install /src/astrobee/src/build/astrobee_handrail_8_5
[0.784s] -- Install configuration: ""
[0.785s] -- Execute custom install script
[0.785s] -- Symlinking: /src/astrobee/src/install/astrobee_handrail_8_5/share/astrobee_handrail_8_5/environment/astrobee_handrail_8_5.dsv
[0.789s] -- Symlinking: /src/astrobee/src/install/astrobee_handrail_8_5/share/astrobee_handrail_8_5/urdf/model.urdf
[0.795s] -- Symlinking: /src/astrobee/src/install/astrobee_handrail_8_5/share/astrobee_handrail_8_5/media/materials/textures/blue.png
[0.803s] -- Symlinking: /src/astrobee/src/install/astrobee_handrail_8_5/share/astrobee_handrail_8_5/media/materials/textures/silver.png
[0.811s] -- Symlinking: /src/astrobee/src/install/astrobee_handrail_8_5/share/astrobee_handrail_8_5/meshes/handrail_8_5.dae
[0.817s] -- Symlinking: /src/astrobee/src/install/astrobee_handrail_8_5/share/astrobee_handrail_8_5/model.config
[0.825s] -- Symlinking: /src/astrobee/src/install/astrobee_handrail_8_5/share/ament_index/resource_index/package_run_dependencies/astrobee_handrail_8_5
[0.833s] -- Symlinking: /src/astrobee/src/install/astrobee_handrail_8_5/share/ament_index/resource_index/parent_prefix_path/astrobee_handrail_8_5
[0.839s] -- Symlinking: /src/astrobee/src/install/astrobee_handrail_8_5/share/astrobee_handrail_8_5/environment/ament_prefix_path.sh
[0.846s] -- Symlinking: /src/astrobee/src/install/astrobee_handrail_8_5/share/astrobee_handrail_8_5/environment/ament_prefix_path.dsv
[0.853s] -- Symlinking: /src/astrobee/src/install/astrobee_handrail_8_5/share/astrobee_handrail_8_5/environment/path.sh
[0.859s] -- Symlinking: /src/astrobee/src/install/astrobee_handrail_8_5/share/astrobee_handrail_8_5/environment/path.dsv
[0.865s] -- Symlinking: /src/astrobee/src/install/astrobee_handrail_8_5/share/astrobee_handrail_8_5/local_setup.bash
[0.871s] -- Symlinking: /src/astrobee/src/install/astrobee_handrail_8_5/share/astrobee_handrail_8_5/local_setup.sh
[0.876s] -- Symlinking: /src/astrobee/src/install/astrobee_handrail_8_5/share/astrobee_handrail_8_5/local_setup.zsh
[0.882s] -- Symlinking: /src/astrobee/src/install/astrobee_handrail_8_5/share/astrobee_handrail_8_5/local_setup.dsv
[0.887s] -- Symlinking: /src/astrobee/src/install/astrobee_handrail_8_5/share/astrobee_handrail_8_5/package.dsv
[0.896s] -- Symlinking: /src/astrobee/src/install/astrobee_handrail_8_5/share/ament_index/resource_index/packages/astrobee_handrail_8_5
[0.900s] -- Symlinking: /src/astrobee/src/install/astrobee_handrail_8_5/share/astrobee_handrail_8_5/cmake/astrobee_handrail_8_5Config.cmake
[0.906s] -- Symlinking: /src/astrobee/src/install/astrobee_handrail_8_5/share/astrobee_handrail_8_5/cmake/astrobee_handrail_8_5Config-version.cmake
[0.911s] -- Symlinking: /src/astrobee/src/install/astrobee_handrail_8_5/share/astrobee_handrail_8_5/package.xml
[0.937s] Invoked command in '/src/astrobee/src/build/astrobee_handrail_8_5' returned '0': CMAKE_PREFIX_PATH=/opt/ros/rolling /usr/bin/cmake --install /src/astrobee/src/build/astrobee_handrail_8_5
