CMake Warning:
  Manually-specified variables were not used by the project:

    CATKIN_INSTALL_INTO_PREFIX_ROOT
    CATKIN_SYMLINK_INSTALL


In file included from [01m[K/src/astrobee/src/localization/localization_common/include/localization_common/pose_interpolater.h:24[m[K,
                 from [01m[K/src/astrobee/src/localization/localization_common/src/pose_interpolater.cc:19[m[K:
/src/astrobee/src/localization/localization_common/include/localization_common/timestamped_set.h: In instantiation of ‘[01m[Klocalization_common::TimestampedSet<T>::TimestampedSet(const std::vector<double, std::allocator<double> >&, const std::vector<BufferT>&) [with T = Eigen::Transform<double, 3, 1>][m[K’:
[01m[K/src/astrobee/src/localization/localization_common/src/pose_interpolater.cc:24:58:[m[K   required from here
[01m[K/src/astrobee/src/localization/localization_common/include/localization_common/timestamped_set.h:96:21:[m[K [01;35m[Kwarning: [m[Kcomparison of integer expressions of different signedness: ‘[01m[Kint[m[K’ and ‘[01m[Kstd::vector<Eigen::Transform<double, 3, 1>, Eigen::aligned_allocator<Eigen::Transform<double, 3, 1> > >::size_type[m[K’ {aka ‘[01m[Klong unsigned int[m[K’} [[01;35m[K-Wsign-compare[m[K]
   96 |   for (int i = 0; i < values.size(); ++i) {
In file included from [01m[K/src/astrobee/src/localization/localization_common/src/test_utilities.cc:20[m[K:
[01m[K/src/astrobee/src/localization/localization_common/include/localization_common/test_utilities.h:[m[K In constructor ‘[01m[Klocalization_common::Sampler::Sampler(double, double, double)[m[K’:
[01m[K/src/astrobee/src/localization/localization_common/include/localization_common/test_utilities.h:36:16:[m[K [01;35m[Kwarning: [m[K‘[01m[Klocalization_common::Sampler::min_[m[K’ will be initialized after [[01;35m[K-Wreorder[m[K]
   36 |   const double [01;35m[Kmin_[m[K;
      |                [01;35m[K^~~~[m[K
[01m[K/src/astrobee/src/localization/localization_common/include/localization_common/test_utilities.h:35:16:[m[K [01;35m[Kwarning: [m[K  ‘[01m[Kconst double localization_common::Sampler::scale_[m[K’ [[01;35m[K-Wreorder[m[K]
   35 |   const double [01;35m[Kscale_[m[K;
      |                [01;35m[K^~~~~~[m[K
[01m[K/src/astrobee/src/localization/localization_common/src/test_utilities.cc:25:1:[m[K [01;35m[Kwarning: [m[K  when initialized here [[01;35m[K-Wreorder[m[K]
   25 | [01;35m[KSampler[m[K::Sampler(const double min, const double max, const double count)
      | [01;35m[K^~~~~~~[m[K
[01m[K/src/astrobee/src/localization/localization_common/test/test_timestamped_set.cc:[m[K In member function ‘[01m[Kvirtual void TimestampedSetTester_Constructor_Test::TestBody()[m[K’:
[01m[K/src/astrobee/src/localization/localization_common/test/test_timestamped_set.cc:34:21:[m[K [01;35m[Kwarning: [m[Kcomparison of integer expressions of different signedness: ‘[01m[Kint[m[K’ and ‘[01m[Kstd::vector<double, std::allocator<double> >::size_type[m[K’ {aka ‘[01m[Klong unsigned int[m[K’} [[01;35m[K-Wsign-compare[m[K]
   34 |   for (int i = 0; [01;35m[Ki < timestamps.size()[m[K; ++i) {
      |                   [01;35m[K~~^~~~~~~~~~~~~~~~~~~[m[K
In file included from [01m[K/src/astrobee/src/localization/localization_common/test/test_timestamped_set.cc:19[m[K:
/src/astrobee/src/localization/localization_common/include/localization_common/timestamped_set.h: In instantiation of ‘[01m[Klocalization_common::TimestampedSet<T>::TimestampedSet(const std::vector<double, std::allocator<double> >&, const std::vector<BufferT>&) [with T = double][m[K’:
[01m[K/src/astrobee/src/localization/localization_common/test/test_timestamped_set.cc:32:64:[m[K   required from here
[01m[K/src/astrobee/src/localization/localization_common/include/localization_common/timestamped_set.h:96:21:[m[K [01;35m[Kwarning: [m[Kcomparison of integer expressions of different signedness: ‘[01m[Kint[m[K’ and ‘[01m[Kstd::vector<double, std::allocator<double> >::size_type[m[K’ {aka ‘[01m[Klong unsigned int[m[K’} [[01;35m[K-Wsign-compare[m[K]
   96 |   for (int i = 0; i < values.size(); ++i) {
In file included from [01m[K/src/astrobee/src/localization/localization_common/include/localization_common/test_utilities.h:24[m[K,
                 from [01m[K/src/astrobee/src/localization/localization_common/test/test_timestamped_set.cc:21[m[K:
/opt/ros/rolling/src/gtest_vendor/include/gtest/gtest.h: In instantiation of ‘[01m[Ktesting::AssertionResult testing::internal::CmpHelperEQ(const char*, const char*, const T1&, const T2&) [with T1 = long unsigned int; T2 = int][m[K’:
[01m[K/opt/ros/rolling/src/gtest_vendor/include/gtest/gtest.h:1554:23:[m[K   required from ‘[01m[Kstatic testing::AssertionResult testing::internal::EqHelper::Compare(const char*, const char*, const T1&, const T2&) [with T1 = long unsigned int; T2 = int; typename std::enable_if<((! std::is_integral<_Tp>::value) || (! std::is_pointer<_Dp>::value))>::type* <anonymous> = 0][m[K’
[01m[K/src/astrobee/src/localization/localization_common/test/test_timestamped_set.cc:45:3:[m[K   required from here
[01m[K/opt/ros/rolling/src/gtest_vendor/include/gtest/gtest.h:1527:11:[m[K [01;35m[Kwarning: [m[Kcomparison of integer expressions of different signedness: ‘[01m[Kconst long unsigned int[m[K’ and ‘[01m[Kconst int[m[K’ [[01;35m[K-Wsign-compare[m[K]
 1527 |   if ([01;35m[Klhs == rhs[m[K) {
      |       [01;35m[K~~~~^~~~~~[m[K
