[0.014s] Invoking command in '/src/astrobee/src/build/localization_common': AMENT_PREFIX_PATH=/src/astrobee/src/install/msg_conversions:/src/astrobee/src/install/config_reader:/src/astrobee/src/install/ff_msgs:/src/astrobee/src/install/ff_common:${AMENT_PREFIX_PATH} CMAKE_PREFIX_PATH=/src/astrobee/src/install/msg_conversions:/src/astrobee/src/install/camera:/src/astrobee/src/install/config_reader:/src/astrobee/src/install/ff_msgs:/src/astrobee/src/install/ff_common LD_LIBRARY_PATH=/src/astrobee/src/install/msg_conversions/lib:/src/astrobee/src/install/config_reader/lib:/src/astrobee/src/install/ff_msgs/lib:/src/astrobee/src/install/ff_common/lib:${LD_LIBRARY_PATH} PATH=/src/astrobee/src/install/msg_conversions/bin:/src/astrobee/src/install/camera/bin:${PATH} PKG_CONFIG_PATH=/src/astrobee/src/install/camera/lib/x86_64-linux-gnu/pkgconfig:/src/astrobee/src/install/camera/lib/pkgconfig PYTHONPATH=/src/astrobee/src/install/ff_msgs/lib/python3.8/site-packages:${PYTHONPATH} ROS_PACKAGE_PATH=/src/astrobee/src/install/camera/share /usr/bin/cmake /src/astrobee/src/localization/localization_common -DCATKIN_INSTALL_INTO_PREFIX_ROOT=0 -DCATKIN_SYMLINK_INSTALL=ON -DCMAKE_INSTALL_PREFIX=/src/astrobee/src/install/localization_common
[0.053s] -- The C compiler identification is GNU 9.4.0
[0.088s] -- The CXX compiler identification is GNU 9.4.0
[0.091s] -- Check for working C compiler: /usr/bin/cc
[0.135s] -- Check for working C compiler: /usr/bin/cc -- works
[0.135s] -- Detecting C compiler ABI info
[0.178s] -- Detecting C compiler ABI info - done
[0.185s] -- Detecting C compile features
[0.186s] -- Detecting C compile features - done
[0.187s] -- Check for working CXX compiler: /usr/bin/c++
[0.237s] -- Check for working CXX compiler: /usr/bin/c++ -- works
[0.238s] -- Detecting CXX compiler ABI info
[0.290s] -- Detecting CXX compiler ABI info - done
[0.298s] -- Detecting CXX compile features
[0.298s] -- Detecting CXX compile features - done
[0.300s] -- Found ament_cmake: 1.2.1 (/opt/ros/rolling/share/ament_cmake/cmake)
[0.390s] -- Found Python3: /usr/bin/python3.8 (found version "3.8.10") found components: Interpreter 
[0.448s] -- Found rclcpp: 15.0.0 (/opt/ros/rolling/share/rclcpp/cmake)
[0.484s] -- Using all available rosidl_typesupport_c: rosidl_typesupport_fastrtps_c;rosidl_typesupport_introspection_c
[0.489s] -- Found rosidl_adapter: 3.0.1 (/opt/ros/rolling/share/rosidl_adapter/cmake)
[0.519s] -- Using all available rosidl_typesupport_cpp: rosidl_typesupport_fastrtps_cpp;rosidl_typesupport_introspection_cpp
[0.565s] -- Found rmw_implementation_cmake: 5.1.0 (/opt/ros/rolling/share/rmw_implementation_cmake/cmake)
[0.567s] -- Found rmw_cyclonedds_cpp: 1.1.2 (/opt/ros/rolling/share/rmw_cyclonedds_cpp/cmake)
[0.581s] -- Using RMW implementation 'rmw_cyclonedds_cpp' as default
[0.695s] -- Found ff_common: 1.0.0 (/src/astrobee/src/install/ff_common/share/ff_common/cmake)
[0.696s] -- Found camera: 1.0.0 (/src/astrobee/src/install/camera/share/camera/cmake)
[0.697s] -- Found config_reader: 1.0.0 (/src/astrobee/src/install/config_reader/share/config_reader/cmake)
[0.698s] -- Found msg_conversions: 1.0.0 (/src/astrobee/src/install/msg_conversions/share/msg_conversions/cmake)
[0.700s] -- Found ff_msgs: 0.0.0 (/src/astrobee/src/install/ff_msgs/share/ff_msgs/cmake)
[0.964s] -- Found eigen3_cmake_module: 0.1.1 (/opt/ros/rolling/share/eigen3_cmake_module/cmake)
[0.966s] -- Found Eigen3: TRUE (found version "3.3.7") 
[2.032s] -- Found Boost: /usr/lib/x86_64-linux-gnu/cmake/Boost-1.71.0/BoostConfig.cmake (found suitable version "1.71.0", minimum required is "1.43") found components: serialization system filesystem thread program_options date_time timer chrono regex 
[2.034s] -- GTSAM include directory:  /usr/share/gtsam/cmake/../../../include
[2.043s] -- Found OpenCV: /usr/local (found suitable version "3.3.1", minimum required is "3.3.1") 
[2.046s] -- Found ament_cmake_gtest: 1.2.1 (/opt/ros/rolling/share/ament_cmake_gtest/cmake)
[2.047s] -- Found gtest sources under '/opt/ros/rolling/src/gtest_vendor': C++ tests using 'Google Test' will be built
[2.049s] -- Check if compiler accepts -pthread
[2.099s] -- Check if compiler accepts -pthread - yes
[2.100s] -- Found Threads: TRUE  
[2.146s] -- Configuring done
[2.188s] -- Generating done
[2.190s] CMake Warning:
[2.190s]   Manually-specified variables were not used by the project:
[2.190s] 
[2.190s]     CATKIN_INSTALL_INTO_PREFIX_ROOT
[2.190s]     CATKIN_SYMLINK_INSTALL
[2.190s] 
[2.190s] 
[2.190s] -- Build files have been written to: /src/astrobee/src/build/localization_common
[2.198s] Invoked command in '/src/astrobee/src/build/localization_common' returned '0': AMENT_PREFIX_PATH=/src/astrobee/src/install/msg_conversions:/src/astrobee/src/install/config_reader:/src/astrobee/src/install/ff_msgs:/src/astrobee/src/install/ff_common:${AMENT_PREFIX_PATH} CMAKE_PREFIX_PATH=/src/astrobee/src/install/msg_conversions:/src/astrobee/src/install/camera:/src/astrobee/src/install/config_reader:/src/astrobee/src/install/ff_msgs:/src/astrobee/src/install/ff_common LD_LIBRARY_PATH=/src/astrobee/src/install/msg_conversions/lib:/src/astrobee/src/install/config_reader/lib:/src/astrobee/src/install/ff_msgs/lib:/src/astrobee/src/install/ff_common/lib:${LD_LIBRARY_PATH} PATH=/src/astrobee/src/install/msg_conversions/bin:/src/astrobee/src/install/camera/bin:${PATH} PKG_CONFIG_PATH=/src/astrobee/src/install/camera/lib/x86_64-linux-gnu/pkgconfig:/src/astrobee/src/install/camera/lib/pkgconfig PYTHONPATH=/src/astrobee/src/install/ff_msgs/lib/python3.8/site-packages:${PYTHONPATH} ROS_PACKAGE_PATH=/src/astrobee/src/install/camera/share /usr/bin/cmake /src/astrobee/src/localization/localization_common -DCATKIN_INSTALL_INTO_PREFIX_ROOT=0 -DCATKIN_SYMLINK_INSTALL=ON -DCMAKE_INSTALL_PREFIX=/src/astrobee/src/install/localization_common
[2.199s] Invoking command in '/src/astrobee/src/build/localization_common': AMENT_PREFIX_PATH=/src/astrobee/src/install/msg_conversions:/src/astrobee/src/install/config_reader:/src/astrobee/src/install/ff_msgs:/src/astrobee/src/install/ff_common:${AMENT_PREFIX_PATH} CMAKE_PREFIX_PATH=/src/astrobee/src/install/msg_conversions:/src/astrobee/src/install/camera:/src/astrobee/src/install/config_reader:/src/astrobee/src/install/ff_msgs:/src/astrobee/src/install/ff_common LD_LIBRARY_PATH=/src/astrobee/src/install/msg_conversions/lib:/src/astrobee/src/install/config_reader/lib:/src/astrobee/src/install/ff_msgs/lib:/src/astrobee/src/install/ff_common/lib:${LD_LIBRARY_PATH} PATH=/src/astrobee/src/install/msg_conversions/bin:/src/astrobee/src/install/camera/bin:${PATH} PKG_CONFIG_PATH=/src/astrobee/src/install/camera/lib/x86_64-linux-gnu/pkgconfig:/src/astrobee/src/install/camera/lib/pkgconfig PYTHONPATH=/src/astrobee/src/install/ff_msgs/lib/python3.8/site-packages:${PYTHONPATH} ROS_PACKAGE_PATH=/src/astrobee/src/install/camera/share /usr/bin/cmake --build /src/astrobee/src/build/localization_common -- -j20 -l20
[2.226s] [35m[1mScanning dependencies of target gtest[0m
[2.229s] [35m[1mScanning dependencies of target gtest_main[0m
[2.229s] [35m[1mScanning dependencies of target localization_common[0m
[2.236s] [  4%] [32mBuilding CXX object gtest/CMakeFiles/gtest.dir/src/gtest-all.cc.o[0m
[2.243s] [  9%] [32mBuilding CXX object gtest/CMakeFiles/gtest_main.dir/src/gtest_main.cc.o[0m
[2.360s] [ 19%] [32mBuilding CXX object CMakeFiles/localization_common.dir/src/combined_nav_state.cc.o[0m
[2.360s] [ 19%] [32mBuilding CXX object CMakeFiles/localization_common.dir/src/averager.cc.o[0m
[2.363s] [ 28%] [32mBuilding CXX object CMakeFiles/localization_common.dir/src/combined_nav_state_covariances.cc.o[0m
[2.363s] [ 28%] [32mBuilding CXX object CMakeFiles/localization_common.dir/src/pose_interpolater.cc.o[0m
[2.363s] [ 33%] [32mBuilding CXX object CMakeFiles/localization_common.dir/src/rate_timer.cc.o[0m
[2.363s] [ 38%] [32mBuilding CXX object CMakeFiles/localization_common.dir/src/ros_timer.cc.o[0m
[2.363s] [ 42%] [32mBuilding CXX object CMakeFiles/localization_common.dir/src/time.cc.o[0m
[2.364s] [ 47%] [32mBuilding CXX object CMakeFiles/localization_common.dir/src/test_utilities.cc.o[0m
[2.365s] [ 52%] [32mBuilding CXX object CMakeFiles/localization_common.dir/src/utilities.cc.o[0m
[2.370s] [ 57%] [32mBuilding CXX object CMakeFiles/localization_common.dir/src/timer.cc.o[0m
[2.891s] [ 61%] [32m[1mLinking CXX static library libgtest_main.a[0m
[2.932s] [ 61%] Built target gtest_main
[7.937s] In file included from [01m[K/src/astrobee/src/localization/localization_common/include/localization_common/pose_interpolater.h:24[m[K,
[7.937s]                  from [01m[K/src/astrobee/src/localization/localization_common/src/pose_interpolater.cc:19[m[K:
[7.937s] /src/astrobee/src/localization/localization_common/include/localization_common/timestamped_set.h: In instantiation of ‘[01m[Klocalization_common::TimestampedSet<T>::TimestampedSet(const std::vector<double, std::allocator<double> >&, const std::vector<BufferT>&) [with T = Eigen::Transform<double, 3, 1>][m[K’:
[7.937s] [01m[K/src/astrobee/src/localization/localization_common/src/pose_interpolater.cc:24:58:[m[K   required from here
[7.937s] [01m[K/src/astrobee/src/localization/localization_common/include/localization_common/timestamped_set.h:96:21:[m[K [01;35m[Kwarning: [m[Kcomparison of integer expressions of different signedness: ‘[01m[Kint[m[K’ and ‘[01m[Kstd::vector<Eigen::Transform<double, 3, 1>, Eigen::aligned_allocator<Eigen::Transform<double, 3, 1> > >::size_type[m[K’ {aka ‘[01m[Klong unsigned int[m[K’} [[01;35m[K-Wsign-compare[m[K]
[7.937s]    96 |   for (int i = 0; i < values.size(); ++i) {
[8.290s] [ 66%] [32m[1mLinking CXX static library libgtest.a[0m
[8.324s] [ 66%] Built target gtest
[9.705s] In file included from [01m[K/src/astrobee/src/localization/localization_common/src/test_utilities.cc:20[m[K:
[9.705s] [01m[K/src/astrobee/src/localization/localization_common/include/localization_common/test_utilities.h:[m[K In constructor ‘[01m[Klocalization_common::Sampler::Sampler(double, double, double)[m[K’:
[9.705s] [01m[K/src/astrobee/src/localization/localization_common/include/localization_common/test_utilities.h:36:16:[m[K [01;35m[Kwarning: [m[K‘[01m[Klocalization_common::Sampler::min_[m[K’ will be initialized after [[01;35m[K-Wreorder[m[K]
[9.706s]    36 |   const double [01;35m[Kmin_[m[K;
[9.706s]       |                [01;35m[K^~~~[m[K
[9.706s] [01m[K/src/astrobee/src/localization/localization_common/include/localization_common/test_utilities.h:35:16:[m[K [01;35m[Kwarning: [m[K  ‘[01m[Kconst double localization_common::Sampler::scale_[m[K’ [[01;35m[K-Wreorder[m[K]
[9.706s]    35 |   const double [01;35m[Kscale_[m[K;
[9.706s]       |                [01;35m[K^~~~~~[m[K
[9.706s] [01m[K/src/astrobee/src/localization/localization_common/src/test_utilities.cc:25:1:[m[K [01;35m[Kwarning: [m[K  when initialized here [[01;35m[K-Wreorder[m[K]
[9.706s]    25 | [01;35m[KSampler[m[K::Sampler(const double min, const double max, const double count)
[9.706s]       | [01;35m[K^~~~~~~[m[K
[13.324s] [ 71%] [32m[1mLinking CXX shared library liblocalization_common.so[0m
[13.994s] [ 71%] Built target localization_common
[14.003s] [35m[1mScanning dependencies of target test_utilities_localization_common[0m
[14.006s] [35m[1mScanning dependencies of target test_timestamped_set[0m
[14.006s] [35m[1mScanning dependencies of target test_pose_interpolater[0m
[14.073s] [ 76%] [32mBuilding CXX object CMakeFiles/test_utilities_localization_common.dir/test/test_utilities.cc.o[0m
[14.090s] [ 80%] [32mBuilding CXX object CMakeFiles/test_timestamped_set.dir/test/test_timestamped_set.cc.o[0m
[14.110s] [ 85%] [32mBuilding CXX object CMakeFiles/test_pose_interpolater.dir/test/test_pose_interpolater.cc.o[0m
[19.369s] [01m[K/src/astrobee/src/localization/localization_common/test/test_timestamped_set.cc:[m[K In member function ‘[01m[Kvirtual void TimestampedSetTester_Constructor_Test::TestBody()[m[K’:
[19.369s] [01m[K/src/astrobee/src/localization/localization_common/test/test_timestamped_set.cc:34:21:[m[K [01;35m[Kwarning: [m[Kcomparison of integer expressions of different signedness: ‘[01m[Kint[m[K’ and ‘[01m[Kstd::vector<double, std::allocator<double> >::size_type[m[K’ {aka ‘[01m[Klong unsigned int[m[K’} [[01;35m[K-Wsign-compare[m[K]
[19.369s]    34 |   for (int i = 0; [01;35m[Ki < timestamps.size()[m[K; ++i) {
[19.369s]       |                   [01;35m[K~~^~~~~~~~~~~~~~~~~~~[m[K
[19.552s] In file included from [01m[K/src/astrobee/src/localization/localization_common/test/test_timestamped_set.cc:19[m[K:
[19.552s] /src/astrobee/src/localization/localization_common/include/localization_common/timestamped_set.h: In instantiation of ‘[01m[Klocalization_common::TimestampedSet<T>::TimestampedSet(const std::vector<double, std::allocator<double> >&, const std::vector<BufferT>&) [with T = double][m[K’:
[19.552s] [01m[K/src/astrobee/src/localization/localization_common/test/test_timestamped_set.cc:32:64:[m[K   required from here
[19.552s] [01m[K/src/astrobee/src/localization/localization_common/include/localization_common/timestamped_set.h:96:21:[m[K [01;35m[Kwarning: [m[Kcomparison of integer expressions of different signedness: ‘[01m[Kint[m[K’ and ‘[01m[Kstd::vector<double, std::allocator<double> >::size_type[m[K’ {aka ‘[01m[Klong unsigned int[m[K’} [[01;35m[K-Wsign-compare[m[K]
[19.553s]    96 |   for (int i = 0; i < values.size(); ++i) {
[19.740s] In file included from [01m[K/src/astrobee/src/localization/localization_common/include/localization_common/test_utilities.h:24[m[K,
[19.741s]                  from [01m[K/src/astrobee/src/localization/localization_common/test/test_timestamped_set.cc:21[m[K:
[19.741s] /opt/ros/rolling/src/gtest_vendor/include/gtest/gtest.h: In instantiation of ‘[01m[Ktesting::AssertionResult testing::internal::CmpHelperEQ(const char*, const char*, const T1&, const T2&) [with T1 = long unsigned int; T2 = int][m[K’:
[19.741s] [01m[K/opt/ros/rolling/src/gtest_vendor/include/gtest/gtest.h:1554:23:[m[K   required from ‘[01m[Kstatic testing::AssertionResult testing::internal::EqHelper::Compare(const char*, const char*, const T1&, const T2&) [with T1 = long unsigned int; T2 = int; typename std::enable_if<((! std::is_integral<_Tp>::value) || (! std::is_pointer<_Dp>::value))>::type* <anonymous> = 0][m[K’
[19.741s] [01m[K/src/astrobee/src/localization/localization_common/test/test_timestamped_set.cc:45:3:[m[K   required from here
[19.741s] [01m[K/opt/ros/rolling/src/gtest_vendor/include/gtest/gtest.h:1527:11:[m[K [01;35m[Kwarning: [m[Kcomparison of integer expressions of different signedness: ‘[01m[Kconst long unsigned int[m[K’ and ‘[01m[Kconst int[m[K’ [[01;35m[K-Wsign-compare[m[K]
[19.741s]  1527 |   if ([01;35m[Klhs == rhs[m[K) {
[19.741s]       |       [01;35m[K~~~~^~~~~~[m[K
[23.491s] [ 90%] [32m[1mLinking CXX executable test_pose_interpolater[0m
[23.543s] [ 95%] [32m[1mLinking CXX executable test_timestamped_set[0m
[23.760s] [ 95%] Built target test_timestamped_set
[23.786s] [ 95%] Built target test_pose_interpolater
[24.171s] [100%] [32m[1mLinking CXX executable test_utilities_localization_common[0m
[24.461s] [100%] Built target test_utilities_localization_common
[24.470s] Invoked command in '/src/astrobee/src/build/localization_common' returned '0': AMENT_PREFIX_PATH=/src/astrobee/src/install/msg_conversions:/src/astrobee/src/install/config_reader:/src/astrobee/src/install/ff_msgs:/src/astrobee/src/install/ff_common:${AMENT_PREFIX_PATH} CMAKE_PREFIX_PATH=/src/astrobee/src/install/msg_conversions:/src/astrobee/src/install/camera:/src/astrobee/src/install/config_reader:/src/astrobee/src/install/ff_msgs:/src/astrobee/src/install/ff_common LD_LIBRARY_PATH=/src/astrobee/src/install/msg_conversions/lib:/src/astrobee/src/install/config_reader/lib:/src/astrobee/src/install/ff_msgs/lib:/src/astrobee/src/install/ff_common/lib:${LD_LIBRARY_PATH} PATH=/src/astrobee/src/install/msg_conversions/bin:/src/astrobee/src/install/camera/bin:${PATH} PKG_CONFIG_PATH=/src/astrobee/src/install/camera/lib/x86_64-linux-gnu/pkgconfig:/src/astrobee/src/install/camera/lib/pkgconfig PYTHONPATH=/src/astrobee/src/install/ff_msgs/lib/python3.8/site-packages:${PYTHONPATH} ROS_PACKAGE_PATH=/src/astrobee/src/install/camera/share /usr/bin/cmake --build /src/astrobee/src/build/localization_common -- -j20 -l20
[24.528s] Invoking command in '/src/astrobee/src/build/localization_common': AMENT_PREFIX_PATH=/src/astrobee/src/install/msg_conversions:/src/astrobee/src/install/config_reader:/src/astrobee/src/install/ff_msgs:/src/astrobee/src/install/ff_common:${AMENT_PREFIX_PATH} CMAKE_PREFIX_PATH=/src/astrobee/src/install/msg_conversions:/src/astrobee/src/install/camera:/src/astrobee/src/install/config_reader:/src/astrobee/src/install/ff_msgs:/src/astrobee/src/install/ff_common LD_LIBRARY_PATH=/src/astrobee/src/install/msg_conversions/lib:/src/astrobee/src/install/config_reader/lib:/src/astrobee/src/install/ff_msgs/lib:/src/astrobee/src/install/ff_common/lib:${LD_LIBRARY_PATH} PATH=/src/astrobee/src/install/msg_conversions/bin:/src/astrobee/src/install/camera/bin:${PATH} PKG_CONFIG_PATH=/src/astrobee/src/install/camera/lib/x86_64-linux-gnu/pkgconfig:/src/astrobee/src/install/camera/lib/pkgconfig PYTHONPATH=/src/astrobee/src/install/ff_msgs/lib/python3.8/site-packages:${PYTHONPATH} ROS_PACKAGE_PATH=/src/astrobee/src/install/camera/share /usr/bin/cmake --install /src/astrobee/src/build/localization_common
[24.534s] -- Install configuration: ""
[24.534s] -- Installing: /src/astrobee/src/install/localization_common/share/localization_common/environment/library_path.sh
[24.534s] -- Installing: /src/astrobee/src/install/localization_common/share/localization_common/environment/library_path.dsv
[24.534s] -- Installing: /src/astrobee/src/install/localization_common/lib/liblocalization_common.so
[24.534s] -- Set runtime path of "/src/astrobee/src/install/localization_common/lib/liblocalization_common.so" to ""
[24.534s] -- Installing: /src/astrobee/src/install/localization_common/include/localization_common
[24.535s] -- Installing: /src/astrobee/src/install/localization_common/include/localization_common/timer.h
[24.535s] -- Installing: /src/astrobee/src/install/localization_common/include/localization_common/utilities.h
[24.535s] -- Installing: /src/astrobee/src/install/localization_common/include/localization_common/rate_timer.h
[24.535s] -- Installing: /src/astrobee/src/install/localization_common/include/localization_common/measurement_buffer.h
[24.535s] -- Installing: /src/astrobee/src/install/localization_common/include/localization_common/combined_nav_state.h
[24.535s] -- Installing: /src/astrobee/src/install/localization_common/include/localization_common/pose_interpolater.h
[24.535s] -- Installing: /src/astrobee/src/install/localization_common/include/localization_common/combined_nav_state_covariances.h
[24.535s] -- Installing: /src/astrobee/src/install/localization_common/include/localization_common/time.h
[24.535s] -- Installing: /src/astrobee/src/install/localization_common/include/localization_common/feature_point_3d.h
[24.535s] -- Installing: /src/astrobee/src/install/localization_common/include/localization_common/averager.h
[24.535s] -- Installing: /src/astrobee/src/install/localization_common/include/localization_common/pose_with_covariance.h
[24.535s] -- Installing: /src/astrobee/src/install/localization_common/include/localization_common/test_utilities.h
[24.536s] -- Installing: /src/astrobee/src/install/localization_common/include/localization_common/image_correspondences.h
[24.536s] -- Installing: /src/astrobee/src/install/localization_common/include/localization_common/ros_timer.h
[24.536s] -- Installing: /src/astrobee/src/install/localization_common/include/localization_common/timestamped_set.h
[24.536s] -- Installing: /src/astrobee/src/install/localization_common/include/localization_common/logger.h
[24.536s] -- Installing: /src/astrobee/src/install/localization_common/share/ament_index/resource_index/package_run_dependencies/localization_common
[24.536s] -- Installing: /src/astrobee/src/install/localization_common/share/ament_index/resource_index/parent_prefix_path/localization_common
[24.536s] -- Installing: /src/astrobee/src/install/localization_common/share/localization_common/environment/ament_prefix_path.sh
[24.536s] -- Installing: /src/astrobee/src/install/localization_common/share/localization_common/environment/ament_prefix_path.dsv
[24.536s] -- Installing: /src/astrobee/src/install/localization_common/share/localization_common/environment/path.sh
[24.536s] -- Installing: /src/astrobee/src/install/localization_common/share/localization_common/environment/path.dsv
[24.536s] -- Installing: /src/astrobee/src/install/localization_common/share/localization_common/local_setup.bash
[24.536s] -- Installing: /src/astrobee/src/install/localization_common/share/localization_common/local_setup.sh
[24.536s] -- Installing: /src/astrobee/src/install/localization_common/share/localization_common/local_setup.zsh
[24.536s] -- Installing: /src/astrobee/src/install/localization_common/share/localization_common/local_setup.dsv
[24.537s] -- Installing: /src/astrobee/src/install/localization_common/share/localization_common/package.dsv
[24.537s] -- Installing: /src/astrobee/src/install/localization_common/share/ament_index/resource_index/packages/localization_common
[24.537s] -- Installing: /src/astrobee/src/install/localization_common/share/localization_common/cmake/localization_commonExport.cmake
[24.537s] -- Installing: /src/astrobee/src/install/localization_common/share/localization_common/cmake/localization_commonExport-noconfig.cmake
[24.537s] -- Installing: /src/astrobee/src/install/localization_common/share/localization_common/cmake/ament_cmake_export_targets-extras.cmake
[24.537s] -- Installing: /src/astrobee/src/install/localization_common/share/localization_common/cmake/ament_cmake_export_include_directories-extras.cmake
[24.537s] -- Installing: /src/astrobee/src/install/localization_common/share/localization_common/cmake/localization_commonConfig.cmake
[24.537s] -- Installing: /src/astrobee/src/install/localization_common/share/localization_common/cmake/localization_commonConfig-version.cmake
[24.537s] -- Installing: /src/astrobee/src/install/localization_common/share/localization_common/package.xml
[24.538s] Invoked command in '/src/astrobee/src/build/localization_common' returned '0': AMENT_PREFIX_PATH=/src/astrobee/src/install/msg_conversions:/src/astrobee/src/install/config_reader:/src/astrobee/src/install/ff_msgs:/src/astrobee/src/install/ff_common:${AMENT_PREFIX_PATH} CMAKE_PREFIX_PATH=/src/astrobee/src/install/msg_conversions:/src/astrobee/src/install/camera:/src/astrobee/src/install/config_reader:/src/astrobee/src/install/ff_msgs:/src/astrobee/src/install/ff_common LD_LIBRARY_PATH=/src/astrobee/src/install/msg_conversions/lib:/src/astrobee/src/install/config_reader/lib:/src/astrobee/src/install/ff_msgs/lib:/src/astrobee/src/install/ff_common/lib:${LD_LIBRARY_PATH} PATH=/src/astrobee/src/install/msg_conversions/bin:/src/astrobee/src/install/camera/bin:${PATH} PKG_CONFIG_PATH=/src/astrobee/src/install/camera/lib/x86_64-linux-gnu/pkgconfig:/src/astrobee/src/install/camera/lib/pkgconfig PYTHONPATH=/src/astrobee/src/install/ff_msgs/lib/python3.8/site-packages:${PYTHONPATH} ROS_PACKAGE_PATH=/src/astrobee/src/install/camera/share /usr/bin/cmake --install /src/astrobee/src/build/localization_common
