[0.051s] Invoking command in '/src/astrobee/src/build/astrobee_iss': CMAKE_PREFIX_PATH=/opt/ros/rolling /usr/bin/cmake /src/astrobee/src/description/media/astrobee_iss -DAMENT_CMAKE_SYMLINK_INSTALL=1 -DCMAKE_INSTALL_PREFIX=/src/astrobee/src/install/astrobee_iss
[0.086s] -- The C compiler identification is GNU 9.4.0
[0.138s] -- The CXX compiler identification is GNU 9.4.0
[0.143s] -- Check for working C compiler: /usr/bin/cc
[0.197s] -- Check for working C compiler: /usr/bin/cc -- works
[0.198s] -- Detecting C compiler ABI info
[0.251s] -- Detecting C compiler ABI info - done
[0.261s] -- Detecting C compile features
[0.262s] -- Detecting C compile features - done
[0.264s] -- Check for working CXX compiler: /usr/bin/c++
[0.322s] -- Check for working CXX compiler: /usr/bin/c++ -- works
[0.322s] -- Detecting CXX compiler ABI info
[0.383s] -- Detecting CXX compiler ABI info - done
[0.393s] -- Detecting CXX compile features
[0.393s] -- Detecting CXX compile features - done
[0.397s] -- Found ament_cmake: 1.2.1 (/opt/ros/rolling/share/ament_cmake/cmake)
[0.522s] -- Found Python3: /usr/bin/python3.8 (found version "3.8.10") found components: Interpreter 
[0.574s] -- Override CMake install command with custom implementation using symlinks instead of copying resources
[0.653s] -- Configuring done
[0.654s] -- Generating done
[0.654s] -- Build files have been written to: /src/astrobee/src/build/astrobee_iss
[0.659s] Invoked command in '/src/astrobee/src/build/astrobee_iss' returned '0': CMAKE_PREFIX_PATH=/opt/ros/rolling /usr/bin/cmake /src/astrobee/src/description/media/astrobee_iss -DAMENT_CMAKE_SYMLINK_INSTALL=1 -DCMAKE_INSTALL_PREFIX=/src/astrobee/src/install/astrobee_iss
[0.662s] Invoking command in '/src/astrobee/src/build/astrobee_iss': CMAKE_PREFIX_PATH=/opt/ros/rolling /usr/bin/cmake --build /src/astrobee/src/build/astrobee_iss -- -j20 -l20
[0.708s] Invoked command in '/src/astrobee/src/build/astrobee_iss' returned '0': CMAKE_PREFIX_PATH=/opt/ros/rolling /usr/bin/cmake --build /src/astrobee/src/build/astrobee_iss -- -j20 -l20
[0.742s] Invoking command in '/src/astrobee/src/build/astrobee_iss': CMAKE_PREFIX_PATH=/opt/ros/rolling /usr/bin/cmake --install /src/astrobee/src/build/astrobee_iss
[0.748s] -- Install configuration: ""
[0.748s] -- Execute custom install script
[0.749s] -- Symlinking: /src/astrobee/src/install/astrobee_iss/share/astrobee_iss/environment/astrobee_iss.dsv
[0.753s] -- Symlinking: /src/astrobee/src/install/astrobee_iss/share/astrobee_iss/urdf/model.urdf
[0.761s] -- Symlinking: /src/astrobee/src/install/astrobee_iss/share/astrobee_iss/media/materials/textures/Airlock.png
[0.770s] -- Symlinking: /src/astrobee/src/install/astrobee_iss/share/astrobee_iss/media/materials/textures/Airlock_02.png
[0.775s] -- Symlinking: /src/astrobee/src/install/astrobee_iss/share/astrobee_iss/media/materials/textures/Airlock_externalDoor_inside.png
[0.782s] -- Symlinking: /src/astrobee/src/install/astrobee_iss/share/astrobee_iss/media/materials/textures/ChromeReflection.png
[0.789s] -- Symlinking: /src/astrobee/src/install/astrobee_iss/share/astrobee_iss/media/materials/textures/Columbus_01.png
[0.791s] -- Symlinking: /src/astrobee/src/install/astrobee_iss/share/astrobee_iss/media/materials/textures/Columbus_02.png
[0.795s] -- Symlinking: /src/astrobee/src/install/astrobee_iss/share/astrobee_iss/media/materials/textures/Columbus_03.png
[0.804s] -- Symlinking: /src/astrobee/src/install/astrobee_iss/share/astrobee_iss/media/materials/textures/Columbus_Bulkhead.png
[0.810s] -- Symlinking: /src/astrobee/src/install/astrobee_iss/share/astrobee_iss/media/materials/textures/Cupola_Int_Diffuse.png
[0.818s] -- Symlinking: /src/astrobee/src/install/astrobee_iss/share/astrobee_iss/media/materials/textures/Generic_Intersection.png
[0.824s] -- Symlinking: /src/astrobee/src/install/astrobee_iss/share/astrobee_iss/media/materials/textures/Generic_Misc_Details.png
[0.833s] -- Symlinking: /src/astrobee/src/install/astrobee_iss/share/astrobee_iss/media/materials/textures/JLP_Int_Racks.png
[0.838s] -- Symlinking: /src/astrobee/src/install/astrobee_iss/share/astrobee_iss/media/materials/textures/JLP_Interior.png
[0.846s] -- Symlinking: /src/astrobee/src/install/astrobee_iss/share/astrobee_iss/media/materials/textures/JPM_Bulkhead.png
[0.854s] -- Symlinking: /src/astrobee/src/install/astrobee_iss/share/astrobee_iss/media/materials/textures/JPM_Racks_01.png
[0.862s] -- Symlinking: /src/astrobee/src/install/astrobee_iss/share/astrobee_iss/media/materials/textures/JPM_Racks_02.png
[0.868s] -- Symlinking: /src/astrobee/src/install/astrobee_iss/share/astrobee_iss/media/materials/textures/JPM_Racks_03.png
[0.873s] -- Symlinking: /src/astrobee/src/install/astrobee_iss/share/astrobee_iss/media/materials/textures/Node1_Bulkhead.png
[0.880s] -- Symlinking: /src/astrobee/src/install/astrobee_iss/share/astrobee_iss/media/materials/textures/Node1_Rack.png
[0.892s] -- Symlinking: /src/astrobee/src/install/astrobee_iss/share/astrobee_iss/media/materials/textures/Node2_Bulkheads.png
[0.894s] -- Symlinking: /src/astrobee/src/install/astrobee_iss/share/astrobee_iss/media/materials/textures/Node2_Interior_Racks.png
[0.902s] -- Symlinking: /src/astrobee/src/install/astrobee_iss/share/astrobee_iss/media/materials/textures/Node3_Bulkhead.png
[0.910s] -- Symlinking: /src/astrobee/src/install/astrobee_iss/share/astrobee_iss/media/materials/textures/Node3_Rack_01.png
[0.916s] -- Symlinking: /src/astrobee/src/install/astrobee_iss/share/astrobee_iss/media/materials/textures/Node3_Rack_02.png
[0.920s] -- Symlinking: /src/astrobee/src/install/astrobee_iss/share/astrobee_iss/media/materials/textures/PMM_01.png
[0.927s] -- Symlinking: /src/astrobee/src/install/astrobee_iss/share/astrobee_iss/media/materials/textures/USLab_FWD_Bulkhead.png
[0.933s] -- Symlinking: /src/astrobee/src/install/astrobee_iss/share/astrobee_iss/media/materials/textures/USLab_Racks_02.png
[0.938s] -- Symlinking: /src/astrobee/src/install/astrobee_iss/share/astrobee_iss/media/materials/textures/Untitled_002.png
[0.949s] -- Symlinking: /src/astrobee/src/install/astrobee_iss/share/astrobee_iss/media/materials/textures/Untitled_004.png
[0.950s] -- Symlinking: /src/astrobee/src/install/astrobee_iss/share/astrobee_iss/media/materials/textures/Untitled_005.png
[0.957s] -- Symlinking: /src/astrobee/src/install/astrobee_iss/share/astrobee_iss/meshes/cupola.dae
[0.966s] -- Symlinking: /src/astrobee/src/install/astrobee_iss/share/astrobee_iss/meshes/eu_lab.dae
[0.967s] -- Symlinking: /src/astrobee/src/install/astrobee_iss/share/astrobee_iss/meshes/jpm.dae
[0.973s] -- Symlinking: /src/astrobee/src/install/astrobee_iss/share/astrobee_iss/meshes/jpm.ply
[0.980s] -- Symlinking: /src/astrobee/src/install/astrobee_iss/share/astrobee_iss/meshes/node_1.dae
[0.984s] -- Symlinking: /src/astrobee/src/install/astrobee_iss/share/astrobee_iss/meshes/node_2.dae
[0.990s] -- Symlinking: /src/astrobee/src/install/astrobee_iss/share/astrobee_iss/meshes/node_3.dae
[0.998s] -- Symlinking: /src/astrobee/src/install/astrobee_iss/share/astrobee_iss/meshes/us_lab.dae
[1.006s] -- Symlinking: /src/astrobee/src/install/astrobee_iss/share/astrobee_iss/model.config
[1.012s] -- Symlinking: /src/astrobee/src/install/astrobee_iss/share/ament_index/resource_index/package_run_dependencies/astrobee_iss
[1.021s] -- Symlinking: /src/astrobee/src/install/astrobee_iss/share/ament_index/resource_index/parent_prefix_path/astrobee_iss
[1.030s] -- Symlinking: /src/astrobee/src/install/astrobee_iss/share/astrobee_iss/environment/ament_prefix_path.sh
[1.039s] -- Symlinking: /src/astrobee/src/install/astrobee_iss/share/astrobee_iss/environment/ament_prefix_path.dsv
[1.047s] -- Symlinking: /src/astrobee/src/install/astrobee_iss/share/astrobee_iss/environment/path.sh
[1.050s] -- Symlinking: /src/astrobee/src/install/astrobee_iss/share/astrobee_iss/environment/path.dsv
[1.060s] -- Symlinking: /src/astrobee/src/install/astrobee_iss/share/astrobee_iss/local_setup.bash
[1.066s] -- Symlinking: /src/astrobee/src/install/astrobee_iss/share/astrobee_iss/local_setup.sh
[1.075s] -- Symlinking: /src/astrobee/src/install/astrobee_iss/share/astrobee_iss/local_setup.zsh
[1.082s] -- Symlinking: /src/astrobee/src/install/astrobee_iss/share/astrobee_iss/local_setup.dsv
[1.087s] -- Symlinking: /src/astrobee/src/install/astrobee_iss/share/astrobee_iss/package.dsv
[1.093s] -- Symlinking: /src/astrobee/src/install/astrobee_iss/share/ament_index/resource_index/packages/astrobee_iss
[1.102s] -- Symlinking: /src/astrobee/src/install/astrobee_iss/share/astrobee_iss/cmake/astrobee_issConfig.cmake
[1.107s] -- Symlinking: /src/astrobee/src/install/astrobee_iss/share/astrobee_iss/cmake/astrobee_issConfig-version.cmake
[1.114s] -- Symlinking: /src/astrobee/src/install/astrobee_iss/share/astrobee_iss/package.xml
[1.129s] Invoked command in '/src/astrobee/src/build/astrobee_iss' returned '0': CMAKE_PREFIX_PATH=/opt/ros/rolling /usr/bin/cmake --install /src/astrobee/src/build/astrobee_iss
