-- The C compiler identification is GNU 9.4.0
-- The CXX compiler identification is GNU 9.4.0
-- Check for working C compiler: /usr/bin/cc
-- Check for working C compiler: /usr/bin/cc -- works
-- Detecting C compiler ABI info
-- Detecting C compiler ABI info - done
-- Detecting C compile features
-- Detecting C compile features - done
-- Check for working CXX compiler: /usr/bin/c++
-- Check for working CXX compiler: /usr/bin/c++ -- works
-- Detecting CXX compiler ABI info
-- Detecting CXX compiler ABI info - done
-- Detecting CXX compile features
-- Detecting CXX compile features - done
-- Found ament_cmake: 1.2.1 (/opt/ros/rolling/share/ament_cmake/cmake)
-- Found Python3: /usr/bin/python3.8 (found version "3.8.10") found components: Interpreter 
-- Override CMake install command with custom implementation using symlinks instead of copying resources
-- Found rclcpp: 15.0.0 (/opt/ros/rolling/share/rclcpp/cmake)
-- Using all available rosidl_typesupport_c: rosidl_typesupport_fastrtps_c;rosidl_typesupport_introspection_c
-- Found rosidl_adapter: 3.0.1 (/opt/ros/rolling/share/rosidl_adapter/cmake)
-- Using all available rosidl_typesupport_cpp: rosidl_typesupport_fastrtps_cpp;rosidl_typesupport_introspection_cpp
-- Found rmw_implementation_cmake: 5.1.0 (/opt/ros/rolling/share/rmw_implementation_cmake/cmake)
-- Found rmw_cyclonedds_cpp: 1.1.2 (/opt/ros/rolling/share/rmw_cyclonedds_cpp/cmake)
-- Using RMW implementation 'rmw_cyclonedds_cpp' as default
-- Found ament_cmake_gtest: 1.2.1 (/opt/ros/rolling/share/ament_cmake_gtest/cmake)
-- Found gtest sources under '/opt/ros/rolling/src/gtest_vendor': C++ tests using 'Google Test' will be built
-- Looking for pthread.h
-- Looking for pthread.h - found
-- Performing Test CMAKE_HAVE_LIBC_PTHREAD
-- Performing Test CMAKE_HAVE_LIBC_PTHREAD - Failed
-- Check if compiler accepts -pthread
-- Check if compiler accepts -pthread - yes
-- Found Threads: TRUE  
-- Configuring done
-- Generating done
-- Build files have been written to: /src/astrobee/src/build/ff_common
[35m[1mScanning dependencies of target gtest_main[0m
[35m[1mScanning dependencies of target gtest[0m
[35m[1mScanning dependencies of target ff_common[0m
[ 20%] [32mBuilding CXX object CMakeFiles/ff_common.dir/src/init.cc.o[0m
[ 20%] [32mBuilding CXX object CMakeFiles/ff_common.dir/src/thread.cc.o[0m
[ 30%] [32mBuilding CXX object CMakeFiles/ff_common.dir/src/utils.cc.o[0m
[ 40%] [32mBuilding CXX object gtest/CMakeFiles/gtest.dir/src/gtest-all.cc.o[0m
[ 50%] [32mBuilding CXX object gtest/CMakeFiles/gtest_main.dir/src/gtest_main.cc.o[0m
[ 60%] [32m[1mLinking CXX static library libgtest_main.a[0m
[ 60%] Built target gtest_main
[ 70%] [32m[1mLinking CXX static library libff_common.a[0m
[ 70%] Built target ff_common
[ 80%] [32m[1mLinking CXX static library libgtest.a[0m
[ 80%] Built target gtest
[35m[1mScanning dependencies of target test_thread[0m
[ 90%] [32mBuilding CXX object CMakeFiles/test_thread.dir/test/test_thread.cc.o[0m
[100%] [32m[1mLinking CXX executable test_thread[0m
[100%] Built target test_thread
-- Install configuration: ""
-- Execute custom install script
-- Symlinking: /src/astrobee/src/install/ff_common/share/ff_common/environment/library_path.sh
-- Symlinking: /src/astrobee/src/install/ff_common/share/ff_common/environment/library_path.dsv
-- Symlinking: /src/astrobee/src/install/ff_common/share/ament_index/resource_index/package_run_dependencies/ff_common
-- Symlinking: /src/astrobee/src/install/ff_common/share/ament_index/resource_index/parent_prefix_path/ff_common
-- Symlinking: /src/astrobee/src/install/ff_common/share/ff_common/environment/ament_prefix_path.sh
-- Symlinking: /src/astrobee/src/install/ff_common/share/ff_common/environment/ament_prefix_path.dsv
-- Symlinking: /src/astrobee/src/install/ff_common/share/ff_common/environment/path.sh
-- Symlinking: /src/astrobee/src/install/ff_common/share/ff_common/environment/path.dsv
-- Symlinking: /src/astrobee/src/install/ff_common/share/ff_common/local_setup.bash
-- Symlinking: /src/astrobee/src/install/ff_common/share/ff_common/local_setup.sh
-- Symlinking: /src/astrobee/src/install/ff_common/share/ff_common/local_setup.zsh
-- Symlinking: /src/astrobee/src/install/ff_common/share/ff_common/local_setup.dsv
-- Symlinking: /src/astrobee/src/install/ff_common/share/ff_common/package.dsv
-- Symlinking: /src/astrobee/src/install/ff_common/share/ament_index/resource_index/packages/ff_common
-- Symlinking: /src/astrobee/src/install/ff_common/share/ff_common/cmake/ament_cmake_export_targets-extras.cmake
-- Symlinking: /src/astrobee/src/install/ff_common/share/ff_common/cmake/ament_cmake_export_include_directories-extras.cmake
-- Symlinking: /src/astrobee/src/install/ff_common/share/ff_common/cmake/ff_commonConfig.cmake
-- Symlinking: /src/astrobee/src/install/ff_common/share/ff_common/cmake/ff_commonConfig-version.cmake
-- Symlinking: /src/astrobee/src/install/ff_common/share/ff_common/package.xml
-- Installing: /src/astrobee/src/install/ff_common/include/ff_common
-- Installing: /src/astrobee/src/install/ff_common/include/ff_common/utils.h
-- Installing: /src/astrobee/src/install/ff_common/include/ff_common/thread.h
-- Installing: /src/astrobee/src/install/ff_common/include/ff_common/ff_names.h
-- Installing: /src/astrobee/src/install/ff_common/include/ff_common/eigen_vectors.h
-- Installing: /src/astrobee/src/install/ff_common/include/ff_common/init.h
-- Installing: /src/astrobee/src/install/ff_common/include/ff_common/ff_ros.h
-- Installing: /src/astrobee/src/install/ff_common/lib/libff_common.a
-- Installing: /src/astrobee/src/install/ff_common/share/ff_common/cmake/ff_commonExport.cmake
-- Installing: /src/astrobee/src/install/ff_common/share/ff_common/cmake/ff_commonExport-noconfig.cmake
