[0.100s] Invoking command in '/src/astrobee/src/build/ff_common': CMAKE_PREFIX_PATH=/opt/ros/rolling /usr/bin/cmake /src/astrobee/src/shared/ff_common -DAMENT_CMAKE_SYMLINK_INSTALL=1 -DCMAKE_INSTALL_PREFIX=/src/astrobee/src/install/ff_common
[0.177s] -- The C compiler identification is GNU 9.4.0
[0.236s] -- The CXX compiler identification is GNU 9.4.0
[0.242s] -- Check for working C compiler: /usr/bin/cc
[0.307s] -- Check for working C compiler: /usr/bin/cc -- works
[0.308s] -- Detecting C compiler ABI info
[0.357s] -- Detecting C compiler ABI info - done
[0.372s] -- Detecting C compile features
[0.372s] -- Detecting C compile features - done
[0.376s] -- Check for working CXX compiler: /usr/bin/c++
[0.436s] -- Check for working CXX compiler: /usr/bin/c++ -- works
[0.437s] -- Detecting CXX compiler ABI info
[0.497s] -- Detecting CXX compiler ABI info - done
[0.508s] -- Detecting CXX compile features
[0.509s] -- Detecting CXX compile features - done
[0.514s] -- Found ament_cmake: 1.2.1 (/opt/ros/rolling/share/ament_cmake/cmake)
[0.649s] -- Found Python3: /usr/bin/python3.8 (found version "3.8.10") found components: Interpreter 
[0.691s] -- Override CMake install command with custom implementation using symlinks instead of copying resources
[0.728s] -- Found rclcpp: 15.0.0 (/opt/ros/rolling/share/rclcpp/cmake)
[0.788s] -- Using all available rosidl_typesupport_c: rosidl_typesupport_fastrtps_c;rosidl_typesupport_introspection_c
[0.789s] -- Found rosidl_adapter: 3.0.1 (/opt/ros/rolling/share/rosidl_adapter/cmake)
[0.822s] -- Using all available rosidl_typesupport_cpp: rosidl_typesupport_fastrtps_cpp;rosidl_typesupport_introspection_cpp
[0.874s] -- Found rmw_implementation_cmake: 5.1.0 (/opt/ros/rolling/share/rmw_implementation_cmake/cmake)
[0.875s] -- Found rmw_cyclonedds_cpp: 1.1.2 (/opt/ros/rolling/share/rmw_cyclonedds_cpp/cmake)
[0.892s] -- Using RMW implementation 'rmw_cyclonedds_cpp' as default
[1.064s] -- Found ament_cmake_gtest: 1.2.1 (/opt/ros/rolling/share/ament_cmake_gtest/cmake)
[1.067s] -- Found gtest sources under '/opt/ros/rolling/src/gtest_vendor': C++ tests using 'Google Test' will be built
[1.070s] -- Looking for pthread.h
[1.120s] -- Looking for pthread.h - found
[1.120s] -- Performing Test CMAKE_HAVE_LIBC_PTHREAD
[1.173s] -- Performing Test CMAKE_HAVE_LIBC_PTHREAD - Failed
[1.173s] -- Check if compiler accepts -pthread
[1.225s] -- Check if compiler accepts -pthread - yes
[1.226s] -- Found Threads: TRUE  
[1.279s] -- Configuring done
[1.293s] -- Generating done
[1.294s] -- Build files have been written to: /src/astrobee/src/build/ff_common
[1.300s] Invoked command in '/src/astrobee/src/build/ff_common' returned '0': CMAKE_PREFIX_PATH=/opt/ros/rolling /usr/bin/cmake /src/astrobee/src/shared/ff_common -DAMENT_CMAKE_SYMLINK_INSTALL=1 -DCMAKE_INSTALL_PREFIX=/src/astrobee/src/install/ff_common
[1.302s] Invoking command in '/src/astrobee/src/build/ff_common': CMAKE_PREFIX_PATH=/opt/ros/rolling /usr/bin/cmake --build /src/astrobee/src/build/ff_common -- -j20 -l20
[1.330s] [35m[1mScanning dependencies of target gtest_main[0m
[1.330s] [35m[1mScanning dependencies of target gtest[0m
[1.331s] [35m[1mScanning dependencies of target ff_common[0m
[1.338s] [ 20%] [32mBuilding CXX object CMakeFiles/ff_common.dir/src/init.cc.o[0m
[1.339s] [ 20%] [32mBuilding CXX object CMakeFiles/ff_common.dir/src/thread.cc.o[0m
[1.339s] [ 30%] [32mBuilding CXX object CMakeFiles/ff_common.dir/src/utils.cc.o[0m
[1.346s] [ 40%] [32mBuilding CXX object gtest/CMakeFiles/gtest.dir/src/gtest-all.cc.o[0m
[1.347s] [ 50%] [32mBuilding CXX object gtest/CMakeFiles/gtest_main.dir/src/gtest_main.cc.o[0m
[1.864s] [ 60%] [32m[1mLinking CXX static library libgtest_main.a[0m
[1.885s] [ 60%] Built target gtest_main
[2.011s] [ 70%] [32m[1mLinking CXX static library libff_common.a[0m
[2.031s] [ 70%] Built target ff_common
[6.361s] [ 80%] [32m[1mLinking CXX static library libgtest.a[0m
[6.386s] [ 80%] Built target gtest
[6.393s] [35m[1mScanning dependencies of target test_thread[0m
[6.405s] [ 90%] [32mBuilding CXX object CMakeFiles/test_thread.dir/test/test_thread.cc.o[0m
[7.612s] [100%] [32m[1mLinking CXX executable test_thread[0m
[7.690s] [100%] Built target test_thread
[7.698s] Invoked command in '/src/astrobee/src/build/ff_common' returned '0': CMAKE_PREFIX_PATH=/opt/ros/rolling /usr/bin/cmake --build /src/astrobee/src/build/ff_common -- -j20 -l20
[7.719s] Invoking command in '/src/astrobee/src/build/ff_common': CMAKE_PREFIX_PATH=/opt/ros/rolling /usr/bin/cmake --install /src/astrobee/src/build/ff_common
[7.725s] -- Install configuration: ""
[7.726s] -- Execute custom install script
[7.726s] -- Symlinking: /src/astrobee/src/install/ff_common/share/ff_common/environment/library_path.sh
[7.733s] -- Symlinking: /src/astrobee/src/install/ff_common/share/ff_common/environment/library_path.dsv
[7.740s] -- Symlinking: /src/astrobee/src/install/ff_common/share/ament_index/resource_index/package_run_dependencies/ff_common
[7.747s] -- Symlinking: /src/astrobee/src/install/ff_common/share/ament_index/resource_index/parent_prefix_path/ff_common
[7.753s] -- Symlinking: /src/astrobee/src/install/ff_common/share/ff_common/environment/ament_prefix_path.sh
[7.760s] -- Symlinking: /src/astrobee/src/install/ff_common/share/ff_common/environment/ament_prefix_path.dsv
[7.766s] -- Symlinking: /src/astrobee/src/install/ff_common/share/ff_common/environment/path.sh
[7.772s] -- Symlinking: /src/astrobee/src/install/ff_common/share/ff_common/environment/path.dsv
[7.779s] -- Symlinking: /src/astrobee/src/install/ff_common/share/ff_common/local_setup.bash
[7.785s] -- Symlinking: /src/astrobee/src/install/ff_common/share/ff_common/local_setup.sh
[7.794s] -- Symlinking: /src/astrobee/src/install/ff_common/share/ff_common/local_setup.zsh
[7.802s] -- Symlinking: /src/astrobee/src/install/ff_common/share/ff_common/local_setup.dsv
[7.810s] -- Symlinking: /src/astrobee/src/install/ff_common/share/ff_common/package.dsv
[7.819s] -- Symlinking: /src/astrobee/src/install/ff_common/share/ament_index/resource_index/packages/ff_common
[7.827s] -- Symlinking: /src/astrobee/src/install/ff_common/share/ff_common/cmake/ament_cmake_export_targets-extras.cmake
[7.836s] -- Symlinking: /src/astrobee/src/install/ff_common/share/ff_common/cmake/ament_cmake_export_include_directories-extras.cmake
[7.845s] -- Symlinking: /src/astrobee/src/install/ff_common/share/ff_common/cmake/ff_commonConfig.cmake
[7.853s] -- Symlinking: /src/astrobee/src/install/ff_common/share/ff_common/cmake/ff_commonConfig-version.cmake
[7.862s] -- Symlinking: /src/astrobee/src/install/ff_common/share/ff_common/package.xml
[7.871s] -- Installing: /src/astrobee/src/install/ff_common/include/ff_common
[7.871s] -- Installing: /src/astrobee/src/install/ff_common/include/ff_common/utils.h
[7.872s] -- Installing: /src/astrobee/src/install/ff_common/include/ff_common/thread.h
[7.872s] -- Installing: /src/astrobee/src/install/ff_common/include/ff_common/ff_names.h
[7.872s] -- Installing: /src/astrobee/src/install/ff_common/include/ff_common/eigen_vectors.h
[7.872s] -- Installing: /src/astrobee/src/install/ff_common/include/ff_common/init.h
[7.872s] -- Installing: /src/astrobee/src/install/ff_common/include/ff_common/ff_ros.h
[7.872s] -- Installing: /src/astrobee/src/install/ff_common/lib/libff_common.a
[7.872s] -- Installing: /src/astrobee/src/install/ff_common/share/ff_common/cmake/ff_commonExport.cmake
[7.872s] -- Installing: /src/astrobee/src/install/ff_common/share/ff_common/cmake/ff_commonExport-noconfig.cmake
[7.874s] Invoked command in '/src/astrobee/src/build/ff_common' returned '0': CMAKE_PREFIX_PATH=/opt/ros/rolling /usr/bin/cmake --install /src/astrobee/src/build/ff_common
