[0.056s] Invoking command in '/src/astrobee/src/build/astrobee_handrail_41_5': CMAKE_PREFIX_PATH=/opt/ros/rolling /usr/bin/cmake --build /src/astrobee/src/build/astrobee_handrail_41_5 -- -j20 -l20
[0.099s] Invoked command in '/src/astrobee/src/build/astrobee_handrail_41_5' returned '0': CMAKE_PREFIX_PATH=/opt/ros/rolling /usr/bin/cmake --build /src/astrobee/src/build/astrobee_handrail_41_5 -- -j20 -l20
[0.152s] Invoking command in '/src/astrobee/src/build/astrobee_handrail_41_5': CMAKE_PREFIX_PATH=/opt/ros/rolling /usr/bin/cmake --install /src/astrobee/src/build/astrobee_handrail_41_5
[0.162s] -- Install configuration: ""
[0.162s] -- Execute custom install script
[0.162s] -- Up-to-date symlink: /src/astrobee/src/install/astrobee_handrail_41_5/share/astrobee_handrail_41_5/environment/astrobee_handrail_41_5.dsv
[0.162s] -- Up-to-date symlink: /src/astrobee/src/install/astrobee_handrail_41_5/share/astrobee_handrail_41_5/urdf/model.urdf
[0.162s] -- Up-to-date symlink: /src/astrobee/src/install/astrobee_handrail_41_5/share/astrobee_handrail_41_5/media/materials/textures/blue.png
[0.162s] -- Up-to-date symlink: /src/astrobee/src/install/astrobee_handrail_41_5/share/astrobee_handrail_41_5/media/materials/textures/silver.png
[0.162s] -- Up-to-date symlink: /src/astrobee/src/install/astrobee_handrail_41_5/share/astrobee_handrail_41_5/meshes/handrail_41_5.dae
[0.162s] -- Up-to-date symlink: /src/astrobee/src/install/astrobee_handrail_41_5/share/astrobee_handrail_41_5/model.config
[0.163s] -- Up-to-date symlink: /src/astrobee/src/install/astrobee_handrail_41_5/share/ament_index/resource_index/package_run_dependencies/astrobee_handrail_41_5
[0.163s] -- Up-to-date symlink: /src/astrobee/src/install/astrobee_handrail_41_5/share/ament_index/resource_index/parent_prefix_path/astrobee_handrail_41_5
[0.163s] -- Up-to-date symlink: /src/astrobee/src/install/astrobee_handrail_41_5/share/astrobee_handrail_41_5/environment/ament_prefix_path.sh
[0.164s] -- Up-to-date symlink: /src/astrobee/src/install/astrobee_handrail_41_5/share/astrobee_handrail_41_5/environment/ament_prefix_path.dsv
[0.164s] -- Up-to-date symlink: /src/astrobee/src/install/astrobee_handrail_41_5/share/astrobee_handrail_41_5/environment/path.sh
[0.164s] -- Up-to-date symlink: /src/astrobee/src/install/astrobee_handrail_41_5/share/astrobee_handrail_41_5/environment/path.dsv
[0.164s] -- Up-to-date symlink: /src/astrobee/src/install/astrobee_handrail_41_5/share/astrobee_handrail_41_5/local_setup.bash
[0.164s] -- Up-to-date symlink: /src/astrobee/src/install/astrobee_handrail_41_5/share/astrobee_handrail_41_5/local_setup.sh
[0.164s] -- Up-to-date symlink: /src/astrobee/src/install/astrobee_handrail_41_5/share/astrobee_handrail_41_5/local_setup.zsh
[0.164s] -- Up-to-date symlink: /src/astrobee/src/install/astrobee_handrail_41_5/share/astrobee_handrail_41_5/local_setup.dsv
[0.164s] -- Symlinking: /src/astrobee/src/install/astrobee_handrail_41_5/share/astrobee_handrail_41_5/package.dsv
[0.166s] -- Up-to-date symlink: /src/astrobee/src/install/astrobee_handrail_41_5/share/ament_index/resource_index/packages/astrobee_handrail_41_5
[0.166s] -- Up-to-date symlink: /src/astrobee/src/install/astrobee_handrail_41_5/share/astrobee_handrail_41_5/cmake/astrobee_handrail_41_5Config.cmake
[0.167s] -- Up-to-date symlink: /src/astrobee/src/install/astrobee_handrail_41_5/share/astrobee_handrail_41_5/cmake/astrobee_handrail_41_5Config-version.cmake
[0.167s] -- Up-to-date symlink: /src/astrobee/src/install/astrobee_handrail_41_5/share/astrobee_handrail_41_5/package.xml
[0.265s] Invoked command in '/src/astrobee/src/build/astrobee_handrail_41_5' returned '0': CMAKE_PREFIX_PATH=/opt/ros/rolling /usr/bin/cmake --install /src/astrobee/src/build/astrobee_handrail_41_5
