-- The C compiler identification is GNU 9.4.0
-- The CXX compiler identification is GNU 9.4.0
-- Check for working C compiler: /usr/bin/cc
-- Check for working C compiler: /usr/bin/cc -- works
-- Detecting C compiler ABI info
-- Detecting C compiler ABI info - done
-- Detecting C compile features
-- Detecting C compile features - done
-- Check for working CXX compiler: /usr/bin/c++
-- Check for working CXX compiler: /usr/bin/c++ -- works
-- Detecting CXX compiler ABI info
-- Detecting CXX compiler ABI info - done
-- Detecting CXX compile features
-- Detecting CXX compile features - done
-- Found ament_cmake: 1.2.1 (/opt/ros/rolling/share/ament_cmake/cmake)
-- Found Python3: /usr/bin/python3.8 (found version "3.8.10") found components: Interpreter 
-- Override CMake install command with custom implementation using symlinks instead of copying resources
-- Found rclcpp: 15.0.0 (/opt/ros/rolling/share/rclcpp/cmake)
-- Using all available rosidl_typesupport_c: rosidl_typesupport_fastrtps_c;rosidl_typesupport_introspection_c
-- Found rosidl_adapter: 3.0.1 (/opt/ros/rolling/share/rosidl_adapter/cmake)
-- Using all available rosidl_typesupport_cpp: rosidl_typesupport_fastrtps_cpp;rosidl_typesupport_introspection_cpp
-- Found rmw_implementation_cmake: 5.1.0 (/opt/ros/rolling/share/rmw_implementation_cmake/cmake)
-- Found rmw_cyclonedds_cpp: 1.1.2 (/opt/ros/rolling/share/rmw_cyclonedds_cpp/cmake)
-- Using RMW implementation 'rmw_cyclonedds_cpp' as default
-- Found ff_common: 1.0.0 (/src/astrobee/src/install/ff_common/share/ff_common/cmake)
-- Found config_reader: 1.0.0 (/src/astrobee/src/install/config_reader/share/config_reader/cmake)
-- Found ff_msgs: 0.0.0 (/src/astrobee/src/install/ff_msgs/share/ff_msgs/cmake)
-- Found eigen3_cmake_module: 0.1.1 (/opt/ros/rolling/share/eigen3_cmake_module/cmake)
-- Found Eigen3: TRUE (found version "3.3.7") 
-- Found msg_conversions: 1.0.0 (/src/astrobee/src/install/msg_conversions/share/msg_conversions/cmake)
-- Found ament_lint_auto: 0.11.4 (/opt/ros/rolling/share/ament_lint_auto/cmake)
-- Found launch_testing_ament_cmake: 0.21.0 (/opt/ros/rolling/share/launch_testing_ament_cmake/cmake)
-- Found python_cmake_module: 0.8.1 (/opt/ros/rolling/share/python_cmake_module/cmake)
-- Found PythonInterp: /usr/bin/python3 (found suitable version "3.8.10", minimum required is "3.5") 
-- Found PythonLibs: /usr/lib/x86_64-linux-gnu/libpython3.8.so (found suitable version "3.8.10", minimum required is "3.5") 
-- Using PYTHON_EXECUTABLE: /usr/bin/python3
-- Using PYTHON_INCLUDE_DIRS: /usr/include/python3.8
-- Using PYTHON_LIBRARIES: /usr/lib/x86_64-linux-gnu/libpython3.8.so
-- Found PythonExtra: .so  
-- Found gtest sources under '/opt/ros/rolling/src/gtest_vendor': C++ tests using 'Google Test' will be built
-- Looking for pthread.h
-- Looking for pthread.h - found
-- Performing Test CMAKE_HAVE_LIBC_PTHREAD
-- Performing Test CMAKE_HAVE_LIBC_PTHREAD - Failed
-- Check if compiler accepts -pthread
-- Check if compiler accepts -pthread - yes
-- Found Threads: TRUE  
-- Configuring done
-- Generating done
-- Build files have been written to: /src/astrobee/src/build/ff_util
[35m[1mScanning dependencies of target gtest[0m
[35m[1mScanning dependencies of target gtest_main[0m
[35m[1mScanning dependencies of target ff_component[0m
[35m[1mScanning dependencies of target ff_flight[0m
[  3%] [32mBuilding CXX object gtest/CMakeFiles/gtest_main.dir/src/gtest_main.cc.o[0m
[  6%] [32mBuilding CXX object gtest/CMakeFiles/gtest.dir/src/gtest-all.cc.o[0m
[ 10%] [32mBuilding CXX object CMakeFiles/ff_component.dir/src/ff_component/ff_component.cc.o[0m
[ 13%] [32mBuilding CXX object CMakeFiles/ff_flight.dir/src/ff_flight/ff_flight.cc.o[0m
[ 16%] [32m[1mLinking CXX static library libgtest_main.a[0m
[ 16%] Built target gtest_main
[ 20%] [32m[1mLinking CXX static library libff_flight.a[0m
[ 20%] Built target ff_flight
[ 23%] [32m[1mLinking CXX static library libgtest.a[0m
[ 23%] Built target gtest
[ 26%] [32m[1mLinking CXX static library libff_component.a[0m
[ 26%] Built target ff_component
[35m[1mScanning dependencies of target test_ff_action_deadline_timeout[0m
[35m[1mScanning dependencies of target test_ff_action_active_timeout[0m
[35m[1mScanning dependencies of target test_ff_service[0m
[35m[1mScanning dependencies of target test_ff_timer[0m
[35m[1mScanning dependencies of target test_latched_topics[0m
[35m[1mScanning dependencies of target test_ff_action_preempt_own_goal[0m
[35m[1mScanning dependencies of target test_ff_action_cancel_own_goal[0m
[35m[1mScanning dependencies of target test_ff_action_response_timeout[0m
[35m[1mScanning dependencies of target test_ff_action_connect_timeout[0m
[35m[1mScanning dependencies of target test_ff_action_nominal_behavior[0m
[35m[1mScanning dependencies of target test_ff_action_preempt_others_goal[0m
[ 30%] [32mBuilding CXX object CMakeFiles/test_latched_topics.dir/test/test_latched_topics.cc.o[0m
[ 33%] [32mBuilding CXX object CMakeFiles/test_ff_timer.dir/test/test_ff_timer.cc.o[0m
[ 36%] [32mBuilding CXX object CMakeFiles/test_ff_service.dir/test/test_ff_service.cc.o[0m
[ 40%] [32mBuilding CXX object CMakeFiles/test_ff_action_response_timeout.dir/test/test_ff_action_response_timeout.cc.o[0m
[ 43%] [32mBuilding CXX object CMakeFiles/test_ff_action_nominal_behavior.dir/test/test_ff_action_nominal_behavior.cc.o[0m
[ 46%] [32mBuilding CXX object CMakeFiles/test_ff_action_preempt_own_goal.dir/test/test_ff_action_preempt_own_goal.cc.o[0m
[ 50%] [32mBuilding CXX object CMakeFiles/test_ff_action_connect_timeout.dir/test/test_ff_action_connect_timeout.cc.o[0m
[ 53%] [32mBuilding CXX object CMakeFiles/test_ff_action_active_timeout.dir/test/test_ff_action_active_timeout.cc.o[0m
[ 56%] [32mBuilding CXX object CMakeFiles/test_ff_action_deadline_timeout.dir/test/test_ff_action_deadline_timeout.cc.o[0m
[ 60%] [32mBuilding CXX object CMakeFiles/test_ff_action_preempt_others_goal.dir/test/test_ff_action_preempt_others_goal.cc.o[0m
[ 63%] [32mBuilding CXX object CMakeFiles/test_ff_action_cancel_own_goal.dir/test/test_ff_action_cancel_own_goal.cc.o[0m
[ 66%] [32m[1mLinking CXX executable test_ff_timer[0m
[ 66%] Built target test_ff_timer
[ 70%] [32m[1mLinking CXX executable test_ff_action_active_timeout[0m
[ 70%] Built target test_ff_action_active_timeout
[ 73%] [32m[1mLinking CXX executable test_ff_action_connect_timeout[0m
[ 73%] Built target test_ff_action_connect_timeout
[ 76%] [32m[1mLinking CXX executable test_ff_action_deadline_timeout[0m
[ 80%] [32m[1mLinking CXX executable test_ff_action_preempt_own_goal[0m
[ 80%] Built target test_ff_action_deadline_timeout
[ 83%] [32m[1mLinking CXX executable test_ff_service[0m
[ 83%] Built target test_ff_action_preempt_own_goal
[ 83%] Built target test_ff_service
[ 86%] [32m[1mLinking CXX executable test_ff_action_cancel_own_goal[0m
[ 86%] Built target test_ff_action_cancel_own_goal
[ 90%] [32m[1mLinking CXX executable test_ff_action_nominal_behavior[0m
[ 90%] Built target test_ff_action_nominal_behavior
[ 93%] [32m[1mLinking CXX executable test_ff_action_preempt_others_goal[0m
[ 96%] [32m[1mLinking CXX executable test_ff_action_response_timeout[0m
[ 96%] Built target test_ff_action_preempt_others_goal
[ 96%] Built target test_ff_action_response_timeout
[100%] [32m[1mLinking CXX executable test_latched_topics[0m
[100%] Built target test_latched_topics
-- Install configuration: ""
-- Execute custom install script
-- Symlinking: /src/astrobee/src/install/ff_util/share/ff_util/environment/library_path.sh
-- Symlinking: /src/astrobee/src/install/ff_util/share/ff_util/environment/library_path.dsv
-- Symlinking: /src/astrobee/src/install/ff_util/share/ff_util/ff_nodelet.launch
-- Symlinking: /src/astrobee/src/install/ff_util/share/ament_index/resource_index/package_run_dependencies/ff_util
-- Symlinking: /src/astrobee/src/install/ff_util/share/ament_index/resource_index/parent_prefix_path/ff_util
-- Symlinking: /src/astrobee/src/install/ff_util/share/ff_util/environment/ament_prefix_path.sh
-- Symlinking: /src/astrobee/src/install/ff_util/share/ff_util/environment/ament_prefix_path.dsv
-- Symlinking: /src/astrobee/src/install/ff_util/share/ff_util/environment/path.sh
-- Symlinking: /src/astrobee/src/install/ff_util/share/ff_util/environment/path.dsv
-- Symlinking: /src/astrobee/src/install/ff_util/share/ff_util/local_setup.bash
-- Symlinking: /src/astrobee/src/install/ff_util/share/ff_util/local_setup.sh
-- Symlinking: /src/astrobee/src/install/ff_util/share/ff_util/local_setup.zsh
-- Symlinking: /src/astrobee/src/install/ff_util/share/ff_util/local_setup.dsv
-- Symlinking: /src/astrobee/src/install/ff_util/share/ff_util/package.dsv
-- Symlinking: /src/astrobee/src/install/ff_util/share/ament_index/resource_index/packages/ff_util
-- Symlinking: /src/astrobee/src/install/ff_util/share/ff_util/cmake/ament_cmake_export_targets-extras.cmake
-- Symlinking: /src/astrobee/src/install/ff_util/share/ff_util/cmake/ament_cmake_export_dependencies-extras.cmake
-- Symlinking: /src/astrobee/src/install/ff_util/share/ff_util/cmake/ament_cmake_export_include_directories-extras.cmake
-- Symlinking: /src/astrobee/src/install/ff_util/share/ff_util/cmake/ff_utilConfig.cmake
-- Symlinking: /src/astrobee/src/install/ff_util/share/ff_util/cmake/ff_utilConfig-version.cmake
-- Symlinking: /src/astrobee/src/install/ff_util/share/ff_util/package.xml
-- Installing: /src/astrobee/src/install/ff_util/include/ff_util
-- Installing: /src/astrobee/src/install/ff_util/include/ff_util/config_client.h
-- Installing: /src/astrobee/src/install/ff_util/include/ff_util/config_server.h
-- Installing: /src/astrobee/src/install/ff_util/include/ff_util/ff_faults.h
-- Installing: /src/astrobee/src/install/ff_util/include/ff_util/ff_service.h
-- Installing: /src/astrobee/src/install/ff_util/include/ff_util/ff_fsm.h
-- Installing: /src/astrobee/src/install/ff_util/include/ff_util/ff_action.h
-- Installing: /src/astrobee/src/install/ff_util/include/ff_util/ff_flight.h
-- Installing: /src/astrobee/src/install/ff_util/include/ff_util/ff_timer.h
-- Installing: /src/astrobee/src/install/ff_util/include/ff_util/ff_serialization.h
-- Installing: /src/astrobee/src/install/ff_util/include/ff_util/conversion.h
-- Installing: /src/astrobee/src/install/ff_util/include/ff_util/perf_timer.h
-- Installing: /src/astrobee/src/install/ff_util/include/ff_util/ff_component.h
-- Installing: /src/astrobee/src/install/ff_util/lib/libff_component.a
-- Installing: /src/astrobee/src/install/ff_util/lib/libff_flight.a
-- Installing: /src/astrobee/src/install/ff_util/share/ff_util/cmake/ff_componentExport.cmake
-- Installing: /src/astrobee/src/install/ff_util/share/ff_util/cmake/ff_componentExport-noconfig.cmake
