[0.070s] Invoking command in '/src/astrobee/src/build/astrobee_handrail_21_5': CMAKE_PREFIX_PATH=/opt/ros/rolling /usr/bin/cmake /src/astrobee/src/description/media/astrobee_handrail_21_5 -DAMENT_CMAKE_SYMLINK_INSTALL=1 -DCMAKE_INSTALL_PREFIX=/src/astrobee/src/install/astrobee_handrail_21_5
[0.121s] -- The C compiler identification is GNU 9.4.0
[0.176s] -- The CXX compiler identification is GNU 9.4.0
[0.180s] -- Check for working C compiler: /usr/bin/cc
[0.244s] -- Check for working C compiler: /usr/bin/cc -- works
[0.245s] -- Detecting C compiler ABI info
[0.306s] -- Detecting C compiler ABI info - done
[0.318s] -- Detecting C compile features
[0.318s] -- Detecting C compile features - done
[0.321s] -- Check for working CXX compiler: /usr/bin/c++
[0.384s] -- Check for working CXX compiler: /usr/bin/c++ -- works
[0.385s] -- Detecting CXX compiler ABI info
[0.451s] -- Detecting CXX compiler ABI info - done
[0.464s] -- Detecting CXX compile features
[0.465s] -- Detecting CXX compile features - done
[0.467s] -- Found ament_cmake: 1.2.1 (/opt/ros/rolling/share/ament_cmake/cmake)
[0.600s] -- Found Python3: /usr/bin/python3.8 (found version "3.8.10") found components: Interpreter 
[0.647s] -- Override CMake install command with custom implementation using symlinks instead of copying resources
[0.728s] -- Configuring done
[0.731s] -- Generating done
[0.731s] -- Build files have been written to: /src/astrobee/src/build/astrobee_handrail_21_5
[0.745s] Invoked command in '/src/astrobee/src/build/astrobee_handrail_21_5' returned '0': CMAKE_PREFIX_PATH=/opt/ros/rolling /usr/bin/cmake /src/astrobee/src/description/media/astrobee_handrail_21_5 -DAMENT_CMAKE_SYMLINK_INSTALL=1 -DCMAKE_INSTALL_PREFIX=/src/astrobee/src/install/astrobee_handrail_21_5
[0.747s] Invoking command in '/src/astrobee/src/build/astrobee_handrail_21_5': CMAKE_PREFIX_PATH=/opt/ros/rolling /usr/bin/cmake --build /src/astrobee/src/build/astrobee_handrail_21_5 -- -j20 -l20
[0.791s] Invoked command in '/src/astrobee/src/build/astrobee_handrail_21_5' returned '0': CMAKE_PREFIX_PATH=/opt/ros/rolling /usr/bin/cmake --build /src/astrobee/src/build/astrobee_handrail_21_5 -- -j20 -l20
[0.816s] Invoking command in '/src/astrobee/src/build/astrobee_handrail_21_5': CMAKE_PREFIX_PATH=/opt/ros/rolling /usr/bin/cmake --install /src/astrobee/src/build/astrobee_handrail_21_5
[0.821s] -- Install configuration: ""
[0.821s] -- Execute custom install script
[0.821s] -- Symlinking: /src/astrobee/src/install/astrobee_handrail_21_5/share/astrobee_handrail_21_5/environment/astrobee_handrail_21_5.dsv
[0.826s] -- Symlinking: /src/astrobee/src/install/astrobee_handrail_21_5/share/astrobee_handrail_21_5/urdf/model.urdf
[0.831s] -- Symlinking: /src/astrobee/src/install/astrobee_handrail_21_5/share/astrobee_handrail_21_5/media/materials/textures/blue.png
[0.836s] -- Symlinking: /src/astrobee/src/install/astrobee_handrail_21_5/share/astrobee_handrail_21_5/media/materials/textures/silver.png
[0.841s] -- Symlinking: /src/astrobee/src/install/astrobee_handrail_21_5/share/astrobee_handrail_21_5/meshes/handrail_21_5.dae
[0.847s] -- Symlinking: /src/astrobee/src/install/astrobee_handrail_21_5/share/astrobee_handrail_21_5/model.config
[0.852s] -- Symlinking: /src/astrobee/src/install/astrobee_handrail_21_5/share/ament_index/resource_index/package_run_dependencies/astrobee_handrail_21_5
[0.858s] -- Symlinking: /src/astrobee/src/install/astrobee_handrail_21_5/share/ament_index/resource_index/parent_prefix_path/astrobee_handrail_21_5
[0.864s] -- Symlinking: /src/astrobee/src/install/astrobee_handrail_21_5/share/astrobee_handrail_21_5/environment/ament_prefix_path.sh
[0.869s] -- Symlinking: /src/astrobee/src/install/astrobee_handrail_21_5/share/astrobee_handrail_21_5/environment/ament_prefix_path.dsv
[0.875s] -- Symlinking: /src/astrobee/src/install/astrobee_handrail_21_5/share/astrobee_handrail_21_5/environment/path.sh
[0.880s] -- Symlinking: /src/astrobee/src/install/astrobee_handrail_21_5/share/astrobee_handrail_21_5/environment/path.dsv
[0.887s] -- Symlinking: /src/astrobee/src/install/astrobee_handrail_21_5/share/astrobee_handrail_21_5/local_setup.bash
[0.893s] -- Symlinking: /src/astrobee/src/install/astrobee_handrail_21_5/share/astrobee_handrail_21_5/local_setup.sh
[0.901s] -- Symlinking: /src/astrobee/src/install/astrobee_handrail_21_5/share/astrobee_handrail_21_5/local_setup.zsh
[0.908s] -- Symlinking: /src/astrobee/src/install/astrobee_handrail_21_5/share/astrobee_handrail_21_5/local_setup.dsv
[0.917s] -- Symlinking: /src/astrobee/src/install/astrobee_handrail_21_5/share/astrobee_handrail_21_5/package.dsv
[0.925s] -- Symlinking: /src/astrobee/src/install/astrobee_handrail_21_5/share/ament_index/resource_index/packages/astrobee_handrail_21_5
[0.931s] -- Symlinking: /src/astrobee/src/install/astrobee_handrail_21_5/share/astrobee_handrail_21_5/cmake/astrobee_handrail_21_5Config.cmake
[0.936s] -- Symlinking: /src/astrobee/src/install/astrobee_handrail_21_5/share/astrobee_handrail_21_5/cmake/astrobee_handrail_21_5Config-version.cmake
[0.945s] -- Symlinking: /src/astrobee/src/install/astrobee_handrail_21_5/share/astrobee_handrail_21_5/package.xml
[0.979s] Invoked command in '/src/astrobee/src/build/astrobee_handrail_21_5' returned '0': CMAKE_PREFIX_PATH=/opt/ros/rolling /usr/bin/cmake --install /src/astrobee/src/build/astrobee_handrail_21_5
